0
1018708051
3200372732
0
128
1058476610
1041642350
1041568472
0
138
1062824176
1028334880
1044914123
0
148
1056576968
1031034061
3183441995
0
162
1057703959
1041017724
3201148734
0
178
1063028489
1027252843
3191033949
0
185
1060303498
1039405299
3162407563
0
197
1057839356
1037563722
3177355438
0
208
1060414225
1037955313
3184560832
0
221
1057789385
1041174264
1046366917
0
231
1059848515
1007127195
1046637035
0
238
1062960556
1035196378
3186585453
0
247
1062889568
1042076072
1032219418
0
257
388
1060034608
1040234155
1042832961
0
262
1057795680
3154378040
1046965678
0
269
1061220454
1041193293
3185769220
0
275
1062784172
1017381995
3183195681
0
311
1063286104
3195286366
3203389358
0
318
1067116914
1032214794
3178848134
0
322
1065252954
3195198855
3204485878
0
332
1062774489
3197859588
3204624001
0
338
1063891805
3198616740
3203487430
0
346
1068731677
1043869886
3200122933
0
301
1062847621
1032326759
1043363029
0
354
1065632887
3155403106
1046367407
0
380
1061819520
3185321074
1036273222
0
3179250108
0
1068582247
3185221630
1049871724
0
401
1065023221
1028629089
1042522771
0
408
1068308421
3181646215
1056040848
0
362
1058457232
1041679112
3199448930
0
419
1066302409
1035504948
1042529957
0
426
1067564368
3186668855
3172518870
0
438
1066491380
1040105736
3192650897
0
446
1064912468
3195941059
1057324688
0
451
1065681160
3198546508
1051575379
0
460
1068295248
3164468569
3182887424
0
464
1066604168
1035632530
1056403684
0
493
1066239876
3192010354
1056563407
0
513
1070335024
3196663258
3206001863
0
538
1066361270
3176099324
1048155337
0
549
1066585328
1018364649
1030655935
0
576
1061729282
3198824529
3202107181
0
591
1057995668
1026326447
3188141276
0
604
1068078871
3182804592
1044395302
0
565
1061690807
3182963473
3204583048
0
614
1057611773
1042289778
1016548574
0
626
1060546847
1041645248
3180882400
0
646
1072825304
1030223513
3206477914
0
656
1064162218
3198334661
1059425085
0
666
1072386274
1026013565
1059093010
0
679
1061992919
3189340068
1038753221
0
686
1067940423
3196711070
0
1618
1061884987
3167653228
700
1060732503
1032975595
1041628595
0
721
1061799916
3196558149
3198518932
0
735
1066517982
1026388548
1040634309
0
750
1067177139
3181522698
3206938456
0
763
1062903115
1043163841
3187962398
0
775
1062501670
1043165854
1048077567
0
794
1062272453
1025158128
3173837975
0
808
1062823647
1042345246
3183387103
0
826
1062186469
3191010884
3187877794
0
851
1065491263
3187919312
3195881053
0
817
1068401134
3187800295
1056240180
0
879
1072826087
3197736470
1052362407
0
897
1064370468
1038985473
3198262804
0
911
1062034329
1003930364
3201294977
0
927
1058312614
1003047595
1049743889
0
940
1061847825
1042161915
1042208055
0
947
1062487986
3167644323
3192804032
0
978
1062054591
3197071748
1055553185
0
992
1066455288
3194835010
3201718436
0
1009
1062683761
1042480370
3197051421
0
1018
1060491725
1026470634
1047283841
0
1042
1062731129
3194008773
1038769493
0
1073
1070666191
1035953731
1048831580
0
1098
1072140024
1035814679
1058801292
0
1111
1061990314
1023624972
3192525591
0
1119
1062555326
3189441451
3180854549
0
1133
1065442303
3198298176
1053537780
0
1143
1066455785
3197757469
1058646580
0
1158
1068306013
3188713374
3191881248
0
1174
1062230580
3194238297
3184767440
0
1180
1060631610
1025145571
1045825628
0
1185
1065669639
1036281914
3194066325
0
1213
1064825980
1027782712
1057552377
0
1234
1064393315
1030203454
1054926471
0
1249
1062672659
1027691186
1050894224
0
1266
1065572783
3202835268
3209176420
0
1283
1067757079
3173980080
3197496899
0
1300
1061765543
1026959696
1058165772
0
1322
1065669357
1034008682
1047408581
0
1340
1065849942
3188931614
1027122350
0
1357
1065928455
3179843336
3206489798
0
1378
1065944470
1041064141
3181442506
0
1407
1068212990
3195570586
1046128408
0
1434
1062817767
3182175012
3181392277
0
1457
1065015894
1036125146
1035377259
0
1497
1062520518
1026640506
1030704695
0
1514
1069407649
3190544079
1053478316
0
1526
1065324750
1004821433
1055774453
0
1546
1068912193
3172825968
1040194118
0
1582
1058747739
3193540336
3192211755
0
1605
1060121929
1030692123
1059449373
1063385365
1037790518
1061154398
0
3661
1057846762
1031842126
1045557062
3171780612
0
1628
1061495028
1040340054
1042387065
0
1655
1066300642
3196723536
1052037903
0
1677
1064670279
3200893067
3209465516
0
1711
1066884572
1028577299
1041969244
0
1728
1063871564
3198211319
3181312048
0
1764
1062324368
3180435573
1058253538
0
1775
1066113472
3181490660
1051529378
0
1800
1068808044
3159876690
1057125816
0
1808
1070144845
1026843780
1058896012
0
1838
1059707928
1028810658
1043376143
0
1868
1060024553
1041682120
1053107365
0
1873
1057314528
1039794988
1042507215
0
1911
1066412476
1043205062
3205923802
0
1918
1066677533
3188185806
3192155277
0
1946
1068753457
3197489584
3193791411
0
1963
1065436238
3179879414
1057055461
0
1976
1056358338
3163015114
3208708242
0
1987
1061152741
3199480349
3177025448
0
1996
1068166379
3140673968
1050079209
0
2041
1065818603
3130578402
1055836465
0
2070
1058874637
1031308912
1055908120
0
2085
1065827175
3197349669
1051245712
0
2099
1065895132
3161174363
1035619931
0
2119
1066580863
3191376165
1051881537
0
2158
1065368486
3197551694
1051568595
0
2178
1066177533
3189440328
1062574003
0
2192
1066116298
3164362120
1056374020
0
2215
1061285859
1041447572
1056204797
0
2243
1058884345
1043093075
1042813035
0
2251
1060212957
1043160754
1027141248
0
2260
1060955256
1040543645
1060010569
0
2291
1061421596
3196317953
1055644513
0
2306
1061025296
1007126031
1055685852
0
2329
1066792570
3200340375
1042130792
0
2376
1066704004
3196397898
1058115481
0
2407
1063191699
3193421612
1056104243
0
2413
1066127496
3155902217
3180169306
0
2428
1063068671
3188368000
1060968247
0
2450
1061167196
3197168297
1033677571
0
2464
1063743375
1026910479
3180958163
0
2495
1066057098
3193210797
1057167122
0
2524
1061973773
1044215332
1056891298
0
2541
1063285545
1032117544
1053219193
0
2546
1066197587
1033446639
1060658882
0
2568
1057608260
1030949606
1042531525
0
2608
1059897040
1009888803
1047444414
0
2636
1062638516
3179320407
1056301833
0
2647
1057269137
1041905085
1043464830
0
2657
1059493680
1043184545
3180814758
0
2695
1057710230
3179807894
1057404532
0
2727
1060499462
1044335033
1057338175
0
2753
1058053187
1042653433
3181450369
0
2789
1063643246
3144475697
1051616545
0
2817
1065613813
3191300879
1038086629
0
2848
1066160653
1042395968
1039981052
0
2862
1065426633
1044068903
1040855789
0
2870
1065921558
3188887891
1057061218
0
2893
1066759525
1032410265
1062152203
0
2916
1061578526
3189556282
1057214235
0
2929
1057417307
3196169546
1057016963
0
2951
1064532333
3188341559
1038652348
0
2990
1066246587
1028063490
1042613778
0
3004
1062150276
3192995885
3191465532
0
3028
1057286447
3183390172
1063880111
0
3041
1069348407
3191017737
1060687912
0
3055
1061774624
1032688516
1048500309
0
3089
1066680491
1044911007
1044724560
0
3093
1057097943
1033735860
1043455740
0
3109
1057307632
1042195476
1057608332
0
3119
1057551698
3190214132
1035756342
0
3136
1055886846
3193304701
1056533109
0
3149
1069908524
1044032903
1038426674
0
3164
1057134038
3188327679
1053624691
0
3179
1057595338
1026455683
1036408128
0
3206
1057469257
3189172575
3195803401
0
3221
1061702366
1042287487
1047216218
0
3227
1062983127
3192230645
1043380437
0
3239
1059188247
1039062487
1061233375
0
3245
1061607279
3184983496
1060700923
0
3261
1058391488
3184906338
3163308658
0
3270
1058399077
1041487858
1060634283
0
3279
1060641732
1044553317
1058897758
0
3301
1066772432
3175797644
1055795364
0
3330
1058956392
1032552949
1055396132
0
3356
1055757211
1035644216
1053548829
0
3368
1057987939
1037876130
1061192047
0
3407
1065765114
3186825868
1071302527
0
3429
1061110800
3191423390
1047031799
0
3464
1066389218
3182108488
1041667941
0
3477
1060121615
3188477376
1063518466
0
3501
1067633607
1028185536
1046899427
0
3511
1058427741
1038276566
3188073543
0
3518
1058737630
1040915331
1051194703
0
3526
1060939173
1043824371
1049750918
0
3533
1061433136
1036996814
1059278119
0
3538
1055291142
3181868530
1043121602
0
3552
1066361048
1025914783
1063705182
0
3560
1058866937
3164594362
1045620877
0
3583
1066762992
1025836458
1036995350
0
3600
1056511972
3185315147
1061442702
0
3619
1060846860
1001964285
1048288117
0
3629
0
3674
1066765740
1033659258
1048094227
0
3738
1058030125
3187693446
1040847778
0
3754
1057537235
1026665699
1047130753
0
3854
1064485574
3174877867
1043221711
0
3864
1064851398
3189443754
1057385174
0
3926
1069865620
