215	0.381389	0.27082	0.7798
216	-0.0110295	0.168362	0.772607
224	0.347721	-0.164958	1.28487
225	-0.00721518	0.108412	0.893624
226	-0.37131	0.126758	0.711315
227	0.092051	0.134052	0.892749
231	-0.283706	0.0524261	0.867335
235	-0.151023	-0.45516	1.1138
242	-0.149495	0.0661872	0.846695
248	0.450334	0.192171	0.889772
251	0.414282	0.237755	0.875753
252	0.398027	0.203686	0.893385
253	-0.269762	0.117128	0.712834
254	-0.430204	0.0885825	0.767355
256	-0.0856301	0.103657	0.872779
258	-0.060193	0.162568	0.80455
259	-0.0276773	0.138123	0.79982
261	-0.253564	0.0351345	0.895456
264	0.13579	-0.108885	1.24506
268	-0.212774	0.122547	0.799111
270	-0.307359	0.0945551	0.776988
272	0.130626	0.230333	0.746234
275	0.373161	-0.235048	1.21432
277	0.417766	0.186889	0.929531
281	0.115225	-0.474318	1.11369
282	-0.217756	-0.449107	1.3144
284	0.186223	-0.0538353	1.22543
287	-0.329194	0.101445	0.709342
289	0.0658446	0.147592	0.897916
290	0.0700141	0.213799	0.747965
291	0.184037	0.218131	0.778793
292	0.274053	-0.0971604	1.31649
293	0.467127	0.252934	0.873016
295	-0.306403	0.0214061	0.902719
297	0.140896	0.096486	0.968712
298	0.0584183	0.0684595	0.693463
299	0.108269	0.149356	0.848552
300	0.399451	0.204272	0.898794
304	-0.487775	-0.0468918	0.978936
305	-0.215772	0.0468327	0.928785
306	-0.264334	0.0351574	0.925352
309	-0.0532051	0.0812262	0.866849
311	0.415349	0.21116	0.899492
312	-0.452977	-0.0639439	0.904996
315	-0.0749418	0.122586	0.788093
317	0.220097	0.25662	0.762314
321	0.0154584	-0.0946511	1.17544
325	0.0962269	-0.0934469	1.25481
330	-0.00741223	0.103997	0.859148
331	0.186289	0.145536	0.876379
332	0.219302	0.205928	0.837964
334	0.205568	0.233391	0.815257
336	-0.416604	-0.289215	1.15479
337	-0.377003	-0.0134934	0.840159
339	-0.382936	0.044528	0.775393
341	0.0730149	0.0873952	0.887105
345	0.069222	0.176541	0.876722
348	0.0296534	-0.25004	0.632001
351	0.0424234	0.124597	0.981167
355	0.315683	-0.0305273	1.2368
357	0.412585	0.237726	0.874483
360	-0.240077	0.157165	0.685302
362	0.00594387	-0.116546	1.2532
364	-0.390029	-0.336138	1.27003
366	-0.308731	0.0605041	0.772482
367	0.219436	0.202664	0.831354
370	-0.510611	-0.109114	0.962958
371	0.42715	-0.118983	1.09028
374	-0.1407	0.0542857	0.840214
375	-0.0844758	0.100723	0.860796
377	-0.0337098	0.113206	0.853716
378	-0.310698	0.121072	0.691732
382	0.395905	0.308161	0.783007
383	0.214284	-0.0674586	1.26303
384	0.186828	-0.0573914	1.22969
387	-0.205656	0.117429	0.773369
393	-0.440071	0.0692217	0.83604
394	-0.291082	0.0326101	0.752013
395	-0.341339	0.104178	0.72907
396	0.0396622	0.185343	0.806948
404	0.350785	0.191578	0.894907
406	0.451063	0.219172	0.893484
408	0.203467	-0.4633	1.25529
411	-0.407928	0.0447787	0.820577
412	0.400448	0.203794	0.875379
414	0.0981352	-0.0898313	1.22701
418	-0.292766	0.114438	0.647759
419	-0.331695	0.112218	0.67351
421	0.189	0.221687	0.79189
425	0.515951	-0.054682	1.17348
431	0.0179638	0.155193	0.83573
435	0.0878713	0.12538	0.866889
436	0.116864	-0.0775124	1.02268
437	0.0991449	-0.0827624	1.19823
439	-0.294721	0.0500129	0.87598
442	-0.00797655	0.103062	0.871772
446	0.0692589	0.20277	0.703634
447	0.352979	0.215476	0.856841
449	0.0979963	-0.155849	1.33808
452	-0.518813	-0.072286	1.02883
454	-0.300289	0.0917007	0.642134
456	0.189887	-0.0654594	1.27239
457	-0.190327	-0.391488	1.27936
461	0.109796	0.147801	0.848172
465	0.356001	0.167786	0.914828
467	0.313993	-0.1466	1.23219
469	0.511665	-0.0476242	1.14702
476	0.325097	-0.232568	1.18994
478	-0.128097	-0.0718115	1.22119
642	0.0128356	-0.518556	1.27568
479	-0.523767	-0.132024	0.968275
482	-0.364858	-0.253852	1.39154
491	-0.0511777	0.0807493	0.851594
492	-0.13771	0.0911588	0.880572
494	0.497039	0.250871	0.839731
495	0.342114	0.295621	0.77442
497	0.315355	-0.0266893	1.22914
498	-0.373608	0.0504682	0.792929
504	0.32265	-0.123757	1.19211
509	0.215069	0.202509	0.821295
510	0.206429	0.176973	0.854965
511	0.0419525	0.116997	0.861745
518	0.212835	-0.528912	1.38676
526	0.464628	0.226023	0.897718
528	0.404485	0.0636244	1.24794
530	0.0679246	0.171836	0.853186
531	0.538581	0.0554443	1.22804
534	-0.108588	0.0808317	0.8905
538	-0.206912	-0.368889	1.33722
539	0.182257	-0.44808	1.17764
540	-0.368012	0.0491151	0.784774
542	-0.318737	0.0368091	0.821801
543	-0.271825	0.110672	0.817258
546	0.277769	-0.530905	1.4768
547	0.325049	-0.152659	1.26663
551	-0.157601	-0.176034	1.3895
552	0.408722	0.0195063	1.22078
553	0.624533	0.052996	1.24876
554	-0.129958	-0.349931	1.52347
555	-0.372883	-0.000894665	0.860857
557	-0.271319	0.076068	0.79788
561	-0.263919	0.108811	0.794075
569	-0.30918	-0.498944	1.33795
570	-0.325284	-0.272611	1.2733
571	-0.19032	0.0780606	0.881476
581	0.526479	0.0959489	1.28036
584	-0.208581	-0.368317	1.34694
585	-0.505705	-0.0577398	1.01841
587	0.0728939	-0.0861377	1.33003
588	-0.356676	0.0494996	0.771007
589	0.561725	0.108882	1.2446
590	0.163074	0.175137	0.872781
595	0.204726	0.230191	0.809071
596	-0.255088	-0.300086	1.59842
607	0.543777	0.195857	1.0381
608	-0.125352	0.113467	0.814525
610	-0.259281	0.0657577	0.925641
611	0.384547	0.271929	0.780955
617	-0.205104	-0.355001	1.33036
619	-0.127274	-0.0660235	1.2251
622	-0.369055	0.000802602	0.849958
624	-0.184753	0.148923	0.893448
625	-0.460317	-0.347947	1.20071
626	-0.0497735	0.0823263	0.854227
633	0.0611281	0.138035	0.861972
635	-0.203275	-0.245034	1.3977
653	0.541988	0.199714	1.02467
660	-0.377675	0.0227116	0.779995
664	-0.62613	-0.386656	1.36385
665	0.262712	-0.490258	1.37904
666	0.28916	-0.601593	1.43094
669	0.0899772	0.129816	0.86361
677	-0.261049	0.108788	0.787619
679	0.368498	-0.203881	1.24783
680	0.614078	0.153515	1.03666
681	-0.586462	-0.221446	1.25847
683	-0.270084	0.0065774	0.950918
686	-0.0141204	-0.513313	1.24438
687	-0.388733	-0.333784	1.26992
688	-0.385664	-0.350703	1.25195
691	0.00714486	-0.556424	1.36262
692	-0.01474	-0.518796	1.25382
695	0.212288	-0.0682684	1.26159
644	0.0271594	-0.121977	1.06236
696	0.349863	-0.07998	1.34371
706	-0.372764	-0.414563	1.21386
707	-0.475463	-0.483986	1.31312
710	-0.144029	-0.509257	1.26104
711	0.5944	0.184173	1.05006
714	-0.141703	-0.250177	1.50128
718	0.306728	-0.205983	1.27956
721	-0.336957	0.0968125	0.635948
723	-0.547504	-0.406317	1.40113
724	-0.212891	0.121425	0.799201
725	-0.57681	-0.295193	1.24553
726	0.544838	0.0546745	1.24018
728	-0.00908607	0.17613	0.805743
737	-0.216134	0.0460032	0.930995
741	0.132115	-0.122878	1.32234
742	-0.329069	-0.229125	1.26555
747	0.632511	0.0114763	1.25655
748	0.144824	0.139871	0.907853
749	0.405313	0.0616688	1.24496
753	-0.194202	-0.342302	1.29105
755	-0.593868	-0.378756	1.29198
757	0.628124	0.125729	1.25515
758	-0.112912	0.146413	0.794409
760	0.320174	-0.234295	1.20685
761	0.296169	-0.54907	1.60828
764	0.26536	-0.0972743	1.26158
765	0.531709	0.0920699	1.26891
767	0.407932	0.0619858	1.22943
776	0.316808	-0.15862	1.3019
780	-0.0619458	-0.544246	1.29016
781	-0.190198	0.139853	0.75113
782	-0.120967	0.156523	0.850759
784	0.185359	0.219628	0.780768
790	-0.288411	-0.281412	1.53632
794	-0.0343222	0.115804	0.860618
795	0.362456	0.219865	0.860719
798	0.235679	0.157729	0.882735
801	0.344811	0.21228	0.861164
802	-0.140597	-0.163487	1.32993
805	-0.219148	0.0290813	0.780479
806	-0.296047	0.0515173	0.890885
807	-0.291635	0.086937	0.738587
811	0.215603	0.185311	0.883242
816	0.397509	0.228451	0.861074
820	0.0595305	-0.502916	1.26671
821	-0.338406	-0.412673	1.14503
831	-0.305854	-0.438985	1.31159
832	-0.569161	-0.323881	1.23752
837	-0.386761	0.043963	0.785369
839	0.369539	0.174106	0.931579
840	0.205402	0.230727	0.803958
848	0.354631	-0.0451196	1.25961
852	-0.582092	-0.365676	1.27966
854	0.667535	0.0334816	1.26294
877	0.429288	-0.113818	1.08544
878	0.73913	-0.206486	1.38241
887	0.476022	-0.0913066	1.11483
898	0.661438	-0.00094844	1.2461
900	-0.383886	-0.0129663	0.855053
907	-0.540705	-0.368317	1.35476
908	-0.299962	0.0569721	0.750268
909	0.0646182	0.145138	0.892604
910	0.667729	-0.00669	1.26089
914	0.234178	0.268951	0.800161
930	-0.00870579	0.176755	0.80961
932	0.141229	0.240695	0.7683
933	-0.285064	0.13356	0.692189
947	0.132086	0.232036	0.74939
958	-0.362543	-0.425675	1.21071
966	0.580477	0.203674	1.04439
969	-0.151888	0.0599142	0.893368
975	0.379896	0.29663	0.74909
980	0.636873	0.128739	1.28523
995	-0.218333	0.0865382	0.78897
997	-0.73413	-0.455266	1.58989
999	-0.301672	-0.28516	1.55074
1007	0.234737	0.209552	0.826471
1010	-0.284819	0.119539	0.737606
1012	-0.182906	-0.228693	1.34424
1013	0.631634	-0.0445586	1.27356
1016	-0.302436	0.0214668	0.889606
1017	-0.118263	-0.0599641	1.1877
1021	-0.59484	-0.340259	1.28881
1023	0.336338	-0.0899187	1.37043
1025	0.639289	0.068296	1.2981
1033	-0.159351	0.0936482	0.742284
1042	0.12731	0.191381	0.723033
1044	-0.245718	0.0654218	0.892333
1046	0.108323	0.146466	0.827231
1048	0.155933	0.161428	0.836505
1051	-0.113826	0.150414	0.812366
1052	0.298477	0.152468	0.935459
1054	-0.112591	0.148907	0.800213
1055	0.371461	-0.233393	1.20369
1061	-0.32564	0.0977766	0.821918
1062	0.328281	0.281426	0.745124
1063	-0.216027	0.0822547	0.775321
1064	-0.297142	0.0811602	0.873279
1068	-0.287459	0.171273	0.800021
1074	0.32832	0.283633	0.747424
1090	-0.233428	0.160293	0.698146
1098	-0.316268	0.14681	0.722051
1102	0.20692	-0.464436	1.26689
1108	0.0867254	0.195981	0.794393
1109	-0.810412	-0.478589	1.59096
1120	0.513818	-0.0609706	1.18543
1121	0.329518	-0.23659	1.20777
1130	0.458704	0.249014	0.860143
1134	0.267557	-0.0933011	1.31451
1135	0.382045	-0.180526	1.27191
1141	0.406059	0.182167	0.908601
1149	-0.328697	-0.229846	1.26645
1171	0.0148219	-0.135907	1.2231
1173	-0.1374	0.148252	0.734454
1189	-0.30412	0.0907013	0.766315
1193	0.0103987	-0.109076	1.2002
1195	-0.358444	-0.013497	0.809052
1198	0.192197	0.220619	0.792868
1219	0.538747	0.074333	1.29106
1225	0.368544	0.222691	0.871843
1235	-0.332611	0.0985743	0.69919
1204	0.380619	-0.00661828	1.235
1257	-0.612026	-0.484029	1.35967
1260	0.406487	0.195893	0.781097
1268	0.641966	-0.269582	1.43279
1273	0.0767362	0.213293	0.747155
1276	0.429005	-0.137785	1.12662
1282	0.447651	0.217381	0.890392
1283	0.497702	0.277051	0.813138
1286	-0.271633	-0.270065	1.49136
1290	0.150579	0.115699	0.934703
1305	0.308729	-0.161756	1.28028
1307	0.488279	-0.0649672	1.1203
1312	-0.16433	0.135635	0.804043
1315	-0.134959	-0.318931	1.52631
1323	0.0639455	0.144857	0.882053
1331	0.216063	0.20087	0.819499
1333	0.553196	-0.0595523	1.27152
1335	-0.375891	-0.420305	1.22257
1346	0.187261	0.145231	0.882621
1355	-0.270917	0.117076	0.710739
1359	0.452712	0.244899	0.849943
1360	-0.216282	0.0497172	0.914102
1373	-0.17015	0.0340922	0.965347
1378	0.615396	-0.0398464	1.23106
1382	-0.143822	-0.165207	1.32839
1393	0.168937	-0.538752	1.42318
1395	-0.299079	0.0911929	0.758638
1399	0.705599	-0.175959	1.38432
1404	0.159549	0.176101	0.864511
1421	0.0629186	-0.0818909	1.21689
1434	0.523728	0.274781	0.852531
1442	-0.614802	-0.481283	1.36498
1450	0.216547	0.203415	0.826644
1453	0.44328	0.241105	0.854138
1455	0.225895	0.251976	0.73932
1462	-0.404734	-0.372983	1.311
1465	0.346944	0.188836	0.889904
1467	0.516905	0.236085	0.87909
1468	0.545607	0.0525599	1.23777
1473	0.363051	-0.193081	1.20765
1485	0.447724	0.215725	0.886622
1490	-0.296493	0.0916209	0.751059
1493	0.352361	0.215447	0.855833
1502	0.262358	0.204379	0.861237
1506	-0.172063	-0.229669	1.54099
1511	0.710788	0.0190505	1.41138
1517	-0.609493	-0.545546	1.40985
1528	-0.153776	-0.172935	1.41109
1544	-0.254575	0.106003	0.772616
1546	0.0933933	-0.090846	1.2121
1556	0.694156	0.0185612	1.21529
1563	-0.29528	-0.52269	1.30331
1572	-0.4699	-0.47945	1.29643
1575	-0.20087	0.0781739	0.739585
1603	0.715346	0.027282	1.1415
1610	-0.13983	-0.0524586	1.19861
1611	0.630162	0.0515498	1.26165
1624	-0.678828	-0.53443	1.50373
1626	0.630145	0.0994675	1.03195
1638	0.187707	0.221654	0.790874
1657	0.08835	0.128302	0.870244
1663	0.450912	0.219665	0.878041
1675	0.115919	0.174239	0.808004
1677	0.236082	0.263815	0.771465
1679	-1.02604	-0.783007	1.96881
1687	-0.52519	-0.0221261	0.99349
1698	0.261316	0.20259	0.859927
1711	-0.43728	-0.448173	1.21345
1714	0.195392	0.162469	0.903296
1717	0.0783893	0.221393	0.769552
1731	-0.0620893	0.164156	0.813612
1738	0.0331945	-0.119425	1.19057
1770	0.132884	0.216514	0.772153
1776	0.156048	-0.111559	1.59171
1780	-0.175841	0.0998044	0.808095
1787	0.46754	0.251775	0.873242
1739	-0.401122	-0.0132676	0.886907
1742	0.524203	0.239695	0.8865
1792	-0.571837	-0.291491	1.21706
1793	0.301887	-0.201992	1.24001
1794	0.00363061	-0.152252	1.30374
1795	0.238437	0.159438	0.887648
1800	-0.0413365	-0.26166	1.377
1801	0.218927	-0.0646387	1.29627
1808	0.0328011	-0.0863755	1.15855
1818	-1.05804	-0.771545	1.99684
1831	-0.918494	-0.575345	1.76422
1832	0.386173	0.274494	0.784352
1833	-0.104673	0.0786038	0.85868
1840	-0.196828	0.0780716	0.907687
1842	0.617772	0.0608216	1.24829
1845	0.495457	0.313885	0.772676
1849	0.06759	0.152205	0.934685
1857	0.3657	-0.202012	1.23813
1861	0.449556	-0.118653	1.13688
1864	0.339194	-0.0769683	1.29575
1867	0.223611	-0.072355	1.33921
1876	-0.848338	-0.556049	1.70456
1881	0.0666986	0.162801	0.808679
1885	0.445561	0.32434	0.78618
1886	-0.595859	-0.462038	1.331
1889	0.457533	0.0202702	1.30992
1892	-0.485147	-0.350978	1.24526
1902	0.384169	-0.246911	1.27373
1904	-0.437993	-0.298178	1.16454
1909	-0.492193	-0.369864	1.51035
1920	0.432929	0.31178	0.755654
1924	0.600679	0.187459	1.05832
1925	0.0716821	0.213569	0.749612
1926	-0.108304	-0.300211	1.30756
1929	0.369714	-0.187007	1.39428
1933	-0.0229328	-0.34407	1.63521
1942	0.613838	0.153709	1.03073
1948	0.266932	-0.0892243	1.26782
1950	0.594017	0.185568	1.04912
1952	-0.527894	-0.0835451	1.09143
1956	-0.241573	0.0942525	0.863675
1964	-0.64059	-0.244889	1.36073
1969	-0.425056	-0.341551	1.31077
1971	-0.283465	-0.44168	1.23946
1974	-0.264181	0.0319665	0.91783
1975	-0.37906	-0.397239	1.27105
1989	0.615525	0.0836157	1.0667
1990	-0.12691	0.115737	0.829058
1992	0.469237	-0.119163	1.19104
1997	0.670342	0.00506028	1.27321
2003	-0.16953	0.0954111	0.775961
2011	-0.9343	-0.754462	2.03874
2015	0.633339	0.158114	1.0474
2017	0.0175234	-0.096789	1.21724
2018	-0.0409102	-0.1201	1.25047
2038	0.334655	-0.0465136	1.28296
2041	0.405403	0.20462	0.87351
2042	-0.241069	0.154853	0.687501
2045	-0.259779	-0.262458	1.48465
2005	0.189334	-0.117767	1.33199
2059	0.405751	0.181484	0.925252
2065	-0.285828	0.0523283	0.87198
2067	-0.192616	-0.352461	1.47413
2073	0.0688084	0.16742	0.834896
2075	0.387607	0.277759	0.793243
2076	-0.14047	0.0551992	0.803572
2091	0.666776	0.134773	1.0001
2092	0.545617	0.316904	0.791018
2093	0.551242	0.293924	0.826397
2095	0.596032	0.23094	0.923277
2099	-0.0080366	0.176494	0.803623
2101	0.20167	0.129276	0.95928
2104	0.494033	0.330581	0.760025
2110	0.49351	0.329314	0.758596
2111	0.210468	-0.0871537	1.23144
2119	0.13277	0.225619	0.725748
2122	0.362697	-0.197578	1.22693
2123	0.0391814	0.115486	0.89222
2130	0.566872	0.278059	0.868124
2131	0.527679	0.339189	0.835669
2132	0.496318	0.315254	0.775199
2137	0.214847	-0.0878505	1.2631
2141	-0.250241	-0.270905	1.47055
2149	0.542634	0.198706	1.02481
2151	-0.0842583	0.101156	0.862654
2162	0.698942	0.0227661	1.19751
2203	-0.428853	-0.472588	1.38161
2166	0.377585	-0.18655	1.27175
2173	0.545489	0.0804848	1.21635
2186	0.365524	-0.200614	1.2373
2188	0.0137649	-0.133841	1.21749
2210	0.500037	0.345656	0.755023
2223	0.571247	0.228364	0.969884
2224	0.552957	0.227872	0.965326
2230	0.570109	0.278986	0.887038
2240	0.690348	0.0061942	1.37032
2243	0.187794	0.219401	0.787786
2246	0.694202	0.0280959	1.23504
2247	-0.295554	-0.324217	1.75122
2248	0.403442	0.230755	0.858413
2250	0.537517	0.0942286	1.30897
2251	0.514418	0.234821	0.889434
2252	0.631499	0.128228	1.26141
2254	-0.100811	0.0774542	0.845432
2259	0.239032	0.214023	0.837294
2285	0.483044	-0.0928371	1.13248
2291	0.399693	0.228195	0.849673
2292	-0.078917	0.128448	0.826244
2294	0.622752	0.00816692	1.24316
2308	-0.10734	0.145832	0.787196
2316	0.44293	0.241351	0.85503
2322	-0.132694	-0.19429	1.36382
2329	-0.264383	0.00569599	0.931206
2336	0.766677	-0.179672	1.42616
2337	0.551741	0.109431	1.22597
2343	0.317724	-0.157501	1.28401
2351	0.330042	-0.0768039	1.27815
2354	-0.187665	-0.34712	1.46347
2365	-0.190962	-0.237524	1.41494
2367	0.321861	-0.226896	1.16553
2372	0.675695	0.135237	1.02358
2373	0.164676	0.188191	0.823215
2378	0.546043	0.31738	0.791528
2390	0.493305	0.326953	0.747565
2405	-0.23549	0.0921065	0.843489
2429	0.533888	0.100675	1.18672
2430	0.700655	-0.18348	1.3847
2452	-0.151548	-0.170028	1.34122
2453	0.68728	0.0210911	1.27937
2455	0.382093	0.271994	0.783192
2457	0.624331	0.300474	0.849134
2461	0.512282	0.353217	0.762822
2465	0.593523	0.328281	0.782302
2467	0.472168	0.213701	0.899298
2469	0.569355	0.304575	0.844711
2472	0.67833	0.00487588	1.32621
2473	0.671368	0.150704	1.02245
2474	0.666573	0.325297	0.950164
2482	0.669127	0.251881	0.936632
2485	0.69177	0.226689	1.01931
2487	0.68701	0.224888	1.02453
2488	0.671576	0.13494	1.00302
8267	0.682517	0.0970901	1.06398
2503	0.675207	0.0104617	1.30637
2505	0.611509	0.376112	0.745074
2510	0.396697	0.309774	0.781527
2521	0.510297	-0.0651087	1.20378
2528	0.514114	0.325071	0.788128
2534	0.677633	0.355031	0.802455
2536	0.624655	0.321768	0.855446
2540	0.754198	-0.0391486	1.08106
2541	0.648423	0.0911082	1.04865
2545	0.620249	0.384512	0.771436
2557	0.555328	0.32287	0.808947
2563	0.611218	0.236112	0.937693
2565	0.73588	0.0539855	1.07596
2575	-0.00146959	0.16631	0.76574
2576	0.607635	0.236352	0.929717
2597	0.513996	0.323482	0.786827
2610	-0.18889	0.077461	0.877985
2655	0.148354	0.142881	0.90324
2662	0.447839	0.245056	0.864817
2674	0.227802	-0.0781965	1.22218
2676	0.214801	-0.0865913	1.25325
2698	0.331062	0.286157	0.751953
2699	0.187315	0.145451	0.880205
2703	0.387507	-0.185876	1.31643
2712	0.0998724	-0.138355	1.18149
2845	0.334981	-0.160267	1.29821
2733	0.704926	0.473931	0.765567
2740	0.82025	0.196074	0.976345
2742	0.717634	0.340691	0.881603
2745	0.838978	0.221593	0.952216
2750	0.818371	0.347799	0.960419
2755	0.815153	0.219607	0.986141
2756	0.898565	-0.209347	1.16162
2777	0.778673	-0.159072	0.949104
2780	0.360728	0.216909	0.863963
2784	0.373375	-0.00873115	1.22159
2790	0.347119	0.311505	0.840656
2798	0.695743	0.329906	0.807063
2801	0.744431	-0.0321435	1.05862
2806	0.647134	0.350478	0.782618
2808	0.0256952	0.157067	0.826565
2813	0.618484	0.129233	1.19632
2821	0.783302	0.178785	0.989195
2827	-0.11497	-0.182612	1.34344
2829	0.494296	0.339394	0.731862
2830	0.653409	0.132688	0.965815
2831	-0.200756	-0.354599	1.39942
2835	0.599236	0.368802	0.742081
2837	0.0655802	0.139509	0.852992
2838	0.060856	0.229975	0.819475
2840	0.547061	0.0461494	1.24246
2852	0.330275	-0.143447	1.2456
2868	0.552713	0.0771303	1.26848
2872	0.686797	0.225093	1.01725
2881	0.174423	-0.121751	1.37984
2888	-0.0161588	0.169876	0.793457
2900	-0.0420304	-0.260676	1.35779
2912	-0.0325214	0.118481	0.868509
2915	0.563176	0.291557	0.793813
2921	0.835901	0.231545	0.965275
2926	0.597837	0.306075	0.823883
2960	1.11702	-0.197722	1.2212
2964	0.689051	0.43854	0.739182
2969	0.689308	0.237029	1.02618
2989	1.10312	-0.176965	1.16522
2997	0.600415	0.373794	0.756059
3002	-0.0514215	0.0869818	0.891681
3008	0.666614	0.461715	0.720075
3010	0.61938	0.347867	0.829527
3027	0.674936	0.437498	0.720993
3032	0.403243	0.228891	0.856785
3039	0.207816	-0.0808774	1.25322
3041	0.554327	0.268822	0.859856
3046	0.72334	0.33118	0.893701
3055	0.66217	0.249262	0.918799
3065	0.160374	0.176605	0.864896
3071	0.0435524	0.110566	0.846311
3073	-0.0255201	0.107906	0.80555
3077	-0.273251	-0.263168	1.52397
3090	0.520001	-0.0613244	1.1956
3093	-0.00451493	0.0919648	0.869344
3113	0.490974	0.329194	0.750391
3120	0.697186	0.301186	0.878896
3128	0.603269	0.34558	0.780716
3134	0.326085	-0.0441591	1.33168
3144	0.610035	0.350185	0.797531
3149	0.566302	0.301338	0.834416
3151	0.288304	0.175846	0.909921
3160	0.753317	0.328391	0.8745
3162	0.69352	0.332084	0.815531
3168	0.537937	0.0760784	1.22812
3184	0.20522	0.237115	0.834612
3190	0.648285	0.0296384	1.27642
3194	0.381623	0.272934	0.78923
3207	0.686452	0.462638	0.720183
3208	1.00678	0.115857	1.0076
3209	0.683325	0.0978414	1.0414
3210	0.220528	0.280815	0.856044
3211	0.941604	0.143986	1.00169
3213	0.870627	0.216696	0.969055
3214	0.384895	0.405687	0.649594
3222	0.380389	-0.0139576	1.29161
3263	0.900895	0.565595	0.68041
3272	0.734044	-0.0157239	1.25622
3281	0.681045	0.434093	0.729508
3284	0.464349	-0.100775	1.14519
3287	1.0049	0.297574	0.894869
3297	0.377486	0.410417	0.653826
3302	0.709092	0.311968	0.896995
3309	0.522351	-0.0594032	1.21992
3314	0.866474	0.215335	0.964423
3333	0.690708	0.227476	1.02919
3335	1.00125	0.281197	0.933392
3353	0.273238	-0.0458815	1.12886
3363	0.32812	-0.0675246	1.21988
3366	1.33488	0.0509639	1.03766
3373	0.706547	0.351019	0.882687
3382	1.21639	0.280615	0.923444
3389	0.670205	0.35107	0.76239
3451	0.814381	0.193171	0.975334
3412	0.47455	0.232347	0.958942
3416	1.06184	0.408475	0.915895
3427	1.00418	0.553348	0.665638
3428	0.892092	0.555548	0.66517
3431	1.07363	0.440148	0.930706
3432	0.811458	0.344547	0.963804
3434	1.10137	0.479403	0.812535
3436	1.05852	0.435003	0.920428
3438	0.605871	0.376549	0.760079
3442	0.89935	0.569471	0.662356
3443	0.384266	0.294657	0.733821
3444	0.906019	0.527943	0.681354
3445	0.891797	0.559714	0.687953
3449	1.33167	0.0555744	1.03503
3450	1.20238	0.273058	0.929477
3480	0.615084	0.310081	0.8161
3487	1.06455	0.448284	0.885855
3493	0.994934	0.264165	0.923871
3494	0.652031	0.35298	0.791917
3499	0.490588	-0.0701105	1.13519
3500	0.649674	0.0178486	1.14322
3502	0.597799	0.332975	0.796388
3503	0.542436	0.306591	0.737683
3506	0.858426	0.216406	0.951929
3508	1.07229	0.450435	0.887505
3510	0.536809	0.0751284	1.23072
3515	0.773087	0.331155	0.920346
3517	1.40899	0.0637081	1.02529
3521	0.537226	0.0748296	1.24873
3532	1.45373	0.129815	1.09041
3537	0.898288	0.568077	0.645987
3539	1.41127	0.0630322	1.03957
3541	0.757649	0.342731	0.904671
3543	0.453771	-0.11005	1.15176
3544	0.507096	0.267001	0.834915
3551	1.08428	0.415441	0.939949
3563	0.736879	-0.0249166	1.19521
3564	1.22007	0.10568	1.20891
3577	0.713946	0.311493	0.878468
3585	0.893966	0.597663	0.579439
3588	1.0095	0.296679	0.922092
3591	0.329401	0.285024	0.751136
3601	1.04344	0.442977	0.88939
3605	0.553647	0.0897281	1.27096
3616	1.53826	0.20947	1.06106
3618	0.706173	0.299472	0.956983
3620	1.47641	0.625573	0.810598
3638	0.885336	0.608733	0.553096
3640	1.39797	0.396988	1.03551
3642	0.730838	0.299809	0.911266
3643	0.689987	0.0949281	1.07594
3645	1.70916	0.246179	0.973046
3646	1.7278	0.0720601	1.12291
3659	1.34137	0.42668	0.989023
3661	1.38355	0.607332	0.752702
3664	0.515469	0.0819605	1.22959
3669	1.22864	0.631086	0.693643
3670	1.55141	0.516474	0.938657
3671	1.08835	0.592177	0.686271
3674	1.66553	0.338235	1.01928
3676	1.47776	0.339351	1.0284
3688	1.34474	0.594389	0.745251
3692	0.60251	0.377292	0.765339
3693	0.822348	0.197864	0.987145
3694	1.57138	0.183456	1.11507
3696	1.61815	0.293836	0.958605
3699	1.03878	0.589053	0.628726
3700	1.08579	0.567588	0.610173
3701	0.56744	0.233176	1.06311
3702	0.621084	0.298502	0.854527
3703	0.602821	0.285071	0.877591
3706	0.881639	0.603975	0.543782
3715	1.38521	0.59915	0.758392
3719	1.28928	0.556169	0.767526
3720	1.21723	0.509529	0.764858
3725	1.40909	0.392157	1.07037
3728	0.733683	-0.00924101	1.23206
3730	1.33193	0.586551	0.739807
3732	0.554651	0.316813	0.785058
3736	1.30564	0.566474	0.782489
3741	1.25175	0.531963	0.812081
3748	1.17696	0.554916	0.665289
3749	1.33634	0.520328	0.828684
3750	1.69469	0.0904995	1.43765
3754	1.07056	0.406248	0.894982
3760	0.599006	0.37494	0.758548
3762	1.05797	0.434187	0.894403
3779	1.07181	0.412619	0.924971
3792	1.08323	0.566342	0.607348
3798	1.3987	0.404697	0.999437
3801	1.38827	0.390993	1.02983
3807	1.01074	0.266546	0.984455
3809	1.00814	0.554865	0.656954
3810	0.666885	0.464131	0.726025
4989	-0.340016	-0.320672	1.12369
3814	1.19301	0.558743	0.775488
3826	1.56914	0.188392	1.09359
3829	0.600489	0.281459	0.859975
3836	1.40982	0.3907	0.991418
3840	1.70637	0.19429	0.915065
3841	1.78083	0.472881	0.902925
3842	1.09727	0.47718	0.793207
3846	0.574161	0.128514	1.09702
3848	1.82717	0.400049	0.947824
3852	0.696697	0.147789	1.12135
3855	1.81499	0.0989644	0.897535
3857	1.35742	0.602979	0.748935
3858	1.01977	0.303372	0.916685
3865	1.24931	0.649266	0.526015
3867	0.622243	0.289696	0.78384
3873	1.18988	0.368194	0.843409
3876	1.21136	0.670001	0.453968
3878	0.614283	0.329261	0.699339
3885	0.669148	0.131512	0.980777
3888	1.87858	0.341803	0.951207
3891	1.27443	0.723168	0.532238
3894	1.08317	0.591015	0.68803
3896	1.16345	0.694596	0.481862
3901	1.25449	0.324071	0.966566
3905	2.02145	0.0303409	1.33437
3907	0.680048	0.133222	1.04293
3910	1.16532	0.324633	0.780706
3915	1.24768	0.641836	0.516405
3919	1.0884	0.470477	0.797204
3922	1.36888	0.644169	0.767852
3923	1.44876	0.60622	0.796314
3930	1.06372	0.43834	0.912164
3941	1.1802	0.714363	0.50976
3947	1.75488	0.168111	0.987496
3948	1.15528	0.477336	0.948249
3949	1.84819	0.0125613	1.19899
3950	1.37862	0.541335	0.876099
3952	0.550414	0.295548	0.83338
3956	0.69193	0.0213622	1.12395
3958	1.23067	0.618592	0.683373
3978	0.988081	0.561248	0.725266
3979	0.810166	0.192513	0.928936
3984	0.516448	0.287349	0.837879
3990	0.606273	0.301285	1.00221
9561	1.20965	0.278588	0.92768
9563	1.19641	0.488445	0.709399
9560	0.710219	0.312181	0.95537
9558	1.24473	0.521317	0.790673
9564	1.24786	0.394802	0.887554
9568	0.701984	0.468416	0.764961
3995	1.87103	0.409142	0.988682
4002	1.60334	0.373626	0.921399
4007	1.77255	0.0677962	1.16699
4013	0.710091	0.318024	0.919055
4014	0.990681	0.260681	0.935294
4015	1.7302	0.380959	0.858249
4016	1.46701	0.614837	0.805669
4017	1.1496	0.62163	0.396208
4025	1.83604	0.267801	1.45142
4048	1.34532	0.45783	0.898685
4050	1.60024	0.286673	0.818583
4052	1.03689	0.512954	0.770157
4059	0.998146	0.550062	0.664978
4062	1.54859	0.664038	0.673785
4065	1.11202	0.708363	0.464751
4067	1.71579	0.460986	0.839992
4073	1.55497	0.51518	0.934757
4074	0.850705	0.195499	1.155
4075	1.89336	0.344971	0.972038
4031	0.909706	0.528454	0.689355
4033	0.717073	0.296623	0.919343
4043	1.31271	0.57015	0.805226
4078	1.84313	0.329091	0.989048
4079	1.78332	0.28625	0.849113
4080	1.70324	0.102447	1.03344
4082	1.23264	0.392715	0.925459
4083	1.19136	0.616916	0.704422
4084	1.19164	0.574593	0.688554
4087	0.652436	0.349049	0.771513
4088	1.72893	0.463176	0.854983
4089	1.17856	0.405046	0.886452
4090	1.21505	0.382414	0.880931
4091	1.83585	0.250852	1.09304
4092	0.690012	0.0271906	1.08458
4096	1.40834	0.634922	0.813232
4101	1.15371	0.285796	0.868193
4102	1.77482	0.0612795	1.17657
4103	1.87149	0.00435482	1.24171
4111	0.993068	0.568195	0.737172
4122	1.15519	0.477803	0.957104
4132	1.74199	0.277483	1.30893
4145	0.670997	0.472051	0.736247
4155	1.36394	0.112255	1.08813
4157	1.65705	0.216813	0.794442
4165	1.59634	0.37122	0.915394
4171	1.1172	0.499524	0.683341
4178	0.912804	0.531308	0.692035
4186	1.77658	0.386513	0.910627
4191	1.64914	0.216146	0.746605
4192	1.62544	0.185149	0.81946
4201	1.23433	0.65257	0.763623
4203	1.9324	0.232529	1.00239
4206	1.33396	0.633493	0.733338
4219	1.6118	0.286873	0.945453
4224	1.45194	0.402911	1.04787
4233	1.13214	0.509241	0.720477
4240	1.37613	0.455296	1.04144
4275	1.8983	0.348433	0.967899
4291	1.61594	0.337208	0.919139
4296	1.77161	0.308214	0.978533
4297	1.6178	0.268158	1.14008
4298	1.27408	0.662631	0.54916
4299	0.840667	-0.147912	1.96178
4310	1.77384	0.168711	0.805416
4315	1.18349	0.717679	0.506915
4327	1.79901	-0.0048154	1.15324
4329	1.39885	0.442365	1.00124
4352	1.71372	0.462031	0.836454
4388	1.7074	0.193454	0.913883
4402	0.545802	0.46787	0.674255
4366	1.21669	0.341152	0.877421
4367	1.20171	0.315717	0.865616
4371	1.18958	0.569374	0.679288
4409	1.24366	0.702314	0.499571
4452	1.56181	0.314495	1.11206
4469	1.21972	0.340148	0.865145
4493	1.21677	0.320215	0.88634
4497	1.41403	0.390964	1.01235
4521	0.550976	0.268318	0.863164
4535	0.653634	0.0186306	1.14256
4573	1.32957	0.599097	0.713985
4587	1.17508	0.528375	0.905636
4603	1.33412	0.205796	1.14054
4604	0.651994	0.0278111	1.28801
4662	1.21282	0.592519	0.676178
4670	1.33662	0.607039	0.729414
4697	1.18271	0.405046	0.909368
4707	1.06533	0.446077	0.828798
4748	0.480475	0.0221696	1.24266
4751	1.08582	0.422941	0.891898
4808	1.37614	0.0996363	1.07614
4832	0.276101	0.175201	0.956199
4833	1.31157	0.214902	1.09507
4863	0.732509	0.484374	0.758882
4872	0.777137	-0.0455378	1.1931
4916	0.829592	0.347228	0.907812
4948	-0.108035	-0.142571	1.2465
5001	-0.0832711	-0.29775	1.42034
5010	-0.208753	-0.389346	1.34379
5031	0.0348625	-0.092224	1.22389
5053	0.40066	-0.238155	1.25929
5066	-0.543889	-0.175065	1.15587
5071	-0.930915	-0.605635	1.86076
5076	-0.576943	-0.184104	1.21938
5077	-0.812751	-0.531615	1.63978
5079	-0.151027	-0.0566241	1.26365
5080	-0.590196	-0.186914	1.25325
5083	-0.561059	-0.389433	1.27497
5084	-0.31091	-0.331866	1.04322
5087	-0.866187	-0.575181	1.78876
5107	-0.59948	-0.321804	1.29192
5135	-0.190151	-0.363573	1.30976
5139	-0.422043	-0.506753	1.47723
5149	-0.573581	-0.218274	1.26527
5152	-0.335882	-0.288299	1.37819
5156	0.282717	-0.089498	1.26649
5162	-0.0229763	-0.143843	1.29446
5165	-0.228566	-0.428886	1.52709
5168	-0.153553	-0.16811	1.33055
5191	-0.155795	-0.16721	1.2891
5197	-0.277037	-0.545597	1.27005
5210	0.130213	-0.110869	1.22786
5213	-0.778722	-0.378561	1.30853
5214	-0.139069	-0.193755	1.32289
5219	0.102251	-0.137685	1.19682
5220	-1.09687	-0.957056	2.17364
5226	-0.492896	-0.110658	0.997301
5227	-0.553224	-0.335936	1.22182
5228	-0.352914	0.0513104	0.77437
5229	0.0233523	-0.102647	1.17825
5230	-0.763097	-0.391526	1.30887
5239	-0.362366	-0.0101801	0.865344
5240	-0.415011	0.130348	0.678512
5265	-0.559588	-0.2188	1.20448
5241	-0.627325	-0.0633743	0.921162
5244	-0.459827	-0.371827	1.25506
5245	-0.202829	-0.398413	1.17761
5246	-0.258394	-0.437488	1.23685
5249	-0.622935	-0.0574764	0.923919
5253	-0.386748	0.0897521	0.686338
5255	-0.785261	-0.353878	1.32875
5258	-0.469418	-0.0362278	0.911397
5262	-0.416656	0.126108	0.674525
5263	-0.385531	0.0925706	0.696063
5266	-0.386249	-0.325329	1.21951
5283	-0.376935	-0.432881	1.28814
5289	0.170759	-0.0608513	1.1919
5296	-0.543646	-0.238662	1.21135
5299	0.141275	-0.096934	1.14184
5300	-0.221181	-0.278775	1.39607
5307	-0.162036	-0.173142	1.31679
5310	-0.584513	-0.326766	1.25604
5314	-0.632803	0.0299022	0.67186
5316	-0.627856	-0.058322	0.933068
5317	-0.292372	0.109316	0.692493
5319	-0.623224	0.0233082	0.7403
5323	-0.481002	-0.0938627	0.988902
5332	-0.635359	-0.354083	1.38023
5336	-0.382601	0.0384328	0.795246
5337	-0.296956	0.113394	0.709764
5341	-0.238427	0.12772	0.721381
5342	-0.460205	-0.0315574	0.885366
5346	-0.47279	-0.0948923	0.948731
5353	-0.74229	-0.631032	1.73388
5355	-0.477424	-0.0326536	0.927798
5358	-0.327891	0.0550654	0.759719
5359	-0.356136	0.0544367	0.791027
5363	-0.288119	-0.262324	1.4177
5365	-0.362884	-0.0329606	0.90932
5366	-0.620061	0.0245093	0.656096
5371	-0.382483	0.0494959	0.768488
5372	-0.554982	-0.0686974	0.922191
5373	-0.786888	-0.43393	1.33272
5376	-0.673602	0.00382431	0.74297
5377	-1.07119	-0.589581	1.37992
5379	-0.613242	0.0235815	0.716926
5382	-0.468033	-0.0301435	0.909852
5384	-1.00209	-0.540763	1.31441
5385	-0.594108	0.0110443	0.748272
5386	-0.830584	-0.360419	0.936016
5388	-0.50725	-0.447989	1.18487
5389	-0.295966	0.105556	0.685993
5395	-0.390028	0.0923782	0.699628
5396	-0.62632	-0.056484	0.92187
5398	-0.477207	-0.0902976	1.00123
5399	-0.303095	0.106845	0.702501
5401	-0.610822	0.0234495	0.700552
5402	-0.497998	-0.421442	1.16198
5406	-0.739817	-0.206703	1.12179
5411	-0.305274	0.111636	0.72197
5412	-0.366955	-0.034182	0.906436
5417	-1.03759	-0.814054	2.00623
5423	-0.54759	-0.0701074	0.896553
5428	-0.605128	-0.0484664	0.893543
5429	-0.525394	-0.131404	0.94943
5435	-0.572911	-0.0766964	0.917682
5438	-0.360253	-0.0367312	0.88284
5443	-0.82446	-0.463311	1.40064
5446	-0.741924	-0.385204	1.2322
5449	-0.393954	-0.334071	1.26506
5451	-0.2146	-0.434934	1.41543
5452	-1.10006	-0.869137	2.13896
5453	-1.21324	-1.09325	2.42753
5457	-0.875272	-0.54601	1.52816
5459	0.0157659	-0.0821685	1.05541
5462	0.0901928	-0.0949754	1.24552
5471	-0.00167973	-0.110328	1.21242
7805	0.693754	0.0933717	1.0994
5483	-0.451496	-0.0779029	0.618592
5488	-1.04094	-0.53533	1.3276
5489	-1.04577	-0.572344	1.34391
5491	-0.329778	0.0588669	0.776992
5499	-1.06351	-0.755265	1.40009
5507	-0.284511	-0.251928	1.33467
5508	-0.277571	-0.283355	1.47625
5510	-0.61895	-0.0648636	0.903033
5513	-0.926537	-0.14276	0.856483
5515	-1.07694	-0.591426	1.40359
5516	-0.361893	-0.00951188	0.852373
5522	-0.873527	-0.298623	0.805292
5535	-0.389963	0.060364	0.765157
5555	-0.895482	-0.30673	0.834046
5556	-0.855839	-0.292512	0.775204
5561	-0.286594	-0.439287	1.10808
5564	-0.355776	0.0266465	0.791071
5567	-0.556379	-0.391861	1.26861
5569	-1.07207	-0.524672	1.09093
5576	-0.537042	-0.372749	1.18425
5578	-0.658025	0.00153617	0.712925
5583	-0.652803	0.0482004	0.656955
5585	-0.690593	-0.158057	1.00776
5586	-0.627678	0.047118	0.624812
5591	-0.88216	-0.301138	0.812581
5594	-0.935004	-0.811213	2.27842
5595	-0.564279	-0.0759277	0.906773
5597	-0.63413	0.0325979	0.669281
5599	-0.894318	-0.305228	0.841202
5600	-0.908036	-0.191935	0.848571
5601	-0.623167	0.0460852	0.610367
5604	-1.04833	-0.564153	1.36556
5606	-0.542933	-0.336827	1.22656
5609	-1.06442	-0.573804	1.39186
5616	-0.731271	-0.456414	1.44049
5620	-0.409376	0.120912	0.658998
5626	-0.279856	-0.555062	1.30446
5635	-0.381152	0.0516876	0.770583
5643	-1.05685	-0.83341	2.06206
5649	-0.750844	-0.204363	1.14014
5660	-0.962027	-0.32638	0.910248
5665	-0.996818	-0.484658	1.00088
5668	-0.451515	-0.0148197	0.785579
5672	-0.918946	-0.139886	0.852967
5674	-0.783801	-0.160423	0.775415
5675	-0.562961	0.0204438	0.750752
5676	-0.278324	-0.504188	1.16599
5678	-1.01938	-0.548172	1.33893
5679	-0.627394	0.0205554	0.648794
5680	-0.475658	-0.0930668	0.975869
5684	-0.782118	-0.466003	1.3439
5689	-0.850487	-0.367914	0.914238
5690	-0.83193	-0.511522	1.3994
5691	-0.339638	-0.0227763	0.828219
5696	-0.546606	-0.0744079	0.856077
5698	-0.143757	-0.498328	1.22697
5700	-0.984155	-0.780997	1.96874
5703	-0.365979	-0.476951	1.23352
5705	-0.507258	-0.456341	1.17483
5706	-0.565994	-0.249273	1.31403
5722	-0.308257	0.093698	0.657758
5726	-0.311488	0.0887487	0.649767
5728	-0.856914	-0.373315	0.975151
5733	-0.664993	0.00585725	0.737895
5734	-0.671005	0.00167158	0.729604
5738	-0.559594	0.024462	0.772833
5742	-0.456944	-0.330864	1.15336
5746	-0.898861	-0.189917	0.842957
5751	-0.939143	-0.453126	0.904902
5755	-0.136223	-0.184441	1.25933
5758	-0.366357	0.0870182	0.686371
5761	-0.724782	-0.190654	1.05177
5762	-0.912439	-0.392708	0.983061
5763	-0.350934	0.062979	0.694477
5765	-0.870624	-0.159138	0.837494
5769	-1.03212	-0.724896	1.33076
5775	-0.749395	-0.0429346	0.778819
5783	-0.44716	-0.32953	1.16064
5784	-0.729638	-0.695891	1.62092
5791	-0.53833	-0.384131	1.21834
5793	-0.880518	-0.184035	0.810119
5796	-0.91615	-0.521728	0.827982
5797	-0.779562	-0.335715	1.28122
5798	-0.375758	0.0671998	0.741743
5799	-0.547292	-0.380684	1.23084
5801	-0.981902	-0.674862	0.938075
5803	-0.613445	-0.604646	1.00455
5806	-0.265717	0.0260198	0.86337
5809	-0.473249	-0.0223284	0.977635
5811	-0.746205	-0.647405	0.958622
5814	-0.905912	-0.186688	0.846031
5815	-0.581131	-0.173607	1.01283
5816	-0.477877	-0.0219417	0.992799
5818	-0.632209	0.0173595	0.707435
5820	-0.557031	-0.397527	1.26711
5822	-0.47214	-0.344468	1.24088
5823	-0.68961	-0.307349	1.16245
5825	-0.341778	-0.0181543	0.872927
5826	-0.505592	-0.357282	1.08487
5828	-0.426727	-0.535907	1.1961
5830	-0.277045	0.0680192	0.767989
5831	-0.375072	0.0664475	0.73884
5832	-0.365236	0.0306239	0.81793
5836	-0.873897	-0.14884	0.628963
5838	-0.63154	0.029272	0.737104
5839	-0.635258	0.0168071	0.711192
5841	-0.366167	0.0423057	0.755898
5843	-0.623549	-0.614779	1.02677
5844	-0.53486	-0.0241346	0.786638
5845	-0.615437	-0.190664	1.04298
5846	-0.287057	-0.487751	1.29488
5847	-0.64829	0.0781118	0.635971
5852	-0.237137	-0.591309	1.18452
5853	-0.441506	-0.345775	1.13844
5855	-0.62487	-0.0843855	0.943174
5859	-0.295918	0.108392	0.693959
5860	-0.941327	-0.539827	0.855947
5861	-0.25635	0.0301309	0.867421
5863	-0.347063	-0.53659	1.12992
5864	-0.70819	-0.12363	0.957376
5866	-0.620203	0.0571368	0.620966
5868	-0.903235	-0.149918	0.661361
5869	-0.382404	-0.465934	1.41312
5870	-0.296348	0.1062	0.695023
5872	-0.716782	-0.124751	0.981784
5873	-0.688423	-0.160583	0.986843
5881	-0.617976	-0.0845092	0.92594
5884	-0.505947	0.00480483	1.01491
5885	-0.461299	-0.0299146	0.903043
5886	-0.618325	-0.193494	1.04938
5889	-0.359814	0.0686696	0.731235
5890	-0.632039	0.0150271	0.692272
5891	-0.991587	-0.114083	0.611899
5892	-0.853411	-0.405893	0.76182
5895	-0.329759	0.0449633	0.718965
5898	-0.653247	0.0804076	0.64093
5900	-0.592425	-0.188902	0.987445
5904	-0.441328	-0.591388	1.33598
5921	-0.910069	-0.63068	0.875597
5922	-0.619853	0.0248606	0.710334
5928	-1.01208	-0.521329	0.551305
5930	-0.349989	0.0299891	0.777365
5932	-0.456458	-0.360339	1.20407
5933	-0.749605	-0.323381	1.19818
5938	-0.364841	0.0444784	0.755304
5939	-0.697001	-0.389479	1.22343
5942	-0.925998	-0.693905	0.900682
5943	-0.556902	-0.355588	1.21734
5947	-0.885987	-0.522855	0.782486
5948	-0.881291	-0.152195	0.785934
5949	-0.833072	-0.119701	0.836238
5953	-0.613659	-0.147251	1.06724
5954	-0.644733	-0.147655	1.03548
5955	-0.514566	-0.462569	1.22481
5956	-0.342115	-0.591486	1.26695
5957	-0.730688	-0.637577	0.998056
5960	-0.3499	0.0272605	0.762924
5967	-1.02162	-0.493294	1.00205
5968	-1.04458	-0.522898	0.61288
5969	-1.0638	-0.551865	0.592746
5973	-0.345636	-0.00156447	0.786764
5976	-0.903961	-0.188178	0.84535
5977	-0.552236	-0.425793	1.24392
5980	-0.352973	0.0571142	0.678192
5981	-0.920694	-0.398108	1.0004
5983	-0.550839	-0.000514417	0.791868
5985	-0.654047	-0.151499	1.0521
5987	-0.784327	-0.436613	0.646763
5992	-1.0503	-0.528298	0.624569
5994	-1.01059	-0.611932	0.952059
5995	-1.13826	-0.0736942	0.631074
5999	-1.02514	-0.124914	0.580254
6000	-0.378069	-0.497101	1.2993
6008	-1.06081	-0.718933	1.40328
6011	-1.07694	-0.839989	1.46823
6016	-0.551756	-0.343038	1.22742
6018	-0.762616	-0.730614	1.76983
6019	-0.952058	-0.739324	1.85906
6020	-0.875946	-0.615685	0.85511
6021	-0.879258	-0.632613	0.872604
6023	-0.522286	-0.591733	1.30833
6031	-1.15369	-0.914679	1.61906
6032	-0.509378	-0.365743	1.00705
6034	-0.613807	-0.604272	1.00249
6037	-0.542172	-0.000363717	0.772999
6039	-1.27889	-0.88915	1.71903
6040	-1.12726	-0.806915	1.50661
6043	-0.843653	-0.500773	0.766617
6044	-0.575786	-0.00623037	0.823609
6048	-1.04042	-0.812006	1.41941
6053	-1.41484	-0.97509	1.80643
6054	-0.743613	-0.103725	0.734292
6055	-0.889931	-0.150669	0.647496
6056	-1.03556	-0.732829	1.33121
6057	-0.905012	-0.830199	1.68786
6058	-0.58206	-0.0421525	0.811199
6059	-0.635497	-0.475162	1.4401
6060	-0.365888	0.0539219	0.805421
6062	-0.37283	0.0816351	0.797443
6066	-1.21691	-0.818568	1.52624
6077	-0.417508	-0.50823	1.10816
6078	-1.10368	-0.668465	1.45742
6081	-1.0371	-0.537592	1.30831
6083	-0.472246	-0.0913359	0.968919
6085	-0.806259	-0.479727	1.37099
6092	-0.86683	-0.528016	1.57009
6094	-0.625725	0.0369018	0.716477
6095	-0.448507	-0.348759	1.16045
6096	-0.775186	-0.18382	1.14361
6108	-0.869798	-0.56884	1.70414
6110	-0.796114	-0.504179	0.654271
6109	-0.625511	0.0145734	0.722007
6111	-1.15928	-0.281516	0.535582
6124	-0.381046	0.0918978	0.716949
6125	-0.750653	-0.310089	1.10267
6134	-1.06468	-0.198268	0.451764
6136	-0.830144	-0.534178	0.70933
6145	-0.820882	-0.476753	0.692881
6147	-0.898542	-0.133379	0.739912
6152	-0.565837	-0.0157151	0.542245
6155	-0.47802	-0.393322	1.24664
6157	-0.917443	-0.139416	0.85158
6158	-0.484257	-0.395599	1.29896
6159	-1.24311	-0.859868	1.6623
6163	-0.596183	-0.0838417	0.853425
6118	-0.816931	-0.537768	0.699425
6173	-0.614223	0.0424318	0.553144
6180	-0.640664	-0.624101	1.03136
6183	-1.17698	-0.608011	1.45656
6184	-0.850718	-0.680119	1.83665
6189	-0.753645	-0.654298	0.971384
6191	-0.881985	-0.872584	2.14687
6193	-0.689338	-0.120199	0.954279
6205	-0.370383	0.0654186	0.616204
6207	-0.762677	-0.357805	1.28588
6209	-0.778145	-0.752082	1.82335
6212	-1.06453	-0.722584	1.40697
6213	-1.00234	-0.501151	0.571462
6215	-0.790711	-0.774197	1.88401
6219	-0.615473	0.021482	0.707563
6225	-0.732196	-0.668416	1.6781
6226	-0.710448	-0.120922	0.956625
6245	-1.60624	-1.12809	2.13993
6251	-0.438585	-0.643494	1.15729
6252	-0.637858	-0.146561	1.02914
6256	-0.803821	-0.656314	1.83303
6257	-0.647028	0.0383244	0.712526
6258	-0.479598	-0.00562519	0.892342
6259	-0.790785	-0.464127	1.50134
6260	-0.912746	-0.213707	0.612432
6262	-0.897605	-0.169405	0.913493
6269	-0.561482	0.0117262	0.777146
6276	-0.502842	-0.521211	1.13555
6279	-0.372631	0.114621	0.796665
6281	-0.504724	-0.458501	1.17251
6290	-0.460664	-0.374319	1.2721
6296	-1.16048	-0.303998	0.529451
6298	-0.710821	-0.163159	1.03767
6299	-1.02186	-0.792961	1.3783
6302	-1.00609	-0.513877	0.500187
6304	-1.8512	-0.677465	0.855434
6305	-1.85832	-0.679761	0.859856
6307	-1.11515	-0.790093	1.50836
6308	-1.95294	-0.61084	0.984375
6310	-0.609555	-0.187172	1.01089
6313	-0.773486	-0.171653	1.23924
6317	-0.815013	-0.522054	0.685791
6320	-1.11265	-0.576135	0.582632
6324	-0.687975	-0.65122	1.06998
6325	-0.705378	-0.653765	1.05404
6333	-0.699168	-0.281663	0.954683
6334	-0.703852	-0.650999	1.04542
6335	-1.01966	-1.06715	1.91059
6336	-0.725492	-0.769816	1.71026
6337	-0.797287	-0.429645	1.4082
6340	-1.10591	-0.573076	0.577021
6343	-0.653741	-0.661643	1.11843
6344	-0.954216	-0.632396	0.879285
6349	-0.771079	-0.311957	1.13185
6350	-0.843361	-0.755597	1.89089
6355	-1.08185	-0.739107	1.43293
6356	-0.773746	-0.731664	1.6005
6357	-0.70646	-0.746953	1.65825
6358	-0.733744	-0.7852	1.75779
6360	-0.88374	-0.603529	1.77679
6369	-1.24705	-0.862293	1.71692
6370	-0.883499	-0.641151	0.8407
6371	-0.801702	-0.573772	0.768366
6375	-0.749674	-0.808203	1.81204
6376	-1.24094	-0.312179	0.568712
6386	-0.654107	-0.184896	1.17746
6387	-0.720059	-0.194792	1.06239
6396	-1.60376	-0.581825	0.703624
6401	-0.89412	-0.633541	0.877863
6407	-1.21192	-0.844312	1.68955
6408	-0.739342	-0.688669	1.61714
6411	-1.17156	-0.604043	0.744046
6429	-0.628867	-0.475709	1.4723
6432	-0.688617	-0.00866638	0.730733
6436	-1.26516	-0.0874839	0.745346
6437	-0.788645	-0.463334	0.655617
6438	-0.87634	-0.631557	0.869431
6444	-1.04562	-0.122952	0.599105
6448	-0.794082	-0.746895	1.77653
6461	-0.879987	-0.157603	0.789564
6463	-0.702036	-0.00468918	0.754477
6470	-0.516261	-0.469576	1.15698
6494	-1.82817	-0.866011	0.871858
6495	-0.565027	-0.17419	1.07498
6497	-0.70314	-0.135444	0.999336
6502	-1.09088	-0.12319	0.462042
6503	-0.61571	-0.0830074	0.86162
6507	-1.88551	-0.592517	0.938865
6510	-1.71842	-0.711898	0.888372
6513	-0.729245	-0.0665162	0.70478
6518	-0.761813	-0.311319	1.14749
6522	-1.69083	-0.67759	0.828138
6529	-0.604399	-0.0769221	0.839305
6530	-1.47271	-0.474309	0.701394
6482	-0.951136	-0.469635	0.529075
6488	-0.688074	-0.120622	0.954169
6489	-1.81654	-0.661909	0.807902
6535	-0.644083	-0.40341	0.391399
6544	-1.06215	-0.0354747	0.420505
6558	-0.870884	-0.153875	0.777194
6564	-0.555672	-0.42423	0.575022
6565	-0.785314	-0.407438	0.637669
6566	-0.947417	-0.136967	0.564072
6572	-0.632375	-0.07879	0.926358
6576	-1.00439	-0.137448	0.625598
6582	-0.624924	0.0259013	0.721257
6583	-0.797781	-0.137522	0.789373
6585	-0.827286	-0.438493	0.72005
6590	-0.900122	-0.743041	1.91478
6594	-1.2033	-0.882885	3.43254
6606	-0.814349	-0.667189	1.87617
6615	-0.782449	-0.160008	0.775484
6617	-0.655636	0.0487055	0.653624
6623	-0.960014	-0.485369	0.45809
6629	-0.630854	0.010145	0.731783
6634	-1.10389	-0.273296	0.46556
6641	-1.11074	-0.276108	0.458156
6642	-0.894848	-0.398718	1.06592
6645	-0.645042	0.0157273	0.768051
6671	-0.844928	-0.550571	1.59824
6674	-0.858607	-0.560706	1.63227
6689	-0.516242	-0.0750152	0.761324
6682	-1.42567	-0.457466	0.692018
6699	-0.618186	0.0605124	0.567162
6703	-0.689486	0.0747446	0.677977
6711	-0.834754	-0.415808	0.368836
6715	-0.627207	0.0275531	0.66849
6716	-0.773338	-0.379487	0.321344
6722	-0.523224	-0.119761	1.09086
6724	-1.17239	-0.203708	0.54373
6767	-0.551436	-0.552059	1.56923
6772	-0.551059	-0.36424	0.974854
6778	-0.703111	-0.357508	1.10676
6782	-0.640477	-0.116864	0.793453
6783	-0.576131	-0.180515	1.21804
6787	-0.582143	-0.149013	0.956001
6796	-0.691377	-0.301555	1.03809
6803	-0.610829	0.0055136	0.677564
6804	-0.838923	-0.14126	0.813414
6805	-0.746809	-0.0477545	0.762958
6819	-0.961983	-0.738486	1.09249
6821	-1.44523	-0.463796	0.629446
6823	-1.01578	-0.627812	1.04809
6824	-1.02338	-0.271021	0.423253
6839	-1.6644	-0.53108	0.841592
6840	-1.02012	-0.712934	1.05857
6842	-0.864972	-0.85904	1.94893
6843	-1.23873	-0.256779	0.597251
6844	-0.647302	-0.177541	0.820769
6846	-1.22831	-0.265572	0.552322
6848	-0.997558	-0.0580607	0.378508
6850	-1.05757	-0.285224	0.44237
6856	-0.665062	-0.369614	0.494113
6867	-1.24563	-0.305384	0.600827
6878	-1.03233	-0.0362788	0.392352
6880	-1.4115	-0.769342	0.879371
6883	-0.918415	-0.684249	1.1604
6884	-0.590475	-0.189166	1.02367
6885	-0.554531	-0.194354	1.19978
6905	-0.594589	-0.224983	1.24104
6909	-0.812413	-0.789513	1.77061
6921	-0.557507	-0.285351	1.18117
6929	-1.30422	-0.482991	0.53073
6930	-1.22833	-0.547938	0.539833
6931	-0.79875	-0.784152	1.76908
6939	-0.71695	-0.684472	1.67237
6946	-0.5703	-0.38158	1.30347
6950	-1.02867	-0.718249	1.07617
6958	-0.699823	-0.654659	1.5811
6970	-0.591154	-0.189899	1.02266
6974	-0.79168	-0.143096	0.75065
6975	-1.20991	-0.387333	0.473162
6994	-0.936678	-0.164148	0.918814
7000	-0.838932	-0.748718	1.87945
7002	-0.635494	-0.545181	1.60745
7005	-1.36556	-0.428696	0.547686
7030	-0.802336	-0.375949	0.705011
7057	-0.91719	-0.912187	2.05833
7078	-1.07234	-0.772275	1.39977
7085	-0.540941	-0.129892	1.02951
7086	-0.853005	-0.512599	1.48712
7094	-0.877076	-0.469192	0.797993
7099	-1.0498	-0.156162	0.990667
7102	-0.882101	-0.498107	0.790222
7107	-0.388139	0.035012	0.876419
7108	-0.4845	-0.411075	1.11388
7115	-1.15562	-0.814566	1.52033
7121	-0.590114	-0.185503	1.25449
7125	-0.494289	-0.428194	1.1707
7127	-1.21343	-0.664162	1.57277
7172	-0.918266	-0.524387	0.869629
7176	-0.389298	0.066354	0.741504
7181	-0.64533	0.0459687	0.638391
7186	-0.383201	0.0666176	0.72665
7188	-0.865738	-0.293696	0.808691
7223	-0.3927	0.0832141	0.704459
7233	-0.747841	-0.329051	1.2528
7271	-0.756195	-0.312014	1.1201
7274	-1.82961	-1.19762	2.21863
7285	-0.539651	-0.350913	1.24553
7289	-0.818127	-0.542097	0.754653
7291	-0.864354	-0.485667	0.747191
7296	-0.825898	-0.491606	0.752747
7300	-0.588376	-0.325469	1.24649
7301	-0.551648	-0.195327	1.19134
7309	-0.882988	-0.378083	0.926558
7367	-0.487845	-0.0710673	0.971958
7368	-0.71528	-0.367775	1.1666
7386	-0.27938	0.0170799	0.849101
7387	-0.374203	0.0339402	0.777273
7397	0.0256487	-0.126402	1.25579
7402	-0.645075	-0.546151	1.51989
7403	-0.840248	-0.464867	1.43314
7404	-0.707603	-0.162818	1.02314
7408	-0.381826	0.0468978	0.765208
7422	-0.220383	-0.402287	1.45288
7423	-0.271109	-0.258481	1.49365
7431	-0.813281	-0.45138	1.35127
7447	-0.477761	-0.413113	1.12558
7448	-0.879011	-0.159834	0.837353
7449	-0.389928	0.0584229	0.770223
7453	-0.426685	0.128217	0.691232
7460	-0.585951	-0.0366897	0.850698
7473	-0.795066	-0.442384	1.33675
7480	-0.875352	-0.135673	0.787901
7482	-0.492111	-0.0777277	1.01793
7486	-0.401142	0.112216	0.689883
7487	-0.479131	-0.384772	1.26699
7489	-0.681364	0.00150276	0.737582
7494	-0.8012	-0.351051	1.28618
7504	-0.517631	-0.328171	1.15627
7519	-0.371394	-0.327527	1.26271
7525	-0.563922	-0.288033	1.24346
7528	-0.576969	-0.296867	1.29804
7540	-0.690222	-0.120997	0.942808
7543	-0.130997	-0.0715199	1.24475
7559	-0.930919	-0.470978	1.53472
7565	-0.568896	-0.0696175	0.946072
7576	-0.455105	-0.397318	1.52035
7579	-0.439515	0.0401331	0.78594
7580	-0.819379	-0.413497	1.34566
7581	-0.788187	-0.384625	1.33513
7588	-0.503261	-0.075041	0.991525
7606	-0.135046	-0.049395	1.20596
7622	-0.361211	-0.00267437	0.825219
7644	-0.52229	-0.0736824	1.03577
7664	-0.567925	-0.224388	1.27669
7665	-0.518699	-0.0860011	1.05945
7671	-0.491415	-0.0427294	0.970651
7792	0.376663	0.414688	0.636852
7793	0.658408	0.147989	0.966573
7799	0.375167	0.455096	0.698559
7832	-0.137522	-0.0525375	1.15011
7837	0.83041	0.355988	0.99057
7858	0.0039795	-0.149047	1.30469
7884	0.477038	0.216897	0.922163
7895	0.136078	-0.140919	1.29639
7904	0.0991559	-0.0886182	1.24022
7906	0.0421414	-0.130231	1.16069
7908	0.485574	0.0474436	1.17681
7911	0.236113	0.157968	0.884056
7915	-0.0181182	-0.131709	1.35737
7921	0.268921	-0.0954954	1.28783
7923	0.13819	0.224033	0.711457
7926	0.562309	0.0712468	1.37292
7930	-0.00315371	-0.152373	1.28662
7937	0.143517	-0.102382	1.20318
7957	0.703583	0.304502	0.873552
7974	-0.0200437	0.14569	1.36863
7979	0.690002	0.295387	0.865403
7985	0.35622	0.168108	0.907836
7987	0.40576	0.18174	0.919982
7991	0.430825	0.314915	0.764874
8022	0.656368	0.0216537	1.31613
8031	0.927807	0.535118	0.708439
8037	1.347	0.048007	1.06964
8041	0.451447	-0.107135	1.13352
8042	0.613612	-0.0477485	1.21857
8048	0.46844	0.198237	0.922321
8051	1.15905	0.496411	0.725254
8055	0.684163	0.456968	0.706377
8057	0.524022	0.0871049	1.21845
8058	1.2168	0.297885	0.94006
8061	1.56798	0.324064	1.12803
8062	0.545125	0.2878	0.803687
8067	0.54065	0.0997954	1.23975
8068	0.539052	0.0973478	1.30352
8069	0.468137	0.198786	0.933147
8074	0.669502	0.463436	0.750515
8077	0.677724	0.371115	0.806855
8082	0.563445	0.32895	0.822022
8083	0.677174	0.153017	0.954534
8093	0.56979	0.277217	0.883993
8096	0.370539	0.067571	1.21454
8100	0.565468	0.295241	0.823605
8109	0.314635	-0.0531475	1.36254
8110	0.48313	0.0279808	1.25079
8136	0.516175	0.268978	0.855276
8141	0.222797	-0.0789975	1.21774
8152	0.616204	0.153735	1.0191
8156	0.503592	0.351397	0.760025
8160	0.679584	0.357034	0.812162
8174	0.497303	0.275744	0.805944
8190	0.35389	0.167929	0.924595
8208	0.445632	0.242143	0.858825
8210	1.27737	0.555202	0.86362
8220	0.611551	0.236219	0.920001
8222	0.499571	-0.0867548	1.20335
8248	1.0774	0.309136	0.953963
8249	1.49332	0.0529622	1.17154
8258	0.498562	-0.0804287	1.17086
8286	0.704404	0.15956	1.07496
8290	0.67822	0.447614	0.699154
8301	0.599689	0.310533	0.847965
8312	0.514293	0.285753	0.833813
8345	1.135	0.481587	0.705687
8362	1.23144	0.683626	0.506067
8380	0.704875	0.0917184	1.13009
8402	1.20373	0.389247	0.882839
8406	1.06104	0.305021	0.926213
8407	1.77593	0.513995	1.2117
8450	0.580603	0.105574	1.17193
8459	1.14628	0.484874	0.913319
8470	0.554771	0.489344	0.691364
8485	0.445268	0.319219	0.757043
8486	0.368258	0.171298	0.919257
8526	1.18737	0.492977	0.720447
8552	1.19551	0.656071	0.473855
8555	1.87766	0.199233	1.0599
8572	1.32066	0.604135	0.717713
8587	1.78884	0.338553	0.917458
8597	1.6398	0.597664	0.810543
8601	1.50142	0.690955	0.551845
8602	1.8448	0.537287	0.858433
8603	0.539624	0.460395	0.65641
8610	1.34222	0.770693	0.606498
8619	0.565481	0.318812	0.754932
8626	1.31391	0.572739	0.804112
8639	1.58076	0.592972	0.727838
8660	1.44457	0.147733	1.05188
8675	1.51761	0.418143	1.1136
8677	1.45387	0.335189	0.992564
8679	0.839159	0.230967	0.950988
8683	1.80314	0.107788	1.13413
8685	1.10212	0.34316	0.697257
8708	1.33042	0.667572	0.436791
8709	1.20032	0.749106	0.416122
8710	1.16585	0.701705	0.479576
8716	1.06013	0.434288	0.881733
8729	1.55366	0.518347	0.886988
8769	1.29685	0.425288	0.920476
8774	1.00592	0.114686	1.00264
8777	1.35604	0.112564	1.38848
8736	1.82354	0.53462	0.832018
8790	1.63575	0.613086	0.772316
8817	0.85442	0.682792	0.436762
8825	0.812412	0.655414	0.404594
8837	1.2536	0.642097	0.51533
8838	0.663416	0.246084	0.862433
8839	0.778148	0.566335	0.293623
8842	1.49167	0.495517	0.816277
8848	0.882277	0.744486	0.524152
8849	1.77347	0.677473	0.837854
8850	0.681142	0.459307	0.656954
8855	0.840862	0.663321	0.420754
8856	1.35688	0.682955	0.459892
8861	1.72761	0.180942	0.980838
8867	1.10745	0.317276	1.03686
8868	2.148	0.166317	1.09169
8876	1.13489	0.501129	0.883623
8880	1.47463	0.623742	0.594625
8891	1.03877	0.588104	0.625182
8892	1.48982	0.704977	0.452857
8899	1.70598	0.582729	0.641063
8901	1.88446	0.4223	0.666869
8902	1.58443	0.762803	0.525042
8904	1.63145	0.694364	0.625097
8905	1.16561	0.581699	0.608118
8907	1.6192	0.212048	1.16653
8908	1.19668	0.745826	0.404011
8910	1.26189	0.352962	0.94138
8911	1.752	0.69364	0.6368
8913	1.76144	0.492363	0.628081
8918	1.0587	0.407958	0.912778
8942	1.14309	0.334329	0.900727
8944	1.73091	0.600502	0.712997
8946	1.34371	0.673757	0.44474
8947	1.52886	0.592513	0.714405
8948	1.82962	0.563586	0.703689
8954	0.773372	0.325253	0.858916
8962	0.60403	0.234079	0.914069
8967	1.82175	0.609645	0.516668
8989	1.2951	0.620919	0.30793
8990	1.17074	0.717494	0.379037
8996	1.73987	0.533688	0.86359
9001	0.813238	0.194131	0.952259
9016	1.04766	0.522618	0.795164
9018	1.77036	0.147538	1.14797
9022	1.6856	0.339274	1.12959
9024	1.47492	0.623588	0.809106
9028	1.67518	0.681985	0.736104
9035	1.38365	0.540911	0.88817
9036	0.649707	0.46614	0.711162
9037	0.968273	0.13938	1.01807
9045	1.65289	0.214155	1.20934
9047	1.61573	0.33238	0.948329
9054	1.48412	0.130338	1.12174
9059	1.74805	0.607591	0.666172
9062	1.65831	0.209348	1.15814
9070	1.78835	0.233632	0.843491
9072	0.99816	0.265478	0.943416
9075	1.62695	0.581514	0.662618
9079	1.76206	0.61327	0.735247
9082	1.71592	0.321768	0.801442
9085	1.78194	0.56467	0.708849
9087	1.07882	0.619104	0.687156
9088	1.72988	0.528839	0.85555
9089	1.70551	0.154722	1.2396
9090	1.63705	0.519913	0.786383
9098	1.87106	0.520439	0.699348
9099	0.842205	0.199389	1.13537
9102	1.81844	0.55946	0.688155
9117	1.19683	0.595314	0.651784
9118	1.71832	0.585672	0.652994
9120	0.982147	0.259187	0.922097
9130	1.76819	0.252019	1.03146
9134	1.43364	0.430542	1.07482
9138	1.44435	0.601054	0.776328
9149	1.37325	0.419725	0.92154
9154	1.30651	0.677789	0.409647
9156	1.94193	0.0987585	1.2916
9157	1.3738	0.537044	0.874978
9161	1.76179	0.490939	0.626574
9162	1.3612	0.594938	0.865202
9168	1.71547	0.582778	0.648155
9169	1.08791	0.570792	0.612792
9184	0.823103	0.357582	1.02277
9185	1.4927	0.426253	0.918452
9193	0.886837	0.6115	0.581812
9194	0.886218	0.592035	0.567844
9203	0.845287	0.665219	0.407836
9206	1.84767	0.385853	0.607014
9224	1.62818	0.184261	1.19322
9230	1.47761	0.129885	1.13147
9239	1.68306	0.669659	0.477631
9254	1.65301	0.215872	1.21311
9256	1.61548	0.640905	0.436264
9261	1.39382	0.716238	0.624463
9262	0.664281	0.417522	0.723802
9272	0.807067	0.638441	0.387144
9286	0.881587	0.603083	0.545656
9304	0.707689	0.314681	0.928583
9306	1.70234	0.656688	0.489413
9308	1.62817	0.484675	1.02008
9314	0.811385	0.699053	0.485173
9319	1.93751	0.429967	0.695235
9324	0.893127	0.554914	0.654115
9331	1.70099	0.226874	1.27756
9333	1.27737	0.633742	0.398728
9335	1.77605	0.293832	0.845873
9352	1.548	0.127328	1.2178
9353	0.702855	0.314147	0.907689
9357	1.83332	0.582518	0.74054
9363	1.32485	0.41496	0.966461
9378	0.835184	0.347996	0.939026
9381	1.73827	0.221337	1.29923
9386	1.74399	0.281708	0.803641
9390	0.608802	0.323392	0.740186
9412	1.0627	0.580181	0.675049
9413	1.76831	0.383893	0.903056
9415	1.10504	0.448494	0.603534
9434	1.50153	0.500396	0.831451
9456	1.24214	0.691496	0.475556
9457	0.819953	0.661172	0.407252
9458	1.65458	0.351415	0.845236
9461	0.905421	0.567851	0.675661
9465	1.00423	0.414898	0.824696
9467	1.69424	0.371911	0.831418
9478	0.690273	0.451296	0.739876
9480	0.817462	0.65678	0.403335
9487	1.1608	0.265556	0.886477
9495	1.42966	0.38836	1.11568
9504	0.809407	0.641194	0.381021
9510	1.27629	0.408104	0.997735
9511	0.980094	0.617084	0.577505
9517	1.03773	0.602172	0.640812
9519	0.831085	0.650089	0.399108
9520	0.845239	0.670934	0.426354
9530	0.549725	0.50288	0.57989
9531	1.64869	0.607626	0.822383
9532	1.0002	0.627275	0.594758
9534	0.669587	0.441049	0.7124
9535	0.669288	0.438198	0.701467
9543	1.42106	0.583665	0.944157
9544	0.972526	0.578475	0.781692
9545	1.00331	0.406219	0.905981
9546	1.08182	0.451293	0.845937
9548	0.387889	0.40537	0.641801
9552	0.581616	0.0742536	1.21725
9554	0.725413	0.345768	0.89339
9557	0.707267	0.331586	0.865363
9570	0.654007	0.412937	0.686864
9571	0.679357	0.431581	0.720818
9573	0.897421	0.594643	0.579654
9576	1.12904	0.601634	0.649978
9579	0.708766	0.313447	0.933996
9580	0.796818	0.640212	0.384923
9581	1.23064	0.395945	0.924135
9582	0.665671	0.434514	0.6627
9583	1.26435	0.503421	1.21235
9584	1.11097	0.448847	1.00284
9585	0.664124	0.432732	0.65706
9586	0.681002	0.448007	0.715415
9587	0.691592	0.458225	0.753128
9588	1.02154	0.278549	0.966584
9589	0.745171	0.564106	0.312498
9591	1.44119	0.407441	1.06973
9592	0.835656	0.504061	0.580105
9594	0.756794	0.576889	0.328652
9596	1.0681	0.584019	0.669685
9597	0.715202	0.297492	0.927225
9598	1.08527	0.43991	0.959873
9599	1.76679	0.3523	1.21158
9600	0.908905	0.528284	0.684663
9601	0.444737	0.188662	1.03296
9603	0.90607	0.552099	0.670949
9604	0.817696	0.649607	0.391298
9605	0.680122	0.512984	0.261214
9606	0.759464	0.579319	0.332272
9607	0.710743	0.372187	0.918119
9608	1.15109	0.527773	0.642089
9609	0.861422	0.529831	0.671232
9610	0.8419	0.514891	0.634504
9611	0.89711	0.555472	0.7379
9612	0.711327	0.47385	0.831392
9614	0.874423	0.581062	0.551926
9615	0.774084	0.32178	0.90434
9616	1.09661	0.549782	0.552399
9618	1.40498	0.394624	1.02158
9619	1.70377	0.534526	0.974987
9621	0.75902	0.518099	1.00016
9622	0.701571	0.470297	0.802375
9623	0.793308	0.618668	0.379684
9624	0.646291	0.748465	1.16662
9625	0.782398	0.621401	0.368627
9626	1.10374	0.662249	1.02305
9627	0.61914	0.738338	1.03186
9628	0.810026	0.644989	0.388021
9633	0.780929	0.330677	0.911106
9634	1.41141	0.391927	0.98243
9636	0.537114	0.461704	0.577664
9637	0.556449	0.555539	0.742319
9641	0.901958	0.526566	0.662842
9643	1.04932	0.273656	1.0518
9648	1.24223	0.310887	0.882482
9651	0.717637	0.342344	0.923746
9652	1.31601	0.364677	0.965351
9655	0.741594	0.521073	0.796299
9656	0.574831	0.349205	0.511748
98	0.465781	0.253355	0.86883
99	-0.0585903	0.162203	0.799721
102	-0.221523	0.124761	0.826188
104	0.634278	0.130904	1.2774
105	0.0432925	0.121282	0.893924
106	0.105475	0.142871	0.798737
108	0.345179	0.188728	0.885322
109	0.546167	0.107755	1.19533
111	-0.309201	0.0948997	0.657189
113	0.373896	-0.235892	1.22112
114	-0.874339	-0.707212	1.91263
115	-0.803453	-0.564542	1.46987
117	-0.24732	-0.273006	1.47065
118	-0.349116	-0.250282	1.33686
119	-0.472658	-0.0628353	0.97415
120	-0.888439	-0.556664	1.70863
124	-0.403442	-0.27732	1.09301
126	0.32107	-0.153976	1.23695
128	0.137129	-0.112803	1.26965
129	0.00811012	-0.117126	1.2669
131	0.240461	-0.0615335	1.27999
133	0.0868757	-0.542855	1.38413
134	-0.0785992	0.131837	0.839161
136	0.50954	0.23447	0.865431
139	0.441207	0.320954	0.769629
142	0.0709059	0.214578	0.747854
144	0.700177	0.113131	1.30812
146	0.632169	0.0513218	1.2619
147	0.663268	0.0525191	1.27196
149	0.562255	0.196285	1.00341
151	0.160638	0.177051	0.860933
152	0.256727	0.188001	0.851371
153	0.207301	0.177172	0.851922
154	0.234483	0.157272	0.87362
156	0.287644	0.177129	0.906687
158	0.671763	0.00923292	1.27511
159	0.587193	0.0437459	0.999697
160	0.512825	0.0965354	1.25163
161	0.136835	0.208084	0.79136
163	0.212153	0.198618	0.804643
166	0.365111	0.220682	0.862049
167	0.339809	0.210015	0.849706
168	-0.294484	0.127804	0.77745
170	-0.345251	0.0997238	0.650217
171	-0.361229	-0.000240264	0.842903
172	-0.258528	0.049439	0.799605
174	-0.405111	0.0612597	0.749487
175	-0.410493	0.0673863	0.786106
176	-0.16232	0.136326	0.805268
177	-0.210899	0.0582734	0.903456
178	0.253345	-0.0504211	1.26775
180	0.338414	-0.0728272	1.28549
181	-0.463323	-0.333564	1.19536
184	-1.22925	-0.918059	2.22378
185	-0.914459	-0.569232	1.62072
186	-0.219855	-0.455591	1.33738
190	-0.483218	-0.07117	0.962852
192	-0.528253	-0.0229713	1.00794
193	-0.483451	-0.0480427	0.973956
194	-0.326388	-0.273397	1.28038
195	-0.215449	-0.269599	1.42077
197	-0.320023	-0.627491	1.4528
198	-0.208086	-0.368387	1.33566
199	-0.373994	-0.323751	1.23353
200	-0.613819	-0.754382	1.71127
201	-0.558039	-0.286104	1.21026
202	0.546908	-0.0709818	1.25823
203	-0.110065	0.148516	0.798672
205	-0.288611	0.0215232	0.863306
207	0.378352	0.295807	0.744624
210	0.540668	0.0580465	1.23118
212	-0.177112	-0.335921	1.40297
213	-0.549794	-0.188747	1.20726
