13	0.0116904	-0.00630762	-0.00324562	0.999907	-0.0666272	0.0427995	0.00350404
14	0.0143244	-0.00830223	-0.00322182	0.999858	-0.0770789	0.0489585	0.00272957
15	0.0202068	-0.0104269	-0.00202234	0.999739	-0.0830873	0.0574694	-0.000313152
16	0.0233329	-0.0104632	-0.00205257	0.999671	-0.087483	0.0630628	-0.00111354
17	0.0355347	-0.0123987	0.000189545	0.999292	-0.0999245	0.0794438	-0.004762
18	0.041381	-0.0131946	0.000509194	0.999056	-0.107316	0.0895796	-0.00510772
19	0.0439672	-0.0133876	0.000543938	0.998943	-0.111847	0.091813	-0.00686263
20	0.047262	-0.0140189	0.000334262	0.998784	-0.114785	0.0978079	-0.0088561
21	0.04948	-0.012793	-0.00075252	0.998693	-0.121007	0.101	-0.0081735
22	0.0530539	-0.0126639	-0.000845288	0.998511	-0.124343	0.104692	-0.00944455
23	0.0569274	-0.0124188	-0.00167244	0.9983	-0.127705	0.10731	-0.0104362
24	0.0624118	-0.0121825	-0.00213864	0.997974	-0.132154	0.11145	-0.0147954
25	0.0668302	-0.0133976	-0.0021637	0.997672	-0.133788	0.117145	-0.0176971
26	0.0712207	-0.0119115	-0.00292502	0.997385	-0.141744	0.123337	-0.0212526
27	0.0756988	-0.0125761	-0.00281296	0.997047	-0.143715	0.126459	-0.0244666
28	0.0820292	-0.0136464	-0.00226855	0.996534	-0.144407	0.131278	-0.0293003
29	0.0863878	-0.0134272	-0.00174408	0.99617	-0.14608	0.136258	-0.0329466
30	0.0890131	-0.0124242	-0.000962699	0.995952	-0.148669	0.13915	-0.0339927
31	0.0941304	-0.0116899	-0.000597672	0.995491	-0.150701	0.142946	-0.0360149
32	0.100513	-0.012942	0.000683801	0.994851	-0.149139	0.148891	-0.0397268
33	0.103944	-0.0127289	-8.01086e-05	0.994502	-0.151365	0.155032	-0.0414106
34	0.110132	-0.0102089	-0.000695787	0.993864	-0.157693	0.167117	-0.0433794
35	0.112338	-0.0103387	-0.000357296	0.993616	-0.15866	0.170611	-0.0422745
36	0.115283	-0.0102028	-0.000253938	0.99328	-0.159236	0.176604	-0.0409318
37	0.117296	-0.0100834	4.19529e-05	0.993046	-0.159029	0.182136	-0.039083
38	0.11857	-0.00933369	0.000320855	0.992902	-0.160577	0.184824	-0.0370162
39	0.121238	-0.0095113	0.000688379	0.992578	-0.160482	0.190002	-0.0367479
40	0.123031	-0.00935673	0.000986898	0.992358	-0.160311	0.194017	-0.0346764
41	0.124194	-0.00838226	0.000650718	0.992222	-0.162391	0.194943	-0.0333059
42	0.128177	-0.00773538	0.000592116	0.991721	-0.163645	0.201221	-0.0335544
43	0.130765	-0.00745312	0.000961469	0.991385	-0.16415	0.201652	-0.0332528
44	0.134449	-0.00693048	0.00109197	0.990896	-0.166234	0.202784	-0.0343886
45	0.138829	-0.00773732	0.00260369	0.990283	-0.165529	0.201532	-0.0364539
46	0.144621	-0.00741253	0.00306265	0.989455	-0.167267	0.205997	-0.0377827
47	0.148157	-0.00557154	0.00283756	0.988944	-0.173038	0.209895	-0.0388627
48	0.151124	-0.00634153	0.00385413	0.988487	-0.173321	0.2121	-0.0381637
49	0.154741	-0.00682725	0.00448825	0.987921	-0.174735	0.214154	-0.037585
50	0.159087	-0.00696332	0.00495153	0.987228	-0.176507	0.218571	-0.0370058
51	0.161248	-0.00605303	0.00510819	0.986882	-0.179658	0.222509	-0.0341646
52	0.163838	-0.00544322	0.00517457	0.986459	-0.181662	0.22557	-0.0314101
53	0.167061	-0.00517767	0.00572918	0.985916	-0.183351	0.228995	-0.0286139
54	0.170574	-0.00482665	0.00631581	0.985313	-0.18526	0.231128	-0.0273905
55	0.173204	-0.00484587	0.00674273	0.984851	-0.186996	0.234304	-0.0244927
56	0.175773	-0.00454354	0.00751378	0.984392	-0.189506	0.237493	-0.0208274
57	0.178636	-0.00499963	0.0090662	0.983861	-0.191205	0.240504	-0.0179609
58	0.180892	-0.00498198	0.0099654	0.98344	-0.193866	0.244224	-0.0147508
59	0.182142	-0.00455985	0.010923	0.983201	-0.195919	0.247645	-0.00818395
60	0.183857	-0.00342904	0.0117832	0.982876	-0.199172	0.248501	-0.00387556
61	0.187674	-0.00314746	0.0134916	0.982134	-0.200447	0.250195	-0.00121652
62	0.19105	-0.00217825	0.0143096	0.981474	-0.204085	0.251074	-0.000376802
63	0.195491	-0.00161838	0.0145197	0.980597	-0.206748	0.254466	-1.12134e-05
64	0.198719	-0.00106482	0.0149379	0.979942	-0.209539	0.256888	0.000651206
65	0.20332	-0.000698309	0.0154737	0.97899	-0.21261	0.259754	0.00238667
66	0.208137	-0.000791569	0.0159558	0.977969	-0.214603	0.2632	0.00198739
67	0.211497	-0.000128818	0.0164584	0.97724	-0.217943	0.267594	0.00447905
68	0.216206	-0.000410321	0.0173395	0.976194	-0.221069	0.270789	0.00370078
69	0.220822	-0.0016797	0.017745	0.975151	-0.223592	0.275544	0.0017876
70	0.224835	-0.0031315	0.0188633	0.974209	-0.224925	0.276947	0.000849254
71	0.231453	-0.00350973	0.0204468	0.972625	-0.22699	0.279894	-0.00436179
72	0.235945	-0.00315706	0.0211614	0.971531	-0.23022	0.283154	-0.00517667
73	0.241093	-0.00316423	0.0220281	0.970247	-0.233155	0.284892	-0.00786817
74	0.244541	-0.00269155	0.0223478	0.969378	-0.23715	0.289829	-0.00967699
75	0.246444	-0.00195378	0.0226431	0.968891	-0.241341	0.291035	-0.00972871
76	0.250347	-0.00100503	0.0226506	0.967891	-0.245148	0.294164	-0.0106064
77	0.251928	0.00102669	0.0208319	0.967521	-0.252166	0.297081	-0.0119873
78	0.254489	0.00125172	0.0207403	0.966852	-0.255882	0.300963	-0.012546
79	0.257029	0.00196457	0.0201808	0.966191	-0.259862	0.30696	-0.0123791
80	0.258629	0.00205796	0.0202661	0.965762	-0.262897	0.310536	-0.0120259
81	0.260896	0.00190733	0.0198518	0.965161	-0.267224	0.31476	-0.0133943
82	0.262447	0.00110101	0.019643	0.964746	-0.269259	0.317634	-0.0133892
83	0.265152	0.000558011	0.0198808	0.964002	-0.271521	0.320603	-0.0146634
84	0.267209	5.5415e-05	0.0195648	0.96344	-0.274341	0.323754	-0.0164848
85	0.268949	-0.000450261	0.0193672	0.962959	-0.277345	0.32468	-0.0169148
86	0.271971	-0.00145682	0.0193267	0.96211	-0.280025	0.326086	-0.0200509
87	0.274777	-0.00221965	0.0191905	0.961314	-0.283102	0.327651	-0.0225727
88	0.276807	-0.00239908	0.0190552	0.960734	-0.286982	0.330365	-0.0233683
89	0.27946	-0.00258886	0.0195569	0.959955	-0.290422	0.331287	-0.0248821
90	0.283042	-0.00216181	0.0190478	0.958916	-0.295969	0.335804	-0.0275569
91	0.285889	-0.00315748	0.0196404	0.958056	-0.297112	0.336967	-0.0276802
92	0.28967	-0.00315962	0.0202815	0.956907	-0.298964	0.341099	-0.029396
93	0.289996	-0.00251248	0.0204946	0.956805	-0.302023	0.344236	-0.0251021
94	0.29381	-0.00278579	0.0217493	0.955612	-0.302169	0.344384	-0.0253405
95	0.298629	-0.00189713	0.0224401	0.954104	-0.302311	0.347946	-0.0247401
96	0.30123	-0.000828017	0.0226431	0.953282	-0.303257	0.349247	-0.0233463
97	0.305187	0.000297003	0.0226771	0.952022	-0.30403	0.350568	-0.0215693
98	0.307852	0.00158599	0.0235519	0.951142	-0.304333	0.351554	-0.0201275
99	0.310746	0.00282682	0.0233106	0.950203	-0.305844	0.354395	-0.0193566
100	0.312569	0.00399461	0.0233871	0.949599	-0.307541	0.355269	-0.018876
101	0.31551	0.00413621	0.0233265	0.948626	-0.308104	0.354274	-0.0190288
102	0.319565	0.00356767	0.0238164	0.947258	-0.30863	0.353832	-0.0228375
103	0.322859	0.0033802	0.0237478	0.946143	-0.309973	0.355089	-0.0257341
104	0.324625	0.0037553	0.0239635	0.945532	-0.312136	0.355565	-0.0259643
105	0.328088	0.0036189	0.0237286	0.944342	-0.313639	0.357315	-0.0274843
106	0.331126	0.00347067	0.0234835	0.943288	-0.314849	0.359102	-0.0295265
107	0.33386	0.00418634	0.0236823	0.942316	-0.317619	0.361786	-0.0308009
108	0.336877	0.00500148	0.0231347	0.941251	-0.320574	0.365943	-0.0323301
109	0.339269	0.0053351	0.0227758	0.940399	-0.321517	0.369129	-0.0298961
110	0.342754	0.00570135	0.0229438	0.939128	-0.322797	0.37192	-0.0339747
111	0.344239	0.00632379	0.0226641	0.938587	-0.324173	0.377423	-0.0320513
112	0.345883	0.00669089	0.0225459	0.937983	-0.325197	0.380987	-0.0311935
113	0.349747	0.00716231	0.0225198	0.936546	-0.326702	0.38585	-0.0334509
114	0.351751	0.00741876	0.0216871	0.935813	-0.327796	0.391769	-0.0330727
115	0.353907	0.00732065	0.0212879	0.93501	-0.327999	0.398815	-0.0312134
116	0.355199	0.00802907	0.0204256	0.934533	-0.32947	0.404349	-0.0288114
117	0.356849	0.0087186	0.0207744	0.933891	-0.33009	0.407861	-0.0268797
118	0.359033	0.00984382	0.0209175	0.933038	-0.33207	0.413216	-0.0248073
119	0.358806	0.010545	0.0212372	0.933111	-0.333132	0.41748	-0.0192278
120	0.36235	0.0103337	0.0218699	0.931728	-0.333335	0.419805	-0.0188305
121	0.365255	0.00974128	0.0226935	0.93058	-0.333978	0.423399	-0.0194546
122	0.366513	0.00905562	0.0232707	0.930078	-0.334196	0.426443	-0.0173117
123	0.368755	0.00881592	0.0237193	0.929182	-0.335022	0.429445	-0.0154396
124	0.370447	0.00853832	0.0240902	0.928502	-0.336451	0.431811	-0.0142202
125	0.371249	0.00778015	0.0242969	0.928183	-0.336544	0.435432	-0.0101928
126	0.372259	0.00706261	0.0247986	0.927771	-0.336944	0.437067	-0.00493008
127	0.375138	0.00655085	0.0251881	0.926604	-0.338293	0.437293	-0.00622286
128	0.377033	0.00651023	0.0244766	0.925854	-0.33884	0.440451	-0.00412162
129	0.377574	0.00662843	0.023927	0.925646	-0.340441	0.442811	-0.00182739
130	0.379223	0.00690936	0.0237588	0.924975	-0.342199	0.447022	-0.000914677
131	0.379045	0.00748057	0.0234811	0.92505	-0.344436	0.452207	0.00297375
132	0.379512	0.00801773	0.0235383	0.924853	-0.345618	0.456397	0.00649849
133	0.379827	0.00884561	0.0233818	0.92472	-0.347352	0.460461	0.00685613
134	0.380904	0.00955452	0.0238812	0.924257	-0.347961	0.464489	0.00975743
135	0.382647	0.00940054	0.0242661	0.923528	-0.347894	0.466685	0.00807978
136	0.383543	0.0094751	0.0240253	0.923162	-0.34744	0.469718	0.00859404
137	0.38273	0.01027	0.0231117	0.923514	-0.347906	0.472738	0.012368
138	0.383521	0.0103367	0.0236412	0.923172	-0.346821	0.474871	0.0153418
139	0.38443	0.0102036	0.0238264	0.92279	-0.346342	0.477256	0.01526
140	0.384448	0.0109597	0.0238998	0.922772	-0.347318	0.480137	0.0178777
141	0.384645	0.0118688	0.0238107	0.922681	-0.348932	0.483035	0.0210261
142	0.384653	0.0129776	0.0238807	0.922661	-0.350973	0.485395	0.0244105
143	0.384643	0.0138754	0.024258	0.922642	-0.352791	0.486958	0.0277662
144	0.38535	0.0149924	0.0247542	0.922317	-0.354234	0.489324	0.030458
145	0.385188	0.0161928	0.0253147	0.922349	-0.355898	0.491811	0.0329659
146	0.385821	0.0167346	0.0257347	0.922063	-0.356479	0.492811	0.0359755
147	0.386976	0.0178875	0.0258371	0.921554	-0.358536	0.496238	0.0383604
148	0.385867	0.0192374	0.0256151	0.921998	-0.361655	0.499953	0.0442727
149	0.386516	0.0200016	0.0251733	0.921722	-0.363021	0.50366	0.0491257
150	0.386136	0.0201394	0.0239068	0.921912	-0.365662	0.508992	0.0527351
151	0.38554	0.0203894	0.0228811	0.922182	-0.368264	0.513847	0.0580666
152	0.385979	0.0204788	0.022208	0.922013	-0.370092	0.518413	0.0615323
153	0.385845	0.0207822	0.0218509	0.92207	-0.372003	0.522312	0.0646929
154	0.38634	0.0213268	0.0221028	0.921845	-0.372922	0.52568	0.0688906
155	0.38594	0.0214315	0.0224653	0.922001	-0.373734	0.527728	0.0718373
156	0.386705	0.0213741	0.0232	0.921664	-0.374152	0.53002	0.0728037
157	0.384759	0.0203927	0.0237192	0.922487	-0.365906	0.520362	0.0754777
158	0.384282	0.0200201	0.0242976	0.922679	-0.366185	0.522182	0.0795867
159	0.384202	0.0197023	0.0250976	0.922697	-0.366554	0.524533	0.0808684
160	0.383699	0.0193364	0.0255167	0.922903	-0.366923	0.527012	0.08429
161	0.383647	0.0185708	0.0267849	0.922905	-0.366303	0.529627	0.0851813
162	0.38312	0.0183815	0.0274112	0.923109	-0.366603	0.533004	0.0879862
163	0.381856	0.0183443	0.027543	0.923629	-0.367568	0.536881	0.0912965
164	0.381704	0.0183311	0.0277111	0.923687	-0.370383	0.543499	0.0950801
165	0.380636	0.0169117	0.0280684	0.924144	-0.36941	0.547834	0.0967581
166	0.379224	0.0157764	0.0283957	0.924734	-0.367506	0.551329	0.104461
167	0.378588	0.0155371	0.0284356	0.924998	-0.366808	0.554163	0.106554
168	0.378564	0.0159325	0.0285499	0.924997	-0.367517	0.557106	0.110709
169	0.379531	0.0156759	0.0283745	0.924611	-0.367905	0.559249	0.111196
170	0.379708	0.0156165	0.0288822	0.924523	-0.368694	0.560666	0.11341
171	0.38195	0.0162521	0.0288788	0.923589	-0.373416	0.566126	0.112187
172	0.382348	0.0166624	0.0291791	0.923407	-0.375916	0.567793	0.115039
173	0.381907	0.0164787	0.0300035	0.923567	-0.376816	0.568118	0.117968
174	0.382711	0.0170336	0.0301988	0.923217	-0.378235	0.568646	0.120734
175	0.382007	0.0178412	0.0294683	0.923517	-0.38049	0.568941	0.123951
176	0.382241	0.0183229	0.0293433	0.923415	-0.381197	0.568681	0.125544
177	0.383093	0.0210701	0.0280016	0.923045	-0.390227	0.575038	0.123977
178	0.383465	0.0220816	0.0275665	0.92288	-0.392318	0.575779	0.123187
179	0.383962	0.023447	0.0263079	0.922676	-0.396268	0.577081	0.121649
180	0.383715	0.0235316	0.0254657	0.922801	-0.397165	0.577229	0.12197
181	0.384296	0.0241849	0.0249196	0.922557	-0.398878	0.577654	0.121085
182	0.385406	0.0243079	0.0247945	0.922094	-0.399104	0.578066	0.119225
183	0.387175	0.0245609	0.0246121	0.92135	-0.399378	0.57826	0.115455
184	0.390892	0.0270473	0.023628	0.919736	-0.411101	0.588384	0.106148
185	0.392335	0.0272274	0.0234135	0.919121	-0.411595	0.589124	0.102833
186	0.392125	0.027027	0.0235672	0.919213	-0.411009	0.589876	0.104115
187	0.39099	0.027403	0.0233612	0.91969	-0.41193	0.589729	0.106495
188	0.389516	0.0273065	0.02335	0.920319	-0.411828	0.589419	0.11024
189	0.388866	0.0272461	0.0233638	0.920595	-0.411857	0.58901	0.111298
190	0.388339	0.0271761	0.023333	0.92082	-0.411908	0.588768	0.112277
191	0.388147	0.0271844	0.0233362	0.920901	-0.411673	0.588796	0.113176
192	0.387836	0.0273269	0.0232639	0.921029	-0.412041	0.58864	0.113407
193	0.387393	0.0272053	0.0235175	0.921213	-0.411832	0.588558	0.113988
194	0.387335	0.0271369	0.0234912	0.92124	-0.411634	0.588726	0.114657
195	0.387449	0.0270473	0.0235286	0.921194	-0.411451	0.588668	0.11415
196	0.387474	0.0271489	0.0234109	0.921183	-0.411919	0.588745	0.113984
197	0.387438	0.0271114	0.0235601	0.921196	-0.411737	0.588547	0.113851
198	0.387829	0.0271351	0.0232901	0.921038	-0.411857	0.588518	0.113226
199	0.38787	0.0270553	0.0234099	0.92102	-0.411653	0.588535	0.112854
200	0.388077	0.0271998	0.0234375	0.920927	-0.412089	0.5884	0.11211
201	0.388542	0.0270202	0.0235823	0.920733	-0.411637	0.588602	0.110838
202	0.38834	0.0269891	0.0235805	0.920819	-0.411492	0.588452	0.111315
203	0.388402	0.027158	0.0233678	0.920793	-0.411944	0.588537	0.111575
204	0.388465	0.0269914	0.0235079	0.920768	-0.411521	0.588461	0.111706
205	0.388986	0.0271864	0.0234233	0.920544	-0.411843	0.588757	0.110587
206	0.389059	0.0272337	0.0232133	0.920518	-0.412071	0.588874	0.110494
207	0.389079	0.0270496	0.0233254	0.920512	-0.41161	0.58898	0.110512
208	0.389053	0.0271094	0.0233468	0.920521	-0.41166	0.589046	0.110782
209	0.388782	0.0271256	0.0235185	0.92063	-0.411688	0.588816	0.110859
210	0.388992	0.0271184	0.023388	0.920545	-0.411695	0.588811	0.110768
211	0.389278	0.0272044	0.0234961	0.920419	-0.411838	0.58889	0.109634
212	0.389728	0.0272951	0.023473	0.920226	-0.411949	0.589035	0.109397
213	0.390138	0.0274359	0.0232606	0.920054	-0.412161	0.58909	0.108316
214	0.390218	0.0272495	0.0234568	0.92002	-0.411657	0.589203	0.108568
215	0.390527	0.0267844	0.0232714	0.919907	-0.410868	0.58935	0.108101
216	0.389663	0.0267776	0.0233906	0.920271	-0.406821	0.589178	0.110022
217	0.389397	0.0260921	0.0223383	0.920429	-0.400431	0.58895	0.111548
218	0.388692	0.0253757	0.0218371	0.920759	-0.391355	0.588774	0.114165
219	0.387986	0.0258335	0.0217763	0.921046	-0.383456	0.587969	0.115521
220	0.387999	0.0269739	0.0225994	0.920988	-0.37566	0.587762	0.116042
221	0.388097	0.0283844	0.0232855	0.920887	-0.36846	0.587839	0.117242
222	0.387978	0.0286532	0.0238502	0.920914	-0.359856	0.587908	0.118262
223	0.388066	0.0287542	0.0240555	0.920869	-0.351349	0.588026	0.119153
224	0.388038	0.0289228	0.0238925	0.92088	-0.343616	0.587805	0.12024
225	0.388043	0.0291255	0.0241478	0.920864	-0.336084	0.58765	0.120351
226	0.387791	0.0294565	0.0242964	0.920956	-0.329228	0.587457	0.122215
227	0.392576	0.0318529	0.0237566	0.918861	-0.337263	0.614964	0.118777
228	0.393062	0.032804	0.0240423	0.918612	-0.330988	0.614843	0.117175
229	0.393696	0.0329785	0.0242644	0.918328	-0.323229	0.615762	0.117608
230	0.394018	0.0331251	0.0241706	0.918187	-0.315932	0.615709	0.117566
231	0.394281	0.0329623	0.0239854	0.918086	-0.30807	0.615378	0.116385
232	0.394999	0.0327011	0.0239946	0.917786	-0.300686	0.615663	0.115415
233	0.395479	0.0327206	0.0239803	0.917579	-0.293216	0.615718	0.1143
234	0.395857	0.0329787	0.0239149	0.917408	-0.286868	0.616368	0.114777
235	0.397727	0.0347872	0.0235107	0.916542	-0.285928	0.622604	0.111301
236	0.398239	0.0352403	0.023469	0.916304	-0.279511	0.622478	0.110272
237	0.398205	0.035532	0.0234949	0.916307	-0.273244	0.622684	0.110893
238	0.398296	0.0357786	0.0233582	0.916261	-0.266868	0.622552	0.111457
239	0.398557	0.0356841	0.0236375	0.916144	-0.259802	0.622857	0.111573
240	0.398855	0.0360845	0.0238993	0.915992	-0.253839	0.623123	0.112172
241	0.398779	0.036209	0.0240291	0.916017	-0.247757	0.622395	0.111922
242	0.399227	0.0367475	0.0237721	0.915807	-0.243754	0.622573	0.112279
243	0.399395	0.0365904	0.023595	0.915745	-0.237947	0.622354	0.11164
244	0.401818	0.0373457	0.0233227	0.91466	-0.236408	0.633563	0.109208
245	0.402019	0.0371399	0.0233968	0.914579	-0.230509	0.633665	0.109407
246	0.402109	0.037602	0.0232799	0.914523	-0.226036	0.633529	0.109738
247	0.402626	0.0379424	0.0234651	0.914277	-0.221236	0.634078	0.109213
248	0.402979	0.0376751	0.0235938	0.914129	-0.215812	0.634016	0.109207
249	0.403661	0.0378206	0.0233491	0.913828	-0.211508	0.633883	0.107923
250	0.404175	0.0376428	0.0234034	0.913607	-0.206308	0.633881	0.106862
251	0.404703	0.0376679	0.0232329	0.913377	-0.201227	0.634729	0.107194
252	0.406242	0.0380929	0.0227528	0.912687	-0.198183	0.641493	0.105135
253	0.406381	0.0380361	0.0225066	0.912634	-0.192212	0.641378	0.106069
254	0.406411	0.0379271	0.0224013	0.912628	-0.185918	0.640957	0.106897
255	0.407048	0.0381101	0.022575	0.912332	-0.180218	0.641505	0.1061
256	0.407717	0.0380871	0.0224162	0.912038	-0.174526	0.641997	0.105182
257	0.407859	0.0382522	0.0225539	0.911965	-0.169461	0.642348	0.104748
258	0.407852	0.038242	0.022311	0.911974	-0.164687	0.642788	0.104529
259	0.407508	0.0383524	0.0223734	0.912122	-0.160491	0.642567	0.105073
260	0.407532	0.0378583	0.0222072	0.912136	-0.154555	0.64269	0.105289
261	0.40752	0.0372918	0.021966	0.91217	-0.148632	0.643106	0.106238
262	0.407785	0.0371947	0.0225258	0.912042	-0.143475	0.645497	0.105259
263	0.407627	0.0375075	0.0222497	0.912107	-0.139413	0.645457	0.106667
264	0.407445	0.0374782	0.0221456	0.912191	-0.134839	0.645605	0.10776
265	0.407436	0.0373989	0.0222693	0.912196	-0.129621	0.645654	0.108236
266	0.40754	0.0374934	0.0220873	0.91215	-0.124695	0.645602	0.108641
267	0.407979	0.0372971	0.0219425	0.911965	-0.119888	0.645565	0.107983
268	0.408581	0.0370205	0.0218929	0.911708	-0.114254	0.646036	0.106577
269	0.409194	0.0368502	0.021672	0.911445	-0.108687	0.64681	0.106096
270	0.409376	0.0369668	0.0214144	0.911365	-0.103655	0.646864	0.105123
271	0.409599	0.0364132	0.0223551	0.911264	-0.095671	0.649288	0.106497
272	0.40894	0.0366912	0.0225402	0.911545	-0.0893144	0.648914	0.109202
273	0.408783	0.0375841	0.0229122	0.91157	-0.0838942	0.649209	0.111858
274	0.408755	0.0379169	0.0232933	0.911559	-0.0770639	0.649375	0.113933
275	0.40871	0.0384628	0.0234644	0.911552	-0.0708281	0.649345	0.115561
276	0.408849	0.0386163	0.0237464	0.911475	-0.0640585	0.649036	0.116646
277	0.409651	0.0389415	0.0237874	0.911101	-0.0584726	0.650139	0.116013
278	0.409553	0.03849	0.0234748	0.911172	-0.051488	0.650149	0.116516
279	0.409131	0.0382812	0.0234682	0.91137	-0.0455521	0.64939	0.116382
280	0.40907	0.0384322	0.0230823	0.911401	-0.0408499	0.649376	0.116591
281	0.40728	0.0370758	0.0246854	0.912217	-0.0317555	0.643462	0.119576
282	0.406584	0.0372866	0.0247602	0.912516	-0.0283126	0.64206	0.11955
283	0.407033	0.0373162	0.0250284	0.912308	-0.025388	0.642884	0.119372
284	0.407203	0.0373533	0.0248462	0.912235	-0.0227899	0.643149	0.119133
285	0.40701	0.0373428	0.0249234	0.91232	-0.0201647	0.642808	0.118563
286	0.407162	0.0374374	0.025023	0.912245	-0.0182323	0.643162	0.119141
287	0.407472	0.0375346	0.0254194	0.912092	-0.0169716	0.642855	0.118112
288	0.407911	0.0376354	0.0253633	0.911893	-0.0170931	0.642968	0.116809
289	0.407987	0.0377912	0.0251589	0.911858	-0.0176221	0.643051	0.117152
290	0.408221	0.0379572	0.0252222	0.911745	-0.0178754	0.643395	0.116889
291	0.408033	0.0370975	0.0256539	0.911852	-0.0151956	0.641743	0.116827
292	0.40783	0.0372983	0.0255485	0.911938	-0.0157177	0.641458	0.116775
293	0.407549	0.0372496	0.0256311	0.912063	-0.0154727	0.641755	0.117815
294	0.406638	0.0372625	0.0257542	0.912466	-0.0156994	0.641278	0.119523
295	0.405902	0.0372989	0.0258134	0.91279	-0.015631	0.641059	0.1211
296	0.405428	0.0374949	0.0255846	0.912999	-0.0162388	0.641096	0.122697
297	0.405195	0.0374224	0.0256899	0.913103	-0.0161776	0.640859	0.122925
298	0.405251	0.0372917	0.0256526	0.913084	-0.0158496	0.64093	0.122913
299	0.405163	0.0372241	0.0257173	0.913124	-0.0155645	0.640901	0.123288
300	0.404992	0.0372591	0.025728	0.913198	-0.0156482	0.640788	0.123349
301	0.404933	0.0373738	0.0258219	0.913217	-0.0157743	0.640715	0.123372
302	0.404974	0.0371661	0.0258748	0.913206	-0.0153296	0.640762	0.123501
303	0.405132	0.0371534	0.0257957	0.913139	-0.0153097	0.640868	0.12343
304	0.405177	0.0373128	0.0258024	0.913112	-0.0155665	0.641098	0.123332
305	0.404869	0.0374211	0.025818	0.913244	-0.0157892	0.640856	0.123855
306	0.404934	0.0373074	0.0258305	0.913219	-0.0155455	0.640887	0.123896
307	0.404918	0.0372878	0.0256959	0.913231	-0.0156955	0.640641	0.123521
308	0.40506	0.0372694	0.0258039	0.913166	-0.015551	0.640766	0.12348
309	0.405135	0.0372936	0.0257457	0.913133	-0.0156649	0.640655	0.123083
310	0.405197	0.0370822	0.0258991	0.91311	-0.0151308	0.640894	0.123248
311	0.405367	0.0372264	0.0258851	0.913029	-0.0153456	0.640607	0.122557
312	0.405876	0.0373174	0.0258642	0.9128	-0.0155823	0.640824	0.121306
313	0.406402	0.0373837	0.0258349	0.912564	-0.015716	0.641494	0.120895
314	0.406407	0.0374717	0.0257564	0.91256	-0.0159557	0.640934	0.120049
315	0.406828	0.0373928	0.0258046	0.912374	-0.0157177	0.641185	0.119265
316	0.406972	0.0374079	0.0256955	0.912312	-0.0158223	0.641303	0.118812
317	0.406816	0.0375725	0.0255447	0.91238	-0.0162253	0.641295	0.119451
318	0.406944	0.037413	0.0256844	0.912325	-0.015782	0.641098	0.119058
319	0.407365	0.037432	0.0256191	0.912138	-0.0157163	0.641398	0.118102
320	0.407582	0.0376272	0.025445	0.912038	-0.0163584	0.641158	0.117057
321	0.407777	0.037405	0.0257061	0.911953	-0.0157109	0.641292	0.116621
322	0.407691	0.0376532	0.0254968	0.911987	-0.0164027	0.641398	0.117046
323	0.407774	0.0374331	0.0257184	0.911953	-0.0156217	0.641507	0.117484
324	0.407886	0.037455	0.0256869	0.911903	-0.0157538	0.641414	0.116609
325	0.408267	0.0372942	0.0257597	0.911737	-0.0151768	0.641778	0.116337
326	0.40825	0.0373887	0.0256827	0.911742	-0.0154964	0.641576	0.115807
327	0.408381	0.0374172	0.025685	0.911683	-0.0155652	0.641194	0.115069
328	0.40903	0.0375687	0.0256822	0.911385	-0.0159023	0.641364	0.113693
329	0.40931	0.0376413	0.0254608	0.911263	-0.0161472	0.64153	0.113208
330	0.409584	0.0376838	0.0254695	0.911138	-0.0162113	0.641943	0.112934
331	0.409685	0.0377085	0.0255805	0.911088	-0.0161955	0.642048	0.112867
332	0.409694	0.0375953	0.0255792	0.911089	-0.0159769	0.64206	0.11288
333	0.409665	0.0376983	0.025626	0.911097	-0.0161642	0.641706	0.1125
334	0.410149	0.0375352	0.0255893	0.910886	-0.0157095	0.642005	0.111587
335	0.410199	0.0373565	0.0257135	0.910868	-0.0152205	0.642159	0.111694
336	0.410006	0.0375042	0.0256749	0.91095	-0.0156437	0.641727	0.111511
337	0.41022	0.03732	0.0258457	0.910856	-0.0151124	0.642001	0.111458
338	0.410413	0.0376098	0.0255873	0.910764	-0.0159925	0.641836	0.110844
339	0.410736	0.0374971	0.0256514	0.910622	-0.0155994	0.642201	0.110315
340	0.410742	0.0373901	0.0256165	0.910624	-0.0153799	0.642016	0.11015
341	0.410846	0.0373017	0.0257934	0.910576	-0.0150185	0.642226	0.110295
342	0.41085	0.0374568	0.025654	0.910572	-0.0155393	0.642349	0.109934
343	0.410749	0.037521	0.0256167	0.910616	-0.0156447	0.642088	0.110327
344	0.41081	0.0375355	0.0254496	0.910593	-0.0157715	0.641864	0.110207
345	0.411161	0.0375163	0.0255438	0.910432	-0.0157729	0.642157	0.10936
346	0.411279	0.0373203	0.025555	0.910387	-0.0153594	0.642092	0.109212
347	0.411293	0.0373577	0.0256222	0.910377	-0.0153841	0.641878	0.108857
348	0.411449	0.037423	0.0255581	0.910305	-0.0155184	0.642153	0.108385
349	0.411496	0.0373578	0.0255442	0.910287	-0.0155012	0.642215	0.108335
350	0.411802	0.0373038	0.0255913	0.91015	-0.0152651	0.642141	0.107429
351	0.411936	0.0373123	0.025592	0.910089	-0.0152654	0.64216	0.107328
352	0.411979	0.0373189	0.0254269	0.910073	-0.015355	0.642203	0.107309
353	0.412142	0.0373248	0.0254731	0.909998	-0.0153718	0.642343	0.107092
354	0.412159	0.0372508	0.0254715	0.909994	-0.0152154	0.642527	0.107008
355	0.412199	0.0373025	0.0254498	0.909974	-0.0153557	0.642444	0.10672
356	0.412065	0.037051	0.0257356	0.910037	-0.0147034	0.642178	0.106895
357	0.412296	0.0373001	0.0254957	0.909929	-0.0153799	0.642571	0.10672
358	0.412283	0.0371036	0.025651	0.909939	-0.0148823	0.642368	0.106405
359	0.412414	0.0371732	0.025519	0.90988	-0.0151603	0.642802	0.106631
360	0.411975	0.0372982	0.0255014	0.910074	-0.0154447	0.642353	0.106455
361	0.411614	0.0372445	0.0254818	0.91024	-0.0154093	0.641933	0.107141
362	0.4118	0.0372605	0.0255132	0.910155	-0.0154604	0.641986	0.106486
363	0.412269	0.0369167	0.0258293	0.909948	-0.0143078	0.642009	0.105924
364	0.413163	0.0369914	0.0256314	0.909544	-0.014586	0.642531	0.103749
365	0.413572	0.0372187	0.0255531	0.909351	-0.015158	0.642503	0.102188
366	0.41391	0.0372404	0.0253907	0.909201	-0.0151482	0.642699	0.101743
367	0.413838	0.0371399	0.0254394	0.909237	-0.0150303	0.642641	0.101516
368	0.413412	0.0371297	0.0255629	0.909428	-0.0148909	0.642984	0.103308
369	0.412796	0.0368854	0.0257461	0.909712	-0.0143231	0.642572	0.104556
370	0.412527	0.0369605	0.0256589	0.909834	-0.0146455	0.642632	0.105292
371	0.412306	0.0369986	0.025614	0.909933	-0.0148263	0.642502	0.105835
372	0.412212	0.0368759	0.0258068	0.909976	-0.0143933	0.641927	0.105517
373	0.412662	0.0368235	0.0257616	0.909775	-0.0141513	0.642114	0.104575
374	0.412854	0.0370746	0.0256191	0.909682	-0.0148352	0.6422	0.103987
375	0.41308	0.0370588	0.0254929	0.909583	-0.0147861	0.642636	0.104323
376	0.413215	0.0371277	0.0256323	0.909515	-0.0150485	0.642495	0.103709
377	0.413463	0.0357427	0.0250313	0.909475	-0.0105522	0.642822	0.10214
378	0.413469	0.0329589	0.0232616	0.909624	-0.00193022	0.64291	0.100839
379	0.413773	0.0306468	0.0216815	0.909606	0.00904658	0.643342	0.0997704
380	0.414531	0.0300433	0.0209291	0.909298	0.0192937	0.644151	0.098717
381	0.415269	0.0311131	0.0216706	0.908908	0.0285031	0.644442	0.0993782
382	0.415605	0.0326095	0.0225775	0.90868	0.0354815	0.644298	0.0998578
383	0.415904	0.0333231	0.0229357	0.908508	0.0419581	0.644871	0.099375
384	0.415412	0.0332114	0.0231501	0.908732	0.0483077	0.644257	0.0995135
385	0.415287	0.0330057	0.0228706	0.908804	0.0538747	0.644594	0.100218
386	0.413007	0.0318865	0.0231726	0.909875	0.0618786	0.63656	0.102631
387	0.412799	0.031454	0.0231305	0.909985	0.0675919	0.636248	0.102385
388	0.412814	0.0317545	0.0230883	0.909969	0.0720189	0.636129	0.101753
389	0.412759	0.0320024	0.0230474	0.909986	0.076478	0.636374	0.102495
390	0.412573	0.0316628	0.023266	0.910077	0.0828633	0.635907	0.102117
391	0.41259	0.0315024	0.0230518	0.91008	0.0887658	0.636012	0.101684
392	0.413016	0.0313737	0.0226772	0.909901	0.0947917	0.637187	0.102006
393	0.412839	0.0312903	0.0226959	0.909983	0.10144	0.63752	0.102851
394	0.412792	0.0311891	0.0226306	0.91001	0.108663	0.637565	0.102722
395	0.412651	0.0311119	0.0225368	0.910079	0.116065	0.636924	0.102339
396	0.412302	0.0312478	0.0223713	0.910237	0.122852	0.634173	0.100711
397	0.412358	0.0311036	0.0223137	0.910217	0.129962	0.634514	0.101145
398	0.412522	0.0314227	0.0222191	0.910134	0.135085	0.635204	0.100793
399	0.41256	0.0313521	0.0222483	0.910119	0.14104	0.635371	0.10013
400	0.412592	0.031365	0.0219845	0.91011	0.146618	0.63569	0.100996
401	0.41294	0.0311676	0.0219049	0.909961	0.152952	0.635831	0.100032
402	0.413237	0.0311769	0.0216819	0.909832	0.159045	0.636421	0.0991159
403	0.413128	0.0311139	0.0218298	0.909879	0.165973	0.636515	0.0990903
404	0.413295	0.0313916	0.0216401	0.909799	0.17253	0.637357	0.099512
405	0.412274	0.0314972	0.0216299	0.910258	0.179547	0.633356	0.099395
406	0.412158	0.0315671	0.021351	0.910315	0.186599	0.634274	0.100651
407	0.412011	0.0315285	0.0212972	0.910384	0.194263	0.634083	0.101098
408	0.412187	0.031774	0.021216	0.910298	0.201326	0.634508	0.100961
409	0.411927	0.0316094	0.0214916	0.910415	0.209223	0.633889	0.100774
410	0.411938	0.0315296	0.0217126	0.910407	0.216017	0.634009	0.101149
411	0.412025	0.0321456	0.0216684	0.910347	0.220994	0.633884	0.100824
412	0.412473	0.0324269	0.0216896	0.910134	0.22601	0.63427	0.100723
413	0.412865	0.0326567	0.0217471	0.909947	0.231162	0.633967	0.0997322
414	0.413956	0.0326045	0.0216386	0.909455	0.236118	0.63522	0.098575
415	0.414274	0.032453	0.021607	0.909317	0.24231	0.635094	0.0983616
416	0.41382	0.0325974	0.0210065	0.909532	0.247092	0.631192	0.0973413
417	0.414037	0.0326324	0.0208276	0.909436	0.253823	0.630768	0.0951286
418	0.414866	0.0326152	0.0207067	0.909062	0.261843	0.631715	0.0945078
419	0.415789	0.032509	0.0207638	0.908643	0.270902	0.632231	0.092932
420	0.417048	0.0326677	0.0206154	0.908063	0.279694	0.633511	0.0918635
421	0.417813	0.0328936	0.0202983	0.907711	0.289	0.633978	0.0900852
422	0.418423	0.0329069	0.0200488	0.907434	0.298289	0.635121	0.0892783
423	0.418286	0.0329019	0.0201963	0.907495	0.307353	0.635806	0.0903377
424	0.417857	0.0334489	0.0201615	0.907673	0.314949	0.636705	0.0927524
425	0.417303	0.0330856	0.0203038	0.907938	0.324078	0.635834	0.0926666
426	0.416577	0.0340201	0.0203228	0.908236	0.328286	0.631721	0.0934304
427	0.416066	0.03414	0.0201817	0.908469	0.335119	0.630456	0.0918556
428	0.416488	0.0337238	0.0203375	0.908288	0.343276	0.630808	0.0907401
429	0.416091	0.0337443	0.0201125	0.908474	0.349942	0.63036	0.0907598
430	0.416307	0.0335298	0.0199564	0.908386	0.357292	0.631158	0.0908035
431	0.41608	0.0340244	0.0197935	0.908476	0.363166	0.631779	0.0917875
432	0.416046	0.0339802	0.0196416	0.908496	0.370366	0.632132	0.0931954
433	0.416234	0.0339071	0.0198056	0.908409	0.377897	0.632593	0.0942888
434	0.415776	0.0338059	0.0200908	0.908617	0.385381	0.632155	0.0955298
435	0.415656	0.0339007	0.019989	0.90867	0.391782	0.632219	0.0956451
436	0.415837	0.0338294	0.0203717	0.908581	0.398534	0.631462	0.0954023
437	0.415442	0.034289	0.0204985	0.908742	0.403325	0.62739	0.0914916
438	0.415497	0.0344966	0.0201364	0.908717	0.407977	0.627578	0.0906345
439	0.415685	0.034263	0.0205486	0.908631	0.413603	0.627434	0.0907705
440	0.416129	0.0341723	0.0201978	0.908439	0.417955	0.628375	0.0901805
441	0.416214	0.0344129	0.0201476	0.908392	0.421783	0.628287	0.0899014
442	0.416317	0.0339103	0.0200858	0.908365	0.427124	0.628173	0.0895178
443	0.41679	0.0336523	0.019701	0.908166	0.431934	0.628667	0.0888812
444	0.417683	0.0338794	0.0193533	0.907755	0.435962	0.629536	0.0876316
445	0.418221	0.033613	0.0194652	0.907515	0.441385	0.629366	0.0859442
446	0.418521	0.0338817	0.0198257	0.907358	0.446101	0.629439	0.0859416
447	0.418552	0.034225	0.0197516	0.907333	0.450521	0.629647	0.086026
448	0.418457	0.0343477	0.019826	0.90737	0.455246	0.630106	0.0866041
449	0.418316	0.0339708	0.0199647	0.907446	0.461414	0.62938	0.0861816
450	0.418111	0.0335923	0.0200461	0.907553	0.467407	0.625859	0.0826133
451	0.418451	0.0331952	0.0198333	0.907416	0.473614	0.626486	0.0815044
452	0.418429	0.0329984	0.0196226	0.907438	0.480035	0.626786	0.0815332
453	0.418507	0.0328544	0.0195574	0.907408	0.486635	0.626675	0.0812957
454	0.418615	0.0328417	0.0192674	0.907365	0.492895	0.627089	0.080806
455	0.418669	0.0326946	0.0187312	0.907357	0.499846	0.627667	0.0805789
456	0.418944	0.0326947	0.0189252	0.907226	0.506967	0.627859	0.0808088
457	0.419387	0.0325984	0.0185562	0.907032	0.514031	0.628032	0.079865
458	0.420529	0.0322485	0.0189101	0.906508	0.522375	0.628255	0.0776554
459	0.420841	0.0328271	0.018755	0.906346	0.52759	0.628842	0.0770368
460	0.421314	0.0330713	0.0187405	0.906118	0.533895	0.629845	0.0777299
461	0.420372	0.0322078	0.0191675	0.906578	0.542853	0.62669	0.0768685
462	0.420342	0.0321263	0.0187764	0.906603	0.548681	0.627296	0.0763558
463	0.420286	0.0321344	0.0186511	0.906631	0.554876	0.627686	0.076162
464	0.420332	0.0320932	0.0184561	0.906615	0.561173	0.62861	0.077218
465	0.42007	0.0319044	0.0185932	0.90674	0.567946	0.628827	0.078811
466	0.419612	0.031505	0.0186117	0.906966	0.575281	0.628204	0.0789696
467	0.419679	0.031487	0.0182139	0.906943	0.58171	0.628836	0.0804905
468	0.420233	0.0314896	0.0181697	0.906688	0.588603	0.628744	0.0789152
469	0.420979	0.0315903	0.0181823	0.906338	0.595148	0.62907	0.0780047
470	0.421217	0.0311545	0.0178592	0.906249	0.60256	0.628872	0.0754555
471	0.421556	0.031658	0.0176665	0.906077	0.607699	0.6305	0.0771424
472	0.42093	0.0318151	0.0182151	0.906352	0.614183	0.626327	0.0759049
473	0.421695	0.0315697	0.0180073	0.906009	0.620676	0.626551	0.0736424
474	0.422226	0.03176	0.017973	0.905756	0.625983	0.626788	0.0725807
475	0.422422	0.0321303	0.0178562	0.905654	0.630682	0.627223	0.0723591
476	0.422607	0.0317538	0.017846	0.905581	0.637155	0.627375	0.0718351
477	0.422399	0.0318425	0.0175741	0.90568	0.642553	0.628567	0.0727136
478	0.421579	0.0321943	0.0176076	0.906049	0.646873	0.628701	0.0756541
479	0.421228	0.0321911	0.0177109	0.90621	0.652017	0.628632	0.0766618
480	0.421171	0.031901	0.017662	0.906248	0.657503	0.628369	0.0758323
481	0.421246	0.0315542	0.0175983	0.906227	0.663379	0.628689	0.0755806
482	0.420596	0.0308174	0.0176392	0.906553	0.670427	0.627732	0.0742215
483	0.42061	0.0310277	0.0170202	0.906551	0.675423	0.628825	0.0748463
484	0.420458	0.0301273	0.0170808	0.906651	0.683716	0.626334	0.0718826
485	0.420824	0.0300107	0.0166749	0.906492	0.690806	0.62761	0.071242
486	0.420784	0.0298847	0.0165861	0.906517	0.698475	0.627873	0.0701756
487	0.421146	0.0293943	0.0164191	0.906368	0.707751	0.628246	0.0685744
488	0.421438	0.0290305	0.0160476	0.90625	0.716448	0.628903	0.0675301
489	0.421751	0.0286426	0.0156251	0.906125	0.725939	0.63021	0.0665577
490	0.421626	0.0287101	0.0156264	0.906181	0.734707	0.630981	0.0686985
491	0.421712	0.0289603	0.0155573	0.906134	0.743363	0.631049	0.0692832
492	0.422272	0.0293881	0.0156455	0.905858	0.751033	0.631554	0.0702341
493	0.422183	0.0295307	0.0158103	0.905892	0.759491	0.630552	0.0701397
494	0.423009	0.0296747	0.0159323	0.905499	0.767592	0.631512	0.0711305
495	0.422967	0.0302666	0.0176648	0.905467	0.773242	0.625656	0.0677663
496	0.423843	0.0301344	0.0175128	0.905065	0.780979	0.626197	0.0658518
497	0.424059	0.0303824	0.0172408	0.90496	0.787406	0.626845	0.065291
498	0.424081	0.0303853	0.0170683	0.904953	0.794418	0.627283	0.0645425
499	0.424098	0.0295349	0.017062	0.904974	0.803223	0.627717	0.0645076
500	0.423724	0.029717	0.0168003	0.905148	0.809743	0.628514	0.0653251
501	0.423756	0.0296209	0.0169034	0.905134	0.816851	0.628591	0.0667556
502	0.423577	0.0300155	0.0167657	0.905207	0.822852	0.628631	0.0669752
503	0.423473	0.0300396	0.0169508	0.905252	0.829861	0.62828	0.06691
504	0.423397	0.0301554	0.017186	0.905279	0.836327	0.627715	0.0669509
505	0.423543	0.0306547	0.0171708	0.905194	0.842056	0.628038	0.0673901
506	0.423834	0.0310116	0.0174297	0.905041	0.846931	0.628891	0.0692993
507	0.423601	0.0315128	0.0172258	0.905137	0.85202	0.629181	0.0692339
508	0.423112	0.0313029	0.0171723	0.905373	0.858346	0.628751	0.0694457
509	0.423086	0.0323566	0.0171013	0.90535	0.861701	0.629275	0.0702346
510	0.423578	0.0316503	0.016925	0.905148	0.868122	0.629621	0.0684875
511	0.423703	0.0310067	0.0170809	0.905109	0.874485	0.629186	0.0673475
512	0.423846	0.0311477	0.0172152	0.905035	0.879717	0.629354	0.0676751
513	0.423932	0.0318609	0.0169848	0.904974	0.883404	0.63018	0.0688046
514	0.424182	0.0317861	0.0174432	0.904851	0.889774	0.629385	0.068635
515	0.424521	0.0319252	0.0174884	0.904686	0.895404	0.630124	0.0695023
516	0.424564	0.0318382	0.0176167	0.904666	0.901636	0.629689	0.0694922
517	0.425147	0.0321845	0.0175219	0.904382	0.906995	0.630515	0.0696574
518	0.425297	0.0324015	0.0176187	0.904302	0.914607	0.628846	0.0663122
519	0.425582	0.0325708	0.0172111	0.90417	0.920412	0.629266	0.0650653
520	0.426147	0.0324348	0.0172945	0.903907	0.927367	0.629837	0.0651341
521	0.426135	0.0327801	0.0170291	0.903905	0.93318	0.630358	0.0647174
522	0.426214	0.0327651	0.0170092	0.903869	0.940136	0.630392	0.0647241
523	0.426332	0.0328471	0.0171822	0.903807	0.946893	0.63101	0.0658716
524	0.426006	0.0331243	0.017094	0.903952	0.953477	0.631375	0.0676138
525	0.426031	0.0330384	0.0172377	0.903941	0.961108	0.631189	0.068312
526	0.426157	0.0332625	0.0171224	0.903876	0.96792	0.631528	0.0686188
527	0.426564	0.0331336	0.0171336	0.903688	0.975703	0.632092	0.0685487
528	0.426476	0.0333574	0.0172177	0.903719	0.982254	0.632245	0.0701967
529	0.426185	0.0337901	0.0170936	0.903843	0.98849	0.632664	0.0719224
530	0.425832	0.0334721	0.0172649	0.904018	0.997145	0.630837	0.0705617
531	0.426239	0.0330524	0.0170794	0.903845	1.00546	0.630949	0.0684601
532	0.426286	0.0330918	0.0167873	0.903827	1.01302	0.631573	0.0678641
533	0.426053	0.0331789	0.0167749	0.903934	1.02062	0.631907	0.0691346
534	0.425773	0.0331482	0.0168548	0.904066	1.02939	0.632534	0.0714375
535	0.424988	0.0338769	0.0167288	0.90441	1.03694	0.633647	0.0753082
536	0.424081	0.0342082	0.0171265	0.904816	1.04619	0.633136	0.0795861
537	0.423828	0.0339479	0.0174028	0.904939	1.05644	0.63241	0.0805764
538	0.424037	0.0340239	0.0172807	0.90484	1.06513	0.632219	0.0801922
539	0.424686	0.0341326	0.0165263	0.904546	1.07344	0.634028	0.0794647
540	0.425004	0.0338298	0.0176434	0.904387	1.08471	0.631217	0.0768687
541	0.425427	0.0339236	0.0176404	0.904185	1.09342	0.631563	0.0758823
542	0.426091	0.0341144	0.0178033	0.903861	1.10137	0.632597	0.0776677
543	0.426396	0.035025	0.0173335	0.903692	1.10775	0.634673	0.0780262
544	0.426465	0.0350524	0.017539	0.903654	1.1162	0.633797	0.0774185
545	0.426876	0.0354064	0.0173337	0.903451	1.1233	0.634552	0.0774503
546	0.42717	0.0353559	0.0173663	0.903313	1.13211	0.634269	0.0765058
547	0.427963	0.0351838	0.0174231	0.902943	1.1412	0.634527	0.0759095
548	0.428635	0.0351102	0.0173654	0.902628	1.15016	0.63476	0.0745595
549	0.429113	0.0349363	0.0171776	0.902411	1.15993	0.635277	0.072961
550	0.429657	0.0346974	0.0169951	0.902165	1.16932	0.636364	0.0732565
551	0.429391	0.0343544	0.0178629	0.902288	1.1791	0.633439	0.071578
552	0.429771	0.0345802	0.0176654	0.902103	1.1872	0.633925	0.0721693
553	0.430717	0.034204	0.0179688	0.90166	1.19747	0.634257	0.0741322
554	0.430577	0.0361163	0.0175477	0.90166	1.20125	0.63653	0.0773974
555	0.43073	0.0357508	0.0178435	0.901596	1.21039	0.635363	0.0768649
556	0.43153	0.0350862	0.0173237	0.90125	1.2198	0.63623	0.0735713
557	0.432628	0.0340599	0.0176744	0.900756	1.23057	0.635812	0.0724857
558	0.432801	0.0344605	0.0175385	0.90066	1.23783	0.636905	0.0731423
559	0.43264	0.0350062	0.0174956	0.900717	1.24457	0.638491	0.075279
560	0.432053	0.0347606	0.0177837	0.901003	1.25288	0.637682	0.0766286
561	0.431435	0.0351906	0.018047	0.901277	1.25963	0.636754	0.0781213
562	0.431278	0.0359267	0.0178608	0.901326	1.26465	0.638188	0.0807161
563	0.431253	0.0357287	0.0177913	0.901348	1.27276	0.637408	0.0791387
564	0.431714	0.0360089	0.0183788	0.901104	1.27838	0.637011	0.080834
565	0.43191	0.0366363	0.0181464	0.900989	1.28267	0.638463	0.0821403
566	0.43163	0.0378243	0.0183567	0.901071	1.28549	0.639532	0.0862118
567	0.431203	0.0374043	0.0185666	0.901288	1.29214	0.638757	0.0868793
568	0.431271	0.0377231	0.0186063	0.901241	1.29696	0.639446	0.0886578
569	0.43144	0.0376586	0.0188286	0.901158	1.30266	0.638607	0.0885404
570	0.431993	0.0376509	0.0189584	0.900891	1.30897	0.639205	0.0886892
571	0.431764	0.0379602	0.0190732	0.900985	1.31474	0.639149	0.0906952
572	0.431829	0.0380833	0.0189244	0.900952	1.32108	0.640008	0.0912817
573	0.432039	0.0380704	0.0189714	0.900852	1.32849	0.639887	0.0906352
574	0.432142	0.0379949	0.0191741	0.900801	1.33769	0.639108	0.0907508
575	0.432628	0.0382626	0.0192573	0.900554	1.3459	0.639382	0.0918829
576	0.433323	0.0388018	0.0192016	0.900198	1.35352	0.640353	0.0916719
577	0.434045	0.0384785	0.0190063	0.899868	1.36309	0.641609	0.0912861
578	0.434009	0.038768	0.0192705	0.899868	1.37139	0.6418	0.0936965
579	0.433852	0.0394814	0.019489	0.899908	1.37762	0.642621	0.0977207
580	0.434004	0.0396554	0.0195602	0.899825	1.38398	0.643252	0.0992809
581	0.434157	0.0396692	0.0193187	0.899756	1.391	0.64386	0.0992342
582	0.43427	0.0396941	0.0195507	0.899695	1.39799	0.643637	0.099288
583	0.43419	0.0396572	0.0195816	0.899735	1.40514	0.643904	0.100731
584	0.433563	0.038928	0.0195328	0.90007	1.41544	0.641442	0.0965854
585	0.433684	0.0390282	0.0192688	0.900013	1.42232	0.642382	0.0965614
586	0.433916	0.0391966	0.0192499	0.899895	1.42925	0.643425	0.0981165
587	0.433878	0.039476	0.0194478	0.899896	1.43679	0.643389	0.100473
588	0.434029	0.0395733	0.0195199	0.899817	1.44455	0.643946	0.101897
589	0.434204	0.0398546	0.0196819	0.899717	1.45206	0.644218	0.103446
590	0.434142	0.0400893	0.0198943	0.899732	1.45967	0.643979	0.104577
591	0.434527	0.0405255	0.0197398	0.89953	1.46604	0.645928	0.106411
592	0.434542	0.0404678	0.0199286	0.899521	1.47361	0.645035	0.106209
593	0.43503	0.0404089	0.0196376	0.899294	1.48094	0.645981	0.104764
594	0.434747	0.0404082	0.019534	0.899434	1.49028	0.6446	0.101674
595	0.435005	0.0404648	0.0198413	0.8993	1.49752	0.644174	0.101308
596	0.435192	0.0408735	0.0197743	0.899192	1.5036	0.645297	0.102321
597	0.435083	0.0411707	0.019789	0.899231	1.51031	0.646356	0.105459
598	0.434741	0.0414439	0.0200764	0.899377	1.51682	0.645536	0.1077
599	0.435015	0.0415294	0.0203757	0.899234	1.52411	0.645161	0.108507
600	0.435412	0.0418153	0.0202737	0.899031	1.53092	0.646329	0.109365
601	0.435247	0.042565	0.0203366	0.899074	1.53723	0.647155	0.112688
602	0.435385	0.0427084	0.0207622	0.898991	1.54574	0.646835	0.114734
603	0.435216	0.042938	0.021027	0.899056	1.55411	0.646403	0.1167
604	0.434799	0.0434616	0.0216343	0.899218	1.56454	0.644983	0.117943
605	0.434876	0.0436823	0.0219227	0.899163	1.57349	0.644662	0.120134
606	0.435106	0.0440691	0.0220546	0.89903	1.58169	0.64512	0.120357
607	0.43563	0.0451048	0.0221011	0.898723	1.58763	0.646792	0.124203
608	0.436048	0.0444792	0.0221112	0.898552	1.59672	0.646607	0.121733
609	0.436127	0.0447766	0.0221933	0.898497	1.6032	0.647299	0.123198
610	0.435845	0.0454337	0.0223712	0.898596	1.60923	0.647744	0.127247
611	0.435835	0.0458583	0.0226056	0.898573	1.6152	0.647649	0.130164
612	0.43618	0.0464286	0.0228347	0.898371	1.62028	0.648271	0.133722
613	0.436294	0.0463503	0.0231587	0.898311	1.62696	0.646807	0.134208
614	0.436829	0.0468296	0.0232315	0.898024	1.63097	0.647292	0.133903
615	0.43687	0.0465446	0.0231494	0.898021	1.63779	0.645975	0.129327
616	0.437367	0.0467717	0.0233035	0.897764	1.64112	0.646787	0.130366
617	0.437512	0.0467611	0.0234237	0.89769	1.64436	0.645784	0.130258
618	0.437843	0.0479091	0.0235124	0.897466	1.64467	0.647866	0.133426
619	0.437558	0.0488291	0.0235929	0.897553	1.64413	0.64917	0.137741
620	0.436959	0.0490389	0.0235078	0.897836	1.64402	0.649493	0.138984
621	0.43645	0.0488245	0.0238342	0.898087	1.64493	0.648368	0.139761
622	0.435585	0.0487217	0.0240054	0.898507	1.6453	0.647446	0.141816
623	0.435232	0.0490795	0.0239526	0.89866	1.64456	0.648125	0.143963
624	0.434868	0.0491285	0.0240264	0.898832	1.64473	0.647705	0.145118
625	0.434593	0.0495192	0.0243118	0.898936	1.64469	0.647808	0.147652
626	0.433394	0.0490969	0.0245938	0.89953	1.65074	0.645608	0.145683
627	0.430699	0.0494671	0.0246003	0.900803	1.65096	0.646822	0.152773
628	0.428009	0.0485451	0.0246543	0.902133	1.65463	0.644974	0.154214
629	0.424638	0.048276	0.0252929	0.903721	1.65848	0.643066	0.160785
630	0.421286	0.0489042	0.0255452	0.905248	1.6593	0.642494	0.169203
631	0.419185	0.0499859	0.025473	0.906166	1.65874	0.64343	0.175506
632	0.417732	0.0497122	0.0256409	0.906847	1.66173	0.642977	0.177213
633	0.415219	0.0496413	0.0255068	0.908008	1.66317	0.64319	0.179886
634	0.4128	0.0501195	0.0245772	0.909109	1.66177	0.646921	0.183795
635	0.410263	0.0501782	0.0235437	0.910281	1.6608	0.648487	0.185355
636	0.408841	0.0488761	0.0229869	0.911006	1.66292	0.644	0.181302
637	0.409489	0.0471667	0.0224273	0.910819	1.666	0.635262	0.169801
638	0.411488	0.0468905	0.0221297	0.909939	1.66608	0.628759	0.162609
639	0.412685	0.0465293	0.0221137	0.909416	1.66767	0.618922	0.15646
640	0.413834	0.0467445	0.0223804	0.908876	1.66808	0.607985	0.152711
641	0.415966	0.04763	0.0221342	0.907862	1.66673	0.599444	0.149395
642	0.417563	0.0483457	0.0219937	0.907094	1.66644	0.59072	0.145741
643	0.418482	0.0484487	0.0216957	0.906673	1.66741	0.580748	0.140164
644	0.419254	0.0480464	0.0217597	0.906335	1.66962	0.56823	0.133857
645	0.420064	0.0480428	0.0212113	0.905973	1.67124	0.562072	0.1288
646	0.418673	0.0471843	0.0210843	0.906665	1.67486	0.549086	0.122484
647	0.417574	0.0467366	0.0210773	0.907196	1.67795	0.538456	0.118393
648	0.416816	0.0468071	0.0218041	0.907523	1.67996	0.525003	0.117758
649	0.41674	0.0466494	0.0227082	0.907544	1.68241	0.510062	0.112617
650	0.417141	0.0462399	0.0232743	0.907366	1.68529	0.498373	0.107702
651	0.417023	0.0468571	0.0228254	0.9074	1.68532	0.491027	0.10555
652	0.416621	0.046672	0.0230954	0.907588	1.68848	0.479782	0.103087
653	0.416233	0.0470078	0.0230996	0.907748	1.68978	0.469151	0.0978918
654	0.416482	0.0468515	0.0232597	0.907638	1.69126	0.458774	0.0951727
655	0.416527	0.0474465	0.0231974	0.907588	1.6911	0.448465	0.0894652
656	0.416958	0.0468757	0.0242343	0.907393	1.69553	0.431794	0.0867276
657	0.417495	0.0476726	0.0249279	0.907085	1.69778	0.418866	0.0836367
658	0.417975	0.0493298	0.0256401	0.906756	1.69835	0.405858	0.0870179
659	0.418924	0.0503017	0.0265306	0.906239	1.70428	0.388753	0.0846838
660	0.420399	0.0506832	0.027861	0.905494	1.70965	0.371799	0.0850862
661	0.42137	0.052332	0.0288597	0.904918	1.71018	0.35649	0.0846293
662	0.421719	0.0520754	0.03054	0.904715	1.71601	0.334801	0.0843403
663	0.422226	0.0531221	0.0314102	0.904388	1.71689	0.316384	0.0805793
664	0.423207	0.0520289	0.0318264	0.903978	1.72387	0.298611	0.0748899
665	0.424541	0.0524252	0.0315665	0.903338	1.72566	0.288147	0.072272
666	0.423391	0.0516933	0.0311868	0.903933	1.72975	0.273352	0.0671362
667	0.421587	0.0525887	0.029925	0.904767	1.72862	0.258297	0.0612217
668	0.421954	0.0509421	0.0305723	0.904669	1.73558	0.239533	0.0537115
669	0.421217	0.0515751	0.0306968	0.904972	1.73629	0.223056	0.0496373
670	0.422264	0.0529118	0.0300371	0.904429	1.73523	0.212769	0.0492107
671	0.422592	0.0537148	0.0291528	0.904257	1.73627	0.205699	0.0472615
672	0.422206	0.0540341	0.0284306	0.904441	1.73687	0.196173	0.0414915
673	0.422718	0.0551807	0.0278997	0.904149	1.73443	0.187269	0.0393353
674	0.423393	0.0556345	0.027702	0.903812	1.73415	0.181708	0.0365221
675	0.42215	0.056536	0.0278641	0.904332	1.7296	0.169492	0.0337299
676	0.422451	0.0562889	0.028757	0.904179	1.72877	0.157816	0.0348918
677	0.421773	0.0559901	0.0293344	0.904496	1.729	0.143253	0.0287029
678	0.421546	0.0553533	0.031331	0.904573	1.72967	0.124331	0.0277711
679	0.420825	0.0540494	0.0322698	0.904955	1.73485	0.102111	0.0214412
680	0.420803	0.0546682	0.0326344	0.904915	1.73637	0.0879548	0.0216534
681	0.420515	0.0556332	0.0339028	0.904943	1.73878	0.0717823	0.0261127
682	0.41938	0.0573611	0.0352129	0.905312	1.73871	0.0522937	0.0327003
683	0.41909	0.0581612	0.0369472	0.905326	1.74131	0.0324298	0.0384162
684	0.419875	0.0586111	0.0392387	0.904837	1.74318	0.0131125	0.0453604
685	0.418841	0.0591671	0.040966	0.905203	1.74362	-0.00788979	0.0464769
686	0.417798	0.0590347	0.0414613	0.905671	1.74833	-0.0326249	0.0433212
687	0.418995	0.0578326	0.0434577	0.905102	1.75228	-0.054491	0.0400228
688	0.41833	0.0579209	0.0440199	0.905377	1.75474	-0.0692615	0.0391038
689	0.417375	0.0579698	0.0449461	0.905769	1.75636	-0.0869198	0.0411852
690	0.418149	0.0568194	0.045808	0.905442	1.76231	-0.100596	0.0320674
691	0.417554	0.0567864	0.0458605	0.905715	1.76464	-0.113789	0.0270562
692	0.417513	0.0575187	0.0453104	0.905716	1.76447	-0.120805	0.0244779
693	0.417674	0.0572217	0.0449865	0.905677	1.76845	-0.133332	0.0165631
694	0.417513	0.0584734	0.045019	0.905669	1.7658	-0.140901	0.0195045
695	0.417154	0.0588347	0.0444529	0.905839	1.76889	-0.149898	0.0185122
696	0.417848	0.0595196	0.0442209	0.905486	1.76802	-0.155966	0.0182997
697	0.418266	0.0596246	0.0439495	0.905299	1.77076	-0.165014	0.0155837
698	0.41885	0.0600191	0.0440008	0.905001	1.77116	-0.178976	0.0129499
699	0.419046	0.0601885	0.0440241	0.904898	1.77342	-0.192789	0.00977372
700	0.41894	0.060187	0.0441197	0.904942	1.77482	-0.200227	0.00891183
701	0.417993	0.0610482	0.0440837	0.905324	1.77193	-0.217253	0.00777513
702	0.418232	0.0606894	0.0444642	0.905219	1.77175	-0.231172	0.0046549
703	0.418582	0.0628048	0.0433113	0.904969	1.76287	-0.237313	0.00476173
704	0.419804	0.0623608	0.043876	0.904406	1.76018	-0.250975	0.00221241
705	0.420002	0.0626197	0.0433532	0.904321	1.75747	-0.261114	-0.00326353
706	0.419553	0.0630641	0.0432202	0.904505	1.75425	-0.275068	-0.00686469
707	0.419388	0.062632	0.0429712	0.904624	1.75754	-0.286094	-0.0131737
708	0.418841	0.0639051	0.0422768	0.904821	1.75302	-0.297581	-0.0131678
709	0.419988	0.0647045	0.0425488	0.904219	1.74898	-0.30545	-0.0129572
710	0.419097	0.0648593	0.0424012	0.904629	1.74892	-0.319131	-0.0190855
711	0.417942	0.0669411	0.0413474	0.90506	1.7431	-0.328469	-0.0193562
712	0.417603	0.0663553	0.0408988	0.90528	1.74525	-0.339441	-0.0264925
713	0.417794	0.0662299	0.0405616	0.905216	1.74411	-0.347997	-0.0345313
714	0.417365	0.0663008	0.0402179	0.905424	1.7404	-0.359117	-0.0408881
715	0.416176	0.0667319	0.0396043	0.905967	1.73714	-0.368405	-0.0481918
716	0.414979	0.0662945	0.0391467	0.906568	1.74023	-0.380549	-0.055933
717	0.414797	0.0666495	0.0387493	0.906642	1.74047	-0.390371	-0.0590222
718	0.414968	0.0674102	0.0389593	0.906499	1.73798	-0.402416	-0.0566812
719	0.414616	0.0687531	0.0385351	0.906577	1.73234	-0.417647	-0.0599128
720	0.414984	0.0682467	0.038951	0.906429	1.73189	-0.43671	-0.0675869
721	0.416186	0.0675001	0.0398538	0.905894	1.73277	-0.453768	-0.072622
722	0.417061	0.0677561	0.0403312	0.905451	1.73087	-0.469403	-0.075479
723	0.418394	0.0674479	0.04012	0.904869	1.73393	-0.481939	-0.0793369
724	0.419292	0.0677872	0.0401186	0.904428	1.73179	-0.496127	-0.084253
725	0.420836	0.0668956	0.0395227	0.903803	1.73479	-0.507707	-0.0911503
726	0.422096	0.0666067	0.0388367	0.903266	1.73562	-0.519384	-0.0963477
727	0.422348	0.0672281	0.0375153	0.903158	1.73653	-0.52936	-0.103762
728	0.423022	0.0690074	0.0364509	0.902752	1.7327	-0.540652	-0.103922
729	0.423726	0.069282	0.0361136	0.902415	1.73359	-0.549905	-0.105045
730	0.425365	0.0693282	0.0362153	0.901636	1.73368	-0.562002	-0.101861
731	0.426984	0.0700212	0.0368019	0.900792	1.73117	-0.57474	-0.101982
732	0.42787	0.0700282	0.0374967	0.900343	1.72845	-0.593016	-0.10408
733	0.429199	0.0703617	0.0383704	0.899647	1.72476	-0.60926	-0.104662
734	0.431084	0.0701345	0.0392702	0.898724	1.72266	-0.625306	-0.104944
735	0.432152	0.0705946	0.0403745	0.898126	1.71607	-0.638321	-0.102978
736	0.433123	0.0706391	0.0407373	0.897639	1.71113	-0.644533	-0.104182
737	0.432074	0.0730852	0.0392639	0.898014	1.69962	-0.651803	-0.103243
738	0.432155	0.0728482	0.039738	0.897973	1.69532	-0.661227	-0.106178
739	0.432483	0.0733567	0.0398604	0.897769	1.68881	-0.664886	-0.109288
740	0.430986	0.0735318	0.0398427	0.898475	1.68406	-0.674284	-0.116669
741	0.43128	0.072877	0.0399217	0.898383	1.68138	-0.675997	-0.117322
742	0.431329	0.0724155	0.0400718	0.89839	1.6789	-0.678523	-0.118633
743	0.431172	0.0724581	0.0404402	0.898446	1.67306	-0.682986	-0.120708
744	0.430928	0.0727406	0.0409791	0.898516	1.66485	-0.689623	-0.124467
745	0.431589	0.0722673	0.0412042	0.898226	1.66138	-0.690193	-0.125617
746	0.430662	0.0740727	0.0412989	0.89852	1.64898	-0.696603	-0.117218
747	0.429842	0.0743089	0.0414539	0.898886	1.64226	-0.710983	-0.121287
748	0.430558	0.0737154	0.041859	0.898573	1.63778	-0.717303	-0.123926
749	0.432005	0.0733555	0.0422701	0.897889	1.63157	-0.720245	-0.122948
750	0.432525	0.0732206	0.0426288	0.897632	1.62401	-0.728084	-0.125292
751	0.433258	0.0729154	0.0430475	0.897284	1.61626	-0.727719	-0.126818
752	0.433007	0.0719222	0.0431463	0.89748	1.61148	-0.730832	-0.131499
753	0.433374	0.071139	0.0430276	0.897371	1.6038	-0.73257	-0.131793
754	0.433583	0.0701823	0.0428216	0.897355	1.59785	-0.731293	-0.137865
755	0.432858	0.0707781	0.041836	0.897705	1.58643	-0.728909	-0.131671
756	0.432539	0.0702729	0.041817	0.897899	1.57859	-0.735657	-0.137565
757	0.433158	0.0692243	0.0422872	0.89766	1.57179	-0.734513	-0.14088
758	0.432904	0.0682281	0.0427143	0.897839	1.56466	-0.738908	-0.141546
759	0.433318	0.0679226	0.0434657	0.897626	1.55472	-0.741372	-0.141894
760	0.433171	0.068267	0.0437515	0.897657	1.54464	-0.743183	-0.14124
761	0.433363	0.0685285	0.0439623	0.897534	1.53217	-0.743397	-0.142141
762	0.433284	0.0679799	0.0437668	0.897623	1.52278	-0.743863	-0.145747
763	0.434069	0.0670007	0.0434687	0.897332	1.51601	-0.739868	-0.14851
764	0.433182	0.0663115	0.0428072	0.897844	1.50829	-0.739399	-0.152672
765	0.433006	0.0650306	0.0417129	0.898074	1.50443	-0.735671	-0.157767
766	0.431779	0.0651284	0.0417248	0.898657	1.4908	-0.74044	-0.161574
767	0.431596	0.0646486	0.0411719	0.898805	1.48197	-0.738447	-0.165234
768	0.43062	0.0644403	0.0410602	0.899293	1.47004	-0.742386	-0.165556
769	0.431241	0.0625202	0.0410444	0.899132	1.46305	-0.746494	-0.170041
770	0.431731	0.0623979	0.04068	0.898921	1.44911	-0.746058	-0.17178
771	0.43251	0.060849	0.0403316	0.898669	1.4431	-0.746494	-0.17535
772	0.432714	0.0608934	0.0407955	0.898547	1.42637	-0.749259	-0.176655
773	0.433169	0.0590612	0.0401606	0.898479	1.42016	-0.745354	-0.18251
774	0.432283	0.0587614	0.0401818	0.898924	1.40555	-0.747679	-0.184847
775	0.432499	0.0571801	0.0404338	0.898911	1.39464	-0.747913	-0.185543
776	0.431251	0.0565031	0.0408472	0.899534	1.37819	-0.755739	-0.189968
777	0.431137	0.0557019	0.0409779	0.899633	1.3632	-0.755612	-0.194474
778	0.430575	0.0536408	0.0405441	0.900047	1.35677	-0.755303	-0.199729
779	0.430021	0.052934	0.0405277	0.900354	1.34192	-0.75873	-0.203317
780	0.431044	0.0510981	0.0402727	0.899982	1.33422	-0.755111	-0.206695
781	0.431175	0.0498044	0.039874	0.90001	1.32611	-0.751545	-0.209917
782	0.429934	0.0504065	0.0402452	0.900553	1.30526	-0.756725	-0.208615
783	0.42912	0.0507495	0.0402829	0.90092	1.2888	-0.761393	-0.210042
784	0.42983	0.0505642	0.0399078	0.900609	1.27556	-0.755909	-0.208792
785	0.429963	0.0489469	0.0396317	0.900647	1.2693	-0.75835	-0.212293
786	0.429015	0.0491262	0.0397114	0.901086	1.25332	-0.762353	-0.216723
787	0.429353	0.0485966	0.0386048	0.901002	1.24673	-0.755709	-0.217131
788	0.429697	0.0475852	0.0387901	0.900884	1.23847	-0.7543	-0.217527
789	0.429462	0.0470277	0.039169	0.901009	1.22427	-0.7563	-0.2196
790	0.430127	0.0442787	0.0387598	0.900848	1.22249	-0.752119	-0.224429
791	0.430129	0.0444329	0.0391533	0.900823	1.20706	-0.753377	-0.220554
792	0.43072	0.0426968	0.0390064	0.900631	1.20348	-0.754916	-0.222964
793	0.430979	0.0419432	0.0389089	0.900546	1.1922	-0.757148	-0.225455
794	0.430787	0.0415994	0.0385276	0.900671	1.1803	-0.758779	-0.22743
795	0.431304	0.0405226	0.0382471	0.900484	1.17262	-0.757159	-0.228198
796	0.431978	0.0404028	0.0378786	0.900182	1.16051	-0.751565	-0.224442
797	0.431584	0.0382742	0.0370814	0.900497	1.15753	-0.75414	-0.231664
798	0.431408	0.0389742	0.0369451	0.900557	1.1405	-0.75235	-0.228355
799	0.431395	0.0376206	0.0361285	0.900654	1.13607	-0.749404	-0.231803
800	0.430046	0.0378697	0.0357067	0.901305	1.12092	-0.755897	-0.237322
801	0.429881	0.0364458	0.035637	0.901445	1.11603	-0.759854	-0.239277
802	0.430207	0.0343532	0.0355308	0.901377	1.1128	-0.763476	-0.246835
803	0.430758	0.033873	0.0351214	0.901147	1.10554	-0.759835	-0.246781
804	0.430652	0.0331624	0.0348452	0.901235	1.09729	-0.761409	-0.248172
805	0.432117	0.0330896	0.0342539	0.900559	1.08601	-0.752399	-0.24508
806	0.431456	0.0321893	0.0332073	0.900948	1.0803	-0.753499	-0.250678
807	0.431207	0.0319375	0.0327718	0.901092	1.06982	-0.754803	-0.251283
808	0.4325	0.0310576	0.0320173	0.90053	1.06466	-0.752977	-0.251897
809	0.433224	0.0314594	0.0319506	0.90017	1.05078	-0.747026	-0.251364
810	0.432799	0.0302954	0.031387	0.900434	1.04563	-0.750412	-0.253722
811	0.433423	0.0299775	0.0316252	0.900136	1.03357	-0.752288	-0.254132
812	0.433406	0.0297982	0.0314355	0.900157	1.02246	-0.753765	-0.254928
813	0.434637	0.0292708	0.031121	0.899592	1.01122	-0.748165	-0.25385
814	0.434152	0.0280981	0.0306624	0.899879	1.0047	-0.751839	-0.256709
815	0.434074	0.0282159	0.0307207	0.899911	0.990345	-0.753739	-0.260829
816	0.434489	0.028249	0.0300127	0.899734	0.978875	-0.748089	-0.258808
817	0.433751	0.0284488	0.0297071	0.900094	0.960347	-0.752836	-0.264132
818	0.434943	0.0284165	0.0292721	0.899533	0.946841	-0.746982	-0.260567
819	0.434178	0.0272409	0.0289287	0.89995	0.935698	-0.75187	-0.266845
820	0.434684	0.0255914	0.0282448	0.899776	0.929334	-0.750862	-0.27001
821	0.434652	0.0239351	0.0274779	0.899861	0.924751	-0.750902	-0.275577
822	0.435116	0.0236793	0.0271095	0.899655	0.91166	-0.74586	-0.272052
823	0.43515	0.0232815	0.0267205	0.89966	0.899583	-0.745131	-0.270818
824	0.43535	0.0222762	0.0268709	0.899585	0.88822	-0.747792	-0.274595
825	0.435932	0.0223235	0.0267146	0.899306	0.875582	-0.744534	-0.272172
826	0.436038	0.0214468	0.0270402	0.899266	0.86622	-0.748109	-0.274275
827	0.435812	0.0211299	0.0271668	0.899379	0.855295	-0.750329	-0.273137
828	0.436369	0.0197299	0.0272583	0.899138	0.845791	-0.748514	-0.2707
829	0.437355	0.0188404	0.0267668	0.898693	0.837156	-0.741757	-0.268582
830	0.436383	0.0182314	0.0260836	0.899198	0.827027	-0.741932	-0.271595
831	0.435678	0.0181424	0.0260585	0.899542	0.811103	-0.745403	-0.272813
832	0.437158	0.0175879	0.0252751	0.898857	0.796683	-0.735151	-0.272029
833	0.43706	0.0173606	0.0257439	0.898896	0.782812	-0.735648	-0.270738
834	0.43614	0.0156206	0.0256312	0.899378	0.776283	-0.73952	-0.276019
835	0.436539	0.0146478	0.0258424	0.899195	0.761113	-0.739308	-0.273441
836	0.436551	0.0111898	0.0256975	0.899243	0.759031	-0.745716	-0.278458
837	0.43778	0.00948734	0.0255309	0.898669	0.750379	-0.741601	-0.27891
838	0.43794	0.00896271	0.0252803	0.898604	0.741485	-0.738622	-0.273825
839	0.438033	0.00761499	0.0249011	0.898582	0.736641	-0.741102	-0.275883
840	0.438736	0.00747674	0.0240811	0.898262	0.727421	-0.739355	-0.273402
841	0.438375	0.00683163	0.023722	0.898453	0.721313	-0.739002	-0.272766
842	0.438354	0.00735546	0.0239397	0.898454	0.708809	-0.738838	-0.270116
843	0.438394	0.00700642	0.0238204	0.89844	0.699507	-0.736907	-0.266835
844	0.437646	0.00712477	0.0243795	0.898789	0.684733	-0.742742	-0.268973
845	0.43837	0.00547965	0.0242772	0.89845	0.683908	-0.737137	-0.267704
846	0.438445	0.00517436	0.0242423	0.898416	0.675241	-0.735606	-0.262642
847	0.437929	0.00455787	0.024772	0.898657	0.662297	-0.744715	-0.266676
848	0.438686	0.00219427	0.024561	0.898302	0.658599	-0.742881	-0.271274
849	0.43896	0.00154919	0.0244964	0.898171	0.645358	-0.7408	-0.268294
850	0.440257	0.000405161	0.0234453	0.897565	0.632398	-0.734708	-0.27356
851	0.439897	-0.0011043	0.0234721	0.897741	0.623433	-0.740301	-0.27918
852	0.439396	-0.00374335	0.0232424	0.897985	0.619189	-0.743468	-0.286563
853	0.438972	-0.00445169	0.0232538	0.898189	0.607772	-0.739861	-0.287471
854	0.438027	-0.00582349	0.0233129	0.898641	0.599897	-0.742898	-0.28831
855	0.438839	-0.00680096	0.0230709	0.898244	0.59462	-0.741288	-0.285971
856	0.438494	-0.00662585	0.0228136	0.89842	0.584978	-0.741758	-0.287541
857	0.438378	-0.00705097	0.0223284	0.898486	0.578427	-0.737126	-0.290236
858	0.43759	-0.00652406	0.0223935	0.898872	0.565209	-0.738066	-0.286238
859	0.437573	-0.00688553	0.0226888	0.89887	0.552304	-0.739317	-0.288128
860	0.437738	-0.00827712	0.0220218	0.898795	0.548077	-0.735726	-0.285272
861	0.437924	-0.00834557	0.0216288	0.898713	0.5397	-0.732148	-0.285491
862	0.437512	-0.00950364	0.0204603	0.89893	0.538803	-0.728952	-0.286472
863	0.437311	-0.00875226	0.0207729	0.899028	0.527317	-0.730829	-0.280447
864	0.438646	-0.00885857	0.0197049	0.8984	0.520974	-0.722629	-0.280611
865	0.438551	-0.00859767	0.0203733	0.898434	0.510483	-0.727842	-0.280232
866	0.439187	-0.00921042	0.0205102	0.898114	0.505529	-0.726647	-0.277866
867	0.439659	-0.00966774	0.0205524	0.897878	0.499613	-0.729382	-0.27498
868	0.440111	-0.0100536	0.0200893	0.897662	0.49316	-0.730132	-0.275009
869	0.44064	-0.0105963	0.0199088	0.897401	0.484915	-0.727387	-0.275651
870	0.440517	-0.0122372	0.0196465	0.897446	0.481023	-0.730604	-0.2784
871	0.440869	-0.0123556	0.0198542	0.897267	0.469164	-0.726863	-0.279272
872	0.439817	-0.0131776	0.0195007	0.897779	0.463381	-0.728707	-0.278998
873	0.440216	-0.0141626	0.0191692	0.897575	0.459122	-0.726605	-0.278369
874	0.439348	-0.0140474	0.0195364	0.897995	0.450484	-0.728621	-0.280914
