2.000000 0.0000000 0.0000000 0.0000000 0.0000000 0.0000000 0.0000000 1.0000000
12.000000 -0.0768581 0.0435836 0.0005456 0.0112387 -0.0022855 -0.0038273 0.9999269
20.000000 -0.1404759 0.1087141 -0.0031819 0.0512715 -0.0051532 -0.0024870 0.9986684
33.000000 -0.1703923 0.1807303 -0.0099255 0.1117656 -0.0055046 -0.0026913 0.9937157
41.000000 -0.1754188 0.2128549 0.0163123 0.1306256 -0.0037119 -0.0014364 0.9914238
108.000000 -0.3548460 0.3036599 0.2168465 0.3440308 0.0112231 0.0206612 0.9386639
127.000000 -0.3775093 0.3190521 0.3102093 0.3822408 0.0134969 0.0215025 0.9237139
137.000000 -0.3840400 0.3250087 0.3568062 0.3889022 0.0176799 0.0198840 0.9208947
156.000000 -0.4056966 0.3174970 0.4530616 0.3922095 0.0285201 0.0203189 0.9192091
234.000000 -0.2743832 0.3128529 0.5243799 0.3952643 0.0321271 0.0249791 0.9176655
243.000000 -0.2209751 0.3129693 0.5255544 0.3971136 0.0339291 0.0254935 0.9167877
252.000000 -0.1753517 0.3145592 0.5248333 0.3998901 0.0340911 0.0252485 0.9155808
270.000000 -0.0847172 0.3200013 0.5248320 0.4018526 0.0336142 0.0243713 0.9147626
376.000000 -0.0101828 0.3248105 0.5214921 0.4074376 0.0353424 0.0257923 0.9121843
386.000000 0.0616473 0.3308189 0.5197114 0.4089783 0.0326014 0.0235390 0.9116577
405.000000 0.1785446 0.3431454 0.5144819 0.4088087 0.0327429 0.0229896 0.9117427
426.000000 0.3298909 0.3590527 0.5056129 0.4136552 0.0342255 0.0229663 0.9095002
437.000000 0.4022278 0.3646183 0.5031228 0.4136383 0.0349960 0.0229378 0.9094793
450.000000 0.4661029 0.3716777 0.4993035 0.4166539 0.0342448 0.0219895 0.9081538
472.000000 0.6114874 0.3824649 0.4941339 0.4205694 0.0334480 0.0202004 0.9064185
484.000000 0.6817569 0.3893954 0.4903761 0.4196757 0.0320453 0.0190958 0.9069073
495.000000 0.7730997 0.3959899 0.4878232 0.4232084 0.0325218 0.0186600 0.9052562
518.000000 0.9131747 0.4063055 0.4824524 0.4249156 0.0345143 0.0191415 0.9043722
530.000000 0.9988201 0.4104305 0.4804643 0.4254460 0.0348358 0.0194073 0.9041048
552.000000 1.1908758 0.4184047 0.4788558 0.4298895 0.0359731 0.0194015 0.9019559
564.000000 1.2770392 0.4218290 0.4786727 0.4309330 0.0386310 0.0200802 0.9013330
574.000000 1.3416327 0.4236393 0.4786240 0.4314565 0.0399221 0.0211939 0.9010007
584.000000 1.4185021 0.4275968 0.4774130 0.4323508 0.0407427 0.0213402 0.9005317
594.000000 1.4944153 0.4318024 0.4759333 0.4335535 0.0418048 0.0218222 0.8998930
615.000000 1.6407034 0.4383041 0.4748044 0.4358141 0.0477713 0.0249930 0.8984205
628.000000 1.6544133 0.4352714 0.4810634 0.4234174 0.0498458 0.0269400 0.9041612
638.000000 1.6649947 0.4250892 0.4496620 0.4113696 0.0489012 0.0230856 0.9098631
649.000000 1.6741122 0.3817649 0.3328986 0.4163555 0.0495659 0.0238720 0.9075359
659.000000 1.6867234 0.3375112 0.2155460 0.4199706 0.0557530 0.0282339 0.9053834
678.000000 1.6956939 0.2312816 -0.0317442 0.4216295 0.0619739 0.0305626 0.9041315
686.000000 1.7060559 0.1549791 -0.1339299 0.4199160 0.0675672 0.0411097 0.9041102
694.000000 1.7180110 0.1126977 -0.2264414 0.4173454 0.0697353 0.0403564 0.9051691
703.000000 1.7084812 0.0658971 -0.3266583 0.4201430 0.0728501 0.0396034 0.9036616
719.000000 1.6672323 -0.0143032 -0.5242321 0.4168713 0.0776333 0.0351255 0.9049627
728.000000 1.6628342 -0.0560014 -0.6396252 0.4261773 0.0782250 0.0320110 0.9006826
755.000000 1.5248499 -0.1159582 -0.7861886 0.4379042 0.0742166 0.0402626 0.8950479
765.000000 1.4394040 -0.1210440 -0.7864434 0.4366087 0.0690666 0.0402629 0.8960924
776.000000 1.3176900 -0.1342081 -0.7831715 0.4362193 0.0597451 0.0390911 0.8970034
787.000000 1.2014025 -0.1471248 -0.7776849 0.4338165 0.0510129 0.0370520 0.8987926
801.000000 1.0803895 -0.1648921 -0.7731133 0.4339458 0.0387697 0.0342287 0.8994534
818.000000 0.9120311 -0.1727490 -0.7775055 0.4360864 0.0301798 0.0276170 0.8989745
833.000000 0.7745210 -0.1861873 -0.7677560 0.4360959 0.0166157 0.0248293 0.8994042
851.000000 0.6442760 -0.2041643 -0.7512553 0.4390702 -0.0034146 0.0230620 0.8981502
865.000000 0.5372580 -0.2118746 -0.7261183 0.4391870 -0.0092104 0.0205102 0.8981143
