0	1.61149e-43	0	-0.012461
1018708051	0.880229	1.75162e-43	0
3200372732	-0.165195	0.78792	1.76564e-43
0	-0.357719	-0.200386	0.89425
128	0	0.160572	0.127325
1058476610	1.8357e-43	0	-0.113642
1041642350	0.586347	1.86373e-43	0
1041568472	0.177862	0.523334	1.89175e-43
0	-0.0779419	0.0415619	0.83844
138	0	-0.0382845	0.0431218
1062824176	2.00386e-43	0	-0.133389
1028334880	0.77564	2.01787e-43	0
1044914123	0.0353059	0.865585	2.03188e-43
0	-0.084499	0.0644011	0.784711
148	0	-0.164733	0.168922
1056576968	2.10195e-43	0	0.290249
1031034061	0.784017	2.11596e-43	0
3183441995	0.0974882	0.785602	2.21405e-43
0	-0.138206	0.0797564	0.797747
162	0	0.209639	0.123476
1057703959	2.28412e-43	0	-0.162982
1041017724	0.560101	2.32616e-43	0
3201148734	-0.144717	0.835422	2.39622e-43
0	0.245083	0.0476014	0.768462
178	0	0.0294356	0.0326723
1063028489	2.50832e-43	0	0.0182876
1027252843	0.851124	2.53635e-43	0
3191033949	0.0505611	0.931679	2.56438e-43
0	0.317737	0.0825834	0.695143
185	0	0.125673	0.113404
1060303498	2.62043e-43	0	-0.0865978
1039405299	0.629408	2.70451e-43	0
3162407563	0.0828711	0.765592	2.74654e-43
0	0.0661045	0.153588	0.599897
197	0	-0.0868766	0.159077
1057839356	2.78858e-43	0	-0.0447099
1037563722	0.743034	2.81661e-43	0
3177355438	0.111498	0.663644	2.84464e-43
0	-0.143652	0.0531439	0.827315
208	0	-0.146405	0.122212
1060414225	2.94273e-43	0	0.204687
1037955313	0.623908	3.0268e-43	0
3184560832	0.153447	0.550555	3.08286e-43
0	0.165594	0.120253	0.728654
221	0	-0.16007	0.135183
1057789385	3.19496e-43	0	0.154488
1041174264	0.639033	3.20897e-43	0
1046366917	0.13051	0.573133	3.22299e-43
0	-0.136932	0.176717	0.529892
231	0	-0.0582496	0.110799
1059848515	3.25101e-43	0	0.0119714
1007127195	0.907967	3.26503e-43	0
1046637035	0.147966	0.533531	3.32108e-43
0	0.0454145	0.046864	0.814815
238	0	-0.42984	-0.0214633
1062960556	3.3491e-43	0	0.352902
1035196378	0.711544	3.39114e-43	0
3186585453	0.150301	0.587162	3.44719e-43
0	0.30971	0.0381768	0.847454
247	0	-0.0767054	0.041822
1062889568	3.47522e-43	0	0.231139
1042076072	0.528041	3.51726e-43	0
1032219418	0.155103	0.601416	3.57331e-43
0	0.316915	0.0327227	0.595188
257	0	0.133355	0.120612
1060034608	3.61535e-43	0	0.159487
1040234155	0.579017	3.64338e-43	0
1042832961	0.120913	0.725286	3.65739e-43
0	0.234708	0.155501	0.693683
262	0	-0.163047	0.136541
1057795680	3.68541e-43	0	-0.190187
3154378040	1.09966	3.72745e-43	0
1046965678	-0.120942	1.10634	3.75548e-43
0	-0.0972054	0.0855238	0.753242
269	0	-0.0340358	0.0650086
1061220454	3.79752e-43	0	0.276574
1041193293	0.530704	3.82554e-43	0
3185769220	0.137076	0.554893	3.83956e-43
0	-0.175899	0.0494944	0.933962
275	0	0.0194698	0.0449545
1062784172	3.92364e-43	0	0.018927
1017381995	0.897209	3.97969e-43	0
3183195681	0.165964	0.508594	4.25995e-43
0	-0.0554178	0.0766025	0.752796
311	0	-0.0402797	0.0448652
1063286104	4.38606e-43	0	-0.117774
3195286366	1.23939	4.41409e-43	0
3203389358	-0.0126152	1.11653	4.4281e-43
0	-0.0599142	-0.0857168	1.4099
318	0	-0.571294	-0.368117
1067116914	4.47014e-43	0	-0.0385103
1032214794	0.772081	4.48416e-43	0
3178848134	0.0174053	0.965197	4.49817e-43
0	0.0414372	-0.0880025	1.17894
322	0	-0.514561	0.0150331
1065252954	4.52619e-43	0	-0.505852
3195198855	0.865519	4.54021e-43	0
3204485878	-0.32261	1.16665	4.55422e-43
0	-0.397481	-0.110921	0.832662
332	0	0.272989	0.0136495
1062774489	4.66632e-43	0	-0.121039
3197859588	1.2397	4.69435e-43	0
3204624001	0.0143481	0.986969	4.70836e-43
0	-0.162127	0.0476483	0.872481
338	0	0.379708	-0.246625
1063891805	4.79244e-43	0	-0.50566
3198616740	1.18408	4.80645e-43	0
3203487430	-0.0138566	1.12667	4.83448e-43
0	-0.195341	-0.0132754	1.07781
346	0	-0.395168	-0.190357
1068731677	4.09179e-43	0	-0.0404794
1043869886	0.498729	4.13383e-43	0
3200122933	-0.167242	0.774598	4.14784e-43
0	0.317462	-0.00662997	1.15661
301	0	0.377132	0.0425564
1062847621	4.23192e-43	0	0.258118
1032326759	0.716624	4.24593e-43	0
1043363029	-0.0556558	1.07301	4.90454e-43
0	0.354458	0.0505553	0.754751
354	0	0.375817	-0.0260609
1065632887	5.00264e-43	0	-0.189644
3155403106	1.09905	5.05869e-43	0
1046367407	0.081476	0.768851	5.31092e-43
0	0.446437	0.0356936	0.855416
380	0	0.471313	0.0727819
1061819520	5.33895e-43	0	-0.19537
3185321074	1.33614	5.395e-43	0
1036273222	0.002178	0.822116	5.42303e-43
0	0.200057	-0.0710833	1.16265
388	0	-0.057689	-0.0845708
1068582247	5.5071e-43	0	-0.342033
3185221630	1.24347	5.53513e-43	0
1049871724	-0.0627239	1.25606	5.59118e-43
0	0.442879	0.0480495	0.83334
401	0	0.496635	-0.259448
1065023221	5.64723e-43	0	0.480757
1028629089	0.832102	5.67526e-43	0
1042522771	-0.304055	1.18369	5.70328e-43
0	-0.195514	-0.254039	1.31506
408	0	-0.196861	-0.0935289
1068308421	5.73131e-43	0	-0.358678
3181646215	1.3158	5.77335e-43	0
1056040848	-0.280792	1.01679	5.78736e-43
0	0.132098	0.0635274	0.780378
362	0	-0.117668	0.150664
1058457232	5.21283e-43	0	0.219526
1041679112	0.532077	5.80138e-43	0
3199448930	-0.256675	1.24707	5.85743e-43
0	0.36166	-0.311792	1.10254
419	0	0.329623	-0.304446
1066302409	5.88545e-43	0	0.361526
1035504948	0.734902	5.92749e-43	0
1042529957	-0.308255	1.20374	5.94151e-43
0	0.196121	-0.0686888	1.18253
426	0	0.288909	-0.0633171
1067564368	5.98354e-43	0	0.236387
3186668855	1.11129	5.99756e-43	0
3172518870	0.165377	0.563313	6.12367e-43
0	-0.486167	-0.0488443	1.41264
438	0	0.393132	-0.019693
1066491380	6.16571e-43	0	-0.0796408
1040105736	0.592802	6.19374e-43	0
3192650897	-0.109617	1.36124	6.22177e-43
0	-0.19664	-0.256577	1.33002
446	0	0.493505	-0.258337
1064912468	6.2638e-43	0	-0.123645
3195941059	1.26692	6.27782e-43	0
1057324688	-0.254522	0.962986	6.29183e-43
0	0.383057	-0.0192267	1.10573
451	0	-0.438652	-0.0200383
1065681160	6.34788e-43	0	-0.193325
3198546508	1.31209	6.37591e-43	0
1051575379	0.0190517	1.06284	6.38992e-43
0	-0.396923	-0.221695	0.812624
460	0	-0.198635	-0.109163
1068295248	6.45999e-43	0	0.380761
3164468569	1.10847	6.474e-43	0
3182887424	0.123946	0.632349	6.48801e-43
0	0.0243536	-0.11638	1.62022
464	0	0.0946404	-0.0710057
1066604168	6.5861e-43	0	0.390974
1035632530	0.727718	6.83834e-43	0
1056403684	0.0717279	0.760334	6.86636e-43
0	0.0945548	-0.0789111	1.13078
493	0	0.361001	-0.31264
1066239876	7.02051e-43	0	-0.388618
3192010354	1.38676	7.03452e-43	0
1056563407	-0.00316322	1.17106	7.16064e-43
0	-0.0117775	0.169733	0.673733
513	0	-0.565683	-0.0283489
1070335024	7.21669e-43	0	-0.172262
3196663258	1.2124	7.24471e-43	0
3206001863	-0.391543	1.22612	7.37083e-43
0	0.635381	-0.137678	1.05374
538	0	0.0366753	-0.0696031
1066361270	7.59504e-43	0	-0.360021
3176099324	1.32325	7.60905e-43	0
1048155337	-0.0415986	1.13552	7.6651e-43
0	-0.191735	-0.0894707	1.32479
549	0	0.193777	-0.0662088
1066585328	7.76319e-43	0	0.0487687
1018364649	0.891041	7.94536e-43	0
1030655935	0.0586082	0.797239	7.97339e-43
0	0.393309	-0.324577	1.03034
576	0	0.418624	0.0565136
1061729282	8.18358e-43	0	-0.52479
3198824529	1.15216	8.22562e-43	0
3202107181	0.0530516	0.90642	8.26766e-43
0	-0.397987	0.0593538	0.802678
591	0	-0.00455932	0.153956
1057995668	8.32371e-43	0	0.373932
1026326447	0.839523	8.33773e-43	0
3188141276	0.0711667	0.795272	8.36575e-43
0	-0.100328	-0.139793	1.5967
604	0	-0.25754	-0.246708
1068078871	8.47786e-43	0	0.0422545
3182804592	1.23817	7.83326e-43	0
1044395302	-0.0674798	1.14465	7.90332e-43
0	0.640143	-0.0674062	1.08925
565	0	-0.387757	0.0575464
1061690807	8.50588e-43	0	0.209547
3182963473	1.11914	8.51989e-43	0
3204583048	-0.112923	1.38825	8.57595e-43
0	-0.586595	-0.423057	1.66735
614	0	-0.00178456	0.150795
1057611773	8.66002e-43	0	-0.169668
1042289778	0.507415	8.70206e-43	0
1016548574	0.0692883	0.792297	8.73009e-43
0	-0.243033	-0.241816	1.26986
626	0	-0.0666903	0.11582
1060546847	8.91226e-43	0	-0.10864
1041645248	0.565157	8.96831e-43	0
3180882400	0.0934272	0.745076	8.99634e-43
0	-0.629301	-0.461982	1.83223
646	0	-0.631085	-0.262103
1072825304	9.08041e-43	0	0.407797
1030223513	0.805707	9.09443e-43	0
3206477914	-0.334771	1.83783	9.15048e-43
0	-0.307652	-0.153131	1.25796
656	0	0.494335	-0.299943
1064162218	9.20653e-43	0	0.492996
3198334661	0.97749	9.23456e-43	0
1059425085	-0.226211	1.03626	9.29061e-43
0	-0.664791	-0.484806	1.93118
666	0	-0.620859	-0.336309
1072386274	9.36067e-43	0	-0.0760454
1026013565	0.834631	9.37469e-43	0
1059093010	-0.0254353	1.08453	9.48679e-43
0	-0.251988	-0.185876	1.34074
679	0	-0.0874332	0.0618309
1061992919	9.52883e-43	0	-0.280278
3189340068	1.18897	9.58488e-43	0
1038753221	-0.109019	1.14741	9.59889e-43
0	-0.0979833	-0.293882	1.2141
686	0	-0.192108	-0.249447
1067940423	9.62692e-43	0	0.442535
3196711070	0.970113	9.711e-43	0
3179250108	0.147733	0.636347	9.76705e-43
0	-0.123996	0.156523	0.546389
700	0	-0.151738	0.124547
1060732503	9.8231e-43	0	-0.133315
1032975595	0.799732	9.83712e-43	0
1041628595	0.180679	0.530172	9.94922e-43
0	-0.138624	0.0746872	0.820488
721	0	0.0740603	0.0598925
1061799916	1.01174e-42	0	-0.163104
3196558149	1.21254	1.02155e-42	0
3198518932	-0.211385	1.29578	1.02575e-42
0	-0.796382	-0.237811	1.80412
735	0	0.24236	-0.0810375
1066517982	1.03136e-42	0	-0.00975871
1026388548	0.829553	1.03276e-42	0
1040634309	0.119856	0.68513	1.04957e-42
0	-0.281887	-0.308122	1.17351
750	0	0.235898	-0.130875
1067177139	1.06078e-42	0	-0.0524173
3181522698	1.35653	1.06359e-42	0
3206938456	-0.400397	1.90792	1.06639e-42
0	-0.777215	-0.369418	1.71606
763	0	-0.069641	0.0292764
1062903115	1.0762e-42	0	0.202137
1043163841	0.469798	1.0776e-42	0
3187962398	0.079679	0.784056	1.08461e-42
0	0.168136	0.0681819	0.809616
775	0	0.04861	0.0458088
1062501670	1.09722e-42	0	-0.146028
1043165854	0.522839	1.10282e-42	0
1048077567	0.111473	0.547268	1.10703e-42
0	-0.0738211	0.030376	0.867309
794	0	0.291247	0.0526636
1062272453	1.11403e-42	0	0.0938274
1025158128	0.800941	1.12524e-42	0
3173837975	0.108093	0.763629	1.12664e-42
0	-0.00853835	0.152295	0.602479
808	0	-0.409232	-0.104825
1062823647	1.13505e-42	0	-0.0104864
1042345246	0.581962	1.13645e-42	0
3183387103	0.167391	0.513979	1.14906e-42
0	0.503096	-0.262074	0.991286
826	0	0.316907	0.049507
1062186469	1.16728e-42	0	0.213282
3191010884	1.11922	1.17289e-42	0
3187877794	0.165873	0.498398	1.1897e-42
0	-0.0992144	0.0870795	0.764626
851	0	0.637294	-0.17815
1065491263	1.19391e-42	0	0.232141
3187919312	1.14811	1.19811e-42	0
3195881053	-0.201149	1.32355	1.14066e-42
0	0.0769492	-0.0420397	1.10184
817	0	-0.498242	-0.110551
1068401134	1.21913e-42	0	0.231287
3187800295	1.13423	1.22053e-42	0
1056240180	0.0503468	0.829467	1.23034e-42
0	-0.0538996	0.0956757	0.75678
879	0	-0.627506	-0.261034
1072826087	1.23454e-42	0	-0.301757
3197736470	1.26828	1.24716e-42	0
1052362407	0.0519112	0.798976	1.25556e-42
0	0.21858	0.0602189	0.851233
897	0	-0.0797143	-0.00180356
1064370468	1.25837e-42	0	-0.0594747
1038985473	0.698383	1.26397e-42	0
3198262804	-0.0217156	1.22255	1.26818e-42
0	0.163813	0.0331508	0.854934
911	0	-0.13301	0.0814232
1062034329	1.28079e-42	0	-0.545807
1003930364	1.04768	1.28219e-42	0
3201294977	-0.0594278	0.834477	1.2906e-42
0	-0.19532	-0.01544	1.08741
927	0	-0.113665	0.150534
1058312614	1.30181e-42	0	0.149446
1003047595	1.01565	1.30321e-42	0
1049743889	0.0821028	0.711174	1.31021e-42
0	-0.0176699	0.0654659	0.771348
940	0	0.252857	0.0719393
1061847825	1.32283e-42	0	-0.167613
1042161915	0.500999	1.32423e-42	0
1042208055	0.141168	0.64184	1.32563e-42
0	-0.0118579	0.0440895	0.830395
947	0	0.0179713	0.0454006
1062487986	1.34665e-42	0	0.626955
3167644323	1.08341	1.34945e-42	0
3192804032	-0.0163362	1.10728	1.35786e-42
0	0.380481	0.0884751	0.709087
978	0	0.366368	0.0524481
1062054591	1.37327e-42	0	-0.611031
3197071748	1.88411	1.37608e-42	0
1055553185	0.00888874	1.06134	1.38869e-42
0	0.346793	-0.295192	1.0416
992	0	0.321773	-0.0087277
1066455288	1.39289e-42	0	-0.417344
3194835010	0.855482	1.39429e-42	0
3201718436	-0.0386544	1.19808	1.4083e-42
0	-0.170107	-0.264465	1.20003
1009	0	0.105295	-0.0261297
1062683761	1.41671e-42	0	-0.00485816
1042480370	0.578203	1.41811e-42	0
3197051421	-0.306594	1.16582	1.42092e-42
0	0.149141	-0.126623	1.01405
1018	0	0.351385	0.0867275
1060491725	1.42932e-42	0	-0.0103972
1026470634	0.826051	1.43353e-42	0
1047283841	-0.177401	1.05314	1.45455e-42
0	0.0018087	0.0199978	0.94845
1042	0	0.405312	0.0440913
1062731129	1.46436e-42	0	-0.394
3194008773	0.804111	1.47417e-42	0
1038769493	0.112158	0.704593	1.49378e-42
0	-0.054327	0.0642646	0.776995
1073	0	-0.216139	-0.153407
1070666191	1.5092e-42	0	-0.0660249
1035953731	0.75606	1.5134e-42	0
1048831580	0.113341	0.562848	1.52601e-42
0	-0.611511	-0.444642	1.75017
1098	0	-0.806411	-0.277152
1072140024	1.54143e-42	0	-0.0741848
1035814679	0.738986	1.54703e-42	0
1058801292	-0.321498	0.995233	1.55264e-42
0	0.28935	-0.0378179	1.12913
1111	0	0.285863	0.0520264
1061990314	1.64092e-42	0	0.00158839
1023624972	0.865848	1.56105e-42	0
3192525591	-0.326296	1.32593	1.56245e-42
0	-0.0513811	-0.182074	1.41868
1119	0	0.515458	0.0638909
1062555326	1.57086e-42	0	0.206905
3189441451	1.13172	1.57226e-42	0
3180854549	-0.0896604	1.38259	1.58627e-42
0	0.213695	0.0458985	0.870415
1133	0	0.149959	0.00571434
1065442303	1.59328e-42	0	0.428531
3198298176	1.06088	1.59468e-42	0
1053537780	-0.32077	1.07111	1.60028e-42
0	0.211935	-0.0891552	1.13054
1143	0	-0.243079	-0.296623
1066455785	1.60589e-42	0	0.432133
3197757469	1.03814	1.60729e-42	0
1058646580	-0.31737	0.980739	1.6143e-42
0	0.501004	0.0758484	0.785697
1158	0	-0.374985	-0.254601
1068306013	1.6241e-42	0	0.656267
3188713374	1.09308	1.62831e-42	0
3191881248	-0.287258	1.28688	1.63251e-42
0	0.442181	0.0611403	0.810864
1174	0	0.403093	0.0556463
1062230580	1.64793e-42	0	-0.274067
3194238297	1.18828	1.65073e-42	0
3184767440	0.127241	0.604951	1.65213e-42
0	0.354255	-0.372711	1.12913
1180	0	0.413245	0.0911469
1060631610	1.65493e-42	0	0.309476
1025145571	0.852611	1.65774e-42	0
1045825628	-0.114129	1.07338	1.65914e-42
0	0.0209037	0.084696	0.748662
1185	0	-0.220022	-0.27125
1065669639	1.66334e-42	0	0.28671
1036281914	0.727997	1.66474e-42	0
3194066325	-0.333237	1.47778	1.67455e-42
0	0.518053	-0.331693	0.973666
1213	0	0.64402	-0.168018
1064825980	1.71519e-42	0	0.076885
1027782712	0.826925	1.7222e-42	0
1057552377	0.0418948	0.86784	1.725e-42
0	0.411121	-0.338878	1.07488
1234	0	0.555544	-0.305362
1064393315	1.732e-42	0	0.408326
1030203454	0.807307	1.74041e-42	0
1054926471	-0.306501	1.05867	1.74742e-42
0	-0.0722016	0.0918894	0.731324
1249	0	0.0753688	0.0504897
1062672659	1.75302e-42	0	0.432341
1027691186	0.815262	1.76423e-42	0
1050894224	-0.0961188	1.00309	1.76984e-42
0	-0.0530671	0.0955898	0.746889
1266	0	0.619517	-0.135792
1065572783	1.78525e-42	0	-0.61789
3202835268	1.79235	1.79086e-42	0
3209176420	-0.272554	1.76162	1.79366e-42
0	-0.788561	-0.373349	1.75495
1283	0	-0.241906	-0.236833
1067757079	1.80487e-42	0	0.614312
3173980080	1.21621	1.80768e-42	0
3197496899	-0.156043	1.23878	1.81328e-42
0	0.481226	-0.00253262	1.17501
1300	0	0.469437	0.0728941
1061765543	1.82869e-42	0	0.56985
1026959696	0.853621	1.8301e-42	0
1058165772	-0.301123	0.930617	1.8385e-42
0	0.172573	0.0710341	0.843434
1322	0	0.646396	-0.225676
1065669357	1.85392e-42	0	0.206807
1034008682	0.750019	1.85672e-42	0
1047408581	0.153212	0.528903	1.86793e-42
0	-0.0955617	-0.141766	1.61836
1340	0	0.393055	-0.316911
1065849942	1.88194e-42	0	-0.0649731
3188931614	1.44283	1.89175e-42	0
1027122350	0.0587008	0.795255	1.89736e-42
0	-0.286417	-0.230946	1.23392
1357	0	0.551114	-0.282337
1065928455	1.90296e-42	0	0.0388104
3179843336	1.1255	1.90857e-42	0
3206489798	-0.376443	1.82129	1.91978e-42
0	0.487921	-0.00340709	1.07682
1378	0	0.395221	-0.300041
1065944470	1.9394e-42	0	-0.164442
1041064141	0.562643	1.94921e-42	0
3181442506	0.124503	0.626438	1.96882e-42
0	0.405287	0.056826	0.803818
1407	0	-0.249584	-0.20848
1068212990	1.97863e-42	0	-0.821904
3195570586	1.84649	1.99125e-42	0
1046128408	0.0457083	0.864949	1.99545e-42
0	-0.138921	-0.215116	1.23565
1434	0	-0.0393456	0.0436055
1062817767	2.02067e-42	0	-0.377966
3182175012	1.37008	2.03328e-42	0
3181392277	0.0314436	0.887106	2.03609e-42
0	0.408687	-0.296446	1.06164
1457	0	0.514712	-0.319638
1065015894	2.0487e-42	0	0.450937
1036125146	0.717373	2.06832e-42	0
1035377259	0.0363622	0.842421	2.09074e-42
0	0.142147	-0.0292229	1.03145
1497	0	0.078162	0.0477732
1062520518	2.10195e-42	0	0.00535103
1026640506	0.818187	2.10335e-42	0
1030704695	0.0349831	0.850748	2.10475e-42
0	0.58032	0.0453924	0.875973
1514	0	-0.0103889	-0.198894
1069407649	2.12297e-42	0	-0.243868
3190544079	1.32056	2.12717e-42	0
1053478316	-0.298415	1.06689	2.12997e-42
0	0.439192	0.0599165	0.801778
1526	0	0.623078	-0.126434
1065324750	2.14118e-42	0	-0.0458037
1004821433	0.922711	2.14679e-42	0
1055774453	-0.256212	0.935173	2.15099e-42
0	0.0155125	0.0560476	0.791409
1546	0	-0.520518	-0.114208
1068912193	2.18322e-42	0	0.580954
3172825968	1.12678	2.18743e-42	0
1040194118	0.112503	0.700137	2.19864e-42
0	-0.758678	-0.248569	2.07704
1582	0	-0.00827151	0.152695
1058747739	2.22526e-42	0	-0.639993
3193540336	1.77313	2.23087e-42	0
3192211755	-0.251342	1.31538	2.24488e-42
0	-0.0417122	0.0210808	0.879872
1605	0	0.131391	0.120354
1060121929	2.25469e-42	0	0.429573
1030692123	0.807104	2.25609e-42	0
1059449373	-0.161274	0.977269	2.2659e-42
0	-0.00107136	0.0564511	0.805495
1618	0	0.424232	0.0577884
1061884987	2.2701e-42	0	0.621078
3167653228	1.07878	2.2715e-42	0
3171780612	0.0653476	0.755437	2.27991e-42
0	-0.127867	0.139338	0.624541
1628	0	-0.0371754	0.0656194
1061495028	2.28552e-42	0	-0.0798049
1040340054	0.613044	2.29673e-42	0
1042387065	-0.125421	1.05971	2.30794e-42
0	0.440663	0.0609076	0.808116
1655	0	0.209015	-0.0880218
1066300642	2.33176e-42	0	0.487965
3196723536	0.982491	2.33596e-42	0
1052037903	-0.350578	1.12466	2.34577e-42
0	0.530848	-0.25891	0.980461
1677	0	0.549888	-0.281054
1064670279	2.35839e-42	0	-0.833889
3200893067	1.84618	2.3724e-42	0
3209465516	-0.381059	1.77347	2.39622e-42
0	-0.117577	-0.143681	1.66032
1711	0	0.0450625	-0.0598334
1066884572	2.40042e-42	0	0.481664
1028577299	0.834062	2.40323e-42	0
1041969244	0.180631	0.516286	2.40883e-42
0	0.54378	-0.0447496	1.13322
1728	0	-0.0713994	0.0100398
1063871564	2.43686e-42	0	0.427191
3198211319	1.05336	2.44667e-42	0
3181312048	0.0313671	0.88654	2.44807e-42
0	0.0276865	0.0860324	0.762099
1764	0	-0.140775	0.0659955
1062324368	2.4789e-42	0	0.199941
3180435573	1.17125	2.4817e-42	0
1058253538	0.0920972	0.754333	2.4831e-42
0	0.333658	0.0193513	1.05451
1775	0	0.381699	-0.30674
1066113472	2.50552e-42	0	0.0393368
3181490660	1.13385	2.50832e-42	0
1051529378	-0.300182	1.10018	2.51533e-42
0	0.733451	-0.00119805	1.03369
1800	0	-0.00634467	-0.165409
1068808044	2.52934e-42	0	-0.0623885
3159876690	1.30482	2.53075e-42	0
1057125816	0.102678	0.690045	2.53215e-42
0	0.74311	-0.00263291	1.05516
1808	0	-0.0924481	-0.138104
1070144845	2.55036e-42	0	0.406787
1026843780	0.814079	2.55317e-42	0
1058896012	-0.329407	0.969932	2.56858e-42
0	0.25769	-0.054752	1.14419
1838	0	-0.0540105	0.122872
1059707928	2.57839e-42	0	-0.0795216
1028810658	0.81434	2.58259e-42	0
1043376143	-0.0583272	1.09112	2.60501e-42
0	-0.131261	0.0807309	0.754133
1868	0	0.16287	0.122012
1060024553	2.61903e-42	0	0.50633
1041682120	0.613447	2.62043e-42	0
1053107365	0.0551132	0.817379	2.62183e-42
0	0.468026	0.172239	0.550733
1873	0	0.392	0.17823
1057314528	2.64145e-42	0	-0.068945
1039794988	0.719687	2.65126e-42	0
1042507215	0.148502	0.608693	2.66807e-42
0	0.0404955	0.0099499	0.908033
1911	0	0.0929531	-0.06931
1066412476	2.68068e-42	0	-0.147141
1043205062	0.524944	2.68349e-42	0
3205923802	-0.220522	1.76414	2.68629e-42
0	-0.160801	0.135105	0.546728
1918	0	0.502007	-0.0103012
1066677533	2.69049e-42	0	-0.193568
3188185806	1.47206	2.6989e-42	0
3192155277	-0.254027	1.30085	2.7017e-42
0	0.741938	-0.205439	0.977863
1946	0	-0.0542525	-0.0812132
1068753457	2.72833e-42	0	0.573115
3197489584	1.00151	2.74234e-42	0
3193791411	-0.154151	1.6327	2.74654e-42
0	0.694945	-0.15794	1.00381
1963	0	0.647441	-0.100972
1065436238	2.75355e-42	0	0.640721
3179879414	1.09097	2.76196e-42	0
1057055461	-0.0125805	1.16357	2.76476e-42
0	-0.402985	-0.191431	1.42578
1976	0	0.199724	0.166889
1056358338	2.77177e-42	0	0.322399
3163015114	1.1246	2.77317e-42	0
3208708242	-0.224685	1.70912	2.77457e-42
0	0.0178562	0.0242622	0.865968
1987	0	-0.0405337	0.106816
1061152741	2.78718e-42	0	0.333843
3199480349	1.12671	2.79139e-42	0
3177025448	-0.18602	1.45224	2.79279e-42
0	-0.0411259	0.0208209	0.88212
1996	0	-0.19992	-0.329016
1068166379	2.8068e-42	0	0.486926
3140673968	1.17139	2.82502e-42	0
1050079209	-0.0402142	1.17508	2.82782e-42
0	0.53423	-0.29032	0.964849
2041	0	0.574437	-0.0651086
1065818603	2.86425e-42	0	0.757478
3130578402	1.07756	2.86846e-42	0
1055836465	0.152867	0.611984	2.88247e-42
0	0.394391	0.0797189	0.768781
2070	0	0.524204	0.153678
1058874637	2.90349e-42	0	0.103905
1031308912	0.771407	2.90629e-42	0
1055908120	0.173	0.553536	2.9189e-42
0	0.324871	-0.361575	1.07863
2085	0	0.572119	-0.0633987
1065827175	2.92311e-42	0	0.140711
3197349669	1.19969	2.92731e-42	0
1051245712	0.0850192	0.720792	2.93012e-42
0	-0.300284	-0.172412	1.25936
2099	0	0.587678	-0.0691737
1065895132	2.95113e-42	0	0.779076
3161174363	1.02946	2.95674e-42	0
1035619931	-0.0821664	1.13939	2.96515e-42
0	-0.00535833	-0.144845	1.519
2119	0	-0.400369	-0.0197351
1066580863	3.01279e-42	0	-0.694517
3191376165	1.76019	3.01559e-42	0
1051881537	-0.364886	1.10504	3.0212e-42
0	-0.100845	-0.295676	1.21099
2158	0	0.419256	-0.269476
1065368486	3.03101e-42	0	-0.100301
3197551694	1.20931	3.03381e-42	0
1051568595	-0.349575	1.13702	3.04642e-42
0	0.588055	-0.0674201	1.07693
2178	0	0.327632	-0.3018
1066177533	3.05483e-42	0	-0.448757
3189440328	1.55133	3.06044e-42	0
1062574003	0.0127018	1.02226	3.06464e-42
0	0.206053	0.127687	0.561848
2192	0	0.127631	-0.0403354
1066116298	3.08146e-42	0	0.396089
3164362120	1.13413	3.09126e-42	0
1056374020	0.0843424	0.734831	3.09547e-42
0	0.73915	0.00455721	1.00274
2215	0	0.0280849	0.0859107
1061285859	3.11228e-42	0	0.439835
1041447572	0.566327	3.11369e-42	0
1056204797	-0.286949	1.03077	3.13751e-42
0	-0.248641	-0.265786	1.27845
2243	0	0.20801	0.10729
1058884345	3.14451e-42	0	0.480656
1043093075	0.531909	3.14872e-42	0
1042813035	0.0326775	0.85257	3.15012e-42
0	-0.00498939	0.00253792	0.980402
2251	0	0.510865	0.1031
1060212957	3.15572e-42	0	0.482425
1043160754	0.535314	3.16273e-42	0
1027141248	-0.0488867	1.00251	3.16553e-42
0	0.192476	-0.0661567	1.10593
2260	0	0.0953122	0.073336
1060955256	3.18936e-42	0	0.206033
1040543645	0.567111	3.19076e-42	0
1060010569	0.104994	0.908321	3.19636e-42
0	-0.0628014	-0.0866479	1.42318
2291	0	-0.0384285	0.0652144
1061421596	3.21878e-42	0	0.527328
3196317953	0.97359	3.22719e-42	0
1055644513	0.154426	0.602986	3.22999e-42
0	0.211352	0.167986	0.458204
2306	0	0.36019	0.0897769
1061025296	3.2384e-42	0	-0.0460714
1007126031	0.79117	3.24401e-42	0
1055685852	0.154647	0.604958	3.25942e-42
0	0.226385	-0.122759	1.09489
2329	0	0.489454	-0.00220335
1066792570	3.26503e-42	0	-0.711716
3200340375	2.07464	3.31547e-42	0
1042130792	0.140457	0.646339	3.31968e-42
0	0.102355	0.0017553	0.793778
2376	0	0.438343	-0.0123661
1066704004	3.3421e-42	0	0.527545
3196397898	0.982321	3.36592e-42	0
1058115481	0.0825688	0.654958	3.37152e-42
0	0.488949	0.169387	0.527481
2407	0	0.741701	-0.178661
1063191699	3.37433e-42	0	0.716153
3193421612	0.846083	3.37853e-42	0
1056104243	-0.262158	0.985255	3.37993e-42
0	0.102063	0.0879328	0.737551
2413	0	0.172949	-0.0823493
1066127496	3.39394e-42	0	0.317796
3155902217	1.11027	3.39675e-42	0
3180169306	0.132479	0.71966	3.39955e-42
0	0.688813	-0.200841	0.80465
2428	0	0.733791	-0.175666
1063068671	3.40516e-42	0	-0.209603
3188368000	1.57917	3.41777e-42	0
1060968247	-0.0125463	0.945727	3.43038e-42
0	0.763934	-0.211355	1.00979
2450	0	-0.0408245	0.103807
1061167196	3.43458e-42	0	0.462761
3197168297	1.023	3.44159e-42	0
1033677571	0.0274307	0.858084	3.44579e-42
0	-0.26148	-0.228797	1.40815
2464	0	0.747126	0.0112356
1063743375	3.4556e-42	0	0.566426
1026910479	0.851979	3.48503e-42	0
3180958163	0.0106137	0.922845	3.49063e-42
0	0.137302	0.0505637	0.810156
2495	0	0.124734	-0.0996342
1066057098	3.50044e-42	0	0.659206
3193210797	0.962024	3.52146e-42	0
1057167122	0.148978	0.550229	3.53407e-42
0	0.124552	-0.0984072	1.07412
2524	0	0.145373	0.0640167
1061973773	3.53828e-42	0	0.434756
1044215332	0.526209	3.54949e-42	0
1056891298	0.126117	0.61593	3.5593e-42
0	0.77834	-0.0155809	1.02374
2541	0	0.019636	0.0230926
1063285545	3.5635e-42	0	-0.101755
1032117544	0.869945	3.5649e-42	0
1053219193	-0.0191506	1.14578	3.5663e-42
0	0.534982	0.146337	0.622866
2546	0	0.0364214	-0.0717228
1066197587	3.57191e-42	0	0.516619
1033446639	0.765315	3.57892e-42	0
1060658882	-0.212131	0.852502	3.59293e-42
0	0.177362	-0.0571227	1.06768
2568	0	0.505889	0.161938
1057608260	3.60694e-42	0	-0.0825968
1030949606	0.785119	3.61955e-42	0
1042531525	0.15112	0.608784	3.65178e-42
0	0.671091	-0.0920691	0.998804
2608	0	0.579689	0.0847377
1059897040	3.66299e-42	0	-0.0746571
1009888803	0.943216	3.68121e-42	0
1047444414	0.151311	0.522711	3.68682e-42
0	-0.086521	0.119675	0.628204
2636	0	0.404992	0.0442885
1062638516	3.70083e-42	0	0.281868
3179320407	1.24404	3.70223e-42	0
1056301833	0.176085	0.529642	3.70503e-42
0	0.158064	0.149999	0.652935
2647	0	0.391688	0.178017
1057269137	3.71064e-42	0	0.514637
1041905085	0.554196	3.71484e-42	0
1043464830	0.0752357	0.780463	3.71905e-42
0	0.585071	-0.139919	0.587659
2657	0	0.158169	0.149377
1059493680	3.76389e-42	0	0.203143
1043184545	0.477329	3.76669e-42	0
3180814758	0.0103183	0.925021	3.7737e-42
0	0.544077	0.185863	0.532472
2695	0	0.539845	0.178626
1057710230	3.81293e-42	0	0.590998
3179807894	1.09861	3.81433e-42	0
1057404532	0.16265	0.550529	3.81714e-42
0	0.656139	0.00795573	0.775093
2727	0	0.357359	0.0866441
1060499462	3.82835e-42	0	0.547581
1044335033	0.539109	3.85357e-42	0
1057338175	0.17602	0.49838	3.85497e-42
0	0.576595	0.166326	0.522494
2753	0	0.536407	0.170428
1058053187	3.85918e-42	0	0.471275
1042653433	0.515019	3.86058e-42	0
3181450369	0.130917	0.755763	3.86899e-42
0	0.583954	0.0930983	0.765788
2789	0	0.7605	-0.183837
1063643246	3.91803e-42	0	0.756778
3144475697	1.08727	3.92644e-42	0
1051616545	0.0274435	0.871554	3.92924e-42
0	0.0334366	0.0209548	0.89013
2817	0	0.441225	-0.286664
1065613813	3.95727e-42	0	0.743632
3191300879	0.878181	3.9881e-42	0
1038086629	0.048396	0.808735	3.9895e-42
0	0.167458	0.0518653	0.796563
2848	0	0.094527	-0.079177
1066160653	3.99931e-42	0	0.532835
1042395968	0.631121	4.00351e-42	0
1039981052	-0.103612	1.13281	4.00491e-42
0	0.0160884	0.0572694	0.79511
2862	0	0.610233	-0.131534
1065426633	4.01332e-42	0	0.148827
1044068903	0.530483	3.97548e-42	0
1040855789	0.0512741	0.817384	3.98109e-42
0	0.166003	0.0496202	0.743961
2870	0	0.317799	-0.0227605
1065921558	4.03154e-42	0	-0.233417
3188887891	1.68097	4.04134e-42	0
1057061218	0.170158	0.539231	4.05256e-42
0	0.642868	-0.0645171	1.11026
2893	0	0.589551	-0.0415846
1066759525	4.06937e-42	0	0.0599685
1032410265	0.778821	4.07498e-42	0
1062152203	-0.0150912	1.07255	4.07778e-42
0	0.475106	0.1644	0.52202
2916	0	0.118263	0.0606129
1061578526	4.09039e-42	0	0.625906
3189556282	0.93932	4.096e-42	0
1057214235	-0.277444	0.968648	4.103e-42
0	-0.247024	-0.182283	1.31947
2929	0	0.443207	0.184727
1057417307	4.10721e-42	0	-0.265215
3196169546	1.36133	4.11281e-42	0
1057016963	0.146371	0.614018	4.11982e-42
0	0.484138	0.00884449	1.19393
2951	0	0.638194	-0.16488
1064532333	4.13803e-42	0	-0.212657
3188341559	1.5857	4.16186e-42	0
1038652348	0.0641573	0.81399	4.18428e-42
0	0.458076	0.153233	0.597844
2990	0	0.0979653	-0.0612773
1066246587	4.19128e-42	0	0.107505
1028063490	0.809357	4.2053e-42	0
1042613778	0.124627	0.695075	4.2067e-42
0	0.594969	-0.139292	0.604758
3004	0	0.725142	-0.20051
1062150276	4.2109e-42	0	0.739737
3192995885	0.97553	4.2123e-42	0
3191465532	-0.238464	1.26694	4.22071e-42
0	0.335274	-0.0733831	1.02315
3028	0	0.623095	-0.136808
1057286447	4.24734e-42	0	0.326592
3183390172	1.02683	4.25714e-42	0
1063880111	0.105631	0.812401	4.25855e-42
0	0.598103	0.173012	0.552591
3041	0	-0.0464858	-0.202474
1069348407	4.26836e-42	0	-0.00996003
3191017737	1.27458	4.26976e-42	0
1060687912	0.0314837	0.648856	4.27676e-42
0	0.235201	-0.184625	1.08917
3055	0	0.102821	0.000119399
1061774624	4.28377e-42	0	0.0868651
1032688516	0.782858	4.28937e-42	0
1048500309	0.0825761	0.751701	4.316e-42
0	0.454757	0.00553765	1.19233
3089	0	0.311503	-0.292543
1066680491	4.33982e-42	0	0.509617
1044911007	0.537998	4.34122e-42	0
1044724560	0.0565824	0.835968	4.34543e-42
0	0.221275	0.150094	0.534629
3093	0	0.556323	0.173196
1057097943	4.36504e-42	0	0.213755
1033735860	0.72162	4.35243e-42	0
1043455740	0.0662871	0.788293	4.35524e-42
0	0.592548	0.172987	0.545254
3109	0	0.512186	0.174415
1057307632	4.35804e-42	0	0.657371
1042195476	0.57685	4.36084e-42	0
1057608332	0.178254	0.542467	4.36364e-42
0	0.393403	0.178556	0.5154
3119	0	0.665385	-0.103498
1057551698	4.37766e-42	0	0.65037
3190214132	0.985329	4.39027e-42	0
1035756342	0.0575123	0.758159	4.39307e-42
0	0.91778	0.106113	0.816826
3136	0	0.529382	0.187531
1055886846	4.39587e-42	0	0.861551
3193304701	0.735632	4.40008e-42	0
1056533109	0.167535	0.521147	4.40428e-42
0	0.667926	-0.104443	0.536484
3149	0	-0.070317	-0.18298
1069908524	4.41829e-42	0	0.481908
1044032903	0.590817	4.4197e-42	0
1038426674	0.0697473	0.711573	4.4211e-42
0	-0.254826	-0.378673	1.52907
3164	0	0.222451	0.144695
1057134038	4.44071e-42	0	0.617298
3188327679	0.511558	4.44492e-42	0
1053624691	0.186533	0.54323	4.45193e-42
0	0.2872	-0.0380875	1.13085
3179	0	0.520693	0.179487
1057595338	4.46033e-42	0	-0.0821011
1026455683	0.852791	4.47435e-42	0
1036408128	-0.0613562	1.10398	4.47575e-42
0	0.512448	0.181071	0.54318
3206	0	0.396783	0.182635
1057469257	4.49817e-42	0	-0.201755
3189172575	1.61091	4.50097e-42	0
3195803401	-0.2167	1.33906	4.50798e-42
0	0.101814	0.0625963	0.78984
3221	0	0.0902828	-0.00106871
1061702366	4.51638e-42	0	0.211125
1042287487	0.432417	4.51779e-42	0
1047216218	0.127061	0.566791	4.52059e-42
0	0.638175	-0.129714	1.05985
3227	0	0.44117	0.0482445
1062983127	4.529e-42	0	0.616147
3192230645	0.846225	4.5304e-42	0
1043380437	-0.0840554	1.09114	4.5346e-42
0	0.732211	0.0296316	0.66837
3239	0	0.766783	0.245123
1059188247	4.54021e-42	0	0.227236
1039062487	0.597542	4.54301e-42	0
1061233375	0.177525	0.62703	4.54581e-42
0	0.652648	0.136075	0.609341
3245	0	0.918293	0.152642
1061607279	4.55002e-42	0	0.661805
3184983496	0.531985	4.55282e-42	0
1060700923	0.0290187	0.655468	4.56683e-42
0	0.552985	0.16777	0.591272
3261	0	0.496572	0.12831
1058391488	4.57244e-42	0	0.662995
3184906338	0.534512	4.57384e-42	0
3163308658	0.0688365	0.859735	4.57664e-42
0	0.132201	0.0320945	0.891783
3270	0	0.676025	0.171484
1058399077	4.58645e-42	0	0.531879
1041487858	0.612617	4.58925e-42	0
1060634283	0.164682	0.573888	4.59065e-42
0	0.534769	0.19105	0.476371
3279	0	0.575925	0.143252
1060641732	4.60327e-42	0	0.531673
1044553317	0.471658	4.61448e-42	0
1058897758	-0.133533	0.507995	4.62428e-42
0	0.136535	0.0302847	0.858147
3301	0	0.16931	-0.0625957
1066772432	4.63409e-42	0	0.199416
3175797644	1.09698	4.6411e-42	0
1055795364	0.170681	0.546429	4.65231e-42
0	0.63186	-0.062574	1.08123
3330	0	0.508333	0.148081
1058956392	4.67053e-42	0	-0.00322382
1032552949	0.779912	4.67894e-42	0
1055396132	0.00591232	1.17422	4.71817e-42
0	0.936453	-0.158277	0.700074
3356	0	0.606539	-0.0903782
1055757211	4.71117e-42	0	0.441233
1035644216	0.672403	4.71257e-42	0
1053548829	0.183893	0.53273	4.71397e-42
0	0.16547	0.138219	0.605206
3368	0	0.573357	-0.144729
1057987939	4.72378e-42	0	0.808474
1037876130	0.597385	4.72798e-42	0
1061192047	-0.00467142	1.07663	4.75601e-42
0	0.746299	0.174286	0.607218
3407	0	0.130724	-0.039631
1065765114	4.77563e-42	0	1.37684
3186825868	1.22389	4.79104e-42	0
1071302527	-0.0189708	1.52341	4.79384e-42
0	0.507358	0.150107	0.514481
3429	0	0.243196	0.0822416
1061110800	4.80645e-42	0	-0.0621665
3191423390	1.50555	4.84429e-42	0
1047031799	0.120715	0.623437	4.8513e-42
0	0.0989746	0.0277171	0.883749
3464	0	1.36495	-0.198818
1066389218	4.8555e-42	0	0.0884832
3182108488	1.14627	4.86251e-42	0
1041667941	-0.0316231	1.01955	4.86391e-42
0	0.0550864	0.117099	1.83198
3477	0	0.879881	-0.168051
1060121615	4.87372e-42	0	0.576691
3188477376	0.577033	4.88072e-42	0
1063518466	-0.17142	0.701375	4.88773e-42
0	0.909791	0.104922	0.800372
3501	0	1.42144	-0.124757
1067633607	4.91435e-42	0	1.06318
1028185536	1.0165	4.91716e-42	0
1046899427	0.0953322	0.72478	4.91856e-42
0	0.198587	0.0947643	0.727893
3511	0	0.676794	0.171277
1058427741	4.92136e-42	0	0.114949
1038276566	0.699607	4.92276e-42	0
3188073543	0.083944	1.56246	4.92556e-42
0	0.733599	0.168764	0.590927
3518	0	0.50533	0.131801
1058737630	4.93257e-42	0	0.647608
1040915331	0.603346	4.93397e-42	0
1051194703	-0.0858049	0.941954	4.93677e-42
0	0.429949	0.0997955	0.78346
3526	0	0.285658	0.0697235
1060939173	4.94238e-42	0	0.48582
1043824371	0.495281	4.94378e-42	0
1049750918	0.0694411	0.733119	4.94939e-42
0	0.697194	0.00514191	0.426393
3533	0	0.194968	0.0386475
1061433136	4.95359e-42	0	0.467704
1036996814	0.770077	4.95499e-42	0
1059278119	0.181876	0.607027	4.95639e-42
0	0.282425	0.140144	0.559912
3538	0	0.566007	0.0264893
1055291142	4.969e-42	0	0.869929
3181868530	0.599412	4.97041e-42	0
1043121602	-0.0630971	1.13409	4.97181e-42
0	0.935875	-0.0301768	0.680601
3552	0	0.317493	-0.00780545
1066361048	4.98021e-42	0	0.391943
1025914783	0.768955	4.98302e-42	0
1063705182	-0.15133	0.667236	4.98582e-42
0	0.797577	0.105541	0.586153
3560	0	0.846426	-0.138923
1058866937	4.99002e-42	0	0.395486
3164594362	1.16395	4.99423e-42	0
1045620877	0.0328704	0.875116	5.00264e-42
0	0.262117	0.0544023	0.863971
3583	0	0.451165	-0.00943841
1066762992	5.03206e-42	0	0.507403
1025836458	0.875802	5.03767e-42	0
1036995350	0.0301628	0.890447	5.04187e-42
0	0.1829	-0.0843768	1.12682
3600	0	0.623547	-0.110226
1056511972	5.04608e-42	0	0.618364
3185315147	0.479968	5.04748e-42	0
1061442702	-0.178855	0.630138	5.05588e-42
0	0.766832	-0.179004	0.630337
3619	0	0.250737	0.0670247
1060846860	5.0755e-42	0	0.708725
1001964285	0.45365	5.07831e-42	0
1048288117	0.113063	0.560095	5.08251e-42
0	0.214833	0.151676	0.425505
3629	0	0.703009	-0.0129897
1063385365	5.08671e-42	0	0.205119
1037790518	0.614986	5.09372e-42	0
1061154398	-0.132023	1.18701	5.12455e-42
0	0.484876	-0.00204777	1.16151
3661	0	0.497501	0.139511
1057846762	5.13436e-42	0	0.160418
1031842126	0.758172	5.13716e-42	0
1045557062	0.123005	0.53761	5.14697e-42
0	0.566007	-0.119774	0.452623
3674	0	0.586662	-0.0416694
1066765740	5.15958e-42	0	0.546015
1033659258	0.613638	5.21003e-42	0
1048094227	0.0819155	0.746034	5.22544e-42
0	0.0526544	0.04483	0.791174
3738	0	0.535644	0.167219
1058030125	5.23945e-42	0	0.601947
3187693446	0.979713	5.24366e-42	0
1040847778	-0.109306	1.04507	5.25067e-42
0	0.0949992	-0.0810237	1.11557
3754	0	0.150131	0.184876
1057537235	5.27869e-42	0	0.0202994
1026665699	0.824691	5.29831e-42	0
1047130753	-0.170456	1.01155	5.36417e-42
0	0.137302	-0.0411296	1.10302
3854	0	0.736169	-0.0142821
1064485574	5.40201e-42	0	0.256504
3174877867	0.971146	5.40341e-42	0
1043221711	-0.0877948	1.12155	5.40761e-42
0	0.328047	-0.0252302	1.14539
3864	0	0.144965	-0.102332
1064851398	5.42022e-42	0	0.898987
3189443754	0.666325	5.43143e-42	0
1057385174	0.185043	0.454877	5.44825e-42
0	0.128186	-0.115341	1.06143
3926	0	0.365249	-0.418498
1069865620	5.5085e-42	0	1.2141
