id133
mNormalVector-0.0884994	-0.156097	0.975624
min0.455646max1.63266
reference92
id134
mNormalVector0.220349	-0.100314	0.968774
min0.285491max1.02297
reference2
id135
mNormalVector0.298605	-0.08849	0.949945
min0.303424max1.08722
reference2
id137
mNormalVector0.190921	-0.0763194	0.978275
min0.288697max1.03445
reference2
id138
mNormalVector0.248754	-0.0862778	0.96116
min0.356078max1.27589
reference2
id141
mNormalVector-0.0220359	-0.0827229	0.988788
min0.336175max1.20457
reference87
id142
mNormalVector0.281734	-0.0593177	0.957322
min0.279464max1.00137
reference2
id144
mNormalVector0.292156	-0.0382086	0.955221
min0.265678max0.951973
reference2
id145
mNormalVector0.308002	-0.04961	0.949736
min0.286859max1.02787
reference2
id154
mNormalVector0.225271	-0.100475	0.96883
min0.295231max1.05787
reference2
id155
mNormalVector0.330155	-0.0624548	0.941506
min0.28357max1.01608
reference2
id156
mNormalVector0.312541	-0.0500818	0.948194
min0.273562max0.980223
reference2
id157
mNormalVector0.352046	-0.0320778	0.935045
min0.272317max0.975761
reference2
id160
mNormalVector0.341797	-0.0322412	0.938865
min0.284917max1.02091
reference2
id161
mNormalVector0.258243	0.0357938	0.964933
min0.246145max0.881983
reference2
id162
mNormalVector0.234756	-0.0363493	0.971019
min0.268926max0.963609
reference2
id163
mNormalVector0.217272	-0.033289	0.975104
min0.259935max0.931395
reference2
id8050
mNormalVector0.133009	-0.211039	0.962263
min1.48978max5.33817
reference92
id8147
mNormalVector0.311799	-0.269548	0.907145
min0.379167max1.35862
reference2
id8173
mNormalVector0.0753916	-0.0729069	0.99371
min0.400085max1.43358
reference2
id8221
mNormalVector0.196335	-0.0434537	0.972438
min0.860971max3.08502
reference92
id8240
mNormalVector0.172501	-0.185207	0.959672
min1.52014max5.44692
reference87
id8257
mNormalVector-0.370099	-0.199727	0.903736
min0.539821max1.93428
reference87
id11702
mNormalVector0.0669033	-0.194167	0.975127
min0.860467max3.08321
reference92
id11706
mNormalVector0.373963	-0.165511	0.911893
min0.871582max3.12304
reference94
id11709
mNormalVector0.256198	-0.260021	0.927889
min1.33546max4.78519
reference67
id11714
mNormalVector0.369288	-0.142579	0.916987
min0.476448max1.7072
reference67
id11720
mNormalVector0.310359	-0.00305454	0.947167
min0.538523max1.92963
reference67
id11723
mNormalVector0.17866	-0.258955	0.947695
min1.03029max3.6917
reference67
id11776
mNormalVector0.133432	-0.114289	0.98028
min0.388354max1.39154
reference92
id11787
mNormalVector0.379073	-0.0964425	0.918878
min0.634942max2.27511
reference2
id11793
mNormalVector-0.256766	-0.219251	0.938066
min0.583034max2.08912
reference87
id11798
mNormalVector0.186195	-0.336092	0.920985
min0.529868max1.89861
reference92
id11806
mNormalVector-0.37203	-0.26716	0.888851
min0.938561max3.36303
reference2
id11848
mNormalVector0.154444	-0.33787	0.925885
min0.448951max1.60867
reference92
id11851
mNormalVector0.203869	-0.0741574	0.972629
min0.430908max1.54402
reference92
id12402
mNormalVector0.416253	-0.172388	0.89238
min0.542678max1.94452
reference94
id12403
mNormalVector0.416013	-0.173681	0.892247
min0.656502max2.35237
reference94
id12407
mNormalVector-0.181772	-0.325574	0.927117
min1.02377max3.66835
reference94
id12408
mNormalVector0.40142	0.0192543	0.915097
min0.605515max2.16967
reference94
id12409
mNormalVector0.314421	-0.290835	0.902917
min1.36242max4.88178
reference94
id12416
mNormalVector0.442504	-0.0458305	0.891177
min0.522306max1.87152
reference57
id12452
mNormalVector0.391797	-0.0620261	0.916538
min0.328548max1.17725
reference95
id12417
mNormalVector0.375847	-0.0758751	0.923175
min0.333868max1.19631
reference95
id12419
mNormalVector0.0580291	0.110133	0.989664
min0.297124max1.06465
reference94
id12420
mNormalVector-0.0461705	-0.240451	0.969482
min0.527009max1.88837
reference95
id12422
mNormalVector-0.138044	0.0385675	0.989546
min0.283683max1.01649
reference95
id12424
mNormalVector0.451578	-0.16428	0.87664
min0.477258max1.7101
reference95
id12426
mNormalVector0.101465	-0.21493	0.971163
min0.479996max1.71991
reference95
id12427
mNormalVector0.267346	0.00092201	0.963168
min0.335997max1.20394
reference95
id12430
mNormalVector-0.018353	-0.30194	0.953022
min0.544099max1.9496
reference95
id8839
mNormalVector-0.0667958	-0.237812	0.968373
min0.934802max3.34957
reference67
id8859
mNormalVector-0.318478	-0.271163	0.907442
min1.75088max6.27371
reference87
id8437
mNormalVector0.37643	-0.0760955	0.922205
min0.372038max1.33308
reference92
id8445
mNormalVector0.480914	-0.239399	0.843233
min0.550793max1.97359
reference92
id8446
mNormalVector0.292652	-0.096731	0.95114
min0.470787max1.68691
reference92
id8447
mNormalVector0.320675	0.106101	0.938592
min0.379362max1.35932
reference75
id8452
mNormalVector0.332732	-0.0529002	0.941342
min0.520307max1.86435
reference92
id8454
mNormalVector0.402565	-0.0246235	0.913107
min0.573858max2.05624
reference92
id8462
mNormalVector0.103195	-0.2217	0.965149
min0.558477max2.00112
reference92
id8469
mNormalVector0.244683	-0.170211	0.950006
min0.969425max3.47363
reference93
id8470
mNormalVector-0.0457002	-0.162817	0.974162
min0.647039max2.31846
reference81
id8476
mNormalVector-0.126338	-0.269382	0.954321
min0.778393max2.78912
reference92
id8477
mNormalVector0.250721	0.0347998	0.965605
min0.371942max1.33273
reference92
id8480
mNormalVector0.44847	-0.0531352	0.892211
min0.402044max1.4406
reference75
id11920
mNormalVector0.187776	-0.0789587	0.978814
min0.30522max1.09366
reference92
id8481
mNormalVector0.434366	0.00943927	0.900074
min0.37814max1.35495
reference92
id8486
mNormalVector0.412204	0.00995811	0.911031
min0.319918max1.14633
reference75
id8488
mNormalVector0.169516	-0.173779	0.969963
min0.514852max1.84481
reference92
id8495
mNormalVector0.252803	-0.0994782	0.961373
min0.677269max2.42678
reference92
id8498
mNormalVector0.416905	0.0971557	0.901639
min0.601025max2.15358
reference92
id8547
mNormalVector0.534893	-0.112094	0.837131
min0.519205max1.86041
reference41
id10209
mNormalVector0.392481	-0.12586	0.908698
min1.32621max4.75205
reference87
id10226
mNormalVector-0.262472	0.0338838	0.959872
min0.502726max1.80136
reference70
id10263
mNormalVector-0.240816	0.0107912	0.964827
min0.372709max1.33548
reference81
id10274
mNormalVector-0.118012	0.00141133	0.975163
min0.998406max3.57747
reference87
id10275
mNormalVector0.0695826	-0.210446	0.97065
min0.621975max2.22865
reference87
id10277
mNormalVector0.190491	-0.201248	0.960742
min0.945783max3.38891
reference41
id10323
mNormalVector-0.498233	-0.0090376	0.860964
min0.354843max1.27147
reference87
id10336
mNormalVector0.286481	-0.0749591	0.954719
min0.548836max1.96658
reference87
id10342
mNormalVector0.0110543	0.0101942	0.996907
min0.744793max2.66873
reference95
id11223
mNormalVector-0.425104	-0.188757	0.883264
min1.47455max5.28359
reference92
id11250
mNormalVector0.431859	-0.0939346	0.895827
min0.500639max1.79388
reference87
id11278
mNormalVector-0.188413	-0.289822	0.938019
min0.494843max1.77311
reference87
id11353
mNormalVector0.217964	-0.0853628	0.971596
min0.389875max1.39699
reference87
id11367
mNormalVector0.0826785	0.10472	0.990134
min0.32512max1.16497
reference87
id11372
mNormalVector-0.312904	-0.100344	0.944248
min0.640888max2.29642
reference87
id11375
mNormalVector0.19041	-0.212967	0.958011
min0.780082max2.79518
reference87
id11381
mNormalVector0.0760019	0.0521499	0.981194
min0.774858max2.77646
reference87
id11384
mNormalVector-0.00368005	-0.0685689	0.997224
min0.312501max1.11975
reference87
id11394
mNormalVector-0.399897	-0.293855	0.868084
min0.945679max3.38854
reference87
id11400
mNormalVector-0.454104	-0.266607	0.849944
min1.12867max4.04424
reference87
id11401
mNormalVector-0.21744	-0.318391	0.922485
min1.17804max4.22113
reference87
id11402
mNormalVector-0.239744	-0.309852	0.919987
min1.25022max4.47976
reference87
id11404
mNormalVector-0.471216	-0.298756	0.829767
min1.48698max5.32814
reference87
id11409
mNormalVector-0.461523	-0.273438	0.843803
min2.51564max9.01398
reference87
id11418
mNormalVector0.108735	-0.00787804	0.992073
min0.300882max1.07812
reference87
id11419
mNormalVector-0.0915148	-0.334665	0.937595
min0.691505max2.47779
reference87
id11425
mNormalVector0.350713	-0.183044	0.918032
min1.29904max4.6547
reference87
id11428
mNormalVector-0.480776	0.0162931	0.874132
min1.20783max4.32787
reference87
id11429
mNormalVector-0.0906417	-0.281665	0.954846
min0.454262max1.6277
reference87
id11282
mNormalVector0.00813545	-0.257858	0.965915
min0.547412max1.96148
reference87
id11284
mNormalVector0.231173	-0.0345265	0.971627
min0.301964max1.08199
reference87
id11287
mNormalVector0.168728	-0.142879	0.9749
min0.343661max1.2314
reference87
id11289
mNormalVector-0.0846927	0.0127015	0.995937
min0.367551max1.317
reference87
id11290
mNormalVector-0.0952419	-0.336275	0.936529
min0.546464max1.95808
reference87
id11291
mNormalVector0.0324227	-0.199931	0.979038
min0.49557max1.77572
reference87
id11297
mNormalVector0.235959	-0.114082	0.964412
min0.483567max1.73271
reference87
id11311
mNormalVector-0.0952695	-0.326789	0.939978
min0.799785max2.86577
reference87
id11323
mNormalVector-0.159138	0.0560297	0.984969
min0.52687max1.88787
reference87
id11328
mNormalVector-0.423351	-0.00565273	0.905623
min0.820757max2.94092
reference87
id11334
mNormalVector-0.266915	0.111398	0.951143
min0.607643max2.1773
reference87
id11339
mNormalVector0.325507	-0.0481399	0.943831
min0.902602max3.23419
reference87
id11341
mNormalVector-0.164447	-0.266403	0.946618
min1.35942max4.87106
reference87
id11342
mNormalVector-0.331446	0.0501855	0.93746
min0.493383max1.76788
reference2
id11176
mNormalVector0.411772	-0.0501797	0.905836
min0.875991max3.13884
reference87
id11192
mNormalVector-0.0283672	-0.0804239	0.990329
min0.401189max1.43753
reference2
id11209
mNormalVector0.110867	-0.191531	0.972143
min0.702055max2.51559
reference92
id11210
mNormalVector0.380361	-0.0782812	0.921125
min0.613857max2.19956
reference95
id11213
mNormalVector0.0610982	-0.0258006	0.997392
min0.277339max0.993756
reference92
id11892
mNormalVector-0.166795	-0.0204719	0.985498
min0.287896max1.03159
reference92
id11895
mNormalVector-0.244926	-0.354354	0.902321
min0.526739max1.8874
reference92
id11896
mNormalVector-0.270055	-0.0899781	0.957891
min0.514831max1.84473
reference93
id11901
mNormalVector-0.316599	-0.34043	0.885057
min0.80536max2.88575
reference92
id11904
mNormalVector0.48803	-0.232654	0.841001
min0.808985max2.89874
reference92
id11905
mNormalVector0.147712	-0.0797874	0.985395
min1.04472max3.74344
reference92
id11909
mNormalVector0.142459	-0.0788855	0.985866
min0.293397max1.0513
reference92
id11914
mNormalVector-0.224639	-0.014831	0.972199
min0.29176max1.04543
reference92
id11915
mNormalVector-0.088532	-0.0227868	0.994701
min0.271421max0.972552
reference92
id11918
mNormalVector0.152553	-0.114342	0.978413
min0.327048max1.17187
reference75
id10835
mNormalVector0.0515404	-0.0186779	0.993849
min0.422321max1.51325
reference93
id10848
mNormalVector-0.461167	0.0273187	0.886548
min0.539237max1.93218
reference92
id11922
mNormalVector0.402344	-0.0305336	0.90869
min0.592134max2.12172
reference92
id11924
mNormalVector-0.0520619	-0.0959467	0.992914
min0.450312max1.61355
reference92
id11939
mNormalVector-0.160509	-0.164897	0.972864
min0.75797max2.71595
reference92
id11946
mNormalVector0.494561	-0.23503	0.836226
min1.0994max3.93934
reference92
id11947
mNormalVector-0.271189	-0.0904242	0.958009
min0.698511max2.50289
reference92
id11948
mNormalVector0.442361	-0.0182873	0.89547
min0.838178max3.00335
reference92
id11949
mNormalVector0.499404	-0.228258	0.835231
min0.525853max1.88423
reference92
id11950
mNormalVector0.447097	-0.0218848	0.892647
min0.386926max1.38642
reference75
id11952
mNormalVector0.325369	-0.152344	0.932376
min1.51888max5.44243
reference75
id11956
mNormalVector0.592013	-0.023947	0.800587
min0.439239max1.57387
reference2
id11959
mNormalVector0.534436	-0.150316	0.829165
min0.703015max2.51903
reference92
id11962
mNormalVector0.125935	-0.272538	0.953109
min0.391759max1.40374
reference92
id11966
mNormalVector-0.0553885	-0.227838	0.970999
min0.959581max3.43835
reference92
id11969
mNormalVector0.566153	-0.032928	0.823261
min0.800097max2.86689
reference92
id11974
mNormalVector0.181328	-0.28231	0.937518
min0.421458max1.51016
reference92
id11976
mNormalVector0.457415	0.0104937	0.889026
min0.283639max1.01633
reference92
id11982
mNormalVector0.139014	-0.320976	0.93322
min0.398756max1.42881
reference92
id12026
mNormalVector0.59251	-0.125875	0.795377
min0.426588max1.52854
reference92
id11988
mNormalVector0.196455	0.0043414	0.979486
min0.324605max1.16312
reference92
id11991
mNormalVector-0.161503	-0.277299	0.946816
min0.67156max2.40632
reference92
id11993
mNormalVector-0.268913	-0.094191	0.958203
min0.398312max1.42722
reference92
id11994
mNormalVector-0.0263882	0.00809034	0.999344
min0.330584max1.18454
reference92
id11997
mNormalVector0.443077	-0.0490571	0.891919
min0.43748max1.56757
reference92
id12003
mNormalVector-0.189981	-0.211322	0.95815
min0.780402max2.79632
reference92
id12008
mNormalVector0.346392	-0.175403	0.92145
min0.655057max2.34719
reference92
id12022
mNormalVector0.399566	-0.0696492	0.913885
min0.664633max2.3815
reference92
id12033
mNormalVector0.561916	-0.0846186	0.821972
min0.472995max1.69483
reference87
id12040
mNormalVector0.617492	-0.22018	0.752805
min0.683217max2.44809
reference2
id11730
mNormalVector-0.275251	-0.314269	0.908524
min0.625288max2.24052
reference67
id11748
mNormalVector-0.126724	-0.111834	0.985042
min0.555517max1.99052
reference67
id12373
mNormalVector0.456115	-0.194042	0.868262
min1.64019max5.8771
reference67
id12375
mNormalVector0.471359	-0.0130871	0.878934
min0.340894max1.22149
reference67
id12379
mNormalVector-0.060653	-0.193977	0.978356
min0.579526max2.07655
reference38
id12385
mNormalVector0.225685	-0.0779177	0.971015
min0.827145max2.96381
reference2
id12391
mNormalVector0.532965	0.0340133	0.84497
min0.463285max1.66003
reference95
id12395
mNormalVector0.382893	-0.0661667	0.92142
min0.569769max2.04158
reference95
id12433
mNormalVector0.194832	-0.178173	0.961
min0.689529max2.47071
reference87
id12437
mNormalVector-0.252733	-0.213997	0.943501
min0.88301max3.16398
reference95
id12439
mNormalVector0.0785856	-0.154986	0.982095
min0.756998max2.71246
reference87
id12441
mNormalVector0.298924	-0.0123187	0.953798
min0.903886max3.23879
reference95
id12445
mNormalVector0.068892	-0.211977	0.973181
min0.55325max1.98239
reference2
id12449
mNormalVector0.290849	-0.287775	0.911501
min0.602775max2.15985
reference2
id12460
mNormalVector0.444262	-0.0777003	0.889031
min1.13867max4.08007
reference87
id12462
mNormalVector0.318312	-0.245572	0.91523
min0.443223max1.58815
reference95
id12468
mNormalVector-0.302522	-0.211528	0.926176
min0.566009max2.02811
reference2
id12472
mNormalVector0.40515	-0.0441835	0.912613
min0.33638max1.20531
reference95
id12473
mNormalVector0.309025	-0.0806162	0.946887
min0.354888max1.27163
reference95
id12474
mNormalVector0.271826	-0.0422168	0.96038
min0.334649max1.19911
reference95
id12475
mNormalVector0.321441	-0.0439272	0.945075
min0.337926max1.21085
reference95
id12476
mNormalVector0.368782	-0.0436252	0.92782
min0.407018max1.45842
reference95
id12477
mNormalVector-0.417975	-0.0639215	0.903368
min0.495573max1.77573
reference95
id12478
mNormalVector0.29632	-0.282239	0.912434
min0.532188max1.90693
reference95
id12481
mNormalVector0.440338	-0.0504648	0.895443
min0.603174max2.16128
reference41
id12483
mNormalVector-0.430395	-0.0666803	0.897002
min0.699324max2.5058
reference95
id12487
mNormalVector0.354145	-0.265174	0.895682
min1.1617max4.16257
reference87
id12489
mNormalVector0.353527	-0.176931	0.917309
min1.37886max4.94072
reference87
id12490
mNormalVector-0.410092	-0.0844009	0.907036
min0.644488max2.30932
reference94
id12491
mNormalVector-0.410237	-0.068582	0.908502
min0.711094max2.54798
reference94
id12492
mNormalVector0.358113	-0.12477	0.924286
min1.10265max3.95099
reference94
id12493
mNormalVector0.285275	-0.0334848	0.95711
min1.3375max4.79252
reference94
id12495
mNormalVector-0.290149	-0.30799	0.905107
min1.78655max6.40154
reference94
id12496
mNormalVector-0.221585	-0.164084	0.961018
min0.386432max1.38466
reference92
id12497
mNormalVector-0.470165	-0.0383615	0.881464
min0.375028max1.34379
reference92
id12078
mNormalVector0.573895	0.0105609	0.817816
min0.309388max1.1086
reference92
id12079
mNormalVector0.498313	0.0224142	0.866543
min0.396167max1.41954
reference92
id12081
mNormalVector-0.279927	-0.245517	0.927883
min1.2124max4.34425
reference92
id12093
mNormalVector0.571349	-0.12044	0.811704
min0.8948max3.20623
reference92
id12101
mNormalVector0.502107	0.0113767	0.863645
min0.428726max1.5362
reference92
id12104
mNormalVector0.325257	0.0148516	0.945193
min0.467261max1.67428
reference92
id12125
mNormalVector0.101652	-0.292554	0.950592
min0.981429max3.51664
reference92
id12126
mNormalVector0.601255	-0.117534	0.789149
min0.645147max2.31168
reference92
id12134
mNormalVector-0.0587643	-0.283222	0.95594
min1.31731max4.72016
reference67
id12137
mNormalVector0.351591	-0.0634527	0.933027
min0.35069max1.25659
reference67
id12211
mNormalVector0.0102612	-0.156284	0.985158
min0.430122max1.54121
reference67
id12222
mNormalVector-0.251466	-0.289623	0.922992
min0.646387max2.31612
reference67
id12223
mNormalVector0.156631	-0.293426	0.9421
min0.866305max3.10413
reference93
id12226
mNormalVector-0.0997066	-0.343967	0.932363
min0.512196max1.83529
reference95
id12240
mNormalVector-0.0479999	-0.291603	0.954859
min0.874849max3.13474
reference94
id12505
mNormalVector-0.239006	-0.0934025	0.965815
min0.437423max1.56736
reference41
id12508
mNormalVector0.386493	-0.271819	0.880685
min0.451904max1.61925
reference87
id12513
mNormalVector0.342434	-0.0485432	0.937905
min0.369169max1.3228
reference41
id12514
mNormalVector-0.335285	-0.082154	0.937661
min0.412583max1.47836
reference41
id12515
mNormalVector0.346001	-0.239787	0.906715
min0.627232max2.24748
reference41
id12516
mNormalVector0.396231	-0.079818	0.914335
min0.646536max2.31665
reference41
id12517
mNormalVector0.335338	-0.12072	0.93402
min0.516477max1.85063
reference41
id12518
mNormalVector0.141332	-0.211569	0.966778
min1.32877max4.76123
reference41
id12520
mNormalVector-0.367596	-0.218604	0.90361
min2.37632max8.51477
reference41
id12524
mNormalVector0.0160551	0.0138362	0.999128
min0.297535max1.06612
reference60
id12525
mNormalVector0.0790152	-0.164781	0.982787
min0.382868max1.37189
reference60
id12526
mNormalVector-0.0913139	0.0276819	0.994682
min0.283861max1.01712
reference60
id12527
mNormalVector-0.320952	-0.242026	0.91538
min0.813475max2.91483
reference87
id12528
mNormalVector0.120594	-0.218694	0.967791
min0.539067max1.93157
reference60
id12531
mNormalVector0.22385	-0.0193784	0.973956
min0.46103max1.65196
reference60
id12532
mNormalVector-0.412785	-0.306361	0.857609
min0.997171max3.57304
reference60
id12535
mNormalVector0.208815	-0.0413491	0.976068
min0.384562max1.37795
reference60
id12536
mNormalVector0.32258	-0.272935	0.905712
min0.494391max1.77149
reference70
id12537
mNormalVector-0.272643	-0.307459	0.911475
min1.61242max5.7776
reference87
id12540
mNormalVector0.0080987	-0.362931	0.931256
min0.83492max2.99167
reference87
id12541
mNormalVector-0.341856	-0.126278	0.930715
min0.981219max3.51589
reference70
id12543
mNormalVector-0.166242	-0.289925	0.941728
min0.461433max1.6534
reference87
id12545
mNormalVector-0.158579	-0.27893	0.946456
min0.592974max2.12473
reference87
id12550
mNormalVector-0.272441	-0.293788	0.916085
min1.07619max3.85618
reference70
id12551
mNormalVector-0.405433	-0.285984	0.867884
min1.00522max3.60189
reference70
id12553
mNormalVector-0.159786	-0.29931	0.93991
min0.801974max2.87362
reference87
id12554
mNormalVector0.334873	-0.277307	0.900021
min0.781323max2.79962
reference70
id12555
mNormalVector-0.265746	-0.301196	0.915662
min1.98219max7.10255
reference70
id12556
mNormalVector-0.0288507	0.00402695	0.997921
min0.397039max1.42266
reference81
id12557
mNormalVector0.148383	-0.240623	0.958621
min0.702938max2.51876
reference81
id12558
mNormalVector0.293609	-0.0332154	0.953727
min0.425247max1.52374
reference81
id12559
mNormalVector-0.408626	-0.290967	0.864838
min1.30983max4.69337
reference81
id12560
mNormalVector-0.279164	-0.245665	0.927056
min0.953071max3.41502
reference92
id12561
mNormalVector-0.146772	-0.0981003	0.98378
min0.564221max2.02171
reference92
id7356
mNormalVector0.223401	-0.0990505	0.969566
min0.446492max1.59986
reference92
id7361
mNormalVector0.55152	-0.22649	0.801572
min0.546614max1.95862
reference92
id7362
mNormalVector0.541348	0.0197576	0.838166
min0.328235max1.17613
reference92
id7376
mNormalVector0.251683	0.000412892	0.967779
min0.362225max1.29792
reference75
id7377
mNormalVector0.339298	-0.0805329	0.936545
min0.452723max1.62219
reference91
id7420
mNormalVector0.533433	0.0120829	0.845649
min0.444838max1.59394
reference92
id7301
mNormalVector-0.304462	-0.209573	0.928867
min0.527777max1.89112
reference92
id7309
mNormalVector0.127145	-0.0892616	0.972403
min0.991885max3.55411
reference87
id7315
mNormalVector0.678931	-0.2103	0.702337
min1.93151max6.92097
reference87
id7329
mNormalVector0.196908	-0.189292	0.956623
min1.21765max4.36305
reference81
id7939
mNormalVector-0.125089	-0.2435	0.961576
min1.13728max4.0751
reference2
id7945
mNormalVector-0.0376478	-0.271016	0.961783
min1.92068max6.88215
reference2
id10812
mNormalVector0.0205563	-0.123932	0.990767
min0.339205max1.21543
reference2
id10822
mNormalVector0.239255	0.00459362	0.968131
min0.371617max1.33157
reference2
id10827
mNormalVector-0.19522	0.0404457	0.970528
min1.00931max3.61656
reference87
id11568
mNormalVector-0.0487573	-0.27966	0.958547
min0.630139max2.2579
reference2
id11569
mNormalVector-0.523664	-0.247607	0.814287
min1.407max5.04153
reference2
id12244
mNormalVector0.506108	-0.0690446	0.8541
min0.918123max3.2898
reference87
id12247
mNormalVector0.297536	-0.312452	0.900037
min0.531953max1.90608
reference41
id10890
mNormalVector0.125314	-0.252852	0.959191
min0.390836max1.40044
reference2
id10929
mNormalVector0.378696	-0.0980058	0.917524
min0.440273max1.57758
reference2
id10725
mNormalVector-0.265585	-0.254157	0.924454
min0.463832max1.66199
reference2
id10759
mNormalVector0.27666	-0.00180777	0.949121
min0.24703max0.885152
reference2
id10785
mNormalVector-0.15791	-0.181421	0.970361
min0.380002max1.36162
reference2
id10799
mNormalVector0.230975	-0.0398605	0.963595
min0.293485max1.05161
reference92
id95
mNormalVector-0.0441785	-0.23762	0.96804
min0.56515max2.02503
reference92
id101
mNormalVector-0.0337556	-0.127238	0.989486
min0.328912max1.17855
reference2
id107
mNormalVector0.148698	-0.0759331	0.985652
min0.27735max0.993796
reference2
id114
mNormalVector0.421348	-0.0658509	0.901534
min0.427809max1.53292
reference81
id115
mNormalVector-0.017458	-0.057603	0.982912
min0.384322max1.3771
reference87
id118
mNormalVector0.287288	-0.0654513	0.95485
min0.551185max1.975
reference87
id119
mNormalVector0.367039	-0.0508875	0.927149
min0.684248max2.45178
reference87
id2366
mNormalVector-0.111078	-0.116544	0.978027
min0.588452max2.10853
reference87
id2375
mNormalVector0.0331176	-0.110164	0.988153
min0.720511max2.58172
reference87
id2380
mNormalVector-0.341637	-0.0938471	0.931919
min0.406951max1.45818
reference87
id2381
mNormalVector-0.333446	-0.0789037	0.938653
min0.505144max1.81002
reference87
id2385
mNormalVector0.235877	-0.245218	0.934329
min0.505367max1.81082
reference87
id2398
mNormalVector-0.124544	-0.0858312	0.975879
min0.692405max2.48101
reference87
id2421
mNormalVector-0.440167	0.0976692	0.878969
min0.293393max1.05128
reference2
id2460
mNormalVector-0.0661292	-0.198739	0.976061
min0.725512max2.59964
reference2
id2469
mNormalVector-0.083434	-0.0334026	0.986779
min0.530318max1.90023
reference87
id2476
mNormalVector-0.0627045	-0.12893	0.983786
min0.538177max1.92839
reference92
id2705
mNormalVector0.38108	-0.111868	0.911448
min0.373309max1.33763
reference81
id3351
mNormalVector0.478769	-0.148372	0.864625
min0.506678max1.81552
reference87
id3354
mNormalVector-0.136604	-0.0575308	0.979084
min0.31454max1.12705
reference87
id3411
mNormalVector0.377221	-0.181868	0.907001
min0.778602max2.78987
reference87
id2517
mNormalVector-0.0506917	-0.0404445	0.996267
min0.363903max1.30393
reference87
id2519
mNormalVector-0.16079	-0.264616	0.941932
min1.89141max6.77728
reference87
id2541
mNormalVector0.200414	-0.0180997	0.970891
min0.310142max1.11129
reference87
id2555
mNormalVector-0.117199	-0.0405049	0.985138
min0.366095max1.31179
reference92
id2556
mNormalVector-0.577869	0.0747127	0.80997
min0.358317max1.28391
reference92
id2587
mNormalVector-0.0717974	-0.190653	0.977421
min0.741009max2.65517
reference92
id2602
mNormalVector-0.154951	-0.117563	0.979728
min0.408731max1.46456
reference92
id3138
mNormalVector0.0420454	-0.0580111	0.991699
min0.273455max0.979838
reference2
id3172
mNormalVector0.538288	-0.164057	0.823689
min0.616159max2.20781
reference92
id3174
mNormalVector0.512611	-0.14767	0.843876
min0.90425max3.24009
reference2
id3183
mNormalVector0.270153	-0.0807896	0.955383
min1.25447max4.49498
reference87
id2042
mNormalVector-0.247266	-0.0996845	0.956887
min1.10964max3.97604
reference2
id2056
mNormalVector0.097735	0.0158566	0.994397
min0.295296max1.0581
reference38
id2725
mNormalVector0.136256	-0.187767	0.971436
min0.415384max1.4884
reference38
id2740
mNormalVector-0.391007	-0.0564838	0.917988
min0.353425max1.26639
reference93
id2779
mNormalVector0.194302	-0.18492	0.962325
min0.537265max1.92512
reference67
id12152
mNormalVector0.448389	-0.041435	0.892224
min0.43808max1.56972
reference92
id12154
mNormalVector0.418972	-0.0889075	0.903043
min0.449414max1.61033
reference67
id12156
mNormalVector-0.280533	-0.294243	0.912459
min0.713791max2.55764
reference93
id12162
mNormalVector0.417403	-0.0452199	0.906222
min0.427395max1.53144
reference67
id12164
mNormalVector0.448867	-0.181763	0.874011
min0.585357max2.09744
reference93
id12166
mNormalVector-0.142939	-0.30514	0.940517
min0.741173max2.65576
reference2
id12169
mNormalVector0.447939	-0.0627408	0.887259
min0.510284max1.82844
reference2
id12171
mNormalVector0.256688	0.0191589	0.96628
min0.501125max1.79562
reference38
id12172
mNormalVector0.508444	-0.190593	0.838717
min0.957852max3.43216
reference67
id12173
mNormalVector-0.155167	-0.244808	0.956567
min2.38925max8.56111
reference67
id12177
mNormalVector-0.0505575	-0.217185	0.973087
min0.47896max1.7162
reference92
id12179
mNormalVector0.480405	0.0951294	0.867953
min0.231753max0.830414
reference92
id12182
mNormalVector0.0377575	-0.275643	0.958613
min0.417681max1.49663
reference92
id12184
mNormalVector0.511071	-0.0431436	0.855095
min0.322363max1.15508
reference2
id12187
mNormalVector-0.0371427	-0.00248355	0.995642
min0.29295max1.04969
reference2
id12189
mNormalVector0.236453	-0.34074	0.90891
min0.507258max1.8176
reference2
id12190
mNormalVector0.209509	-0.226317	0.946028
min0.516819max1.85186
reference92
id12196
mNormalVector0.221642	0.0242405	0.968433
min0.325295max1.16559
reference92
id12202
mNormalVector-0.323299	0.0365512	0.941556
min0.249872max0.895337
reference2
id12203
mNormalVector-0.191064	0.0382068	0.97197
min0.291147max1.04323
reference92
id1113
mNormalVector0.00376789	0.104868	0.982486
min0.319379max1.14439
reference87
id1117
mNormalVector0.34807	-0.0967312	0.928911
min0.369564max1.32421
reference2
id962
mNormalVector0.260851	-0.270623	0.926191
min0.438496max1.57121
reference2
id977
mNormalVector0.256733	0.0158215	0.96411
min0.293508max1.05169
reference2
id990
mNormalVector-0.144312	-0.0743567	0.98037
min0.363129max1.30116
reference2
id991
mNormalVector-0.30556	-0.0429978	0.94632
min0.472226max1.69207
reference92
id997
mNormalVector-0.156851	-0.00709767	0.987173
min0.3791max1.35839
reference2
id998
mNormalVector-0.146585	-0.0331013	0.978382
min0.304557max1.09128
reference87
id1003
mNormalVector0.142386	-0.221367	0.961543
min0.515846max1.84837
reference81
id1010
mNormalVector0.36898	-0.100145	0.919272
min0.832927max2.98453
reference87
id1012
mNormalVector0.317845	-0.0578536	0.942042
min0.511018max1.83107
reference2
id1022
mNormalVector-0.245262	-0.00949572	0.953371
min0.609948max2.18556
reference87
id1024
mNormalVector0.0350069	-0.106382	0.985444
min0.615906max2.2069
reference2
id1027
mNormalVector-0.30429	0.0456199	0.945632
min0.511325max1.83217
reference2
id1028
mNormalVector0.280663	-0.283774	0.914524
min1.10493max3.95916
reference81
id1046
mNormalVector-0.0538494	-0.190797	0.976721
min0.608042max2.17872
reference2
id1049
mNormalVector0.265608	-0.22232	0.935953
min0.657277max2.35514
reference2
id1053
mNormalVector-0.0876729	-0.0931344	0.99135
min0.514911max1.84502
reference2
id1056
mNormalVector-0.102145	-0.25845	0.959151
min0.788153max2.82409
reference92
id871
mNormalVector0.183165	-0.106103	0.971839
min0.590468max2.11576
reference92
id878
mNormalVector-0.367126	-0.0101988	0.925152
min0.330289max1.18349
reference92
id879
mNormalVector-0.203742	0.00485667	0.972709
min0.304406max1.09074
reference2
id884
mNormalVector0.189633	0.104773	0.951053
min0.305228max1.09369
reference87
id897
mNormalVector0.281929	0.0425153	0.951897
min0.308582max1.10571
reference87
id760
mNormalVector0.0503087	-0.0840756	0.990239
min0.386323max1.38427
reference92
id761
mNormalVector0.187476	-0.0132708	0.98173
min0.308667max1.10601
reference2
id772
mNormalVector-0.059239	-0.0913457	0.988546
min0.349992max1.25408
reference2
id779
mNormalVector-0.231692	-0.024613	0.964001
min0.330612max1.18464
reference92
id780
mNormalVector0.0531213	0.00235503	0.991258
min0.288518max1.03381
reference2
id801
mNormalVector0.163134	-0.044518	0.985192
min0.390234max1.39828
reference2
id805
mNormalVector0.0812637	-0.0185072	0.990336
min0.35047max1.2558
reference2
id806
mNormalVector0.344843	-0.0583407	0.931302
min0.508041max1.8204
reference87
id808
mNormalVector0.0476741	-0.111609	0.989051
min0.532569max1.90829
reference2
id818
mNormalVector0.402445	-0.0693489	0.909509
min0.742826max2.66168
reference87
id549
mNormalVector-0.0801911	-0.110361	0.990345
min0.449083max1.60915
reference2
id551
mNormalVector0.152015	-0.0236751	0.982969
min0.452028max1.6197
reference2
id552
mNormalVector0.152748	0.0234706	0.983671
min0.487124max1.74545
reference2
id556
mNormalVector0.13157	-0.260418	0.947452
min0.903913max3.23888
reference87
id562
mNormalVector0.166526	-0.109475	0.97311
min0.558954max2.00283
reference92
id564
mNormalVector-0.0897803	-0.0174871	0.992039
min0.460912max1.65153
reference2
id566
mNormalVector-0.000309826	-0.0876731	0.98906
min0.333727max1.19581
reference92
id569
mNormalVector-0.0539922	-0.153372	0.986421
min0.332447max1.19122
reference2
id573
mNormalVector0.410191	-0.0286671	0.907503
min0.496473max1.77895
reference87
id574
mNormalVector0.198103	0.0432918	0.968354
min0.238383max0.854168
reference2
id233
mNormalVector0.209053	-0.275843	0.931894
min0.471401max1.68911
reference92
id242
mNormalVector0.176519	-0.0249223	0.969954
min0.372851max1.33599
reference87
id251
mNormalVector-0.207645	-0.275732	0.930945
min0.576991max2.06746
reference87
id256
mNormalVector0.06811	-0.119338	0.985514
min0.362213max1.29787
reference87
id386
mNormalVector0.357746	-0.0888967	0.927518
min0.300014max1.075
reference2
id388
mNormalVector0.212114	-0.27817	0.935637
min0.417743max1.49685
reference2
id389
mNormalVector0.22916	-0.195634	0.949989
min0.62208max2.22903
reference81
id390
mNormalVector0.225006	-0.244432	0.939496
min0.51591max1.8486
reference87
id395
mNormalVector0.206124	0.0376912	0.977285
min0.345168max1.2368
reference2
id396
mNormalVector0.197627	-0.184634	0.957675
min0.554466max1.98675
reference2
id398
mNormalVector-0.321491	-0.252207	0.908312
min0.619437max2.21955
reference92
id406
mNormalVector0.0235517	-0.199872	0.97498
min0.58896max2.11035
reference92
id411
mNormalVector0.218513	-0.0693314	0.970239
min0.486527max1.74331
reference2
id414
mNormalVector0.264275	-0.0746371	0.961205
min0.418588max1.49988
reference2
id415
mNormalVector0.331357	-0.0752907	0.93867
min0.496976max1.78076
reference2
id416
mNormalVector0.309564	-0.0754651	0.947045
min0.501128max1.79563
reference2
id419
mNormalVector0.197273	-0.0524239	0.970542
min0.372879max1.33609
reference92
id420
mNormalVector0.397037	-0.0424801	0.9134
min0.335864max1.20346
reference87
id422
mNormalVector0.267288	-0.014872	0.963118
min0.398531max1.42801
reference2
id425
mNormalVector0.300959	0.0214596	0.949217
min0.433574max1.55357
reference2
id432
mNormalVector0.341373	-0.185466	0.920422
min0.969517max3.47395
reference41
id433
mNormalVector0.230287	-0.15666	0.95587
min0.430935max1.54412
reference70
id443
mNormalVector-0.221277	-0.278963	0.93297
min0.874058max3.13191
reference2
id446
mNormalVector-0.329104	-0.232712	0.914041
min0.882171max3.16098
reference94
id8899
mNormalVector-0.352923	-0.0649187	0.930408
min0.391359max1.40231
reference70
id8929
mNormalVector0.0473505	-0.137747	0.988673
min0.39072max1.40002
reference70
id8965
mNormalVector0.488138	-0.0791968	0.867787
min0.446435max1.59966
reference87
id8966
mNormalVector0.444617	-0.0566979	0.893106
min0.820219max2.93899
reference87
id9122
mNormalVector-0.319012	-0.348259	0.880711
min2.15859max7.73461
reference87
id9163
mNormalVector0.0101838	-0.342034	0.939259
min1.05081max3.76525
reference70
id9182
mNormalVector0.363858	-0.173005	0.914686
min0.421094max1.50886
reference87
id9190
mNormalVector0.0528384	-0.302286	0.9515
min0.49147max1.76103
reference87
id9197
mNormalVector-0.22126	-0.268858	0.936825
min0.901746max3.23112
reference70
id9204
mNormalVector0.310533	-0.279473	0.90707
min0.425607max1.52503
reference87
id9244
mNormalVector-0.56658	-0.247866	0.785134
min3.18838max11.4245
reference92
id9321
mNormalVector-0.607899	-0.22316	0.76164
min0.975665max3.49599
reference92
id9336
mNormalVector-0.50088	-0.272707	0.820924
min1.01184max3.6256
reference92
id9360
mNormalVector-0.533864	-0.286735	0.794849
min1.80468max6.4665
reference92
id8414
mNormalVector0.199773	-0.041581	0.97482
min0.41432max1.48458
reference92
id1417
mNormalVector0.0974801	-0.216508	0.969014
min0.58108max2.08211
reference92
id1349
mNormalVector0.36614	-0.0148049	0.922535
min0.483232max1.73151
reference92
id1354
mNormalVector0.310107	-0.0676468	0.943776
min0.590691max2.11655
reference92
id1357
mNormalVector0.288043	-0.0941454	0.951082
min0.793747max2.84414
reference92
id1363
mNormalVector0.49589	0.0297036	0.864897
min0.361704max1.29605
reference2
id1367
mNormalVector0.19493	0.012772	0.976147
min0.321689max1.15267
reference92
id1369
mNormalVector0.458793	-0.0602718	0.87146
min0.358505max1.28459
reference87
id1373
mNormalVector0.463348	-0.0480777	0.882262
min0.330857max1.18552
reference2
id1379
mNormalVector0.152985	-0.225214	0.961318
min0.416117max1.49102
reference94
id1382
mNormalVector0.251283	-0.235794	0.938018
min0.770902max2.76228
reference70
id1407
mNormalVector-0.0441584	0.0102765	0.993271
min0.523097max1.87435
reference2
id7551
mNormalVector0.251961	-0.0382319	0.955831
min0.422155max1.51266
reference92
id7592
mNormalVector0.325902	-0.0582741	0.937391
min1.21552max4.35542
reference81
id7632
mNormalVector-0.440179	-0.244858	0.861657
min2.04855max7.34033
reference87
id7679
mNormalVector0.379074	-0.246364	0.890908
min0.538024max1.92784
reference87
id7690
mNormalVector0.346498	-0.213758	0.912422
min0.649809max2.32838
reference87
id7696
mNormalVector0.013117	-0.245862	0.968754
min1.55166max5.55989
reference87
id7720
mNormalVector0.0433591	-0.298876	0.952888
min0.781151max2.79901
reference81
id7732
mNormalVector-0.488874	-0.275896	0.826942
min1.45812max5.2247
reference2
id7734
mNormalVector-0.492611	-0.261141	0.828859
min2.90018max10.3919
reference81
id7736
mNormalVector-0.524734	-0.234308	0.817684
min0.774675max2.7758
reference92
id7761
mNormalVector0.182259	-0.0827963	0.971051
min0.837752max3.00182
reference87
id5497
mNormalVector0.436773	-0.150155	0.884994
min0.44222max1.58456
reference87
id5503
mNormalVector0.0729826	0.00136552	0.996631
min0.330592max1.18457
reference81
id5513
mNormalVector0.514577	-0.116534	0.847701
min0.678041max2.42954
reference87
id7803
mNormalVector-0.105628	-0.274065	0.955179
min1.79893max6.44591
reference87
id7807
mNormalVector0.286977	-0.0408129	0.955503
min0.960797max3.44271
reference87
id7817
mNormalVector0.237921	-0.100134	0.964491
min0.716963max2.56901
reference87
id7822
mNormalVector0.233037	-0.0264305	0.971438
min0.303001max1.08571
reference87
id7827
mNormalVector0.066244	-0.184705	0.977611
min0.402681max1.44288
reference70
id7828
mNormalVector0.223934	-0.0703093	0.967614
min0.328171max1.1759
reference87
id7837
mNormalVector-0.435567	-0.243669	0.864813
min0.903829max3.23858
reference87
id7840
mNormalVector-0.490827	0.0596587	0.868895
min0.581388max2.08322
reference87
id7843
mNormalVector0.0676726	-0.215063	0.973804
min0.834215max2.98914
reference87
id7849
mNormalVector-0.0916074	-0.321721	0.942136
min1.73967max6.23357
reference87
id7853
mNormalVector0.287062	-0.0749491	0.948786
min0.49215max1.76346
reference87
id7856
mNormalVector-0.575817	0.0672733	0.810645
min0.486335max1.74263
reference41
id7866
mNormalVector0.134567	-0.111079	0.978736
min0.577138max2.06799
reference87
id7871
mNormalVector-0.57367	0.0302822	0.812509
min0.578659max2.07344
reference2
id7971
mNormalVector0.19898	-0.0053451	0.973795
min0.531472max1.90436
reference81
id7990
mNormalVector0.269789	-0.284678	0.918922
min1.07571max3.85447
reference2
id8014
mNormalVector-0.282211	-0.179109	0.940111
min1.546max5.53959
reference70
id5764
mNormalVector-0.208718	-0.102094	0.965387
min0.92963max3.33103
reference92
id5817
mNormalVector0.207078	-0.209909	0.953202
min0.514878max1.8449
reference81
id6580
mNormalVector0.375945	-0.0733002	0.921452
min0.487776max1.74779
reference87
id6587
mNormalVector-0.0772471	-0.235126	0.96721
min1.0383max3.7204
reference87
id6645
mNormalVector0.316456	0.0244018	0.942079
min0.444668max1.59333
reference87
id6648
mNormalVector-0.432654	-0.085268	0.887525
min0.704961max2.526
reference87
id6658
mNormalVector-0.517248	-0.184348	0.835369
min0.634499max2.27352
reference2
id6661
mNormalVector-0.302707	0.0275073	0.941796
min0.580292max2.07929
reference87
id6175
mNormalVector-0.226521	-0.230423	0.943202
min1.0195max3.65306
reference87
id6180
mNormalVector-0.188976	-0.138555	0.971996
min0.367598max1.31717
reference75
id6187
mNormalVector0.0780247	-0.217846	0.9728
min0.582085max2.08572
reference75
id6200
mNormalVector-0.22465	-0.241179	0.944046
min2.16009max7.73998
reference75
id6202
mNormalVector-0.0768252	-0.216388	0.973175
min0.400661max1.43564
reference75
id7186
mNormalVector0.383432	-0.0299602	0.922943
min0.567095max2.032
reference92
id7200
mNormalVector0.409134	-0.0208852	0.910589
min0.990289max3.54839
reference75
id7216
mNormalVector0.49244	-0.0225397	0.869849
min0.248173max0.88925
reference92
id7244
mNormalVector0.461857	0.0132352	0.882768
min0.475735max1.70464
reference2
id7248
mNormalVector0.416458	0.082778	0.899564
min0.236833max0.848617
reference92
id7155
mNormalVector0.203627	0.111463	0.946245
min0.552504max1.97972
reference70
id7158
mNormalVector0.0344456	-0.120841	0.99151
min0.7864max2.81782
reference75
id7159
mNormalVector-0.100137	-0.0511387	0.992927
min0.714468max2.56007
reference75
id7161
mNormalVector0.0897544	-0.0723289	0.99276
min0.604945max2.16763
reference92
id7177
mNormalVector0.208532	-0.087379	0.96992
min0.634815max2.27466
reference81
id7178
mNormalVector0.00260533	-0.115814	0.99216
min0.542752max1.94478
reference92
id7179
mNormalVector-0.0839484	0.00441051	0.991487
min0.501505max1.79698
reference92
id7181
mNormalVector0.356601	-0.0994231	0.917386
min0.386124max1.38355
reference87
id6841
mNormalVector-0.447414	-0.0380259	0.893128
min0.395275max1.41634
reference75
id6846
mNormalVector-0.163285	-0.27395	0.946515
min0.670729max2.40334
reference92
id6863
mNormalVector-0.219726	0.0647856	0.96913
min0.266027max0.953222
reference92
id6889
mNormalVector-0.26709	-0.208052	0.938985
min0.662058max2.37227
reference92
id6914
mNormalVector0.410085	-0.0691246	0.909086
min0.35618max1.27626
reference92
id6952
mNormalVector0.305558	-0.0947009	0.945398
min0.309328max1.10838
reference92
id6956
mNormalVector0.346663	-0.17412	0.921614
min0.786683max2.81883
reference92
id6965
mNormalVector0.294787	-0.0589934	0.953589
min0.908034max3.25365
reference92
id6983
mNormalVector0.196755	-0.11549	0.972633
min0.990706max3.54988
reference92
id6993
mNormalVector0.219351	0.00540918	0.973994
min0.80041max2.86802
reference92
id6996
mNormalVector0.367177	0.0010919	0.929955
min0.28233max1.01164
reference92
id7003
mNormalVector0.17225	-0.167602	0.970576
min0.387179max1.38733
reference92
id7005
mNormalVector0.396312	-0.0454478	0.91565
min0.285664max1.02359
reference92
id7006
mNormalVector0.236778	-0.0715927	0.966944
min0.267905max0.959952
reference75
id7008
mNormalVector0.469098	-0.212706	0.856605
min0.637683max2.28493
reference92
id7009
mNormalVector0.158596	-0.112877	0.980376
min0.576804max2.06679
reference92
id7012
mNormalVector0.402724	-0.0176653	0.91499
min1.02904max3.68725
reference92
id7017
mNormalVector0.224183	-0.186921	0.955126
min0.84628max3.03238
reference92
id7018
mNormalVector0.428047	-0.018269	0.901991
min0.260709max0.934169
reference75
id7022
mNormalVector0.0211872	-0.0763226	0.996743
min0.341471max1.22355
reference75
id7026
mNormalVector0.422499	-0.0503891	0.904467
min0.293006max1.04989
reference92
id7036
mNormalVector0.466034	-0.217103	0.857439
min0.430953max1.54418
reference92
id7044
mNormalVector0.413509	-0.0891626	0.900216
min0.690814max2.47531
reference92
id7046
mNormalVector0.473506	-0.205359	0.85619
min0.382504max1.37058
reference75
id7057
mNormalVector0.473959	-0.239346	0.847307
min0.657722max2.35674
reference92
id7058
mNormalVector0.137447	-0.188098	0.972174
min0.59474max2.13106
reference91
id7078
mNormalVector0.0244617	-0.258837	0.965198
min0.568236max2.03609
reference92
id7082
mNormalVector0.00500731	-0.210392	0.977515
min0.646912max2.318
reference75
id7256
mNormalVector0.521519	0.0143271	0.847455
min0.295788max1.05986
reference93
id7258
mNormalVector-0.16851	-0.081682	0.978806
min0.395372max1.41669
reference92
id7261
mNormalVector0.478227	-0.0614102	0.872196
min0.78943max2.82867
reference92
id7271
mNormalVector-0.149978	-0.00223678	0.983454
min0.301661max1.08091
reference2
id11071
mNormalVector0.296889	-0.288364	0.906974
min0.532381max1.90762
reference70
id11877
mNormalVector0.0301544	-0.261591	0.962686
min0.746409max2.67452
reference2
id11885
mNormalVector0.323163	-0.219485	0.918949
min0.5418max1.94137
reference87
id11888
mNormalVector0.266918	-0.17942	0.946554
min0.444197max1.59164
reference41
id11469
mNormalVector-0.337847	-0.063701	0.934561
min0.422038max1.51224
reference70
id11529
mNormalVector0.425978	-0.00618761	0.904019
min0.303887max1.08888
reference87
id11533
mNormalVector-0.485875	-0.0672604	0.870733
min0.56854max2.03718
reference67
id11545
mNormalVector0.046978	-0.244555	0.965961
min0.614277max2.20106
reference93
id11589
mNormalVector-0.435977	-0.291404	0.851333
min1.13479max4.06617
reference93
id11590
mNormalVector-0.410186	-0.261641	0.873119
min1.44264max5.16924
reference93
id11591
mNormalVector-0.322019	-0.292043	0.899593
min0.874833max3.13468
reference38
id11605
mNormalVector-0.359499	-0.263129	0.89088
min1.07767max3.86149
reference92
id11490
mNormalVector0.172313	-0.107221	0.978724
min0.426791max1.52927
reference38
id5600
mNormalVector0.513247	-0.0529591	0.854335
min1.10398max3.95576
reference2
id5672
mNormalVector0.523528	-0.128665	0.841933
min0.486056max1.74163
reference2
id5680
mNormalVector0.399851	-0.170287	0.900565
min0.450002max1.61244
reference2
id12248
mNormalVector-0.252314	-0.298669	0.919957
min0.815256max2.92121
reference2
id12249
mNormalVector-0.259652	-0.323013	0.909674
min0.945703max3.38863
reference2
id12252
mNormalVector0.508452	-0.0752245	0.856327
min1.12611max4.03507
reference2
id12256
mNormalVector0.262196	-0.330146	0.905644
min0.879324max3.15078
reference2
id12262
mNormalVector0.107183	-0.250405	0.96164
min0.356267max1.27657
reference2
id12265
mNormalVector0.200292	-0.209049	0.957129
min0.413233max1.48069
reference2
id12282
mNormalVector0.255307	-0.0566592	0.963744
min0.341644max1.22417
reference2
id12290
mNormalVector0.188659	-0.286941	0.939065
min0.640716max2.2958
reference94
id12293
mNormalVector0.253607	-0.0102001	0.967133
min0.516382max1.85029
reference2
id12296
mNormalVector0.301498	-0.0288385	0.951629
min0.562114max2.01416
reference94
id12305
mNormalVector0.128247	-0.22358	0.966147
min0.849208max3.04287
reference94
id12306
mNormalVector0.172589	-0.0182589	0.984509
min0.873775max3.13089
reference94
id12317
mNormalVector-0.169472	-0.0605083	0.981991
min0.317468max1.13754
reference93
id12322
mNormalVector0.358535	-0.122698	0.924568
min0.499227max1.78882
reference93
id12323
mNormalVector0.271913	-0.102178	0.954749
min0.838991max3.00626
reference93
id12331
mNormalVector0.00984255	-0.0611754	0.99767
min0.271061max0.97126
reference2
id12336
mNormalVector0.0902372	-0.0465041	0.994384
min0.239336max0.857583
reference2
id12348
mNormalVector-0.303905	0.0646484	0.950093
min0.452275max1.62058
reference2
id12350
mNormalVector0.0583948	-0.0729394	0.993716
min0.501281max1.79618
reference67
id12356
mNormalVector0.0943526	-0.193761	0.976242
min0.526321max1.8859
reference2
id12357
mNormalVector0.481854	-0.0526123	0.872188
min1.40742max5.04304
reference2
id12364
mNormalVector0.57628	-0.0450677	0.815618
min0.686508max2.45988
reference70
id12369
mNormalVector0.531816	-0.0571552	0.843253
min0.445587max1.59662
reference87
id6046
mNormalVector0.387061	0.00682899	0.920771
min0.483756max1.73339
reference70
id6047
mNormalVector0.248949	-0.215725	0.943745
min1.06944max3.83199
reference87
id6064
mNormalVector0.0693164	-0.00422801	0.996028
min0.274641max0.984089
reference92
id4097
mNormalVector0.136366	-0.0640932	0.98633
min0.324232max1.16178
reference38
id4218
mNormalVector-0.272867	-0.106611	0.954332
min0.602193max2.15777
reference92
id4235
mNormalVector0.117861	0.0251114	0.985059
min0.385177max1.38016
reference92
id3885
mNormalVector-0.0168865	-0.115793	0.993017
min0.461809max1.65475
reference75
id3938
mNormalVector-0.589966	0.103714	0.797544
min0.740473max2.65325
reference75
id3838
mNormalVector-0.204378	-0.230322	0.951052
min0.638394max2.28748
reference93
id3849
mNormalVector0.00565368	-0.00447991	0.984222
min0.874045max3.13186
reference92
id4513
mNormalVector0.647344	0.136283	0.744751
min0.520561max1.86526
reference2
id4521
mNormalVector0.62626	-0.0611213	0.771196
min0.418184max1.49843
reference87
id4563
mNormalVector0.580836	0.147372	0.79083
min0.394101max1.41213
reference2
id4598
mNormalVector0.306587	-1.35095e-06	0.950019
min0.439983max1.57654
reference2
id4614
mNormalVector0.325474	-0.100992	0.938201
min0.330896max1.18566
reference87
id4620
mNormalVector0.595729	-0.062889	0.798483
min0.959152max3.43682
reference2
id5464
mNormalVector-0.418986	-0.016009	0.90766
min0.385189max1.3802
reference92
id3576
mNormalVector-0.1863	-0.16659	0.968051
min0.460538max1.65019
reference92
id3584
mNormalVector0.0865885	-0.21213	0.97332
min0.689264max2.46976
reference92
id3622
mNormalVector-0.13461	-0.0774613	0.986976
min0.524892max1.88078
reference75
id3628
mNormalVector0.130784	-0.0812501	0.987446
min0.627932max2.25
reference92
id3657
mNormalVector-0.260927	-0.189787	0.945914
min0.784214max2.80998
reference92
id3662
mNormalVector-0.168599	-0.0272474	0.978671
min0.473587max1.69695
reference2
id3670
mNormalVector0.108041	0.0104043	0.99269
min0.429783max1.53999
reference2
id9906
mNormalVector0.479421	0.0928292	0.872009
min0.287939max1.03174
reference67
id9927
mNormalVector0.662274	-0.0277147	0.743792
min0.551773max1.9771
reference87
id9933
mNormalVector0.665014	0.00716669	0.738998
min0.738106max2.64477
reference87
id9938
mNormalVector0.502316	-0.0167123	0.863451
min0.83487max2.99149
reference92
id9959
mNormalVector0.472129	0.128274	0.870329
min0.23155max0.829687
reference92
id9966
mNormalVector0.412008	-0.0166417	0.908847
min0.460964max1.65172
reference75
id10030
mNormalVector-0.0885291	-0.0956599	0.991375
min0.455612max1.63254
reference75
id10031
mNormalVector-0.0294432	-0.0146147	0.996032
min0.682811max2.44664
reference75
id10096
mNormalVector0.48852	-0.0055751	0.854898
min0.265876max0.952682
reference92
id10097
mNormalVector-0.29801	-0.131955	0.943759
min0.455946max1.63374
reference75
id10113
mNormalVector-0.0456821	-0.222313	0.972758
min0.86192max3.08842
reference92
id4667
mNormalVector0.465697	-0.180029	0.865277
min1.36745max4.89981
reference75
id4691
mNormalVector0.577197	-0.145047	0.802045
min0.510536max1.82934
reference2
id4694
mNormalVector0.335325	-0.146612	0.928614
min0.506627max1.81534
reference75
id4695
mNormalVector0.0437586	0.18447	0.981402
min0.528867max1.89503
reference92
id4711
mNormalVector0.482203	0.141683	0.862277
min0.263911max0.945641
reference38
id4715
mNormalVector-0.147882	-0.0400057	0.981691
min0.508189max1.82093
reference92
id4730
mNormalVector0.29188	-0.238063	0.923467
min1.3161max4.71581
reference92
id4734
mNormalVector-0.274146	-0.245527	0.929717
min0.90132max3.22959
reference92
id4740
mNormalVector0.327671	0.108359	0.937136
min0.470534max1.68601
reference75
id9641
mNormalVector0.0846131	-0.0934074	0.989726
min1.11823max4.00684
reference92
id9685
mNormalVector0.404374	-0.0960614	0.908257
min0.313601max1.12369
reference75
id9699
mNormalVector-0.0534213	-0.250539	0.966443
min0.391833max1.40401
reference92
id9705
mNormalVector0.138159	-0.175491	0.968065
min1.12955max4.04739
reference92
id9710
mNormalVector0.390719	-0.129102	0.907368
min0.401638max1.43914
reference2
id9717
mNormalVector0.154727	0.00695058	0.987332
min0.648957max2.32533
reference92
id9737
mNormalVector-0.157426	-0.21598	0.963188
min1.40927max5.04968
reference92
id9750
mNormalVector0.478581	0.0103269	0.87673
min0.278992max0.999679
reference92
id9761
mNormalVector0.514826	-0.153721	0.841131
min0.921128max3.30057
reference87
id9772
mNormalVector0.364581	-0.123546	0.922406
min0.748055max2.68042
reference87
id9775
mNormalVector-0.0733118	-0.251535	0.957365
min1.35714max4.86288
reference87
id9409
mNormalVector0.242598	-0.18711	0.944496
min0.457844max1.64054
reference87
id9655
mNormalVector-0.279397	-0.0929259	0.955064
min0.583743max2.09166
reference92
id9674
mNormalVector0.534483	-0.167862	0.827221
min0.554935max1.98843
reference2
id9675
mNormalVector0.507943	-0.0121549	0.857673
min0.554779max1.98787
reference81
id9679
mNormalVector0.451803	-0.0843129	0.883036
min1.15644max4.14374
reference87
id7765
mNormalVector-0.0960473	0.13305	0.970903
min0.844962max3.02765
reference87
id7778
mNormalVector-0.159543	-0.168631	0.971114
min0.655943max2.35036
reference2
id7783
mNormalVector0.181486	-0.23453	0.954625
min0.779828max2.79427
reference87
id7792
mNormalVector0.201477	-0.28116	0.930206
min1.03755max3.71772
reference87
id8617
mNormalVector0.65214	0.0279402	0.756345
min0.419574max1.50341
reference2
id6730
mNormalVector-0.12054	-0.0450304	0.983849
min0.336523max1.20582
reference2
id6791
mNormalVector-0.0311717	-0.0435524	0.9975
min0.364777max1.30706
reference87
id7497
mNormalVector-0.048566	-0.114234	0.99178
min0.417288max1.49522
reference87
id7503
mNormalVector-0.213537	-0.0954043	0.963394
min0.415885max1.49019
reference87
id7535
mNormalVector0.293704	-0.094949	0.943314
min0.807973max2.89511
reference92
id5240
mNormalVector-0.531435	0.205097	0.819214
min0.808646max2.89752
reference2
id5244
mNormalVector-0.0839926	-0.158925	0.971181
min0.376946max1.35067
reference87
id5251
mNormalVector-0.0512784	-0.232862	0.971024
min0.513819max1.84111
reference2
id5263
mNormalVector-0.474181	-0.240805	0.846779
min0.700654max2.51057
reference2
id5291
mNormalVector0.111996	0.0036717	0.979409
min0.429771max1.53995
reference87
id5293
mNormalVector-0.596319	0.132652	0.786288
min0.342513max1.22729
reference92
id1059
mNormalVector0.206694	0.0938595	0.972432
min0.260239max0.932482
reference87
id1066
mNormalVector0.121269	-0.194544	0.972307
min0.48922max1.75297
reference92
id1077
mNormalVector0.0222675	-0.0128356	0.994615
min1.01629max3.64154
reference92
id1083
mNormalVector-0.0250795	-0.220101	0.973253
min1.22017max4.3721
reference75
id1085
mNormalVector-0.294214	-0.0967299	0.945289
min1.08602max3.89142
reference92
id1088
mNormalVector-0.0267494	-0.0871141	0.99402
min0.460092max1.64859
reference92
id1456
mNormalVector-0.0945868	-0.192275	0.9766
min0.712355max2.5525
reference92
id1490
mNormalVector0.317712	-0.0957049	0.942267
min0.799109max2.86335
reference92
id1595
mNormalVector-0.299844	-0.0574537	0.948659
min0.343496max1.23081
reference92
id1597
mNormalVector0.463923	0.033259	0.873366
min0.295104max1.05741
reference2
id1615
mNormalVector0.373301	-0.0716812	0.922789
min0.406074max1.45504
reference2
id1617
mNormalVector0.546163	0.0339573	0.832641
min0.2905max1.04092
reference2
id1649
mNormalVector0.300037	-0.0499795	0.937693
min0.366011max1.31148
reference41
id1670
mNormalVector0.600512	0.00425044	0.799058
min0.330072max1.18271
reference2
id1672
mNormalVector0.196632	-0.0676395	0.977709
min0.315381max1.13007
reference2
id1675
mNormalVector0.58274	0.0509076	0.809994
min0.293337max1.05108
reference2
id1768
mNormalVector0.161185	-0.0829759	0.973225
min0.38678max1.3859
reference92
id266
mNormalVector0.169198	-0.258004	0.950353
min0.422242max1.51297
reference2
id269
mNormalVector0.102467	-0.236357	0.957927
min0.580122max2.07868
reference92
id270
mNormalVector0.288536	-0.236363	0.924869
min0.427071max1.53027
reference87
id279
mNormalVector-0.0447447	0.0953023	0.970661
min0.373242max1.33739
reference87
id283
mNormalVector0.281318	-0.0572035	0.954219
min0.284608max1.0198
reference2
id285
mNormalVector0.338698	-0.0446462	0.939479
min0.342063max1.22567
reference2
id286
mNormalVector-0.0987175	-0.283976	0.953501
min0.609219max2.18294
reference2
id290
mNormalVector0.245998	-0.267352	0.931449
min0.451213max1.61678
reference2
id292
mNormalVector0.356095	-0.246068	0.901275
min0.474585max1.70052
reference2
id295
mNormalVector-0.0376484	-0.201261	0.978471
min0.428921max1.5369
reference2
id298
mNormalVector0.147004	-0.195748	0.966624
min0.448895max1.60847
reference2
id301
mNormalVector0.177977	-0.171584	0.966255
min0.528692max1.8944
reference2
id302
mNormalVector0.180534	-0.186273	0.963569
min0.423848max1.51872
reference2
id304
mNormalVector0.248687	-0.0967045	0.963417
min0.362232max1.29794
reference2
id305
mNormalVector0.18928	-0.108727	0.969549
min0.321808max1.1531
reference92
id311
mNormalVector0.233566	-0.0916505	0.949105
min0.502285max1.79978
reference87
id312
mNormalVector0.268141	-0.0918462	0.946074
min0.374871max1.34323
reference87
id316
mNormalVector0.267074	-0.069601	0.958992
min0.408881max1.4651
reference2
id317
mNormalVector-0.165498	-0.0395538	0.985041
min0.401747max1.43953
reference2
id318
mNormalVector0.193011	-0.0431628	0.979799
min0.309466max1.10887
reference2
id320
mNormalVector0.234632	-0.0517181	0.964808
min0.330941max1.18582
reference2
id322
mNormalVector0.247145	-0.00951751	0.961763
min0.315234max1.12954
reference2
id326
mNormalVector0.132927	-0.24715	0.959585
min0.528073max1.89218
reference2
id327
mNormalVector0.155766	-0.24828	0.952425
min0.428959max1.53704
reference2
id331
mNormalVector-0.0101362	-0.205807	0.976109
min0.45891max1.64436
reference2
id333
mNormalVector0.228297	-0.10092	0.967596
min0.356613max1.27781
reference2
id338
mNormalVector0.249132	-0.0195148	0.967848
min0.263393max0.943783
reference2
id344
mNormalVector0.0729772	-0.189049	0.975453
min0.544383max1.95062
reference2
id346
mNormalVector0.346629	-0.157421	0.922755
min0.43806max1.56965
reference2
id348
mNormalVector-0.034339	-0.155219	0.987015
min0.332151max1.19016
reference2
id351
mNormalVector-0.0113182	-0.0731424	0.987696
min0.499412max1.78948
reference2
id358
mNormalVector0.249091	-0.0976726	0.960953
min0.423468max1.51736
reference2
id360
mNormalVector0.187826	-0.00172052	0.978175
min0.438788max1.57226
reference2
id361
mNormalVector0.322721	-0.00890897	0.945805
min0.519308max1.86077
reference2
id367
mNormalVector0.382221	-0.0464921	0.9184
min0.604101max2.16461
reference81
id373
mNormalVector-0.151836	-0.0950385	0.983509
min0.630549max2.25937
reference2
id376
mNormalVector-0.206059	-0.00653928	0.978121
min0.467197max1.67405
reference2
id380
mNormalVector-0.039953	-0.11413	0.989568
min0.621888max2.22834
reference2
id381
mNormalVector0.151014	-0.101219	0.981643
min0.614935max2.20342
reference2
id384
mNormalVector0.363813	-0.141725	0.920398
min0.743701max2.66482
reference2
id583
mNormalVector0.191555	0.0294978	0.963035
min0.527961max1.89178
reference87
id585
mNormalVector0.232193	-0.0815679	0.962427
min0.588877max2.11005
reference87
id586
mNormalVector-0.164008	-0.0357993	0.973769
min0.524808max1.88048
reference87
id588
mNormalVector0.313077	-0.044524	0.933821
min0.601955max2.15691
reference87
id591
mNormalVector-0.0745195	-0.211789	0.971565
min0.647233max2.31915
reference2
id594
mNormalVector0.224969	-0.103062	0.964078
min0.662111max2.37246
reference92
id597
mNormalVector0.308354	-0.062411	0.948852
min0.582732max2.08804
reference2
id598
mNormalVector0.249817	-0.0880905	0.954248
min0.668566max2.39559
reference92
id603
mNormalVector0.13025	-0.187753	0.969773
min0.76929max2.75651
reference2
id614
mNormalVector-0.153387	0.00548498	0.975471
min0.418255max1.49868
reference81
id615
mNormalVector0.0800317	-0.0941854	0.988717
min0.726013max2.60144
reference2
id620
mNormalVector0.0136402	-0.210235	0.977147
min0.941954max3.37519
reference2
id622
mNormalVector-0.0996681	-0.243605	0.964642
min1.35651max4.86063
reference2
id623
mNormalVector0.0247136	-0.278453	0.957355
min1.42615max5.11014
reference87
id624
mNormalVector0.376916	-0.117846	0.917147
min1.10451max3.95766
reference2
id629
mNormalVector0.167747	-0.211132	0.955794
min1.61948max5.80289
reference87
id631
mNormalVector-0.12019	0.137909	0.979115
min0.528067max1.89216
reference2
id640
mNormalVector0.0498457	-0.106444	0.98804
min0.725082max2.5981
reference2
id641
mNormalVector0.263054	-0.0910699	0.960136
min0.737879max2.64395
reference2
id642
mNormalVector0.234151	-0.100666	0.960643
min0.796298max2.85328
reference92
id645
mNormalVector-0.211619	-0.0263885	0.971834
min0.791429max2.83583
reference2
id650
mNormalVector-0.322831	0.0544995	0.944173
min0.744982max2.66941
reference2
id653
mNormalVector0.074253	-0.102884	0.989315
min0.887304max3.17937
reference2
id658
mNormalVector-0.0449578	-0.207395	0.97148
min0.706497max2.53151
reference81
id659
mNormalVector-0.0821699	0.0245347	0.977951
min0.706338max2.53094
reference87
id662
mNormalVector-0.261543	0.0124741	0.955071
min0.793004max2.84148
reference2
id670
mNormalVector0.235832	-0.0649182	0.96875
min0.820377max2.93956
reference2
id676
mNormalVector-0.0542442	-0.241417	0.966559
min1.5339max5.49623
reference87
id679
mNormalVector0.105906	-0.0844392	0.983618
min0.835341max2.99318
reference87
id680
mNormalVector-0.182278	-0.0576206	0.969236
min1.15055max4.12263
reference87
id686
mNormalVector-0.0970393	-0.0201251	0.988462
min0.935293max3.35133
reference2
id689
mNormalVector0.116396	-0.196376	0.970163
min1.56141max5.59483
reference87
id690
mNormalVector0.0666411	-0.201603	0.974349
min1.34914max4.83422
reference2
id693
mNormalVector0.218104	-0.187745	0.957207
min1.39167max4.98662
reference2
id696
mNormalVector0.238971	0.0452914	0.964932
min0.858438max3.07594
reference2
id698
mNormalVector-0.228486	0.0693701	0.970361
min0.242547max0.869088
reference2
id700
mNormalVector-0.0025303	-0.186777	0.979471
min0.501369max1.7965
reference87
id702
mNormalVector0.20246	-0.18891	0.95911
min1.27443max4.56653
reference87
id704
mNormalVector0.329948	-0.160702	0.928799
min1.13246max4.05781
reference2
id706
mNormalVector0.132463	-0.209487	0.966244
min0.433725max1.55412
reference2
id710
mNormalVector-0.116503	-0.0397127	0.985443
min1.24065max4.44546
reference41
id713
mNormalVector0.167602	-0.0717258	0.98035
min0.9966max3.571
reference2
id714
mNormalVector0.399445	-0.0934922	0.910877
min0.778968max2.79118
reference70
id726
mNormalVector0.423182	-0.0319101	0.904671
min0.394043max1.41193
reference87
id2428
mNormalVector-0.0943563	-0.0615525	0.993195
min0.601087max2.1538
reference87
id2439
mNormalVector-0.432436	0.0258178	0.890173
min0.997573max3.57449
reference38
id2446
mNormalVector0.0113497	-0.245292	0.969226
min0.457595max1.63964
reference92
id2447
mNormalVector0.297222	-0.0432325	0.948496
min0.330611max1.18464
reference87
id3477
mNormalVector0.0647596	-0.138157	0.986419
min0.561404max2.01161
reference38
id3490
mNormalVector0.0375546	-0.172815	0.982712
min0.751347max2.69221
reference75
id5172
mNormalVector0.0340666	-0.0113979	0.998352
min0.773109max2.77019
reference2
id5177
mNormalVector-0.229658	-0.0196388	0.968826
min0.566748max2.03076
reference2
id5195
mNormalVector-0.502127	0.154341	0.84746
min0.244528max0.87619
reference38
id4768
mNormalVector0.276403	-0.0269566	0.948155
min0.30694max1.09982
reference2
id4782
mNormalVector0.561903	-0.0348242	0.824587
min0.619886max2.22116
reference75
id5098
mNormalVector0.0249933	0.118087	0.985535
min0.406458max1.45641
reference87
id2946
mNormalVector0.555234	0.154581	0.816054
min0.273723max0.980799
reference87
id2965
mNormalVector0.611369	-0.0855132	0.785081
min0.39714max1.42302
reference87
id1939
mNormalVector0.356422	-0.0239097	0.931553
min0.387026max1.38678
reference87
id3465
mNormalVector0.503368	-0.0870731	0.85889
min0.453918max1.62647
reference87
id3259
mNormalVector0.665894	-0.0399433	0.743366
min0.806141max2.88855
reference81
id3262
mNormalVector0.0825209	-0.179801	0.97976
min0.461443max1.65344
reference81
id3313
mNormalVector0.563367	-0.0930146	0.80801
min0.576182max2.06457
reference87
id6246
mNormalVector0.0980291	-0.0983119	0.989392
min1.20793max4.32822
reference87
id6251
mNormalVector0.136596	-0.0576764	0.967859
min0.305939max1.09624
reference87
id6267
mNormalVector0.0171269	0.0203193	0.993095
min0.323683max1.15982
reference41
id6268
mNormalVector-0.523468	0.132979	0.835358
min0.423545max1.51764
reference2
id6276
mNormalVector-0.027157	-0.0919238	0.991378
min0.383022max1.37244
reference75
id6282
mNormalVector-0.189772	-0.019627	0.98082
min0.291871max1.04583
reference92
id6410
mNormalVector-0.30821	-0.00415433	0.950952
min0.85196max3.05273
reference75
id6413
mNormalVector-0.238983	-0.114002	0.964036
min1.19859max4.29477
reference92
id6424
mNormalVector-0.274101	-0.195024	0.940715
min1.41974max5.08718
reference92
id6445
mNormalVector-0.0678632	-0.232641	0.970042
min0.407349max1.4596
reference92
id6542
mNormalVector0.00724381	-0.0850771	0.996266
min0.312991max1.1215
reference92
id6545
mNormalVector-0.0557427	-0.124815	0.989873
min0.469929max1.68384
reference75
id7092
mNormalVector0.352989	-0.132478	0.925337
min0.977047max3.50094
reference75
id7093
mNormalVector0.301082	0.015874	0.951624
min0.622329max2.22992
reference92
id7116
mNormalVector0.512992	-0.0327218	0.857461
min0.355261max1.27296
reference2
id7126
mNormalVector0.586727	-0.0648861	0.806212
min0.309302max1.10828
reference2
id7128
mNormalVector0.585942	0.0585568	0.807851
min0.256975max0.920789
reference2
id7130
mNormalVector0.570361	0.0427119	0.819915
min0.264254max0.946869
reference2
id7135
mNormalVector0.713578	0.0988362	0.69328
min0.278688max0.99859
reference2
id7145
mNormalVector0.259641	-0.0373519	0.963204
min0.268221max0.961083
reference2
id7151
mNormalVector0.714687	0.0570176	0.696835
min0.282789max1.01328
reference2
id7153
mNormalVector-0.0554244	-0.0714453	0.995509
min0.342203max1.22618
reference2
id165
mNormalVector0.195588	-0.0447894	0.979257
min0.270881max0.970614
reference2
id166
mNormalVector0.0676666	-0.0346311	0.988123
min0.355108max1.27242
reference92
id168
mNormalVector0.315826	0.00334113	0.948384
min0.260411max0.9331
reference2
id171
mNormalVector0.212474	-0.200693	0.956113
min0.371218max1.33014
reference2
id173
mNormalVector0.197051	-0.112872	0.969787
min0.303486max1.08744
reference2
id174
mNormalVector0.201196	-0.114165	0.957323
min0.33963max1.21695
reference87
id175
mNormalVector0.185082	-0.0766164	0.97814
min0.283565max1.01607
reference2
id176
mNormalVector0.40077	-0.07307	0.912842
min0.885581max3.1732
reference70
id178
mNormalVector0.146621	-0.0877659	0.966478
min0.362213max1.29788
reference70
id179
mNormalVector0.411124	-0.0916228	0.905884
min0.81699max2.92743
reference70
id183
mNormalVector0.430341	-0.0990958	0.895337
min0.540406max1.93637
reference87
id185
mNormalVector0.0258443	-0.203958	0.977522
min0.781544max2.80041
reference67
id186
mNormalVector0.124162	-0.226579	0.964796
min0.907254max3.25085
reference2
id188
mNormalVector0.100582	-0.204622	0.966208
min0.515538max1.84727
reference87
id193
mNormalVector-0.105161	-0.0569624	0.985919
min0.314282max1.12613
reference87
id6499
mNormalVector-0.121699	-0.0127069	0.987402
min0.427737max1.53266
reference81
id6511
mNormalVector-0.211582	-0.086275	0.972261
min0.471353max1.68894
reference92
id5933
mNormalVector0.146776	-0.0830849	0.981995
min0.514723max1.84435
reference67
id5952
mNormalVector-0.0547618	-0.0163478	0.99636
min0.527266max1.88929
reference38
id5956
mNormalVector-0.0151969	-0.0712439	0.995304
min0.895015max3.207
reference92
id4980
mNormalVector0.0209041	-0.0995026	0.994313
min0.316955max1.13571
reference92
id4999
mNormalVector0.0362697	-0.264482	0.962422
min0.667998max2.39356
reference92
id5013
mNormalVector-0.343844	-0.0483268	0.932261
min0.622688max2.2312
reference2
id5021
mNormalVector-0.124123	-0.0961918	0.986198
min0.968426max3.47005
reference92
id3042
mNormalVector0.457018	0.0933992	0.879689
min0.257634max0.923149
reference75
id3050
mNormalVector0.106349	-0.115308	0.986135
min0.392313max1.40573
reference92
id3054
mNormalVector0.270244	-0.171319	0.947363
min0.493015max1.76656
reference92
id3057
mNormalVector0.319247	-0.0181755	0.942831
min0.391045max1.40119
reference92
id3067
mNormalVector-0.0185733	-0.0347826	0.989519
min0.75043max2.68893
reference2
id3072
mNormalVector0.40121	-0.0605116	0.907949
min0.306113max1.09686
reference92
id3076
mNormalVector0.387663	-0.0744448	0.917049
min0.603835max2.16365
reference2
id3079
mNormalVector0.127613	-0.0763272	0.98353
min0.274228max0.982609
reference92
id3086
mNormalVector0.257524	-0.0753665	0.962085
min0.530258max1.90001
reference92
id3111
mNormalVector0.431139	-0.0851955	0.896742
min0.539021max1.93141
reference38
id3113
mNormalVector0.371533	-0.0283478	0.926721
min0.862851max3.09175
reference92
id4290
mNormalVector0.256946	-0.11109	0.958872
min0.987942max3.53998
reference92
id4291
mNormalVector0.159663	-0.113345	0.979193
min0.58222max2.0862
reference92
id4294
mNormalVector0.110115	-0.0960686	0.987425
min0.442666max1.58615
reference75
id4363
mNormalVector0.149017	-0.114924	0.980535
min0.463506max1.66083
reference92
id4373
mNormalVector-0.126044	-0.221813	0.966167
min1.12769max4.04071
reference92
id4427
mNormalVector0.400385	-0.0690006	0.91361
min0.379029max1.35813
reference92
id4431
mNormalVector0.510771	0.0161644	0.855029
min0.354262max1.26938
reference75
id4452
mNormalVector0.498405	-0.188525	0.845375
min0.825991max2.95967
reference75
id4454
mNormalVector0.386457	-0.133513	0.911041
min1.56674max5.6139
reference92
id4641
mNormalVector0.50209	-0.188559	0.843048
min0.744212max2.66665
reference92
id4644
mNormalVector0.528739	-0.0843132	0.833586
min0.492091max1.76325
reference87
id4646
mNormalVector0.609967	-0.0240444	0.78516
min0.361142max1.29404
reference92
id4650
mNormalVector0.444614	-0.14923	0.882054
min0.451147max1.61654
reference87
id4651
mNormalVector0.70532	0.0199557	0.707953
min0.423807max1.51858
reference41
id4812
mNormalVector0.588538	0.00691883	0.807828
min0.337861max1.21062
reference87
id4824
mNormalVector0.634025	-0.1435	0.759148
min1.0866max3.89349
reference81
id4834
mNormalVector0.493679	-0.0606742	0.861884
min0.764864max2.74065
reference87
id4846
mNormalVector0.513491	-0.0664402	0.854185
min0.563173max2.01795
reference41
id4847
mNormalVector0.159231	-0.0052083	0.986528
min0.315363max1.13
reference70
id5043
mNormalVector0.340113	-0.0577515	0.937737
min0.528877max1.89506
reference41
id5106
mNormalVector-0.462797	-0.241407	0.849426
min1.00057max3.58521
reference87
id5127
mNormalVector-0.0520532	-0.232251	0.97085
min0.615546max2.20561
reference87
id5130
mNormalVector0.309901	-0.119034	0.941757
min0.435154max1.55923
reference87
id5138
mNormalVector0.205164	-0.228758	0.945311
min0.442526max1.58565
reference87
id5159
mNormalVector0.329425	-0.269635	0.904317
min0.596761max2.1383
reference87
id5165
mNormalVector0.251558	-0.109005	0.957126
min0.436497max1.56405
reference87
id5210
mNormalVector-0.215605	-0.298512	0.926592
min0.579691max2.07714
reference87
id5226
mNormalVector0.224884	-0.300934	0.920957
min0.994045max3.56184
reference92
id3709
mNormalVector0.254165	-0.27313	0.924469
min1.05224max3.77038
reference87
id3713
mNormalVector-0.466415	-0.0636341	0.881565
min1.45446max5.21161
reference2
id3729
mNormalVector-0.142353	0.0244817	0.979093
min0.399673max1.4321
reference87
id3762
mNormalVector-0.0558623	-0.0352607	0.987305
min0.913824max3.2744
reference87
id3785
mNormalVector-0.124287	-0.170126	0.974539
min0.387611max1.38888
reference2
id2093
mNormalVector-0.450561	-0.187494	0.872746
min1.59499max5.71515
reference2
id2095
mNormalVector-0.416386	-0.0875102	0.899347
min1.29462max4.63885
reference92
id2100
mNormalVector0.312144	0.0339247	0.94652
min0.286361max1.02608
reference2
id2101
mNormalVector-0.106424	-0.19309	0.968613
min0.42133max1.5097
reference2
id2105
mNormalVector0.225416	0.000505986	0.96734
min0.31226max1.11888
reference87
id2124
mNormalVector-0.431076	-0.262058	0.862548
min1.07236max3.84248
reference92
id2146
mNormalVector0.124398	-0.244245	0.959915
min0.66045max2.36651
reference2
id2159
mNormalVector-0.117136	0.0431385	0.98472
min0.728205max2.60929
reference2
id2174
mNormalVector0.215575	-0.126982	0.967986
min0.333123max1.19364
reference2
id2177
mNormalVector-0.107261	-0.0818173	0.981417
min0.664382max2.3806
reference92
id2184
mNormalVector0.326437	0.0231474	0.938573
min0.633345max2.26939
reference87
id2194
mNormalVector0.173719	-0.266655	0.94231
min1.2027max4.30948
reference92
id2204
mNormalVector0.0693334	-0.0376773	0.993425
min0.432988max1.55147
reference92
id2211
mNormalVector0.262521	-0.13136	0.95486
min0.829816max2.97338
reference92
id2214
mNormalVector0.361131	0.0537632	0.93088
min0.242731max0.869751
reference2
id2228
mNormalVector-0.0656928	-0.0425998	0.991561
min0.301273max1.07951
reference87
id2240
mNormalVector-0.131778	0.0288045	0.985105
min0.304849max1.09233
reference70
id2241
mNormalVector0.16499	-0.150731	0.973603
min0.464335max1.6638
reference87
id2256
mNormalVector-0.335529	-0.191627	0.921215
min0.970893max3.47889
reference70
id2258
mNormalVector0.441946	0.0162213	0.895139
min0.686497max2.45984
reference70
id3010
mNormalVector0.541117	-0.0685457	0.83594
min0.444346max1.59217
reference87
id3020
mNormalVector0.568402	0.0212802	0.820897
min0.349591max1.25265
reference70
id2346
mNormalVector0.37654	-0.157131	0.909925
min0.554647max1.9874
reference70
id2353
mNormalVector-0.195861	0.107144	0.973178
min0.236373max0.846966
reference87
id8978
mNormalVector0.130106	-0.225386	0.961787
min0.501977max1.79867
reference87
id8990
mNormalVector-0.254682	-0.312595	0.915011
min1.06667max3.82206
reference87
id8993
mNormalVector-0.194981	-0.28638	0.937746
min0.610922max2.18904
reference87
id8994
mNormalVector-0.408012	-0.289326	0.865766
min1.15497max4.13846
reference87
id9005
mNormalVector-0.484576	-0.263407	0.832372
min1.18505max4.24624
reference81
id9007
mNormalVector-0.451802	-0.293372	0.840757
min1.33504max4.78369
reference70
id9016
mNormalVector-0.304931	-0.346829	0.886753
min1.25005max4.47915
reference70
id9037
mNormalVector0.292288	-0.0770942	0.953084
min1.06844max3.82843
reference70
id9039
mNormalVector0.300462	-0.130327	0.939908
min0.567149max2.0322
reference87
id9042
mNormalVector0.0701689	-0.0755089	0.988488
min0.577944max2.07088
reference2
id9044
mNormalVector0.138655	-0.0397318	0.980829
min0.644937max2.31093
reference87
id9046
mNormalVector0.0515174	-0.0840332	0.990806
min0.847373max3.03629
reference2
id9052
mNormalVector-0.044055	-0.191359	0.978568
min1.23788max4.43555
reference92
id9053
mNormalVector-0.191858	-0.0405135	0.976513
min0.308016max1.10368
reference92
id9059
mNormalVector-0.340424	-0.283856	0.896281
min0.44924max1.60971
reference2
id9068
mNormalVector-0.106735	-0.0608792	0.988947
min0.348919max1.25024
reference92
id9079
mNormalVector0.0686109	-0.247517	0.961431
min0.468896max1.68014
reference92
id9082
mNormalVector0.0608995	-0.237074	0.96852
min0.422616max1.51431
reference38
id9088
mNormalVector0.0414402	-0.278899	0.956735
min0.391914max1.4043
reference92
id1333
mNormalVector0.169244	-0.23293	0.954838
min0.53118max1.90331
reference2
id1334
mNormalVector0.209666	0.00978933	0.973466
min0.332806max1.19251
reference92
id1340
mNormalVector0.522847	-0.0599093	0.845908
min0.789536max2.82905
reference87
id1342
mNormalVector0.283089	-0.0720963	0.951024
min0.760153max2.72377
reference92
id1345
mNormalVector0.373949	-0.0504183	0.923221
min0.633445max2.26975
reference92
id1237
mNormalVector0.353016	-0.0783789	0.930027
min0.904737max3.24184
reference67
id1238
mNormalVector0.467841	-0.0919879	0.871745
min1.4527max5.20529
reference87
id1251
mNormalVector0.39641	-0.156474	0.902294
min0.395193max1.41605
reference2
id1255
mNormalVector-0.0101592	-0.214917	0.97638
min0.391277max1.40202
reference2
id1257
mNormalVector0.509538	0.0635347	0.857669
min0.248767max0.891376
reference2
id1268
mNormalVector0.187651	-0.255428	0.944883
min0.437826max1.56881
reference87
id1272
mNormalVector0.290502	-0.0661268	0.941599
min0.351998max1.26127
reference87
id1275
mNormalVector0.47076	-0.0724287	0.875877
min0.299454max1.073
reference2
id1276
mNormalVector0.39553	-0.0833258	0.914371
min0.374687max1.34257
reference2
id1277
mNormalVector-0.135178	0.100724	0.980001
min0.26638max0.954488
reference92
id197
mNormalVector-0.215769	-0.0792513	0.965883
min0.34975max1.25322
reference92
id202
mNormalVector-0.164398	0.00674918	0.982545
min0.371937max1.33272
reference2
id203
mNormalVector-0.111462	0.0374795	0.988902
min0.414397max1.48486
reference2
id206
mNormalVector-0.199106	0.0325593	0.969056
min0.695295max2.49137
reference81
id208
mNormalVector-0.0733004	-0.154883	0.977877
min1.12176max4.01946
reference92
id212
mNormalVector0.234395	-0.217358	0.945385
min0.672047max2.40807
reference2
id213
mNormalVector0.0111676	-0.055275	0.997652
min0.989691max3.54624
reference2
id214
mNormalVector-0.0140709	-0.0386656	0.990632
min0.629917max2.25711
reference87
id217
mNormalVector0.44538	-0.0246638	0.894496
min0.372511max1.33477
reference87
id8085
mNormalVector0.406943	-0.0846115	0.908955
min0.863667max3.09467
reference87
id9519
mNormalVector0.455014	-0.057331	0.887944
min0.333913max1.19647
reference81
id9571
mNormalVector-0.0511426	-0.0493596	0.993593
min0.366619max1.31366
reference87
id9463
mNormalVector0.0127424	-0.20736	0.975128
min1.42309max5.09918
reference81
id9477
mNormalVector0.222	-0.00466039	0.969631
min0.362463max1.29877
reference2
id8767
mNormalVector0.283645	-0.0785989	0.947841
min0.290348max1.04037
reference92
id8630
mNormalVector-0.273575	-0.266551	0.919555
min1.01887max3.6508
reference87
id10453
mNormalVector-0.112295	-0.311661	0.94064
min0.69515max2.49085
reference92
id10464
mNormalVector-0.628378	0.07121	0.770034
min0.797072max2.85605
reference94
id10491
mNormalVector-0.517488	0.163308	0.82881
min0.704668max2.52495
reference92
id10494
mNormalVector-0.421216	-0.0621021	0.903987
min0.338216max1.21189
reference92
id10504
mNormalVector-0.226585	-0.164681	0.959792
min0.451967max1.61948
reference75
id10695
mNormalVector0.211935	-0.158598	0.964032
min0.513832max1.84115
reference92
id10696
mNormalVector-0.239611	0.102732	0.958851
min0.313184max1.1222
reference92
id10700
mNormalVector-0.0285727	-0.19092	0.980867
min0.58494max2.09595
reference92
id10172
mNormalVector0.0709158	0.00735105	0.995553
min0.322892max1.15698
reference92
id10183
mNormalVector0.0323046	-0.0724649	0.994748
min0.533816max1.91276
reference92
id10190
mNormalVector0.0529878	-0.241002	0.968933
min0.423449max1.51729
reference92
id9779
mNormalVector0.597432	0.184985	0.770789
min0.242484max0.868864
reference2
id9780
mNormalVector0.518879	0.149305	0.830651
min0.341038max1.222
reference87
id9781
mNormalVector0.201449	-0.103409	0.972522
min0.426559max1.52844
reference2
id9783
mNormalVector0.0811127	-0.217356	0.97002
min0.54345max1.94728
reference87
id9801
mNormalVector0.0723292	-0.0785562	0.99409
min0.307532max1.10194
reference92
id9843
mNormalVector0.476109	0.140809	0.866986
min0.778387max2.7891
reference92
id9847
mNormalVector-0.21875	-0.247478	0.943631
min0.875724max3.13788
reference75
id9849
mNormalVector0.256795	-0.161113	0.949024
min0.969887max3.47528
reference75
id11131
mNormalVector0.072224	-0.0259513	0.996749
min0.483944max1.73406
reference92
id11132
mNormalVector0.0812144	-0.0282709	0.995078
min0.349411max1.252
reference87
id11144
mNormalVector0.19244	-0.0579516	0.973862
min0.364073max1.30454
reference92
id11146
mNormalVector-0.421543	-0.259587	0.86816
min0.74683max2.67603
reference92
id9874
mNormalVector0.410354	0.0176939	0.909853
min0.489681max1.75462
reference92
id9879
mNormalVector0.491656	0.0166132	0.865584
min0.441848max1.58322
reference92
id9881
mNormalVector0.442969	-0.068643	0.891374
min0.802239max2.87457
reference92
id9886
mNormalVector0.188829	-0.255376	0.943902
min0.843595max3.02275
reference92
id9898
mNormalVector0.553131	-0.0377721	0.831206
min0.613828max2.19946
reference92
id10313
mNormalVector-0.152744	-0.0583437	0.982368
min0.597718max2.14173
reference67
id9295
mNormalVector-0.0441197	-0.186082	0.979961
min0.689697max2.47131
reference75
id1504
mNormalVector0.478293	-0.0357608	0.869892
min0.604148max2.16477
reference92
id1517
mNormalVector0.505532	-0.0798172	0.852388
min0.480024max1.72001
reference87
id1518
mNormalVector0.255511	-0.0771533	0.963372
min0.594176max2.12904
reference2
id1520
mNormalVector0.460875	0.0264948	0.876163
min0.532373max1.90759
reference2
id1521
mNormalVector0.242389	-0.0809295	0.961466
min0.861804max3.088
reference2
id1535
mNormalVector0.485294	0.117475	0.853235
min0.705197max2.52685
reference92
id1542
mNormalVector0.162504	-0.0856182	0.980462
min0.339665max1.21708
reference2
id1543
mNormalVector0.59472	0.0583155	0.801408
min0.29816max1.06836
reference2
id1557
mNormalVector0.407004	0.0196289	0.909679
min0.648565max2.32393
reference81
id1564
mNormalVector-0.173576	-0.0817844	0.974391
min0.356791max1.27845
reference2
id1134
mNormalVector-0.0832814	-0.243159	0.965515
min1.19138max4.26895
reference94
id1141
mNormalVector-0.130451	-0.203578	0.961437
min1.1888max4.25969
reference87
id1142
mNormalVector-0.178971	-0.20631	0.957694
min0.489635max1.75445
reference67
id1150
mNormalVector0.207025	-0.230376	0.948154
min0.457626max1.63976
reference2
id1161
mNormalVector-0.083404	-0.0822818	0.988173
min0.599921max2.14963
reference2
id1163
mNormalVector0.357403	0.0375107	0.932743
min0.360843max1.29297
reference2
id1173
mNormalVector-0.206773	-0.231146	0.950569
min0.700576max2.51029
reference2
id1177
mNormalVector0.1572	-0.212542	0.962075
min0.546941max1.95979
reference2
id1876
mNormalVector0.342116	0.0501024	0.935542
min0.342459max1.22709
reference2
id1882
mNormalVector-0.052485	-0.131263	0.985909
min0.479786max1.71916
reference2
id1887
mNormalVector-0.105519	-0.00842805	0.993957
min0.380359max1.3629
reference2
id1906
mNormalVector0.484595	-0.0403643	0.871259
min0.358556max1.28477
reference87
id1916
mNormalVector0.312488	-0.162119	0.934441
min0.528021max1.89199
reference2
id451
mNormalVector-0.00833379	-0.169932	0.98474
min0.512869max1.8377
reference2
id452
mNormalVector0.0166026	-0.181519	0.982941
min0.654998max2.34698
reference2
id456
mNormalVector-0.121345	-0.0168349	0.990434
min0.379574max1.36008
reference2
id457
mNormalVector0.384086	-0.00963993	0.9222
min0.316661max1.13465
reference2
id460
mNormalVector0.346569	0.017391	0.937422
min0.366793max1.31429
reference2
id463
mNormalVector-0.113029	-0.0693344	0.990805
min0.410423max1.47062
reference2
id464
mNormalVector0.208448	-0.0504419	0.972191
min0.39477max1.41453
reference2
id470
mNormalVector0.289665	-0.0927333	0.942312
min0.475364max1.70331
reference2
id472
mNormalVector0.338675	-0.0258808	0.934977
min0.422307max1.5132
reference2
id474
mNormalVector0.332992	-0.109174	0.933038
min0.559707max2.00553
reference87
id476
mNormalVector0.419203	-0.0484679	0.902951
min0.763463max2.73563
reference87
id477
mNormalVector0.262829	-0.054216	0.956926
min0.762127max2.73084
reference92
id478
mNormalVector0.340892	-0.0751094	0.933912
min0.763762max2.7367
reference2
id841
mNormalVector0.0649767	-0.0573966	0.988338
min0.758903max2.71929
reference92
id850
mNormalVector-0.162259	-0.0948613	0.980155
min0.776343max2.78178
reference2
id857
mNormalVector-0.00684587	-0.113396	0.990139
min1.02197max3.66192
reference92
id862
mNormalVector0.145238	0.0230413	0.988651
min0.746409max2.67452
reference2
id901
mNormalVector0.17197	-0.112487	0.972069
min0.887751max3.18097
reference87
id902
mNormalVector-0.268127	-0.0358854	0.958955
min0.900839max3.22787
reference2
id913
mNormalVector0.344174	-0.0290426	0.928628
min0.945423max3.38762
reference2
id914
mNormalVector0.174405	-0.0886248	0.975049
min0.344372max1.23395
reference87
id921
mNormalVector-0.106125	-0.105528	0.986707
min0.58542max2.09767
reference2
id925
mNormalVector0.200157	0.0139081	0.978392
min0.757217max2.71325
reference2
id935
mNormalVector0.35885	-0.0102733	0.926706
min0.391041max1.40117
reference87
id939
mNormalVector0.278415	-0.0931759	0.951751
min0.524125max1.87804
reference2
id942
mNormalVector0.116491	-0.109256	0.977336
min0.352602max1.26344
reference87
id945
mNormalVector-0.159974	0.05197	0.98483
min0.348778max1.24973
reference2
id952
mNormalVector0.0128597	-0.0793674	0.9916
min0.414699max1.48594
reference81
id960
mNormalVector-0.195152	-0.0338335	0.973385
min0.410543max1.47105
reference2
id1200
mNormalVector0.0997231	-0.233309	0.962116
min0.491874max1.76248
reference92
id1207
mNormalVector0.349239	-0.13831	0.925177
min0.471766max1.69042
reference2
id484
mNormalVector-0.111075	-0.242625	0.962217
min0.841682max3.0159
reference2
id485
mNormalVector-0.195163	-0.204069	0.95909
min0.59155max2.11963
reference2
id487
mNormalVector-0.239697	-0.267036	0.931884
min0.796662max2.85459
reference2
id488
mNormalVector-0.151487	0.0201456	0.987295
min0.44658max1.60018
reference2
id490
mNormalVector-0.278202	0.0473146	0.958323
min0.524642max1.87989
reference2
id499
mNormalVector0.298828	-0.278768	0.90956
min0.650923max2.33237
reference87
id501
mNormalVector0.0266398	-0.0371821	0.987415
min0.543259max1.9466
reference87
id502
mNormalVector-0.0449859	-0.0567079	0.987075
min0.486105max1.7418
reference2
id503
mNormalVector0.260711	0.0366204	0.964214
min0.41489max1.48663
reference2
id504
mNormalVector0.0326746	-0.00593811	0.990169
min0.627336max2.24786
reference87
id513
mNormalVector0.0568653	-0.209121	0.972531
min0.620904max2.22481
reference81
id515
mNormalVector0.283682	-0.0907479	0.954221
min0.473469max1.69653
reference2
id523
mNormalVector-0.183877	-0.251748	0.949224
min0.77956max2.7933
reference2
id527
mNormalVector0.277763	-0.166046	0.94322
min0.41732max1.49533
reference87
id529
mNormalVector0.0455111	-0.161411	0.985548
min0.52811max1.89231
reference87
id531
mNormalVector0.0807475	-0.147537	0.984895
min1.07434max3.84955
reference87
id535
mNormalVector-0.0134641	-0.121509	0.992174
min0.99542max3.56677
reference87
id536
mNormalVector-0.0638307	-0.116867	0.990206
min0.606121max2.17184
reference87
id537
mNormalVector0.0756755	-0.112139	0.990189
min1.00354max3.59587
reference87
id539
mNormalVector0.417241	-0.0612194	0.906129
min0.400068max1.43352
reference81
id541
mNormalVector0.179083	0.00737077	0.976001
min0.272322max0.975778
reference92
id126
mNormalVector-0.405265	-0.268459	0.873707
min0.696008max2.49392
reference2
id10523
mNormalVector0.0113021	0.0072933	0.996223
min0.302562max1.08413
reference2
id10550
mNormalVector-0.348702	0.0471881	0.933991
min0.434669max1.5575
reference2
id10556
mNormalVector-0.155772	-0.0738364	0.982581
min0.353749max1.26755
reference2
id10592
mNormalVector-0.465472	0.127759	0.86576
min0.345528max1.23809
reference67
id10630
mNormalVector-0.55758	0.102238	0.822253
min0.888389max3.18326
reference92
id10638
mNormalVector-0.608843	-0.212209	0.762795
min0.97253max3.48475
reference2
id11028
mNormalVector0.283554	-0.187463	0.938852
min0.645323max2.31231
reference67
id11030
mNormalVector0.272217	-0.194752	0.941279
min0.732249max2.62378
reference2
id11031
mNormalVector0.347317	-0.00449055	0.936401
min0.930076max3.33263
reference95
id11040
mNormalVector0.394282	-0.0988374	0.91134
min0.460908max1.65152
reference67
id10661
mNormalVector0.22494	-0.00762869	0.9705
min0.388839max1.39328
reference67
id10665
mNormalVector0.241104	-0.280331	0.927315
min0.745292max2.67052
reference67
id11635
mNormalVector0.365822	-0.164262	0.914349
min0.769836max2.75846
reference67
id11646
mNormalVector0.143706	-0.0429467	0.984545
min0.689279max2.46981
reference67
id11655
mNormalVector-0.408181	0.0432352	0.900148
min0.353268max1.26582
reference87
id11658
mNormalVector-0.339089	0.083452	0.936597
min0.747533max2.67855
reference2
id11661
mNormalVector0.0302877	0.00800502	0.998475
min0.269468max0.965554
reference92
id11688
mNormalVector-0.396846	-0.29375	0.869043
min1.15314max4.13193
reference67
id11588
mNormalVector0.121638	-0.0748899	0.98707
min0.302305max1.08321
reference92
id5688
mNormalVector0.33844	0.108849	0.928519
min0.23138max0.829077
reference92
id6296
mNormalVector0.311667	-0.0954999	0.943905
min0.349911max1.25379
reference87
id6364
mNormalVector0.221966	-0.0955235	0.969816
min0.409428max1.46706
reference81
id6370
mNormalVector0.189658	-0.0263132	0.980834
min0.431076max1.54462
reference87
id6381
mNormalVector0.0703383	-0.232607	0.968805
min1.40542max5.03588
reference87
id5731
mNormalVector0.227543	-0.0800194	0.967873
min0.493054max1.7667
reference2
id5736
mNormalVector-0.234503	0.0521293	0.962113
min0.438346max1.57067
reference2
id5862
mNormalVector0.349751	-0.055216	0.934813
min0.27159max0.973156
reference2
id5978
mNormalVector-0.0885623	-0.0470764	0.994357
min0.85419max3.06072
reference81
id5991
mNormalVector0.0106161	0.150126	0.987731
min0.199182max0.713704
reference81
id8298
mNormalVector-0.104961	-0.130886	0.976891
min0.914492max3.27679
reference87
id8320
mNormalVector0.355462	0.109275	0.926154
min0.285447max1.02281
reference92
id8358
mNormalVector0.320776	-0.182718	0.927182
min1.34865max4.83246
reference92
id8374
mNormalVector0.297974	-0.182343	0.93622
min1.2001max4.30019
reference92
id8385
mNormalVector0.364871	0.00619189	0.928405
min0.384469max1.37762
reference67
id1979
mNormalVector-0.193363	-0.0748596	0.974323
min0.362095max1.29745
reference2
id1998
mNormalVector-0.122293	-0.112917	0.977561
min0.717912max2.57241
reference87
id129
mNormalVector0.0237763	-0.231214	0.972467
min0.460592max1.65038
reference2
