mNormalVector-0.0811284	0.0283261	0.994761
min0.245761max0.880605
reference0
mNormalVector-0.437989	-0.183812	0.879932
min0.297927max1.06753
reference0
mNormalVector-0.375397	-0.202117	0.904512
min0.329462max1.18052
reference0
mNormalVector0.158711	0.208824	0.954662
min0.209208max0.74963
reference0
mNormalVector-0.204675	0.240472	0.948717
min0.205964max0.738007
reference0
mNormalVector0.100003	0.32119	0.927162
min0.191422max0.685899
reference0
mNormalVector-0.181941	0.050919	0.977298
min0.282346max1.0117
reference0
mNormalVector-0.0837928	0.0530551	0.994481
min0.285069max1.02146
reference0
mNormalVector-0.184794	0.0644697	0.980593
min0.264096max0.946304
reference0
mNormalVector0.199029	0.0420645	0.978943
min0.297415max1.06569
reference0
mNormalVector-0.177564	0.0843034	0.978841
min0.265196max0.950245
reference0
mNormalVector-0.325174	0.312648	0.892323
min0.181666max0.650941
reference0
mNormalVector0.326126	0.0741437	0.94226
min0.280693max1.00577
reference0
mNormalVector-0.14283	0.124605	0.981666
min0.266957max0.956556
reference0
mNormalVector-0.239069	0.10099	0.964006
min0.272456max0.976259
reference0
mNormalVector0.290157	0.216757	0.928604
min0.199596max0.71519
reference0
mNormalVector-0.318575	0.229863	0.918182
min0.200701max0.719147
reference0
mNormalVector-0.447197	-0.151636	0.881337
min0.377039max1.351
reference0
mNormalVector0.290385	0.060889	0.954921
min0.324717max1.16352
reference0
mNormalVector-0.00399626	0.0403243	0.99861
min0.346642max1.24208
reference0
mNormalVector-0.0230874	0.0562064	0.997144
min0.342616max1.22766
reference0
mNormalVector-0.197424	0.0545547	0.978753
min0.381518max1.36705
reference0
mNormalVector0.401218	0.110073	0.909294
min0.30895max1.10702
reference0
mNormalVector0.0426168	0.160351	0.975688
min0.289037max1.03567
reference0
mNormalVector-0.231149	0.187755	0.95191
min0.259781max0.930842
reference0
mNormalVector-0.06306	0.110556	0.991145
min0.309534max1.10912
reference0
mNormalVector-0.0711097	0.252008	0.956424
min0.250275max0.896781
reference0
mNormalVector-0.21771	0.275874	0.933291
min0.233543max0.836825
reference0
mNormalVector-0.156089	0.142521	0.972437
min0.362563max1.29913
reference0
mNormalVector-0.172621	0.169521	0.967491
min0.325625max1.16677
reference0
mNormalVector-0.185396	0.064641	0.980477
min0.405755max1.4539
reference0
mNormalVector-0.26846	0.169029	0.946239
min0.352494max1.26305
reference0
mNormalVector0.0766103	0.172704	0.972744
min0.320944max1.15
reference0
mNormalVector-0.24117	0.265432	0.929868
min0.279967max1.00317
reference0
mNormalVector0.0429608	0.16486	0.97773
min0.364992max1.30783
reference0
mNormalVector-0.322282	0.232341	0.916638
min0.283454max1.01567
reference0
mNormalVector0.0614494	0.216572	0.965858
min0.388959max1.39371
reference0
mNormalVector0.251688	0.220272	0.936799
min0.362621max1.29934
reference0
mNormalVector-0.263362	0.311561	0.912849
min0.332825max1.19257
reference0
mNormalVector-0.164555	0.167653	0.96986
min0.395518max1.41721
reference0
mNormalVector-0.0199684	0.0108732	0.999125
min0.525511max1.883
reference0
mNormalVector0.285376	0.265994	0.918179
min0.345015max1.23625
reference0
mNormalVector0.0407302	0.0590556	0.997366
min0.567656max2.03401
reference0
mNormalVector-0.459359	-0.0210499	0.887954
min0.666209max2.38715
reference0
mNormalVector0.412247	0.114312	0.903187
min0.554924max1.98839
reference0
mNormalVector-0.260049	0.24501	0.931983
min0.428657max1.53596
reference0
mNormalVector0.31434	0.0447184	0.947695
min0.62714max2.24716
reference0
mNormalVector-0.127856	0.0510474	0.989897
min0.595567max2.13403
reference0
mNormalVector0.148504	0.277673	0.935789
min0.414174max1.48406
reference0
mNormalVector-0.0805024	0.253872	0.955509
min0.433717max1.55409
reference0
mNormalVector0.393118	0.0531387	0.91277
min0.56258max2.01583
reference0
mNormalVector-0.00271279	0.175092	0.97503
min0.588549max2.10888
reference0
mNormalVector0.166518	0.21118	0.954479
min0.511327max1.83218
reference0
mNormalVector0.02412	0.166136	0.978102
min0.627879max2.2498
reference0
mNormalVector0.190952	0.217773	0.9499
min0.623868max2.23543
reference0
mNormalVector-0.326432	0.234002	0.914753
min0.491043max1.7595
reference0
mNormalVector-0.229265	-0.004608	0.971839
min0.930013max3.3324
reference0
mNormalVector0.0913038	-0.107658	0.986778
min1.13565max4.06923
reference0
mNormalVector-0.19428	0.114886	0.972518
min0.764288max2.73858
reference0
mNormalVector-0.105365	0.0886779	0.98888
min0.757232max2.7133
reference0
mNormalVector0.344003	0.246395	0.90101
min0.614603max2.20223
reference0
mNormalVector-0.211342	0.237486	0.947994
min0.58222max2.0862
reference0
mNormalVector-0.197767	0.0532997	0.978753
min0.951669max3.41
reference0
mNormalVector-0.0720092	0.0554037	0.991799
min0.235628max0.844296
reference1
mNormalVector-0.0124266	0.0241626	0.999
min0.249129max0.892675
reference2
mNormalVector-0.205773	0.308524	0.928227
min0.151464max0.542722
reference2
mNormalVector-0.116496	0.103695	0.987017
min0.253149max0.90708
reference2
mNormalVector-0.0750724	0.0555421	0.995228
min0.351776max1.26048
reference2
mNormalVector-0.170909	-0.186129	0.965661
min0.508187max1.82093
reference2
mNormalVector-0.423364	-0.00703214	0.905409
min0.488028max1.74869
reference2
mNormalVector-0.092932	-0.0588124	0.992683
min0.679901max2.43621
reference2
mNormalVector-0.424748	-0.263144	0.866152
min0.671136max2.4048
reference2
mNormalVector-0.182742	0.0863321	0.974481
min0.372532max1.33485
reference2
mNormalVector-0.0757554	0.0192842	0.996897
min0.464888max1.66578
reference2
mNormalVector-0.0394717	-0.0731986	0.994113
min0.56783max2.03464
reference2
mNormalVector-0.469253	0.0144664	0.882911
min0.542333max1.94328
reference2
mNormalVector-0.501233	-0.228301	0.83461
min0.499467max1.78968
reference2
mNormalVector-0.405754	-0.243344	0.880739
min0.63346max2.2698
reference2
mNormalVector-0.446954	-0.116902	0.886733
min0.450211max1.61319
reference2
mNormalVector0.296322	0.0166483	0.95491
min0.508571max1.8223
reference2
mNormalVector-0.151097	-0.234702	0.958815
min0.888176max3.1825
reference2
mNormalVector-0.472107	0.0137819	0.881386
min0.775294max2.77802
reference2
mNormalVector-0.240955	0.0558407	0.967229
min0.616662max2.20961
reference2
mNormalVector0.36321	-0.242593	0.899541
min0.699189max2.50532
reference2
mNormalVector-0.402963	-0.242827	0.882168
min1.10933max3.97494
reference2
mNormalVector-0.409912	-0.00975194	0.911793
min1.0207max3.65734
reference2
mNormalVector-0.228845	-0.00985848	0.972555
min0.912058max3.26807
reference2
mNormalVector-0.310672	-0.126077	0.941653
min1.22533max4.39059
reference2
mNormalVector-0.0993733	0.341299	0.934533
min0.147876max0.529866
reference2
mNormalVector-0.436789	-0.189201	0.879384
min0.294415max1.05494
reference2
mNormalVector0.15399	-0.00452474	0.985228
min0.398387max1.42749
reference2
mNormalVector0.277975	0.0491376	0.953714
min0.307839max1.10304
reference2
mNormalVector0.310296	0.0935604	0.945617
min0.252408max0.904424
reference2
mNormalVector0.107615	-0.0495932	0.992104
min0.361798max1.29639
reference2
mNormalVector0.376793	0.0659987	0.922549
min0.822797max2.94823
reference2
mNormalVector0.263499	-0.0238734	0.96025
min1.08857max3.90055
reference2
mNormalVector-0.232827	-0.00517649	0.971226
min0.311267max1.11532
reference0
mNormalVector0.204271	0.107282	0.971464
min0.224118max0.803055
reference0
mNormalVector0.391047	0.0395641	0.91541
min0.323366max1.15868
reference0
mNormalVector0.473548	0.0842461	0.875603
min0.30886max1.1067
reference0
mNormalVector-0.203724	-0.0778681	0.974319
min0.544391max1.95065
reference0
mNormalVector0.0483892	0.00524564	0.996958
min0.27719max0.993223
reference0
mNormalVector0.0216078	-0.0597425	0.996587
min0.555998max1.99224
reference17
mNormalVector-0.0953496	-0.0596307	0.992118
min0.465076max1.66645
reference0
mNormalVector-0.288718	-0.0808192	0.953741
min0.624068max2.23615
reference0
mNormalVector0.129266	-0.0486913	0.988345
min0.51855max1.85806
reference0
mNormalVector0.33742	0.0550029	0.934592
min0.379749max1.36071
reference0
mNormalVector0.365365	-0.237889	0.895171
min0.453785max1.62599
reference0
mNormalVector0.395332	0.0572912	0.912175
min0.386741max1.38576
reference0
mNormalVector0.0163794	-0.24923	0.965846
min0.495321max1.77483
reference0
mNormalVector-0.190301	-0.185598	0.963424
min0.54397max1.94914
reference0
mNormalVector-0.212283	-0.0666406	0.973333
min0.550467max1.97242
reference0
mNormalVector-0.300225	-0.0562268	0.951745
min0.658834max2.36072
reference0
mNormalVector0.325151	-0.252202	0.909001
min0.668879max2.39672
reference0
mNormalVector0.0755897	0.0839767	0.988655
min0.382921max1.37207
reference0
mNormalVector-0.279919	0.243941	0.925386
min0.172812max0.619216
reference0
mNormalVector0.202499	0.272058	0.937659
min0.186816max0.669396
reference15
mNormalVector-0.298904	-0.19167	0.93417
min0.530762max1.90182
reference0
mNormalVector0.248407	-0.263928	0.930533
min0.579428max2.0762
reference0
mNormalVector0.194041	-0.259039	0.943853
min0.578793max2.07392
reference0
mNormalVector0.255215	0.11731	0.951653
min0.397355max1.4238
reference0
mNormalVector0.0338064	-0.248408	0.965834
min0.870021max3.11744
reference0
mNormalVector0.147359	-0.0561297	0.987407
min0.579015max2.07471
reference0
mNormalVector0.122346	-0.048959	0.989156
min0.62584max2.2425
reference0
mNormalVector0.0804913	-0.105078	0.987538
min0.459032max1.6448
reference0
mNormalVector-0.0980581	0.284819	0.953162
min0.283695max1.01653
reference0
mNormalVector-0.349407	-0.0303319	0.936278
min0.865021max3.09953
reference0
mNormalVector0.244518	-0.0158376	0.966721
min0.695579max2.49239
reference0
mNormalVector-0.170547	0.210803	0.961809
min0.294621max1.05568
reference0
mNormalVector-0.202101	-0.0777546	0.974724
min0.958404max3.43414
reference0
mNormalVector-0.184679	-0.185514	0.964569
min0.792094max2.83822
reference0
mNormalVector0.426659	-0.2314	0.874231
min0.649189max2.32616
reference0
mNormalVector-0.140554	-0.189786	0.97099
min0.900634max3.22714
reference0
mNormalVector0.391381	-0.235355	0.887335
min0.780763max2.79762
reference0
mNormalVector0.282966	-0.0147888	0.958462
min0.812748max2.91222
reference0
mNormalVector-0.401739	-0.0169795	0.915556
min0.652816max2.33916
reference0
mNormalVector-0.203865	-0.234714	0.94913
min0.948117max3.39727
reference0
mNormalVector0.185903	0.0188825	0.978297
min0.774916max2.77666
reference0
mNormalVector-0.445541	-0.23503	0.863703
min0.646637max2.31702
reference0
mNormalVector-0.216152	-0.0779677	0.971597
min0.792594max2.84001
reference0
mNormalVector0.257747	-0.0154122	0.964017
min0.976838max3.50019
reference0
mNormalVector-0.23429	0.195988	0.949805
min0.650548max2.33103
reference0
mNormalVector-0.0463723	-0.0705872	0.995034
min1.62457max5.82114
reference0
mNormalVector-0.00616476	-0.0605234	0.995376
min1.1552max4.13929
reference0
mNormalVector0.331509	0.118343	0.928779
min0.278333max0.997319
reference0
mNormalVector0.499485	0.0842927	0.861332
min0.252228max0.903778
reference0
mNormalVector0.0174799	-0.0685423	0.994952
min0.317445max1.13746
reference0
mNormalVector0.217732	-0.265787	0.936865
min0.48403max1.73437
reference0
mNormalVector-0.304481	-0.12816	0.943367
min0.700528max2.51012
reference0
mNormalVector0.288377	-0.00144986	0.954888
min0.50986max1.82692
reference0
mNormalVector-0.0462574	0.247711	0.967455
min0.232715max0.833862
reference0
mNormalVector-0.341365	-0.0160319	0.939779
min0.679785max2.43579
reference0
mNormalVector-0.169934	-0.211967	0.961752
min0.604533max2.16615
reference0
mNormalVector-0.430975	-0.27429	0.859574
min0.683348max2.44856
reference0
mNormalVector0.474233	-0.11252	0.872166
min0.716526max2.56744
reference0
mNormalVector-0.103095	-0.0612148	0.989931
min0.779812max2.79421
reference0
mNormalVector-0.301484	-0.0349195	0.952288
min1.14358max4.09764
reference0
mNormalVector0.163646	-0.0345044	0.985009
min0.968442max3.47011
reference0
mNormalVector-0.181804	-0.065386	0.979898
min1.11798max4.00594
reference0
mNormalVector0.0662519	-0.055259	0.994263
min1.16502max4.17447
reference0
mNormalVector0.0179337	0.026779	0.998952
min0.24912max0.892642
reference0
mNormalVector-0.0516265	0.0756819	0.989862
min0.268424max0.961811
reference0
mNormalVector0.313889	-0.285119	0.905119
min0.385009max1.37956
reference0
mNormalVector0.401118	0.0702652	0.911218
min0.357895max1.2824
reference0
mNormalVector-0.409588	-0.252607	0.876573
min0.631249max2.26188
reference0
mNormalVector-0.43913	0.0538517	0.896765
min0.403784max1.44683
reference0
mNormalVector-0.462621	0.0673777	0.883777
min0.433011max1.55156
reference0
mNormalVector-0.0730072	0.269275	0.958043
min0.336921max1.20725
reference0
mNormalVector0.331967	0.0503404	0.939348
min0.532406max1.90771
reference0
mNormalVector-0.231416	0.0905121	0.967069
min0.468338max1.67814
reference0
mNormalVector-0.140757	-0.0857335	0.985023
min0.929365max3.33008
reference0
mNormalVector-0.238239	-0.177183	0.954014
min0.952836max3.41418
reference0
mNormalVector-0.0118455	-0.0683358	0.996956
min0.862547max3.09066
reference0
mNormalVector0.145006	-0.0569639	0.987702
min0.389118max1.39428
reference0
mNormalVector0.429474	-0.0552561	0.899088
min0.423721max1.51827
reference0
mNormalVector-0.46329	0.0671148	0.883436
min0.292864max1.04938
reference0
mNormalVector0.106745	-0.0789489	0.988048
min0.793146max2.84198
reference0
mNormalVector-0.350564	-0.0752767	0.933489
min1.23549max4.427
reference0
mNormalVector-0.339729	-0.231072	0.911563
min1.81745max6.51224
reference0
mNormalVector-0.0776867	0.273518	0.95488
min0.559289max2.00403
reference0
mNormalVector-0.3384	0.281776	0.897388
min0.224007max0.802657
reference0
mNormalVector-0.00232046	0.0894792	0.995718
min0.222019max0.795535
reference0
mNormalVector-0.21918	-0.181726	0.957934
min0.367085max1.31533
reference0
mNormalVector-0.173849	0.160748	0.967162
min0.201966max0.723681
reference2
mNormalVector-0.256439	0.248664	0.931853
min0.23868max0.855235
reference0
mNormalVector-0.173021	0.126905	0.974882
min0.252711max0.905508
reference0
mNormalVector-0.337285	-0.229994	0.91268
min0.666986max2.38993
reference0
mNormalVector-0.342063	-0.128091	0.930662
min0.807951max2.89504
reference0
mNormalVector0.370761	0.067012	0.921716
min0.36362max1.30292
reference0
mNormalVector-0.33346	-0.168488	0.927396
min0.791129max2.83476
reference0
mNormalVector-0.269527	-0.115388	0.955608
min0.436726max1.56487
reference0
mNormalVector0.443892	-0.27508	0.85279
min0.527708max1.89087
reference0
mNormalVector0.399119	-0.283446	0.871332
min0.549753max1.96987
reference0
mNormalVector0.423669	-0.19426	0.88207
min0.49923max1.78883
reference0
mNormalVector-0.341771	-0.228647	0.911305
min1.21479max4.3528
reference0
mNormalVector-0.33828	-0.168926	0.925467
min1.13967max4.08363
reference0
mNormalVector-0.176336	0.0514498	0.979768
min0.404653max1.44994
reference0
mNormalVector0.415093	-0.0205571	0.907247
min0.604226max2.16505
reference0
mNormalVector-0.214198	-0.133309	0.967219
min0.956122max3.42596
reference0
mNormalVector-0.169353	0.0811616	0.981007
min0.560312max2.0077
reference0
mNormalVector-0.263853	-0.119454	0.956377
min1.0256max3.67492
reference0
mNormalVector0.0815666	-0.0932486	0.992175
min0.96519max3.45845
reference0
mNormalVector-0.175197	-0.232354	0.954507
min1.04416max3.74142
reference0
mNormalVector-0.170743	-0.183862	0.967597
min1.12147max4.01844
reference0
mNormalVector0.368817	-0.248526	0.895103
min1.09979max3.94075
reference0
mNormalVector-0.140632	0.227632	0.962319
min0.219774max0.78749
reference0
mNormalVector-0.258534	0.272065	0.926662
min0.234012max0.838509
reference1
mNormalVector-0.270127	0.167919	0.945869
min0.251434max0.900933
reference1
mNormalVector-0.242911	0.0905192	0.964487
min0.272316max0.975757
reference1
mNormalVector0.025935	0.325348	0.931257
min0.229826max0.82351
reference1
mNormalVector-0.210371	0.0916342	0.972272
min0.696218max2.49467
reference0
mNormalVector0.0080708	0.0771149	0.991337
min0.221574max0.793941
reference0
mNormalVector-0.172263	-0.209882	0.961776
min0.50307max1.80259
reference0
mNormalVector-0.253849	-0.155066	0.954636
min0.452824max1.62255
reference0
mNormalVector-0.415218	-0.118717	0.901852
min0.798274max2.86036
reference0
mNormalVector0.0798221	-0.0703851	0.991729
min0.46906max1.68073
reference0
mNormalVector-0.139195	0.0536118	0.985554
min0.333836max1.19619
reference0
mNormalVector-0.0235195	0.173496	0.975311
min0.284483max1.01936
reference0
mNormalVector-0.242389	-0.245971	0.938363
min0.720834max2.58288
reference0
mNormalVector0.131414	-0.104792	0.984397
min0.72162max2.5857
reference0
mNormalVector-0.077104	-0.0566321	0.994799
min0.944344max3.38375
reference0
mNormalVector-0.34475	-0.192196	0.918537
min2.05449max7.36161
reference0
mNormalVector-0.414436	-0.191121	0.889748
min1.59978max5.7323
reference0
mNormalVector-0.161462	0.0373228	0.984443
min0.714415max2.55988
reference0
mNormalVector0.309329	0.33058	0.890387
min0.14786max0.529811
reference1
mNormalVector-0.242573	0.102707	0.9633
min0.267204max0.957442
reference1
mNormalVector0.165057	0.0855986	0.98197
min0.277864max0.995636
reference0
mNormalVector-0.128296	0.0560202	0.984716
min0.23112max0.828146
reference1
mNormalVector-0.310987	0.298405	0.901003
min0.228532max0.818872
reference0
mNormalVector0.269392	0.198654	0.936689
min0.203922max0.730691
reference0
mNormalVector-0.191473	0.0366661	0.9767
min0.349134max1.25101
reference1
mNormalVector0.299254	0.0639763	0.951426
min0.418773max1.50054
reference0
mNormalVector0.0917886	0.0492568	0.994371
min0.467188max1.67402
reference0
mNormalVector-0.176723	0.142178	0.968689
min0.643664max2.30636
reference0
mNormalVector-0.138145	0.24897	0.952745
min0.515471max1.84703
reference1
mNormalVector-0.456509	-0.107357	0.883133
min0.952192max3.41188
reference1
mNormalVector-0.0624551	0.265996	0.961728
min0.200967max0.7201
reference1
mNormalVector-0.254122	0.306635	0.914187
min0.264479max0.947677
reference1
mNormalVector0.35573	-0.238951	0.899057
min0.318744max1.14212
reference0
mNormalVector0.258731	0.0600251	0.957709
min0.243458max0.872355
reference0
mNormalVector0.151379	-0.151488	0.975894
min0.321695max1.15269
reference0
mNormalVector-0.263789	0.311365	0.912772
min0.217281max0.778558
reference0
mNormalVector-0.199711	0.115018	0.971361
min0.25986max0.931125
reference0
mNormalVector0.506716	-0.148449	0.848898
min0.487427max1.74654
reference0
mNormalVector0.126534	-0.109687	0.984086
min0.47357max1.69689
reference0
mNormalVector-0.228524	-0.145881	0.961369
min0.656541max2.35251
reference0
mNormalVector0.037248	-0.0366507	0.998228
min0.308475max1.10532
reference0
mNormalVector-0.355316	-0.0747074	0.931673
min0.406269max1.45573
reference0
mNormalVector0.150287	-0.108547	0.981785
min0.673904max2.41472
reference0
mNormalVector0.398355	0.0579875	0.912155
min0.66588max2.38597
reference0
mNormalVector-0.126134	0.127876	0.982713
min0.531046max1.90283
reference0
mNormalVector-0.3305	-0.127995	0.934974
min1.67439max5.99965
reference0
mNormalVector-0.260317	-0.221759	0.939174
min1.11479max3.99451
reference0
mNormalVector0.341737	0.0645032	0.935196
min0.242486max0.868871
reference1
mNormalVector0.206082	0.0719617	0.975299
min0.292464max1.04795
reference1
mNormalVector-0.168209	-0.000114427	0.982234
min0.315641max1.131
reference1
mNormalVector-0.150025	0.167385	0.97262
min0.284727max1.02023
reference1
mNormalVector-0.275251	-0.0160832	0.960823
min0.609003max2.18217
reference0
mNormalVector0.0934963	0.0394439	0.988286
min0.347385max1.24474
reference1
mNormalVector-0.224033	0.102618	0.967753
min0.328108max1.17567
reference1
mNormalVector-0.481575	0.00741549	0.87632
min0.476515max1.70744
reference1
mNormalVector-0.462021	-0.0610085	0.884681
min0.260595max0.933759
reference1
mNormalVector-0.213156	-0.0119401	0.97615
min0.44374max1.59
reference1
mNormalVector-0.275799	0.248016	0.926491
min0.423791max1.51852
reference1
mNormalVector0.000205279	0.00642916	0.995885
min0.594101max2.12877
reference0
mNormalVector0.332473	0.112361	0.935804
min0.634214max2.2725
reference1
mNormalVector-0.0867277	0.0885168	0.991714
min0.215016max0.77044
reference2
mNormalVector0.249882	0.0909673	0.961909
min0.27573max0.987991
reference2
mNormalVector-0.350434	0.282334	0.892758
min0.266503max0.954929
reference1
mNormalVector0.0572638	0.217589	0.964948
min0.325636max1.16681
reference0
mNormalVector-0.0792185	0.0560035	0.993315
min0.481278max1.72451
reference0
mNormalVector-0.0478985	0.0587064	0.996102
min0.477883max1.71234
reference2
mNormalVector0.421498	-0.0204901	0.903991
min0.419289max1.50239
reference0
mNormalVector-0.205324	-0.0131281	0.978201
min0.376956max1.3507
reference0
mNormalVector0.395377	0.116115	0.90665
min0.325346max1.16578
reference0
mNormalVector0.361097	0.0642181	0.929132
min0.426571max1.52848
reference0
mNormalVector-0.315173	-0.139109	0.938739
min0.964712max3.45674
reference0
mNormalVector0.319865	0.0104043	0.944651
min0.663148max2.37618
reference1
mNormalVector0.27649	-0.261791	0.924321
min0.947339max3.39449
reference0
mNormalVector0.165431	-0.00625786	0.983168
min0.980231max3.51235
reference0
mNormalVector-0.445333	-0.233486	0.864199
min0.816383max2.92525
reference0
mNormalVector-0.374045	-0.0276992	0.926368
min1.26971max4.54959
reference0
mNormalVector-0.178854	-0.211088	0.960209
min0.415456max1.48866
reference0
mNormalVector0.0933054	-0.028425	0.995128
min0.235008max0.842075
reference1
mNormalVector-0.0421255	0.269161	0.961679
min0.167374max0.599731
reference0
mNormalVector-0.25561	-0.245499	0.934598
min0.41442max1.48494
reference0
mNormalVector0.0827147	-0.123042	0.987031
min0.594041max2.12856
reference1
mNormalVector0.348059	0.117896	0.926674
min0.316136max1.13277
reference1
mNormalVector-0.045396	0.0546022	0.997363
min0.397288max1.42356
reference1
mNormalVector0.101551	-0.164914	0.977958
min0.523369max1.87533
reference1
mNormalVector-0.0501831	0.0240263	0.998069
min0.263474max0.944077
reference2
mNormalVector0.300123	0.050981	0.94781
min0.313818max1.12447
reference0
mNormalVector-0.453283	-0.233895	0.86004
min0.446316max1.59923
reference1
mNormalVector0.0885589	0.161927	0.980943
min0.414696max1.48593
reference1
mNormalVector-0.195514	0.0862871	0.972605
min0.260615max0.933831
reference10
mNormalVector-0.202068	-0.0910973	0.97416
min0.664262max2.38017
reference10
mNormalVector-0.113056	0.124486	0.985462
min0.367607max1.3172
reference10
mNormalVector0.286555	0.196622	0.931085
min0.292159max1.04686
reference10
mNormalVector-0.345321	-0.230977	0.909382
min1.1071max3.96695
reference10
mNormalVector-0.419161	-0.137047	0.897381
min1.67544max6.00339
reference10
mNormalVector-0.160261	0.126322	0.976892
min0.746636max2.67533
reference10
mNormalVector0.47575	-0.270485	0.836744
min0.329694max1.18135
reference10
mNormalVector0.152232	-0.0324796	0.984791
min0.320431max1.14816
reference10
mNormalVector0.309279	0.0648754	0.948662
min0.231495max0.829489
reference10
mNormalVector-0.0552259	0.0403349	0.9972
min0.239904max0.85962
reference10
mNormalVector-0.199289	-0.23408	0.950586
min0.384649max1.37827
reference10
mNormalVector-0.0647465	-0.126035	0.989735
min0.39774max1.42517
reference10
mNormalVector0.511327	0.0676157	0.856598
min0.319065max1.14327
reference10
mNormalVector0.0692506	-0.131986	0.98614
min0.383484max1.37409
reference10
mNormalVector-0.0840767	-0.063323	0.993996
min0.462956max1.65885
reference10
mNormalVector0.171854	0.0554668	0.982805
min0.353772max1.26763
reference10
mNormalVector0.0134653	0.0063289	0.995589
min0.405184max1.45185
reference10
mNormalVector0.324225	-0.270173	0.905928
min0.467741max1.676
reference10
mNormalVector0.28092	-0.275276	0.918724
min0.468014max1.67698
reference10
mNormalVector0.105395	-0.0775625	0.98785
min0.457445max1.63911
reference10
mNormalVector-0.220367	-0.246861	0.943567
min0.480691max1.7224
reference10
mNormalVector0.305881	-0.265409	0.913057
min0.549896max1.97038
reference10
mNormalVector0.479366	-0.270157	0.834789
min0.561206max2.0109
reference10
mNormalVector0.501056	0.0866316	0.860726
min0.523979max1.87751
reference10
mNormalVector-0.305116	-0.175649	0.935664
min0.827602max2.96545
reference10
mNormalVector0.455392	-0.112059	0.881156
min0.870414max3.11885
reference10
mNormalVector-0.171774	-0.214061	0.961391
min1.10867max3.97257
reference10
mNormalVector0.404972	0.0725461	0.909129
min0.898438max3.21927
reference10
mNormalVector0.349798	0.0656283	0.929799
min0.246757max0.884176
reference10
mNormalVector-0.259818	-0.177141	0.949045
min0.415941max1.49039
reference10
mNormalVector-0.198887	0.205707	0.957744
min0.252608max0.905142
reference10
mNormalVector0.256143	-0.302974	0.917706
min0.490502max1.75756
reference10
mNormalVector0.361403	0.118527	0.918332
min0.324021max1.16103
reference10
mNormalVector0.227702	0.0465376	0.968009
min0.427402max1.53146
reference10
mNormalVector0.172894	-0.102985	0.979445
min0.522647max1.87274
reference10
mNormalVector-0.0352451	0.116784	0.99131
min0.359864max1.28946
reference10
mNormalVector-0.225536	-0.245665	0.942685
min0.634451max2.27335
reference10
mNormalVector0.335509	0.126837	0.93335
min0.443405max1.5888
reference10
mNormalVector-0.161678	-0.216442	0.962781
min1.52941max5.48016
reference10
mNormalVector0.432852	-0.290382	0.853368
min0.318326max1.14062
reference1
mNormalVector0.460435	-0.151999	0.87202
min0.389412max1.39534
reference1
mNormalVector-0.0823102	0.0576149	0.9877
min0.332242max1.19048
reference1
mNormalVector0.399013	0.0445491	0.911732
min0.492078max1.76321
reference0
mNormalVector0.314381	-0.28547	0.905047
min0.573974max2.05665
reference1
mNormalVector0.448336	-0.27578	0.849839
min0.542268max1.94304
reference1
mNormalVector0.384291	0.0685539	0.919587
min0.431969max1.54782
reference1
mNormalVector0.328068	-0.262523	0.906631
min0.686603max2.46022
reference0
mNormalVector-0.151456	0.127039	0.97939
min0.42754max1.53195
reference1
mNormalVector-0.0245498	0.0636234	0.995348
min0.583359max2.09028
reference1
mNormalVector0.356544	0.0553935	0.926881
min0.641675max2.29924
reference0
mNormalVector0.179975	-0.0938472	0.974379
min0.880835max3.15619
reference0
mNormalVector-0.170706	0.129115	0.973308
min0.754849max2.70476
reference0
mNormalVector0.480175	-0.113901	0.869178
min0.484804max1.73714
reference0
mNormalVector-0.327553	-0.230656	0.916199
min0.543925max1.94898
reference0
mNormalVector-0.420862	-0.13757	0.896466
min0.54323max1.94649
reference0
mNormalVector-0.417286	-0.188769	0.888841
min0.656353max2.35183
reference0
mNormalVector-0.258645	-0.17462	0.948795
min0.445534max1.59643
reference0
mNormalVector0.409535	-0.0302563	0.911337
min0.547848max1.96304
reference0
mNormalVector-0.27685	-0.118158	0.952603
min0.742159max2.65929
reference0
mNormalVector0.285903	8.53402e-06	0.956676
min1.05811max3.79141
reference0
mNormalVector0.420705	0.0874416	0.899977
min0.253115max0.906958
reference1
mNormalVector0.444934	0.0482111	0.891177
min0.33993max1.21803
reference1
mNormalVector0.462367	-0.27316	0.842965
min0.375426max1.34522
reference1
mNormalVector0.120744	0.0864717	0.9862
min0.413296max1.48092
reference1
mNormalVector0.439843	-0.191293	0.875326
min1.22844max4.40172
reference2
mNormalVector0.181083	0.107569	0.976368
min0.216067max0.774209
reference1
mNormalVector0.17167	0.276756	0.931947
min0.200188max0.717312
reference0
mNormalVector-0.0754545	-0.0859246	0.993411
min0.453357max1.62446
reference1
mNormalVector0.266336	-0.276282	0.921643
min0.324862max1.16404
reference1
mNormalVector-0.08537	-0.0977543	0.990975
min0.486083max1.74172
reference0
mNormalVector-0.0572652	0.0765454	0.991315
min0.265973max0.953028
reference1
mNormalVector-0.249728	-0.177567	0.951341
min0.517461max1.85416
reference0
mNormalVector0.374794	-0.237122	0.894381
min0.496329max1.77844
reference0
mNormalVector-0.0595765	-0.0581754	0.993587
min0.453373max1.62452
reference0
mNormalVector-0.340246	-0.189621	0.920838
min0.788057max2.82375
reference0
mNormalVector0.385929	-0.00115432	0.922237
min0.39247max1.40629
reference1
mNormalVector0.277875	-0.259608	0.922587
min0.564499max2.0227
reference1
mNormalVector-0.317724	0.231493	0.918351
min0.242019max0.867199
reference0
mNormalVector-0.218578	0.196801	0.954224
min0.446035max1.59823
reference1
mNormalVector0.34561	0.0666149	0.930122
min0.626391max2.24447
reference0
mNormalVector-0.236365	-0.148536	0.959351
min1.14982max4.12001
reference0
mNormalVector-0.424142	-0.117061	0.897787
min1.69639max6.07847
reference0
mNormalVector0.19396	0.0542427	0.978158
min0.248965max0.892087
reference0
mNormalVector-0.19618	-0.168027	0.964395
min0.608559max2.18058
reference0
mNormalVector-0.0702743	0.0532256	0.99587
min0.410351max1.47036
reference0
mNormalVector-0.312803	-0.0559365	0.947704
min1.42375max5.10154
reference0
mNormalVector-0.112047	0.0373597	0.992787
min0.24869max0.891103
reference0
mNormalVector0.247494	-0.26112	0.931005
min0.389765max1.3966
reference2
mNormalVector0.41791	-0.281677	0.863163
min0.462995max1.659
reference0
mNormalVector0.384769	0.122726	0.909618
min0.405493max1.45296
reference1
mNormalVector0.0478357	0.0466289	0.997292
min0.338114max1.21152
reference2
mNormalVector0.0687765	-0.0269706	0.994114
min0.863002max3.09229
reference1
mNormalVector-0.0622973	0.0600798	0.991764
min0.233366max0.836191
reference0
mNormalVector-0.0343052	0.0547486	0.99693
min0.228665max0.819349
reference0
mNormalVector-0.0709683	0.0435704	0.99326
min0.236858max0.848704
reference1
mNormalVector0.425004	0.0481367	0.901693
min0.290103max1.03949
reference1
mNormalVector-0.0587453	-0.131719	0.988789
min0.499944max1.79139
reference1
mNormalVector-0.232423	-0.121773	0.963976
min0.45323max1.624
reference0
mNormalVector0.236937	-0.26208	0.932381
min0.390874max1.40057
reference1
mNormalVector0.312271	0.0707318	0.942256
min0.363698max1.30319
reference1
mNormalVector0.43556	-0.11326	0.890314
min0.475647max1.70433
reference0
mNormalVector-0.138464	0.0089054	0.986516
min0.371284max1.33038
reference0
mNormalVector0.340778	-0.248559	0.905023
min0.513293max1.83922
reference1
mNormalVector-0.0646459	0.0741951	0.993154
min0.382688max1.37124
reference0
mNormalVector-0.381615	-0.0716037	0.921113
min1.05604max3.78397
reference0
mNormalVector0.385837	-0.0296248	0.919997
min1.26832max4.54461
reference0
mNormalVector0.0129047	0.160344	0.977117
min0.200958max0.720068
reference0
mNormalVector-0.362339	-0.110325	0.925285
min0.621009max2.22519
reference0
mNormalVector-0.107743	0.249141	0.960185
min0.301538max1.08047
reference0
mNormalVector-0.357417	-0.110633	0.927049
min1.31738max4.72041
reference0
mNormalVector-0.191564	-0.183774	0.963037
min0.939558max3.36661
reference0
mNormalVector-0.151111	0.0269921	0.985587
min0.245101max0.878242
reference1
mNormalVector-0.0568992	0.173597	0.975948
min0.196234max0.703141
reference2
mNormalVector0.3267	0.0693015	0.937579
min0.252614max0.905164
reference1
mNormalVector0.511664	-0.138867	0.847558
min0.326108max1.16851
reference2
mNormalVector-0.109032	0.0736939	0.98847
min0.46476max1.66532
reference2
mNormalVector0.375127	0.0721509	0.921767
min0.51391max1.84143
reference2
mNormalVector0.448926	-0.0183339	0.892819
min1.02576max3.67548
reference2
mNormalVector-0.15625	0.0906502	0.981684
min0.629695max2.25631
reference2
mNormalVector-0.267207	0.215728	0.938277
min0.31474max1.12777
reference1
mNormalVector-0.204217	0.0866561	0.970786
min0.445671max1.59692
reference15
mNormalVector-0.191662	0.20526	0.958004
min0.631182max2.26164
reference0
mNormalVector-0.0161047	-0.118239	0.991205
min0.424847max1.5223
reference15
mNormalVector0.271401	0.0714296	0.957811
min0.421854max1.51158
reference15
mNormalVector0.101883	-0.0770274	0.989135
min0.946512max3.39153
reference0
mNormalVector0.3276	-0.250984	0.907581
min0.312258max1.11888
reference1
mNormalVector0.251817	-0.287967	0.923352
min0.408978max1.46544
reference1
mNormalVector0.372842	-0.237326	0.894631
min0.379554max1.36001
reference1
mNormalVector0.404785	-0.257599	0.875062
min0.453856max1.62625
reference1
mNormalVector-0.418238	-0.189291	0.888294
min0.995245max3.56614
reference0
mNormalVector-0.424091	-0.189555	0.885333
min1.14707max4.11017
reference0
mNormalVector-0.154224	-0.0851829	0.982824
min1.66796max5.97661
reference1
mNormalVector0.00287013	-0.049384	0.997963
min1.18492max4.24579
reference0
mNormalVector0.403918	0.0569834	0.909157
min0.269167max0.964474
reference0
mNormalVector0.0108951	0.335788	0.9306
min0.228097max0.817314
reference0
mNormalVector0.399594	-0.0348759	0.915491
min0.505455max1.81114
reference0
mNormalVector-0.173406	0.0153143	0.982797
min0.529244max1.89638
reference0
mNormalVector0.282658	-0.274727	0.917374
min0.326393max1.16952
reference1
mNormalVector-0.166152	0.0383099	0.984471
min0.297309max1.06531
reference2
mNormalVector-0.0562535	0.116994	0.990338
min0.306409max1.09792
reference2
mNormalVector-0.22512	0.0815106	0.969576
min0.578742max2.07374
reference1
mNormalVector0.0378216	-0.0597597	0.994827
min0.324146max1.16147
reference17
mNormalVector0.466372	0.109478	0.87518
min0.360213max1.29071
reference15
mNormalVector0.195973	0.0197508	0.977726
min0.441119max1.58061
reference1
mNormalVector0.288404	-0.259193	0.921007
min0.576541max2.06585
reference0
mNormalVector-0.0756205	-0.0693848	0.991368
min0.38087max1.36473
reference0
mNormalVector0.193684	-0.258833	0.943636
min0.573611max2.05535
reference0
mNormalVector0.477004	-0.000527233	0.877311
min0.700749max2.51091
reference15
mNormalVector-0.0131035	-0.115744	0.993173
min0.476063max1.70582
reference0
mNormalVector-0.118514	-0.00733261	0.99257
min0.435568max1.56072
reference17
mNormalVector0.467918	0.135347	0.871366
min0.225412max0.807693
reference15
mNormalVector0.476086	-0.00160143	0.877994
min0.495997max1.77725
reference15
mNormalVector-0.151538	-0.0860529	0.983434
min0.633788max2.27098
reference1
mNormalVector0.356561	0.0535964	0.930596
min0.241655max0.865894
reference15
mNormalVector0.464816	-0.285459	0.83762
min0.382864max1.37187
reference15
mNormalVector0.136556	-0.0454025	0.986785
min0.460714max1.65082
reference15
mNormalVector-0.182932	0.185347	0.963262
min0.326523max1.16999
reference15
mNormalVector-0.195761	0.0648494	0.975607
min0.395449max1.41697
reference15
mNormalVector0.0387216	-0.0519416	0.995817
min0.522701max1.87293
reference15
mNormalVector-0.242765	0.110392	0.962113
min0.776517max2.7824
reference15
mNormalVector-0.0192802	0.179826	0.979669
min0.191492max0.686152
reference15
mNormalVector0.45501	0.212482	0.861992
min0.209406max0.75034
reference15
mNormalVector0.238724	0.0665099	0.966339
min0.2405max0.861754
reference15
mNormalVector0.46184	0.271947	0.841307
min0.229274max0.821529
reference15
mNormalVector0.341428	0.310181	0.883336
min0.208274max0.746285
reference15
mNormalVector-0.244799	0.172526	0.952993
min0.611722max2.19191
reference15
mNormalVector-0.0706464	0.240018	0.965375
min0.205301max0.735631
reference18
mNormalVector-0.0481641	0.0145506	0.997764
min0.360375max1.29129
reference15
mNormalVector-0.0414554	-0.0603559	0.994686
min0.538157max1.92831
reference15
mNormalVector-0.313672	0.297227	0.899797
min0.28342max1.01555
reference15
mNormalVector-0.330606	-0.11669	0.936337
min1.09284max3.91584
reference15
mNormalVector-0.341417	0.230736	0.909401
min0.418891max1.50096
reference15
mNormalVector0.280217	-0.00775353	0.957698
min0.847059max3.03517
reference15
mNormalVector-0.160342	-0.0877241	0.982745
min1.4913max5.3436
reference15
mNormalVector-0.167737	-0.188366	0.967426
min0.374303max1.3412
reference15
mNormalVector0.513059	-0.177312	0.838442
min0.397334max1.42372
reference15
mNormalVector-0.122586	-0.0552587	0.989787
min1.40189max5.02322
reference15
mNormalVector0.438925	-0.252092	0.861712
min0.318543max1.1414
reference15
mNormalVector-0.194007	-0.0914063	0.975917
min0.46178max1.65464
reference15
mNormalVector0.523154	-0.131468	0.841854
min0.328043max1.17544
reference15
mNormalVector0.47916	-0.0860974	0.871979
min0.462317max1.65657
reference15
mNormalVector0.40891	-0.0553102	0.908858
min0.586414max2.10123
reference15
mNormalVector0.290722	-0.00910984	0.954603
min1.20931max4.3332
reference18
mNormalVector-0.33816	-0.123514	0.93289
min0.420423max1.50645
reference15
mNormalVector0.0649265	0.334738	0.933362
min0.20603max0.738241
reference15
mNormalVector0.1764	-0.0129327	0.982313
min0.548702max1.9661
reference15
mNormalVector-0.422782	-0.117079	0.89839
min1.10235max3.94991
reference15
mNormalVector-0.111615	0.0305943	0.990138
min0.240706max0.862494
reference1
mNormalVector-0.161549	0.144466	0.972868
min0.364466max1.30595
reference1
mNormalVector0.228148	-0.290399	0.92854
min0.342348max1.2267
reference0
mNormalVector-0.0617674	-0.126092	0.989669
min0.588793max2.10975
reference0
mNormalVector-0.194476	0.025751	0.977861
min0.294857max1.05653
reference1
mNormalVector-0.215818	-0.2338	0.946695
min0.558508max2.00123
reference0
mNormalVector0.276363	-0.00132495	0.959212
min0.728412max2.61003
reference1
mNormalVector0.1847	-0.0325406	0.980136
min1.00369max3.5964
reference1
mNormalVector0.403261	-0.263685	0.874322
min0.315111max1.1291
reference1
mNormalVector0.409571	-0.0546423	0.90897
min0.483633max1.73294
reference0
mNormalVector0.516354	0.00143424	0.855746
min1.03761max3.71794
reference17
mNormalVector0.401909	0.225414	0.88418
min0.713414max2.55629
reference17
mNormalVector0.276756	0.102029	0.953454
min0.271381max0.972406
reference17
mNormalVector0.468324	0.217994	0.853272
min0.3063max1.09753
reference15
mNormalVector-0.0679339	0.0821585	0.99147
min0.439062max1.57324
reference17
mNormalVector0.446116	0.273068	0.849022
min0.331444max1.18762
reference15
mNormalVector0.224972	-0.310339	0.922877
min0.396216max1.41971
reference0
mNormalVector0.353179	-0.0565488	0.93162
min0.402927max1.44376
reference0
mNormalVector0.0514513	-0.233196	0.970063
min0.346584max1.24187
reference0
mNormalVector0.339464	0.114478	0.931711
min0.222458max0.797108
reference0
mNormalVector-0.280571	-0.129067	0.950368
min0.364507max1.30609
reference0
mNormalVector0.394525	-0.0575238	0.914928
min1.015max3.63693
reference0
mNormalVector0.518854	-0.0106406	0.853772
min0.339419max1.2162
reference17
mNormalVector-0.0751514	-0.0718854	0.992629
min0.544866max1.95235
reference15
mNormalVector-0.0425331	-0.093636	0.994179
min0.425851max1.5259
reference0
mNormalVector-0.388485	-0.0135478	0.921126
min0.594501max2.1302
reference15
mNormalVector-0.388337	-0.0930425	0.916561
min0.538201max1.92847
reference17
mNormalVector0.251075	-0.303567	0.918529
min0.327361max1.17299
reference17
mNormalVector-0.172285	-0.234082	0.955759
min0.418056max1.49797
reference17
mNormalVector0.312611	-0.24637	0.913986
min0.357704max1.28172
reference17
mNormalVector-0.200045	-0.23286	0.950196
min0.500872max1.79472
reference17
mNormalVector0.227737	-0.286204	0.929753
min0.576971max2.06739
reference17
mNormalVector0.399014	-0.0564358	0.912863
min0.81034max2.90359
reference17
mNormalVector0.232728	-0.257471	0.937131
min0.953775max3.41755
reference17
mNormalVector-0.339019	-0.089418	0.936216
min0.457773max1.64028
reference17
mNormalVector0.589683	0.0130062	0.807449
min0.346556max1.24177
reference17
mNormalVector0.0844558	0.227514	0.965075
min0.159208max0.57047
reference17
mNormalVector-0.0256946	-0.0361074	0.997442
min0.300391max1.07636
reference17
mNormalVector0.182507	-0.0161197	0.981805
min0.386935max1.38646
reference17
mNormalVector0.444921	0.10782	0.887025
min0.327881max1.17486
reference17
mNormalVector0.544795	0.00752806	0.838309
min0.5652max2.02521
reference17
mNormalVector-0.0741176	0.118278	0.988353
min0.36252max1.29897
reference17
mNormalVector0.439397	0.227813	0.864682
min0.458267max1.64206
reference17
mNormalVector0.369604	-0.248945	0.894329
min0.930935max3.33571
reference17
mNormalVector-0.243605	-0.196953	0.948765
min1.3383max4.79538
reference17
mNormalVector0.0968872	0.175035	0.972304
min0.206748max0.740816
reference17
mNormalVector0.465088	0.272127	0.838784
min0.220966max0.791763
reference17
mNormalVector0.00133195	0.0406831	0.99654
min0.281253max1.00778
reference17
mNormalVector-0.0635512	0.00507118	0.997132
min0.32537max1.16586
reference17
mNormalVector0.457728	0.135823	0.876425
min0.383939max1.37572
reference17
mNormalVector0.45884	0.271189	0.841334
min0.320086max1.14693
reference17
mNormalVector-0.060184	-0.0458744	0.996987
min0.687576max2.46371
reference17
mNormalVector0.0596036	-0.0567722	0.995551
min0.760827max2.72618
reference17
mNormalVector-0.0486357	0.103665	0.991289
min0.605503max2.16963
reference17
mNormalVector0.0320255	0.229562	0.968131
min0.333399max1.19463
reference17
mNormalVector0.53933	0.10142	0.835871
min0.617433max2.21237
reference17
mNormalVector-0.117923	-0.0585617	0.991223
min0.396429max1.42048
reference17
mNormalVector-0.161447	0.0874876	0.978953
min0.214167max0.767401
reference17
mNormalVector0.34971	-0.240665	0.903463
min0.622969max2.23221
reference17
mNormalVector0.464336	0.228466	0.853762
min0.193987max0.695092
reference18
mNormalVector0.119196	0.353681	0.921791
min0.134661max0.482514
reference18
mNormalVector0.243876	0.119808	0.960118
min0.214684max0.76925
reference18
mNormalVector-0.205831	0.0170762	0.978399
min0.265758max0.952257
reference18
mNormalVector0.4239	0.23064	0.872917
min0.233559max0.836886
reference18
mNormalVector0.0593688	-0.111142	0.989819
min0.304229max1.09011
reference18
mNormalVector0.262961	-0.00170349	0.962629
min0.338241max1.21198
reference18
mNormalVector-0.363302	-0.166485	0.916647
min0.628698max2.25274
reference18
mNormalVector0.0367049	0.215294	0.966284
min0.647357max2.3196
reference18
mNormalVector-0.00904309	0.00396066	0.994761
min0.260548max0.93359
reference18
mNormalVector0.226017	-0.0104039	0.971727
min0.572623max2.05181
reference18
mNormalVector0.399072	-0.234305	0.884582
min1.07799max3.86263
reference18
mNormalVector0.49522	0.111422	0.86056
min0.262333max0.939987
reference18
mNormalVector0.485371	0.273109	0.826404
min0.262013max0.93884
reference18
mNormalVector0.566413	-0.165924	0.806507
min0.42973max1.5398
reference18
mNormalVector0.531494	-0.206964	0.819767
min0.418112max1.49817
reference18
mNormalVector0.332191	-0.243035	0.907879
min0.426952max1.52985
reference18
mNormalVector-0.131621	0.119912	0.982177
min0.292424max1.04781
reference18
mNormalVector0.00228938	-0.0749748	0.996111
min0.434086max1.55541
reference18
mNormalVector0.129804	-0.00758035	0.989546
min0.649738max2.32813
reference15
mNormalVector-0.192498	0.18816	0.961721
min0.515431max1.84688
reference18
mNormalVector0.548493	-0.204293	0.809449
min0.687376max2.46299
reference18
mNormalVector0.552054	-0.167559	0.815951
min0.881987max3.16032
reference18
mNormalVector-0.238733	-0.0824529	0.96705
min1.33631max4.78825
reference18
mNormalVector0.494955	-0.0115367	0.86805
min0.31107max1.11462
reference18
mNormalVector0.510448	-0.177117	0.840194
min1.00005max3.58337
reference18
mNormalVector-0.177135	0.138871	0.96887
min0.305559max1.09487
reference18
mNormalVector0.325691	-0.25251	0.908415
min0.635644max2.27763
reference18
mNormalVector-0.0156093	0.0363933	0.998586
min0.282621max1.01268
reference18
mNormalVector-0.265328	-0.154158	0.951423
min0.587425max2.10485
reference18
mNormalVector0.582995	0.0144686	0.812268
min0.627916max2.24994
reference18
mNormalVector0.442408	0.0490821	0.893381
min0.65772max2.35673
reference18
mNormalVector-0.231397	0.0136324	0.971493
min0.257908max0.924133
reference15
mNormalVector-0.0526286	0.0636728	0.993304
min0.22365max0.801377
reference15
mNormalVector-0.0544305	-0.0912613	0.992758
min0.359326max1.28753
reference17
mNormalVector0.47018	-0.18657	0.860407
min0.391548max1.40299
reference2
mNormalVector0.517308	0.232779	0.82165
min0.22704max0.813526
reference18
mNormalVector-0.0550701	-0.0913564	0.993379
min0.512672max1.837
reference17
mNormalVector0.0380591	0.0885132	0.993617
min0.379505max1.35984
reference17
mNormalVector0.431212	0.307258	0.844908
min0.313649max1.12386
reference15
mNormalVector0.461056	0.183356	0.86603
min0.292455max1.04792
reference17
mNormalVector0.532926	-0.0102789	0.845402
min0.852393max3.05428
reference15
mNormalVector-0.133762	0.0279636	0.988309
min0.722545max2.58901
reference15
mNormalVector-0.265076	0.0781151	0.960526
min0.882457max3.162
reference17
mNormalVector0.162773	-0.016754	0.985438
min1.16479max4.17366
reference17
mNormalVector0.496569	0.20488	0.841476
min0.757617max2.71468
reference17
mNormalVector-0.137119	-0.0647694	0.986719
min1.08971max3.90463
reference17
mNormalVector0.474879	0.0880316	0.871119
min0.255117max0.914132
reference1
mNormalVector0.524711	-0.208207	0.824247
min0.300041max1.0751
reference15
mNormalVector-0.0395496	-0.05448	0.99763
min0.29412max1.05389
reference23
mNormalVector0.492477	0.257337	0.829504
min0.302098max1.08247
reference29
mNormalVector-0.240345	0.0792956	0.964262
min0.266359max0.954412
reference17
mNormalVector-0.0646624	0.244215	0.964503
min0.428486max1.53534
reference16
mNormalVector0.439908	-0.0828776	0.893128
min0.666637max2.38868
reference15
mNormalVector0.483284	0.110508	0.867153
min0.466456max1.6714
reference18
mNormalVector-0.19622	0.0167795	0.979423
min0.786797max2.81924
reference15
mNormalVector0.0874182	0.281882	0.948209
min0.187557max0.67205
reference13
mNormalVector-0.215667	0.189107	0.954958
min0.373454max1.33815
reference0
mNormalVector0.346385	0.0530938	0.933084
min0.449439max1.61042
reference0
mNormalVector0.106962	-0.0497797	0.990705
min1.27712max4.57614
reference0
mNormalVector0.45398	0.287252	0.840722
min0.217909max0.780806
reference18
mNormalVector-0.0192949	0.23096	0.969983
min0.183534max0.657637
reference17
mNormalVector0.395432	0.309062	0.862803
min0.168908max0.605228
reference17
mNormalVector0.487813	0.234465	0.839201
min0.190585max0.6829
reference18
mNormalVector-0.0135829	0.0999164	0.993739
min0.214927max0.770121
reference18
mNormalVector0.569274	-0.192624	0.796801
min0.253722max0.909133
reference17
mNormalVector-0.0469787	0.228626	0.970256
min0.262785max0.941608
reference18
mNormalVector0.0454419	0.342846	0.932554
min0.167216max0.599165
reference18
mNormalVector-0.187125	0.015052	0.980232
min0.446409max1.59957
reference1
mNormalVector0.532799	0.285427	0.794913
min0.400728max1.43588
reference18
mNormalVector0.496003	0.274053	0.822046
min0.484005max1.73428
reference18
mNormalVector0.369429	-0.05529	0.926225
min0.482605max1.72926
reference15
mNormalVector0.49641	0.250148	0.828494
min0.337259max1.20846
reference17
mNormalVector0.539524	0.0115155	0.841037
min0.780854max2.79794
reference17
mNormalVector0.201783	0.121226	0.971024
min0.240348max0.861209
reference22
mNormalVector0.522209	0.284595	0.802321
min0.23436max0.839755
reference18
mNormalVector0.519122	0.290617	0.802898
min0.605355max2.1691
reference29
mNormalVector0.547392	0.257082	0.795723
min0.54923max1.96799
reference22
mNormalVector0.48459	0.257496	0.835431
min0.671064max2.40454
reference22
mNormalVector0.449021	0.273692	0.847713
min0.591558max2.11966
reference23
mNormalVector-0.251687	0.17506	0.951803
min0.775154max2.77752
reference17
mNormalVector0.456447	0.108934	0.88104
min0.25392max0.909841
reference15
mNormalVector0.552225	-0.167959	0.815586
min0.315305max1.1298
reference15
mNormalVector0.471256	-0.00191027	0.88129
min0.347246max1.24424
reference18
mNormalVector0.209296	0.0335418	0.976125
min0.297316max1.06534
reference17
mNormalVector-0.130197	0.0252	0.987684
min0.296959max1.06406
reference1
mNormalVector0.315573	-0.254314	0.91238
min0.669886max2.40032
reference0
mNormalVector0.538311	-0.169959	0.824506
min0.75424max2.70258
reference17
mNormalVector-0.108405	0.0599482	0.989809
min0.222821max0.798407
reference15
mNormalVector-0.0700252	0.0646929	0.99491
min0.260868max0.934738
reference22
mNormalVector-0.104177	-0.0722024	0.991783
min0.302318max1.08326
reference22
mNormalVector0.447418	0.220469	0.866221
min0.241572max0.865597
reference22
mNormalVector-0.0499287	-0.0907133	0.992606
min0.312464max1.11962
reference22
mNormalVector-0.189336	0.0733344	0.977696
min0.219745max0.787387
reference17
mNormalVector0.368539	-0.121965	0.921287
min0.363246max1.30158
reference22
mNormalVector-0.0273796	0.326422	0.930901
min0.194412max0.696612
reference0
mNormalVector-0.0956927	0.0631877	0.9926
min0.386305max1.3842
reference22
mNormalVector-0.0175574	0.071435	0.996129
min0.504421max1.80743
reference22
mNormalVector0.0901202	-0.0221008	0.995263
min0.353913max1.26814
reference22
mNormalVector-0.240393	-0.0818861	0.9666
min0.690864max2.47549
reference22
mNormalVector0.466694	0.270862	0.8412
min0.30588max1.09603
reference22
mNormalVector0.369943	-0.0542137	0.926566
min1.01047max3.6207
reference18
mNormalVector0.332393	-0.0332405	0.941568
min0.730365max2.61703
reference15
mNormalVector-0.163208	0.0863358	0.980764
min0.214369max0.768123
reference17
mNormalVector0.514344	-0.0108765	0.856907
min0.509888max1.82702
reference17
mNormalVector0.460861	0.271684	0.840216
min0.449939max1.61221
reference17
mNormalVector-0.0508369	0.0813939	0.99296
min0.256547max0.919255
reference15
mNormalVector0.435385	-0.144898	0.885403
min0.769651max2.7578
reference10
mNormalVector0.322996	-0.263326	0.906873
min0.302721max1.08471
reference15
mNormalVector-0.253249	-0.131321	0.957451
min0.379551max1.36
reference15
mNormalVector0.421497	0.304715	0.84906
min0.219531max0.78662
reference15
mNormalVector-0.252775	-0.17592	0.950393
min0.566592max2.0302
reference0
mNormalVector0.494594	0.209251	0.8418
min0.62401max2.23594
reference15
mNormalVector0.279717	0.00879346	0.957672
min0.517774max1.85528
reference0
mNormalVector0.438447	-0.153643	0.883335
min0.918866max3.29246
reference15
mNormalVector-0.174251	-0.0831992	0.979835
min0.448088max1.60558
reference0
mNormalVector-0.116785	0.0790568	0.989314
min0.223329max0.80023
reference22
mNormalVector0.445061	0.23008	0.862931
min0.264389max0.947355
reference22
mNormalVector-0.0799901	-0.0547773	0.994875
min0.526634max1.88703
reference22
mNormalVector-0.0710713	0.0637339	0.994138
min0.383427max1.37389
reference22
mNormalVector-0.0846789	0.17747	0.979987
min0.477399max1.71061
reference22
mNormalVector0.5202	-0.197518	0.830225
min0.72786max2.60806
reference22
mNormalVector0.561951	-0.200508	0.802034
min0.272741max0.977281
reference22
mNormalVector0.497903	-0.179643	0.847067
min0.313656max1.12389
reference22
mNormalVector-0.243992	-0.179549	0.952688
min0.368819max1.32154
reference22
mNormalVector0.151895	-0.0700718	0.985371
min0.408849max1.46498
reference22
mNormalVector0.609667	-0.207835	0.7642
min0.227173max0.814
reference22
mNormalVector0.152797	-0.0882564	0.983799
min0.410449max1.47071
reference22
mNormalVector0.659579	0.0985687	0.744778
min0.434509max1.55692
reference22
mNormalVector0.551865	0.252712	0.79409
min0.27992max1.003
reference22
mNormalVector-0.165234	-0.135141	0.97679
min0.598241max2.14361
reference22
mNormalVector-0.161514	-0.135273	0.977477
min0.741815max2.65806
reference22
mNormalVector0.624255	0.0381909	0.779462
min0.479141max1.71685
reference22
mNormalVector0.0390473	-0.16789	0.984497
min1.0864max3.89275
reference22
mNormalVector-0.133868	0.000854972	0.990629
min0.771468max2.76431
reference22
mNormalVector-0.153982	0.0887347	0.982844
min0.258776max0.92724
reference22
mNormalVector0.129654	0.111282	0.980072
min0.297241max1.06507
reference22
mNormalVector0.241699	0.00482017	0.967959
min1.00285max3.59338
reference22
mNormalVector0.106502	-0.245093	0.962306
min0.820955max2.94163
reference22
mNormalVector0.483118	0.307454	0.819506
min0.256652max0.919632
reference23
mNormalVector-0.0246073	0.0684299	0.996074
min0.330603max1.18461
reference23
mNormalVector0.0482754	0.279173	0.958491
min0.217608max0.77973
reference23
mNormalVector0.540732	0.276547	0.793417
min0.17654max0.632576
reference23
mNormalVector-0.0191899	0.106391	0.993765
min0.198347max0.710714
reference23
mNormalVector0.01624	0.0905077	0.992589
min0.539109max1.93173
reference23
mNormalVector0.563898	0.255138	0.78508
min0.473716max1.69741
reference23
mNormalVector0.480448	0.283761	0.829109
min0.516103max1.84929
reference23
mNormalVector0.616253	0.210178	0.758781
min0.617379max2.21218
reference23
mNormalVector0.51376	0.273166	0.81138
min0.651676max2.33507
reference23
mNormalVector0.309725	0.31617	0.895481
min0.565657max2.02685
reference23
mNormalVector0.644287	-0.149963	0.749086
min0.235986max0.845579
reference23
mNormalVector0.410498	-0.15046	0.899139
min0.362102max1.29748
reference23
mNormalVector-0.141311	0.0775172	0.986837
min0.363096max1.30104
reference23
mNormalVector0.646237	0.0979723	0.756537
min0.52481max1.88049
reference22
mNormalVector0.513941	0.322595	0.794198
min0.284925max1.02094
reference23
mNormalVector0.657036	-0.209389	0.723938
min0.48194max1.72688
reference23
mNormalVector0.428097	0.279178	0.858919
min0.350527max1.256
reference23
mNormalVector0.659689	-0.14735	0.736727
min0.409469max1.4672
reference23
mNormalVector-0.172165	-0.116502	0.977557
min1.30152max4.66358
reference23
mNormalVector0.397659	0.275331	0.874972
min0.186058max0.666679
reference23
mNormalVector-0.150992	0.0975474	0.983493
min0.236229max0.846453
reference23
mNormalVector-0.265113	-0.233095	0.935476
min0.544115max1.94966
reference23
mNormalVector0.0781583	0.281211	0.947509
min0.430411max1.54224
reference23
mNormalVector0.603985	-0.209079	0.768491
min0.265852max0.952595
reference23
mNormalVector0.299254	0.313756	0.900129
min0.239208max0.857127
reference23
mNormalVector0.0635752	-0.0341203	0.997027
min0.777322max2.78529
reference23
mNormalVector0.509305	0.280043	0.812033
min0.178345max0.639042
reference23
mNormalVector-0.259447	0.0528757	0.963282
min0.246925max0.884777
reference23
mNormalVector-0.0405211	-0.0544063	0.995124
min0.760419max2.72472
reference23
mNormalVector0.515739	0.278735	0.807936
min0.214335max0.768
reference23
mNormalVector0.335224	0.311197	0.884946
min0.403537max1.44595
reference23
mNormalVector-0.226293	-0.0884722	0.969294
min1.147max4.10992
reference23
mNormalVector-0.228395	-0.155036	0.959005
min0.394398max1.4132
reference23
mNormalVector-0.14808	0.0783452	0.985424
min0.219819max0.787653
reference24
mNormalVector-0.15754	-0.00247956	0.987231
min0.261158max0.935776
reference24
mNormalVector-0.00626352	0.348013	0.936183
min0.17942max0.642895
reference24
mNormalVector0.0678546	0.223421	0.966746
min0.227968max0.81685
reference24
mNormalVector0.371584	-0.114191	0.920705
min0.546991max1.95997
reference24
mNormalVector0.252273	0.0539037	0.965828
min0.421832max1.5115
reference24
mNormalVector0.41202	-0.206452	0.887163
min0.545288max1.95387
reference24
mNormalVector-0.0426329	-0.0781633	0.995728
min0.626209max2.24382
reference24
mNormalVector0.632224	0.0357396	0.773774
min0.577395max2.06891
reference24
mNormalVector0.638325	0.282597	0.715563
min0.597604max2.14132
reference24
mNormalVector0.0156565	0.19412	0.979667
min0.413303max1.48094
reference24
mNormalVector0.640912	0.211815	0.737457
min0.57774max2.07015
reference24
mNormalVector0.577233	0.180751	0.795746
min0.623385max2.2337
reference24
mNormalVector0.664485	0.144997	0.732876
min0.870782max3.12017
reference24
mNormalVector0.638735	-0.153344	0.75346
min0.57428max2.05775
reference24
mNormalVector0.618978	0.0348883	0.784348
min0.679513max2.43482
reference24
mNormalVector0.47759	0.242188	0.844147
min0.23001max0.824169
reference24
mNormalVector0.415317	0.196363	0.88774
min0.216706max0.776496
reference24
mNormalVector0.631899	-0.153432	0.7593
min0.231652max0.830052
reference24
mNormalVector-0.267902	0.0775395	0.960189
min0.354244max1.26932
reference24
mNormalVector-0.0958589	0.035702	0.994638
min0.425916max1.52614
reference24
mNormalVector0.596025	0.227478	0.769751
min0.361931max1.29686
reference24
mNormalVector0.476649	0.207126	0.854054
min0.399278max1.43068
reference24
mNormalVector0.649527	0.213566	0.729543
min0.443969max1.59082
reference24
mNormalVector0.513802	0.322737	0.794253
min0.41003max1.46921
reference24
mNormalVector0.440686	0.177182	0.879822
min0.802558max2.87571
reference24
mNormalVector0.53461	0.321775	0.780003
min0.195843max0.701742
reference24
mNormalVector0.591425	-0.212403	0.777656
min0.312016max1.11801
reference24
mNormalVector-0.115062	0.0331152	0.99265
min0.707699max2.53581
reference24
mNormalVector-0.023272	-0.0530043	0.996895
min0.965482max3.4595
reference24
mNormalVector-0.00410613	-0.0448125	0.997965
min0.627814max2.24957
reference24
mNormalVector0.438093	0.271286	0.852949
min0.170263max0.610082
reference24
mNormalVector0.379144	-0.0543214	0.922678
min1.14598max4.10626
reference24
mNormalVector0.445467	0.209738	0.865976
min0.330737max1.18509
reference24
mNormalVector-0.200508	0.0846231	0.967916
min0.268288max0.961323
reference24
mNormalVector0.236971	0.00409362	0.968163
min0.570875max2.04555
reference24
mNormalVector0.706496	-0.15953	0.689337
min0.277837max0.99554
reference25
mNormalVector0.62384	-0.156576	0.765448
min0.238156max0.853357
reference25
mNormalVector0.304457	0.127743	0.943069
min0.485328max1.73902
reference25
mNormalVector0.304186	0.314748	0.897894
min0.480439max1.7215
reference25
mNormalVector-0.115782	0.22098	0.968225
min0.512267max1.83555
reference25
mNormalVector0.529761	-0.217065	0.818999
min0.184733max0.661931
reference25
mNormalVector0.695504	0.128009	0.706786
min0.276758max0.991675
reference25
mNormalVector0.438067	-0.00497315	0.898785
min0.396662max1.42131
reference25
mNormalVector0.641255	0.213788	0.736657
min0.669731max2.39977
reference25
mNormalVector-0.0226297	-0.0362714	0.99583
min0.504057max1.80613
reference25
mNormalVector0.689351	-0.0709842	0.720809
min1.1594max4.15436
reference25
mNormalVector0.697511	-0.00961891	0.71646
min0.707135max2.53379
reference25
mNormalVector0.448831	0.250302	0.857775
min0.198019max0.709538
reference25
mNormalVector0.0334413	0.10983	0.992506
min0.357563max1.28121
reference25
mNormalVector-0.183067	-0.118708	0.975736
min0.740707max2.65409
reference25
mNormalVector-0.00461818	0.191434	0.980863
min0.175486max0.6288
reference26
mNormalVector-0.154069	0.0298871	0.987332
min0.2487max0.891136
reference26
mNormalVector0.707515	-0.125152	0.69545
min0.532625max1.90849
reference26
mNormalVector-0.093753	-0.0734659	0.991044
min0.386834max1.3861
reference26
mNormalVector-0.0772569	-0.0320216	0.996127
min0.409693max1.46801
reference26
mNormalVector-0.0978683	0.0631385	0.993107
min0.739421max2.64948
reference26
mNormalVector0.67753	-0.177926	0.713307
min0.545832max1.95581
reference26
mNormalVector0.521232	-0.201082	0.828137
min0.388873max1.3934
reference26
mNormalVector0.680117	-0.177601	0.71105
min0.80044max2.86812
reference26
mNormalVector0.652744	0.0989899	0.750772
min1.03656max3.71417
reference26
mNormalVector0.688868	-0.0719685	0.721207
min0.833529max2.98669
reference26
mNormalVector0.637362	0.0362051	0.769412
min0.361924max1.29684
reference26
mNormalVector-0.00324853	0.130193	0.990807
min0.202329max0.72498
reference26
mNormalVector-0.0454793	0.128486	0.989926
min0.203572max0.729435
reference26
mNormalVector0.595985	0.226301	0.769508
min0.206335max0.739336
reference26
mNormalVector-0.100865	0.159338	0.97935
min0.239413max0.857859
reference26
mNormalVector-0.2259	0.0515692	0.972606
min0.644888max2.31075
reference26
mNormalVector0.644623	0.211919	0.733859
min0.311724max1.11696
reference26
mNormalVector0.411454	0.194431	0.889235
min0.320007max1.14664
reference26
mNormalVector0.565741	0.181797	0.803323
min0.351432max1.25925
reference26
mNormalVector0.102294	-0.0928219	0.989959
min0.655037max2.34712
reference26
mNormalVector0.238643	0.121397	0.963261
min0.224199max0.803345
reference26
mNormalVector0.065063	0.0923908	0.993375
min0.205006max0.734575
reference26
mNormalVector0.418205	0.309321	0.85397
min0.159095max0.570066
reference26
mNormalVector0.0550976	0.0920733	0.994175
min0.244728max0.876906
reference26
mNormalVector0.732129	0.00419621	0.681078
min0.205162max0.735134
reference26
mNormalVector-0.0682923	0.0474028	0.996494
min0.306693max1.09894
reference26
mNormalVector0.290825	0.1236	0.948533
min0.385775max1.3823
reference26
mNormalVector0.529836	0.243058	0.81247
min0.511318max1.83214
reference26
mNormalVector0.0659303	0.241665	0.96803
min0.396665max1.42132
reference26
mNormalVector0.586656	0.0442847	0.808533
min0.453837max1.62618
reference26
mNormalVector0.727756	-0.0967572	0.678858
min0.28844max1.03353
reference26
mNormalVector-0.0544266	-0.0576531	0.996755
min0.379444max1.35962
reference26
mNormalVector0.718337	-0.0336195	0.694789
min0.322003max1.1538
reference26
mNormalVector0.131418	-0.00557084	0.988558
min0.448522max1.60714
reference26
mNormalVector0.219573	0.0504782	0.973589
min0.374496max1.34189
reference26
mNormalVector0.69938	-0.162279	0.696
min0.54411max1.94965
reference26
mNormalVector0.692055	0.12746	0.710338
min0.464774max1.66537
reference26
mNormalVector0.698622	-0.162606	0.69667
min0.598637max2.14502
reference26
mNormalVector0.144851	-0.0178836	0.989049
min0.810423max2.90389
reference26
mNormalVector0.0103723	0.0386847	0.995086
min0.604655max2.16659
reference26
mNormalVector0.0279238	0.060761	0.997496
min0.239853max0.859438
reference26
mNormalVector0.259417	-0.00621763	0.963066
min1.17907max4.22483
reference26
mNormalVector0.317818	0.0439305	0.946733
min0.303578max1.08777
reference27
mNormalVector-0.141595	0.0323078	0.988982
min0.360507max1.29176
reference27
mNormalVector-0.0372496	-0.0762646	0.996058
min0.542834max1.94507
reference27
mNormalVector0.634521	-0.175527	0.751816
min0.42834max1.53482
reference27
mNormalVector0.641157	-0.172547	0.746699
min0.608098max2.17892
reference27
mNormalVector0.63867	-0.213521	0.738891
min0.231145max0.828233
reference27
mNormalVector0.638476	-0.213667	0.739017
min0.277417max0.994037
reference27
mNormalVector0.0240829	0.0902417	0.995338
min0.203058max0.727595
reference27
mNormalVector0.722733	0.00606628	0.691043
min0.213866max0.766322
reference27
mNormalVector0.0198922	0.198191	0.979586
min0.226831max0.812778
reference27
mNormalVector-0.035755	0.338867	0.937893
min0.309913max1.11047
reference27
mNormalVector0.469305	-0.0150668	0.882793
min0.820939max2.94157
reference27
mNormalVector0.032058	0.177434	0.977873
min0.619093max2.21832
reference27
mNormalVector0.403108	-0.103283	0.909207
min0.517514max1.85435
reference27
mNormalVector0.27964	-0.0021735	0.956176
min0.473388max1.69623
reference27
mNormalVector0.460774	0.221497	0.856578
min0.430201max1.54149
reference28
mNormalVector-0.0673577	0.0832586	0.993835
min0.253695max0.909034
reference28
mNormalVector-0.0229215	0.226356	0.97292
min0.182599max0.654286
reference28
mNormalVector0.616841	-0.20625	0.75892
min0.327613max1.1739
reference28
mNormalVector0.308653	-0.0345411	0.950369
min0.70203max2.5155
reference28
mNormalVector0.473651	0.110342	0.87349
min0.190949max0.684203
reference28
mNormalVector0.0266802	0.108785	0.993585
min0.516154max1.84947
reference28
mNormalVector-0.204745	0.0562819	0.977011
min0.560315max2.00771
reference28
mNormalVector0.509868	0.249453	0.820847
min0.262136max0.939279
reference28
mNormalVector0.409203	-0.114117	0.903503
min0.420365max1.50624
reference28
mNormalVector-0.0566394	-0.104603	0.991166
min0.606994max2.17497
reference28
mNormalVector-0.0732429	-0.0722411	0.993307
min0.778231max2.78854
reference28
mNormalVector-0.0023834	0.323571	0.928009
min0.392321max1.40576
reference28
mNormalVector-0.192551	0.0545649	0.978955
min0.280506max1.0051
reference29
mNormalVector0.0235708	-0.168203	0.985253
min0.588051max2.10709
reference29
mNormalVector-0.0128636	-0.0361968	0.996668
min0.305925max1.09618
reference29
mNormalVector0.480515	-0.0147492	0.876815
min0.746946max2.67644
reference29
mNormalVector0.0395872	-0.048863	0.997558
min0.668969max2.39704
reference29
mNormalVector-0.0604648	-0.0801647	0.994854
min0.774805max2.77627
reference29
mNormalVector0.110884	-0.0219523	0.993362
min0.951413max3.40909
reference29
mNormalVector-0.0957782	-0.107246	0.989457
min0.270079max0.967742
reference29
mNormalVector0.703769	-0.161102	0.691785
min0.322615max1.15599
reference29
mNormalVector0.549561	0.321324	0.770124
min0.231162max0.828297
reference29
mNormalVector-0.0751113	-0.108728	0.990937
min1.06093max3.80151
reference29
mNormalVector0.0961212	-0.263465	0.959663
min0.639734max2.29228
reference29
mNormalVector0.70101	-0.011315	0.71299
min0.821263max2.94274
reference29
mNormalVector0.647837	0.0125446	0.761386
min0.88227max3.16133
reference29
mNormalVector-0.167815	-0.0788205	0.981519
min0.463996max1.66258
reference29
mNormalVector0.481005	0.208656	0.851308
min0.247239max0.885903
reference30
mNormalVector0.0998189	0.234247	0.962886
min0.580502max2.08004
reference30
mNormalVector0.554356	0.335729	0.761221
min0.347763max1.2461
reference30
mNormalVector-0.0378031	-0.119089	0.992112
min0.849358max3.0434
reference30
mNormalVector-0.208912	-0.0900048	0.973693
min0.856079max3.06749
reference30
mNormalVector-0.277794	-0.120255	0.952932
min0.945598max3.38825
reference30
mNormalVector0.038158	0.233283	0.970787
min0.483619max1.73289
reference30
mNormalVector-0.272043	-0.177807	0.945342
min0.810915max2.90566
reference30
mNormalVector-0.366521	-0.126972	0.921615
min0.782659max2.80441
reference30
mNormalVector0.498807	0.0112654	0.866182
min0.809832max2.90178
reference30
mNormalVector0.533244	-0.17471	0.827334
min0.748899max2.68344
reference30
mNormalVector0.271556	0.00960222	0.961285
min1.01676max3.64322
reference30
mNormalVector0.0983359	-0.0503136	0.992728
min0.683821max2.45025
reference30
mNormalVector-0.347589	-0.0550792	0.935917
min0.540519max1.93678
reference30
mNormalVector-0.350766	-0.121868	0.928411
min0.639391max2.29105
reference30
mNormalVector-0.203024	0.110888	0.968474
min0.240136max0.860451
reference30
mNormalVector-0.146981	0.0155081	0.986375
min0.266744max0.955791
reference30
mNormalVector-0.243573	-0.16814	0.953667
min1.34915max4.83424
reference30
mNormalVector0.45186	0.213149	0.86585
min0.282875max1.01359
reference30
mNormalVector0.0248589	-0.113672	0.991058
min0.545718max1.95541
reference30
mNormalVector0.47776	0.00765112	0.878296
min0.909653max3.25945
reference30
mNormalVector0.520057	-0.206686	0.827619
min0.483746max1.73335
reference30
mNormalVector0.489643	0.112105	0.864087
min0.773038max2.76993
reference30
mNormalVector0.398966	-0.114532	0.908877
min1.12527max4.03204
reference30
mNormalVector-0.435601	-0.133263	0.889929
min1.03088max3.69384
reference31
mNormalVector-0.22031	-0.132607	0.965666
min0.938599max3.36317
reference31
mNormalVector-0.127932	-0.0594512	0.988748
min0.293499max1.05166
reference31
mNormalVector-0.247854	0.150028	0.954925
min0.227845max0.81641
reference31
mNormalVector0.212782	-0.012828	0.976032
min0.498503max1.78623
reference31
mNormalVector0.389152	-0.053486	0.918748
min0.809064max2.89902
reference31
mNormalVector-0.261513	-0.165643	0.950064
min0.403577max1.44609
reference31
mNormalVector-0.319814	-0.0557223	0.945129
min0.423401max1.51712
reference31
mNormalVector-0.255024	-0.120315	0.958543
min0.388626max1.39252
reference31
mNormalVector-0.253548	-0.00678833	0.965733
min0.385862max1.38261
reference31
mNormalVector0.219247	0.288169	0.927771
min0.167247max0.599278
reference31
mNormalVector0.0690473	0.0922156	0.991542
min0.308356max1.10489
reference31
mNormalVector-0.247123	-0.0032276	0.96777
min0.571449max2.04761
reference31
mNormalVector-0.139649	-0.0846811	0.986331
min0.721095max2.58382
reference31
mNormalVector-0.26472	0.117773	0.955564
min0.465664max1.66856
reference31
mNormalVector-0.326648	-0.0587229	0.942669
min1.216max4.35714
reference31
mNormalVector0.264881	0.281969	0.914952
min0.35457max1.27049
reference31
mNormalVector0.116832	0.332759	0.928676
min0.436242max1.56314
reference31
mNormalVector0.106364	0.229147	0.962722
min0.518739max1.85874
reference31
mNormalVector-0.196924	0.14569	0.967742
min0.630819max2.26034
reference31
mNormalVector-0.340868	-0.128267	0.931015
min1.14159max4.09052
reference31
mNormalVector-0.422488	-0.00708514	0.905835
min0.612711max2.19546
reference31
mNormalVector0.0470965	-0.0466599	0.996988
min1.13867max4.08006
reference31
mNormalVector-0.252567	0.0644284	0.963146
min0.239452max0.857999
reference31
mNormalVector0.161228	-0.0439625	0.985248
min0.893979max3.20329
reference31
mNormalVector-0.0232672	-0.249197	0.966141
min0.348203max1.24767
reference31
mNormalVector-0.327981	-0.122485	0.936571
min0.434142max1.55561
reference32
mNormalVector-0.357698	-0.188046	0.914629
min0.57191max2.04926
reference32
mNormalVector-0.0933487	0.044101	0.993463
min0.157075max0.562828
reference32
mNormalVector-0.337906	-0.118218	0.933616
min0.486151max1.74197
reference32
mNormalVector-0.229987	-0.203501	0.951517
min0.417007max1.49421
reference32
mNormalVector-0.318064	-0.123163	0.939682
min0.420198max1.50564
reference32
mNormalVector0.0939951	-0.0472147	0.99414
min0.318174max1.14008
reference32
mNormalVector-0.151971	0.0195249	0.987712
min0.244933max0.877639
reference32
mNormalVector-0.220434	-0.0702928	0.972748
min0.584515max2.09442
reference32
mNormalVector-0.0270723	0.0841318	0.995447
min0.262287max0.939823
reference32
mNormalVector-0.230576	-0.202991	0.951493
min0.516369max1.85024
reference32
mNormalVector-0.122674	0.093365	0.987336
min0.24402max0.87437
reference32
mNormalVector-0.0498599	-0.0475552	0.997229
min0.332174max1.19024
reference32
mNormalVector-0.230071	0.121928	0.964943
min0.266988max0.956667
reference32
mNormalVector0.273258	0.289007	0.915778
min0.169257max0.606479
reference32
mNormalVector-0.203872	-0.0728306	0.975956
min0.645165max2.31174
reference32
mNormalVector-0.222733	-0.0693842	0.972286
min0.691811max2.47888
reference32
mNormalVector0.203183	0.00182783	0.978705
min0.392575max1.40667
reference32
mNormalVector0.272095	0.289189	0.91614
min0.207568max0.743752
reference32
mNormalVector0.151095	0.23015	0.958807
min0.247142max0.885554
reference32
mNormalVector0.156084	-0.162828	0.973349
min0.416319max1.49175
reference32
mNormalVector0.225737	0.283813	0.930435
min0.21702max0.777621
reference32
mNormalVector-0.311488	-0.126814	0.941448
min0.787236max2.82081
reference32
mNormalVector-0.225136	-0.0713026	0.970759
min0.728588max2.61066
reference32
mNormalVector0.231106	-0.00143078	0.972178
min0.568941max2.03862
reference32
mNormalVector-0.252594	0.118823	0.958986
min0.388065max1.39051
reference32
mNormalVector0.317158	-0.0115312	0.947621
min0.567176max2.03229
reference32
mNormalVector-0.309325	-0.109784	0.944409
min0.645311max2.31227
reference32
mNormalVector-0.338598	0.323454	0.88242
min0.317936max1.13922
reference32
mNormalVector-0.265318	0.103552	0.95641
min0.499532max1.78991
reference32
mNormalVector-0.363291	0.324265	0.871739
min0.313397max1.12296
reference32
mNormalVector-0.305157	-0.0569597	0.949805
min1.07423max3.84917
reference32
mNormalVector-0.311071	-0.126261	0.941651
min1.11764max4.0047
reference32
mNormalVector-0.299377	0.325087	0.894375
min0.46443max1.66414
reference32
mNormalVector-0.247856	-0.129926	0.959874
min1.43836max5.15389
reference32
mNormalVector-0.000455049	-0.0440358	0.998852
min0.421564max1.51054
reference32
mNormalVector0.2781	0.27086	0.921084
min0.247761max0.887771
reference32
mNormalVector-0.327609	-0.156444	0.93167
min1.22137max4.3764
reference32
mNormalVector0.0785661	-0.0839583	0.992975
min0.954018max3.41842
reference32
mNormalVector0.275351	0.226712	0.933601
min0.2281max0.817324
reference32
mNormalVector-0.209651	-0.0863777	0.972761
min0.433662max1.55389
reference32
mNormalVector-0.210677	-0.0868305	0.972552
min0.443664max1.58973
reference32
mNormalVector0.170507	0.0226574	0.982608
min0.453417max1.62468
reference32
mNormalVector-0.235674	-0.176677	0.955317
min2.51182max9.00029
reference32
mNormalVector-0.197829	0.274402	0.928801
min0.00670149max0.0240126
reference33
mNormalVector-0.322009	0.315598	0.892292
min0.221432max0.793432
reference33
mNormalVector-0.320763	0.315037	0.892977
min0.237318max0.850353
reference33
mNormalVector-0.146475	0.328054	0.919169
min0.0564357max0.202219
reference33
mNormalVector-0.220724	-0.121127	0.967554
min0.367119max1.31546
reference33
mNormalVector-0.107363	0.152403	0.981955
min0.247829max0.888017
reference33
mNormalVector-0.155017	0.187567	0.969309
min0.220659max0.790662
reference33
mNormalVector-0.117771	0.155073	0.980041
min0.195866max0.701823
reference33
mNormalVector-0.101404	-0.0977854	0.989608
min0.483521max1.73254
reference33
mNormalVector0.2707	0.230175	0.933907
min0.207673max0.744131
reference33
mNormalVector-0.219091	-0.122636	0.96769
min0.280425max1.00481
reference33
mNormalVector-0.0976004	0.147021	0.983885
min0.329654max1.18121
reference33
mNormalVector-0.110384	0.153951	0.981479
min0.331696max1.18853
reference33
mNormalVector-0.293451	-0.0805438	0.952476
min0.660001max2.3649
reference33
mNormalVector-0.330343	0.393698	0.856746
min0.276532max0.990864
reference33
mNormalVector-0.153515	0.189513	0.969158
min0.377993max1.35442
reference33
mNormalVector-0.449615	-0.0126006	0.892839
min0.740667max2.65395
reference33
mNormalVector-0.185153	-0.062044	0.980561
min1.01604max3.64066
reference33
mNormalVector0.370742	0.00640943	0.928508
min1.21871max4.36685
reference33
mNormalVector-0.328942	0.296844	0.894964
min0.258852max0.927513
reference33
mNormalVector-0.203939	0.199584	0.957277
min0.539969max1.93481
reference33
mNormalVector0.161007	0.164553	0.973049
min0.168062max0.602195
reference33
mNormalVector-0.239759	-0.169701	0.955142
min0.359476max1.28807
reference33
mNormalVector-0.18993	0.179503	0.962628
min0.228137max0.817457
reference33
mNormalVector-0.146954	0.144006	0.976304
min0.246619max0.883679
reference33
mNormalVector-0.227109	-0.157909	0.960413
min0.495196max1.77438
reference33
mNormalVector0.0786556	-0.0763941	0.988264
min0.164482max0.589369
reference33
mNormalVector0.142684	-0.0995633	0.98355
min0.362581max1.29919
reference33
mNormalVector0.0705377	-0.11125	0.990072
min0.357465max1.28086
reference33
mNormalVector-0.155822	0.146853	0.974568
min0.299214max1.07214
reference33
mNormalVector-0.0980131	-0.060773	0.992825
min0.647092max2.31865
reference33
mNormalVector0.0704906	-0.111687	0.990027
min0.42906max1.5374
reference33
mNormalVector-0.401644	-0.0110705	0.914651
min0.396317max1.42008
reference33
mNormalVector-0.436417	-0.0163661	0.899083
min0.684363max2.4522
reference33
mNormalVector0.14335	-0.0993975	0.983436
min0.515114max1.84575
reference33
mNormalVector-0.150338	0.151956	0.974546
min0.351805max1.26058
reference33
mNormalVector-0.226268	-0.157571	0.960701
min0.735376max2.63499
reference33
mNormalVector0.0831394	-0.0920373	0.992203
min0.487439max1.74658
reference33
mNormalVector-0.172005	0.116995	0.978037
min0.527355max1.88961
reference33
mNormalVector-0.226105	0.117618	0.965125
min0.482867max1.7302
reference33
mNormalVector-0.220811	0.171066	0.95481
min0.243371max0.872041
reference33
mNormalVector0.139463	-0.0466495	0.987118
min0.42438max1.52063
reference33
mNormalVector-0.21721	0.168561	0.955676
min0.338101max1.21148
reference33
mNormalVector-0.338998	-0.121306	0.932289
min1.43689max5.14865
reference33
mNormalVector0.0771999	-0.0446273	0.99161
min0.244402max0.875735
reference33
mNormalVector0.155095	-0.0823228	0.984044
min1.07329max3.8458
reference33
mNormalVector0.155168	-0.0820128	0.984057
min1.54251max5.52709
reference33
mNormalVector0.155054	-0.0815951	0.984113
min1.85877max6.66029
reference33
mNormalVector-0.0317777	0.0875479	0.987448
min0.208333max0.746496
reference33
mNormalVector0.148132	-0.0863498	0.984504
min0.740158max2.65212
reference33
mNormalVector0.0976854	-0.16419	0.97632
min0.289949max1.03894
reference1
mNormalVector-0.108156	0.0511707	0.992766
min0.252099max0.903318
reference1
mNormalVector-0.446359	-0.235086	0.863263
min0.258627max0.926708
reference1
mNormalVector-0.273673	-0.186933	0.943456
min0.359258max1.28729
reference1
mNormalVector-0.243432	-0.175963	0.952675
min0.387371max1.38802
reference1
mNormalVector-0.404558	-0.252383	0.878917
min0.367488max1.31678
reference1
mNormalVector0.276355	-0.253199	0.927075
min0.306541max1.09839
reference1
mNormalVector0.175171	-0.259584	0.946842
min0.334742max1.19944
reference1
mNormalVector-0.34222	-0.189829	0.920079
min0.556436max1.99381
reference1
mNormalVector-0.317373	-0.141131	0.93773
min0.57605max2.06409
reference1
mNormalVector-0.260037	-0.118538	0.95772
min0.363455max1.30232
reference1
mNormalVector0.448565	-0.11175	0.882167
min0.330989max1.18599
reference1
mNormalVector0.0982435	-0.103367	0.985848
min0.32148max1.15192
reference1
mNormalVector-0.396042	-0.0192568	0.917998
min0.323263max1.15831
reference1
mNormalVector-0.0830695	0.0193169	0.996201
min0.253444max0.908135
reference1
mNormalVector0.0802346	0.00874161	0.994365
min0.282148max1.01099
reference1
mNormalVector0.00335045	0.00567298	0.995154
min0.283086max1.01435
reference1
mNormalVector0.253327	0.00212192	0.967355
min0.333922max1.1965
reference1
mNormalVector0.255218	0.00555637	0.963792
min0.342537max1.22737
reference1
mNormalVector0.222834	0.0557192	0.972191
min0.246972max0.884944
reference1
mNormalVector0.286839	-0.294793	0.911471
min0.33249max1.19137
reference1
mNormalVector-0.0972123	0.0586673	0.992038
min0.231351max0.828971
reference1
mNormalVector0.163285	0.108306	0.972092
min0.217228max0.778367
reference1
mNormalVector-0.0147244	-0.0561163	0.997552
min0.326595max1.17025
reference1
mNormalVector-0.110897	0.0640923	0.991706
min0.236126max0.846082
reference1
mNormalVector-0.0598996	0.062198	0.996213
min0.244155max0.87485
reference1
mNormalVector-0.502922	-0.229038	0.833398
min0.315704max1.13123
reference1
mNormalVector-0.231334	-0.177944	0.956436
min0.356583max1.2777
reference1
mNormalVector-0.158966	-0.185458	0.967591
min0.351103max1.25806
reference1
mNormalVector-0.0324709	-0.0759072	0.993575
min0.30705max1.10021
reference1
mNormalVector0.205691	0.0190312	0.975116
min0.308455max1.10525
reference1
mNormalVector0.227916	-0.0157427	0.970456
min0.334105max1.19716
reference1
mNormalVector0.427056	0.0446153	0.899492
min0.277834max0.995529
reference1
mNormalVector-0.175886	0.143635	0.969917
min0.20968max0.751323
reference1
mNormalVector-0.295265	-0.0561453	0.953285
min0.389926max1.39718
reference1
mNormalVector0.032812	-0.030036	0.995536
min0.294774max1.05623
reference1
mNormalVector0.249015	-0.00993837	0.965725
min0.340399max1.21971
reference1
mNormalVector0.225561	0.0444141	0.968411
min0.252906max0.906208
reference1
mNormalVector0.396153	-0.243784	0.885153
min0.319054max1.14323
reference1
mNormalVector-0.321157	-0.115903	0.939892
min0.482093max1.72743
reference1
mNormalVector-0.243283	-0.145064	0.958616
min0.365253max1.30877
reference1
mNormalVector0.232217	0.0447547	0.971481
min0.239172max0.856997
reference1
mNormalVector0.470123	-0.284022	0.83504
min0.327193max1.17239
reference1
mNormalVector-0.140458	0.052296	0.98339
min0.232477max0.833008
reference1
mNormalVector-0.429252	-0.286158	0.856628
min0.375041max1.34384
reference1
mNormalVector-0.209391	-0.0772105	0.973098
min0.375296max1.34475
reference1
mNormalVector-0.172538	-0.0658108	0.982114
min0.371787max1.33218
reference1
mNormalVector-0.148388	-0.233827	0.959368
min0.352269max1.26224
reference1
mNormalVector-0.239013	-0.220429	0.945594
min0.382138max1.36927
reference1
mNormalVector-0.147221	0.334025	0.930848
min0.151928max0.544384
reference1
mNormalVector-0.305945	0.2329	0.922792
min0.161629max0.579147
reference1
mNormalVector-0.337608	0.282	0.89761
min0.155251max0.556294
reference1
mNormalVector-0.219849	0.186655	0.955007
min0.179607max0.643563
reference1
mNormalVector0.172542	-0.0751352	0.982105
min0.313019max1.1216
reference1
mNormalVector0.001894	-0.072957	0.996854
min0.33554max1.2023
reference1
mNormalVector0.383629	-0.0545835	0.918983
min0.33136max1.18732
reference1
mNormalVector0.366602	-0.0318628	0.927065
min0.360183max1.2906
reference1
mNormalVector0.222586	0.0853312	0.971118
min0.223146max0.799572
reference1
mNormalVector0.347072	0.0669503	0.930575
min0.244945max0.877681
reference1
mNormalVector0.513917	0.114331	0.850075
min0.249185max0.892877
reference1
mNormalVector0.064774	0.171556	0.972473
min0.182892max0.655334
reference1
mNormalVector0.138819	0.109779	0.976724
min0.218527max0.783022
reference1
mNormalVector0.328228	0.113213	0.937082
min0.212521max0.761503
reference1
mNormalVector0.0165012	-0.249	0.965853
min0.34294max1.22882
reference1
mNormalVector-0.397473	-0.243709	0.884582
min0.373845max1.33956
reference1
mNormalVector0.0731289	0.217262	0.964538
min0.186422max0.667982
reference1
